Loaded module: cuda/11.6
Loaded dependency [python3/3.11.4]: gcc/12.3.0-binutils-2.40
Loaded dependency [python3/3.11.4]: sqlite3/3.42.0
Loaded module: python3/3.11.4

Loading python3/3.11.4
  Loading requirement: gcc/12.3.0-binutils-2.40 sqlite3/3.42.0
Traceback (most recent call last):
  File "/zhome/03/c/164482/code/herd/main.py", line 6, in <module>
    from herd.finetune import finetune
  File "/zhome/03/c/164482/code/herd/herd/finetune.py", line 7, in <module>
    from herd.finetune_utils import prepare_model, prepare_tokenizer
  File "/zhome/03/c/164482/code/herd/herd/finetune_utils.py", line 3, in <module>
    from transformers import AutoModelForCausalLM, AutoTokenizer, BitsAndBytesConfig
  File "<frozen importlib._bootstrap>", line 1229, in _handle_fromlist
  File "/zhome/03/c/164482/code/herd/.venv/lib/python3.11/site-packages/transformers/utils/import_utils.py", line 1272, in __getattr__
    module = self._get_module(self._class_to_module[name])
             ^^^^^^^^^^^^^^^^^^^^^^^^^^^^^^^^^^^^^^^^^^^^^
  File "/zhome/03/c/164482/code/herd/.venv/lib/python3.11/site-packages/transformers/utils/import_utils.py", line 1282, in _get_module
    return importlib.import_module("." + module_name, self.__name__)
           ^^^^^^^^^^^^^^^^^^^^^^^^^^^^^^^^^^^^^^^^^^^^^^^^^^^^^^^^^
  File "/appl/python/3.11.4/lib/python3.11/importlib/__init__.py", line 126, in import_module
    return _bootstrap._gcd_import(name[level:], package, level)
           ^^^^^^^^^^^^^^^^^^^^^^^^^^^^^^^^^^^^^^^^^^^^^^^^^^^^
  File "/zhome/03/c/164482/code/herd/.venv/lib/python3.11/site-packages/transformers/utils/quantization_config.py", line 31, in <module>
    import torch
  File "/zhome/03/c/164482/code/herd/.venv/lib/python3.11/site-packages/torch/__init__.py", line 1465, in <module>
    from . import _meta_registrations
  File "/zhome/03/c/164482/code/herd/.venv/lib/python3.11/site-packages/torch/_meta_registrations.py", line 7, in <module>
    from torch._decomp import _add_op_to_registry, global_decomposition_table, meta_table
  File "/zhome/03/c/164482/code/herd/.venv/lib/python3.11/site-packages/torch/_decomp/__init__.py", line 169, in <module>
    import torch._decomp.decompositions
  File "/zhome/03/c/164482/code/herd/.venv/lib/python3.11/site-packages/torch/_decomp/decompositions.py", line 10, in <module>
    import torch._prims as prims
  File "/zhome/03/c/164482/code/herd/.venv/lib/python3.11/site-packages/torch/_prims/__init__.py", line 33, in <module>
    from torch._subclasses.fake_tensor import FakeTensor, FakeTensorMode
  File "/zhome/03/c/164482/code/herd/.venv/lib/python3.11/site-packages/torch/_subclasses/__init__.py", line 3, in <module>
    from torch._subclasses.fake_tensor import (
  File "/zhome/03/c/164482/code/herd/.venv/lib/python3.11/site-packages/torch/_subclasses/fake_tensor.py", line 13, in <module>
    from torch._guards import Source
  File "/zhome/03/c/164482/code/herd/.venv/lib/python3.11/site-packages/torch/_guards.py", line 14, in <module>
    import sympy  # type: ignore[import]
    ^^^^^^^^^^^^
  File "/zhome/03/c/164482/code/herd/.venv/lib/python3.11/site-packages/sympy/__init__.py", line 70, in <module>
    from .assumptions import (AppliedPredicate, Predicate, AssumptionsContext,
  File "/zhome/03/c/164482/code/herd/.venv/lib/python3.11/site-packages/sympy/assumptions/__init__.py", line 5, in <module>
    from .assume import (
  File "<frozen importlib._bootstrap>", line 1176, in _find_and_load
  File "<frozen importlib._bootstrap>", line 1150, in _find_and_load_unlocked
KeyboardInterrupt
