Total Sum for i 0: tensor([[[ 184.2096,   46.5917,  437.3797,    6.5816,  169.5085,  499.7361,
           264.1254,   12.2373,   77.7668,   30.8573,   43.5183,  126.4340,
            38.1936,   34.0944,   20.5346,  123.5866,   11.8979,   24.3965,
           112.8883,    7.3258, 2005.3121,   34.6787,   53.5252,   20.6127,
             7.5968,    8.2023,   11.5473,   23.5384,   33.8939,    9.2284]]],
       device='cuda:0')
Total Sum for i 1: tensor([[[  66.5404,  172.1905,  380.2684,    6.4877,  319.0485,  367.1832,
           219.5098,   11.8729,  168.3846,   35.2094,   87.3996,  184.0523,
            47.3486,   33.5397,   30.7382,   98.2250,   12.6868,   24.6822,
            48.7766,   14.9573, 1523.1453,   37.0299,  440.6203,   25.4189,
            15.7923,   10.7321,   14.8746,   26.7382,   47.0838,    9.4631]]],
       device='cuda:0')
Total Sum for i 2: tensor([[[ 52.7187,  41.3343, 931.4337,   6.5085, 310.6787, 700.7419, 551.3987,
           11.6849,  82.4135,  30.2487,  72.8230, 147.3374,  46.4095,  27.3055,
           29.4192,  69.0773,  15.0436,  21.9058,  37.3750,  13.7367, 991.9016,
           29.9871,  56.9366,  23.8018,   8.6093,   9.1743,  18.2627,  28.9862,
          104.3260,   8.4198]]], device='cuda:0')
Total Sum for i 3: tensor([[[  73.8602,   82.9512,  364.0960,   10.2850,  238.8104,  203.3311,
           120.9607,   12.0737,  170.6700,   37.8393,   35.7925,  224.3645,
            50.2619,   72.8151,   29.5167,  164.1578,   11.8140,   17.8714,
           119.0605,    9.0078, 2057.9902,   50.1057,  198.3916,   11.3384,
            20.1041,    8.1918,   11.3927,   26.2890,   37.5826,    9.0742]]],
       device='cuda:0')
Total Sum for i 4: tensor([[[  52.8722,   17.2693,  381.3318,    5.9570, 1146.3743,  418.7141,
           405.2902,    9.4390,  120.4087,   45.0857,   67.9297,  620.8018,
            51.7333,   26.0257,   34.4579,   28.4871,   15.0293,   27.2849,
           142.9049,   19.4939,  607.8530,   36.8964,   33.4088,   23.6266,
             6.9866,   12.5154,   20.5334,   31.8176,   62.0687,    7.4029]]],
       device='cuda:0')
Total Sum for i 5: tensor([[[  43.7952,   38.2001,  858.5362,    6.4030,  286.9476, 1164.8972,
           385.4478,   11.4680,   81.3294,   31.8828,   66.4599,  178.6957,
            47.1795,   28.2780,   29.7354,   52.0484,   13.1193,   18.5312,
            31.8782,   10.6121,  854.8262,   29.1670,   36.3390,   24.3703,
             9.4377,   10.1528,   15.4139,   33.0078,   73.7275,    8.1126]]],
       device='cuda:0')
Total Sum for i 6: tensor([[[ 46.0017,  29.7682, 718.0122,   6.2310, 423.8264, 683.8588, 842.1235,
           10.4098,  91.6895,  32.4574,  59.5002, 227.7053,  45.3209,  24.8124,
           33.1596,  56.2833,  13.8193,  25.0586,  43.0856,  15.7650, 789.3116,
           32.0056,  50.7241,  21.2194,   7.3537,   9.3193,  18.8133,  28.8734,
           84.4218,   9.0690]]], device='cuda:0')
Total Sum for i 7: tensor([[[  74.0206,   47.8905,  486.2543,    6.3675,  477.9418,  525.9904,
           260.0459,   15.0056,  149.3396,   57.1985,  152.2555,  312.0580,
            63.5936,   31.8652,   39.2412,   64.0379,   13.2145,   26.9532,
           149.6964,   17.9407, 1186.6898,   40.6323,  100.8391,   21.6798,
            13.7828,   13.0950,   15.7032,   42.4388,   65.3545,    8.8738]]],
       device='cuda:0')
Total Sum for i 8: tensor([[[  62.4757,   76.9917,  490.7561,    6.1585,  557.1793,  368.6603,
           271.4307,   12.3397,  256.8877,   43.8896,   95.8356,  512.5370,
            52.4088,   32.1748,   45.0402,   45.0074,   13.1109,   22.9784,
            92.1384,   14.6361, 1026.4497,   33.9569,  186.7190,   19.5397,
            12.3373,   11.1357,   15.7267,   36.2956,   56.9987,    8.2037]]],
       device='cuda:0')
Total Sum for i 9: tensor([[[  66.0575,   37.6166,  589.3068,    6.5751,  523.2443,  705.1992,
           256.5033,   14.5239,  156.0149,   63.8879,   99.1047,  251.7760,
            64.2592,   31.2018,   36.9063,   48.7353,   14.1457,   25.5863,
           136.1990,   14.1856, 1066.0576,   35.5577,   49.4022,   24.0383,
            13.1845,   11.9851,   16.8982,   57.2032,   55.9275,    8.7164]]],
       device='cuda:0')
Total Sum for i 10: tensor([[[ 63.9218,  26.7670, 703.9933,   6.1085, 469.9414, 766.6930, 293.2104,
            9.6992, 113.5391,  39.4177, 360.7493, 197.4294,  56.9105,  31.7432,
           41.2909,  41.5819,  13.8615,  24.4261,  38.6909,  15.9975, 871.6227,
           36.5218,  42.5260,  23.8862,   9.7258,  11.2489,  22.0213,  35.5066,
          103.3179,   7.6500]]], device='cuda:0')
Total Sum for i 11: tensor([[[  50.4060,   36.4221,  335.3477,    6.2574,  761.0951,  310.5328,
           332.4536,   10.7312,  161.2014,   42.7141,   52.7299, 1018.1429,
            48.6328,   28.6062,   38.7494,   46.2209,   15.9209,   27.7778,
           118.3690,   18.8618,  780.5135,   34.3403,   51.8271,   22.4682,
             8.3026,   11.1183,   18.0132,   30.0204,   53.9446,    8.2793]]],
       device='cuda:0')
Total Sum for i 12: tensor([[[ 54.5608,  36.5816, 628.5054,   6.4520, 608.8561, 563.9158, 348.5030,
           10.8365, 144.6288,  40.5876, 155.7805, 340.5983,  64.4230,  31.3101,
           39.7583,  46.0535,  13.9518,  21.9405,  68.1656,  14.1949, 976.1749,
           34.4580,  50.2004,  21.5257,  10.4298,  12.5811,  19.1092,  34.6042,
           72.9580,   8.3544]]], device='cuda:0')
Total Sum for i 13: tensor([[[  75.1741,   75.2435,  369.0701,    6.4226,  480.2961,  250.6438,
           171.1507,   11.4770,  189.2789,   40.0703,   60.5624,  265.8053,
            53.7108,   53.9649,   35.5575,  103.5546,   12.5099,   23.5789,
            59.6705,   13.8908, 1790.3207,   44.2699,  140.3419,   15.4514,
            14.5295,   10.0274,   14.5072,   31.8596,   57.4870,    9.5727]]],
       device='cuda:0')
Total Sum for i 14: tensor([[[  61.1369,   37.4136,  561.8155,    6.3953,  624.4289,  393.6434,
           314.1122,   10.9547,  147.9105,   37.7232,   90.0072,  488.1141,
            51.2142,   31.4790,   38.9201,   90.2360,   15.1758,   23.5391,
           129.4245,   17.0015, 1012.0919,   36.5091,   95.3672,   21.1270,
             9.7252,   11.1397,   19.4775,   29.0730,   66.2477,    8.5959]]],
       device='cuda:0')
Total Sum for i 15: tensor([[[  69.3558,   60.4555,  666.1350,    6.7885,  250.8329,  560.9918,
           401.5892,   11.5840,   95.5777,   32.8362,   77.3008,  195.5506,
            44.9022,   33.3304,   30.9149,  147.6341,   13.9812,   23.0652,
            40.9969,   11.8938, 1403.9611,   33.4690,  105.2521,   22.7120,
            11.0530,   10.0601,   16.8626,   25.7517,   65.3391,    9.8224]]],
       device='cuda:0')
Total Sum for i 16: tensor([[[  55.2612,   53.8989,  799.2950,    6.7677,  321.6914,  519.7527,
           398.8943,   11.2071,  110.7932,   33.7674,   59.8330,  194.6144,
            43.7855,   29.1586,   35.5963,   92.6199,   14.8301,   21.2325,
            49.1069,   12.6965, 1333.6439,   30.1050,   76.7121,   21.5623,
             9.4223,   10.1803,   15.8038,   29.0575,   80.5425,    8.1675]]],
       device='cuda:0')
Total Sum for i 17: tensor([[[  88.9354,   24.0085,  384.4185,    6.4377,  714.9082,  422.5950,
           340.6292,   11.0730,  118.0599,   51.1985,   46.8507,  358.4119,
            47.4023,   30.4246,   30.3990,   53.7056,   14.5167,   91.7433,
           144.6656,   21.5545, 1210.7117,   51.6658,   51.2593,   25.6650,
             7.8261,   13.3779,   18.1018,   33.5292,   56.9749,    8.9500]]],
       device='cuda:0')
Total Sum for i 18: tensor([[[ 55.2067,  23.2775, 330.1089,   6.0952, 608.1154, 295.4496, 284.5398,
           10.2287, 139.4173,  42.0163,  51.8402, 463.9298,  43.4503,  26.8558,
           34.4439,  31.3322,  15.7700,  27.5623, 902.6100,  22.9087, 824.3305,
           34.1659,  43.5235,  23.0437,   7.9503,  12.1983,  23.5324,  29.2528,
           58.3121,   8.5316]]], device='cuda:0')
Total Sum for i 19: tensor([[[  75.5298,   53.6124,  386.5478,    6.3625,  750.4879,  316.8068,
           176.1694,   16.3082,  257.6780,   63.1135,   80.7383,  399.2268,
            78.4348,   46.3770,   38.3891,   55.3837,   13.1242,   31.5457,
            87.2130,   16.8579, 1237.4866,   44.5495,   87.4409,   16.3361,
            11.8121,   13.6911,   14.0979,   46.7694,   47.2961,   10.6137]]],
       device='cuda:0')
Total Sum for i 20: tensor([[[  78.3313,   57.9108,  503.4629,    6.8783,  314.7392,  396.4621,
           308.4638,   12.1491,  121.2530,   34.6894,   53.3324,  278.7617,
            46.1180,   35.9718,   27.2836,  103.9616,   13.5462,   22.9076,
            69.8753,   11.2319, 1721.4088,   35.3230,   85.7300,   19.8053,
            10.5922,   10.0108,   14.3341,   26.3084,   50.0970,    9.0602]]],
       device='cuda:0')
Total Sum for i 21: tensor([[[  83.9162,   62.7590,  409.4149,    6.4708,  511.2640,  312.2979,
           246.6942,   10.3466,  126.8906,   39.4036,  103.2525,  340.4405,
            51.2579,   32.6524,   34.5173,   73.1428,   13.9971,   28.6085,
            72.8381,   20.3306, 1531.7134,   53.7388,  140.4705,   22.1999,
            10.9088,   10.7719,   20.1968,   32.0485,   68.8271,    8.6288]]],
       device='cuda:0')
Total Sum for i 22: tensor([[[  59.8463,  153.0805,  373.1526,    6.3779,  303.3208,  263.4380,
           176.5154,   11.8640,  164.0800,   34.5378,   48.6067,  216.9466,
            44.3587,   32.5867,   32.5501,   84.0148,   13.5738,   21.9114,
            43.2579,   15.1127, 1616.8662,   33.7275,  586.3974,   21.3331,
            14.4766,    9.2669,   14.4739,   28.2871,   47.6180,    8.4207]]],
       device='cuda:0')
Total Sum for i 23: tensor([[[  62.7065,  142.5136,  536.0287,    6.5281,  157.0406,  363.5883,
           281.9194,   11.7471,  125.9547,   26.2048,   39.3302,  158.0841,
            38.3409,   32.7141,   29.4532,  116.4613,   13.2517,   16.9316,
            31.7493,    7.9787, 1628.4895,   26.9194,  486.4556,   33.5667,
            14.1062,    8.7068,   10.5198,   21.6796,   42.6282,    8.4011]]],
       device='cuda:0')
Total Sum for i 24: tensor([[[  64.5160,   58.7933,  643.8161,    8.2818,  304.8910,  427.2878,
           173.8816,   12.4035,  131.9536,   43.7221,  144.0426,  192.4940,
            57.5821,   46.8102,   35.6035,  114.2167,   13.4448,   20.1558,
            73.7376,   10.8394, 1577.5239,   42.2988,  103.1590,   17.9207,
            15.9286,   10.4434,   14.8093,   38.2794,   72.1535,    9.0101]]],
       device='cuda:0')
Total Sum for i 25: tensor([[[  98.6017,   76.7107,  524.6192,    7.1827,  174.6337,  356.9922,
           249.4588,   12.4734,   83.5198,   28.0316,   38.3470,  166.8430,
            38.1228,   32.9140,   24.2405,  182.7844,   14.3377,   20.6597,
            33.1592,    7.4067, 2069.2725,   28.0721,   88.0338,   18.6414,
             8.6858,    8.8207,   11.4672,   22.6987,   43.8944,    9.3745]]],
       device='cuda:0')
Total Sum for i 26: tensor([[[ 62.6294,  32.6396, 830.5275,   6.2534, 368.9350, 830.7083, 351.2962,
           11.0898,  96.7626,  36.8878, 180.2299, 201.4029,  51.3466,  27.4328,
           35.8042,  50.3683,  13.6445,  23.7677,  37.6899,  12.8628, 946.8798,
           33.0487,  40.2304,  23.8086,   9.5967,  11.2267,  19.7328,  30.6836,
           93.7829,   8.7306]]], device='cuda:0')
Total Sum for i 27: tensor([[[ 71.3736,  28.6950, 573.2762,   6.5665, 595.9744, 521.2015, 233.4207,
           15.0888, 172.4852,  64.0661, 183.8362, 391.8278,  66.9017,  28.6970,
           48.2391,  35.8188,  13.1860,  25.7314, 124.0701,  16.2730, 966.5015,
           42.8838,  40.7476,  25.0166,  14.9512,  14.3679,  17.6033,  65.8785,
           66.6512,   8.6689]]], device='cuda:0')
Total Sum for i 28: tensor([[[  43.0123,   24.4365, 1017.9382,    6.2551,  625.7653,  575.6755,
           412.3853,   10.3474,   89.0930,   33.6365,   93.7571,  192.1872,
            48.0700,   27.3971,   36.4682,   37.4792,   15.2783,   22.3981,
            49.0327,   14.6974,  657.3881,   29.7149,   31.8568,   20.8811,
             7.2931,    9.0761,   22.4612,   31.1190,  287.3988,    7.5005]]],
       device='cuda:0')
Total Sum for i 29: tensor([[[ 179.7837,   45.5388,  398.4063,    6.6057,  135.1794,  468.4557,
           257.4663,   12.3405,   68.9675,   31.1615,   44.1651,   83.1489,
            35.1044,   36.3342,   19.0820,  139.0845,   11.9926,   29.0851,
            26.2442,    7.3025, 2241.0798,   32.8119,   58.3521,   22.3734,
             7.1465,    8.3163,   11.1128,   20.9642,   33.0278,    9.3664]]],
       device='cuda:0')
