trainable params: 34,167,360 || all params: 7,372,237,376 || trainable%: 0.46345984614155755
base_model.model.model.layers.0.self_attn.q_proj.lora_router.default.weight
base_model.model.model.layers.0.self_attn.q_proj.lora_router.default.bias
base_model.model.model.layers.0.self_attn.k_proj.lora_router.default.weight
base_model.model.model.layers.0.self_attn.k_proj.lora_router.default.bias
base_model.model.model.layers.0.self_attn.v_proj.lora_router.default.weight
base_model.model.model.layers.0.self_attn.v_proj.lora_router.default.bias
base_model.model.model.layers.0.self_attn.o_proj.lora_router.default.weight
base_model.model.model.layers.0.self_attn.o_proj.lora_router.default.bias
base_model.model.model.layers.0.mlp.gate_proj.lora_router.default.weight
base_model.model.model.layers.0.mlp.gate_proj.lora_router.default.bias
base_model.model.model.layers.0.mlp.up_proj.lora_router.default.weight
base_model.model.model.layers.0.mlp.up_proj.lora_router.default.bias
base_model.model.model.layers.0.mlp.down_proj.lora_router.default.weight
base_model.model.model.layers.0.mlp.down_proj.lora_router.default.bias
base_model.model.model.layers.1.self_attn.q_proj.lora_router.default.weight
base_model.model.model.layers.1.self_attn.q_proj.lora_router.default.bias
base_model.model.model.layers.1.self_attn.k_proj.lora_router.default.weight
base_model.model.model.layers.1.self_attn.k_proj.lora_router.default.bias
base_model.model.model.layers.1.self_attn.v_proj.lora_router.default.weight
base_model.model.model.layers.1.self_attn.v_proj.lora_router.default.bias
base_model.model.model.layers.1.self_attn.o_proj.lora_router.default.weight
base_model.model.model.layers.1.self_attn.o_proj.lora_router.default.bias
base_model.model.model.layers.1.mlp.gate_proj.lora_router.default.weight
base_model.model.model.layers.1.mlp.gate_proj.lora_router.default.bias
base_model.model.model.layers.1.mlp.up_proj.lora_router.default.weight
base_model.model.model.layers.1.mlp.up_proj.lora_router.default.bias
base_model.model.model.layers.1.mlp.down_proj.lora_router.default.weight
base_model.model.model.layers.1.mlp.down_proj.lora_router.default.bias
base_model.model.model.layers.2.self_attn.q_proj.lora_router.default.weight
base_model.model.model.layers.2.self_attn.q_proj.lora_router.default.bias
base_model.model.model.layers.2.self_attn.k_proj.lora_router.default.weight
base_model.model.model.layers.2.self_attn.k_proj.lora_router.default.bias
base_model.model.model.layers.2.self_attn.v_proj.lora_router.default.weight
base_model.model.model.layers.2.self_attn.v_proj.lora_router.default.bias
base_model.model.model.layers.2.self_attn.o_proj.lora_router.default.weight
base_model.model.model.layers.2.self_attn.o_proj.lora_router.default.bias
base_model.model.model.layers.2.mlp.gate_proj.lora_router.default.weight
base_model.model.model.layers.2.mlp.gate_proj.lora_router.default.bias
base_model.model.model.layers.2.mlp.up_proj.lora_router.default.weight
base_model.model.model.layers.2.mlp.up_proj.lora_router.default.bias
base_model.model.model.layers.2.mlp.down_proj.lora_router.default.weight
base_model.model.model.layers.2.mlp.down_proj.lora_router.default.bias
base_model.model.model.layers.3.self_attn.q_proj.lora_router.default.weight
base_model.model.model.layers.3.self_attn.q_proj.lora_router.default.bias
base_model.model.model.layers.3.self_attn.k_proj.lora_router.default.weight
base_model.model.model.layers.3.self_attn.k_proj.lora_router.default.bias
base_model.model.model.layers.3.self_attn.v_proj.lora_router.default.weight
base_model.model.model.layers.3.self_attn.v_proj.lora_router.default.bias
base_model.model.model.layers.3.self_attn.o_proj.lora_router.default.weight
base_model.model.model.layers.3.self_attn.o_proj.lora_router.default.bias
base_model.model.model.layers.3.mlp.gate_proj.lora_router.default.weight
base_model.model.model.layers.3.mlp.gate_proj.lora_router.default.bias
base_model.model.model.layers.3.mlp.up_proj.lora_router.default.weight
base_model.model.model.layers.3.mlp.up_proj.lora_router.default.bias
base_model.model.model.layers.3.mlp.down_proj.lora_router.default.weight
base_model.model.model.layers.3.mlp.down_proj.lora_router.default.bias
base_model.model.model.layers.4.self_attn.q_proj.lora_router.default.weight
base_model.model.model.layers.4.self_attn.q_proj.lora_router.default.bias
base_model.model.model.layers.4.self_attn.k_proj.lora_router.default.weight
base_model.model.model.layers.4.self_attn.k_proj.lora_router.default.bias
base_model.model.model.layers.4.self_attn.v_proj.lora_router.default.weight
base_model.model.model.layers.4.self_attn.v_proj.lora_router.default.bias
base_model.model.model.layers.4.self_attn.o_proj.lora_router.default.weight
base_model.model.model.layers.4.self_attn.o_proj.lora_router.default.bias
base_model.model.model.layers.4.mlp.gate_proj.lora_router.default.weight
base_model.model.model.layers.4.mlp.gate_proj.lora_router.default.bias
base_model.model.model.layers.4.mlp.up_proj.lora_router.default.weight
base_model.model.model.layers.4.mlp.up_proj.lora_router.default.bias
base_model.model.model.layers.4.mlp.down_proj.lora_router.default.weight
base_model.model.model.layers.4.mlp.down_proj.lora_router.default.bias
base_model.model.model.layers.5.self_attn.q_proj.lora_router.default.weight
base_model.model.model.layers.5.self_attn.q_proj.lora_router.default.bias
base_model.model.model.layers.5.self_attn.k_proj.lora_router.default.weight
base_model.model.model.layers.5.self_attn.k_proj.lora_router.default.bias
base_model.model.model.layers.5.self_attn.v_proj.lora_router.default.weight
base_model.model.model.layers.5.self_attn.v_proj.lora_router.default.bias
base_model.model.model.layers.5.self_attn.o_proj.lora_router.default.weight
base_model.model.model.layers.5.self_attn.o_proj.lora_router.default.bias
base_model.model.model.layers.5.mlp.gate_proj.lora_router.default.weight
base_model.model.model.layers.5.mlp.gate_proj.lora_router.default.bias
base_model.model.model.layers.5.mlp.up_proj.lora_router.default.weight
base_model.model.model.layers.5.mlp.up_proj.lora_router.default.bias
base_model.model.model.layers.5.mlp.down_proj.lora_router.default.weight
base_model.model.model.layers.5.mlp.down_proj.lora_router.default.bias
base_model.model.model.layers.6.self_attn.q_proj.lora_router.default.weight
base_model.model.model.layers.6.self_attn.q_proj.lora_router.default.bias
base_model.model.model.layers.6.self_attn.k_proj.lora_router.default.weight
base_model.model.model.layers.6.self_attn.k_proj.lora_router.default.bias
base_model.model.model.layers.6.self_attn.v_proj.lora_router.default.weight
base_model.model.model.layers.6.self_attn.v_proj.lora_router.default.bias
base_model.model.model.layers.6.self_attn.o_proj.lora_router.default.weight
base_model.model.model.layers.6.self_attn.o_proj.lora_router.default.bias
base_model.model.model.layers.6.mlp.gate_proj.lora_router.default.weight
base_model.model.model.layers.6.mlp.gate_proj.lora_router.default.bias
base_model.model.model.layers.6.mlp.up_proj.lora_router.default.weight
base_model.model.model.layers.6.mlp.up_proj.lora_router.default.bias
base_model.model.model.layers.6.mlp.down_proj.lora_router.default.weight
base_model.model.model.layers.6.mlp.down_proj.lora_router.default.bias
base_model.model.model.layers.7.self_attn.q_proj.lora_router.default.weight
base_model.model.model.layers.7.self_attn.q_proj.lora_router.default.bias
base_model.model.model.layers.7.self_attn.k_proj.lora_router.default.weight
base_model.model.model.layers.7.self_attn.k_proj.lora_router.default.bias
base_model.model.model.layers.7.self_attn.v_proj.lora_router.default.weight
base_model.model.model.layers.7.self_attn.v_proj.lora_router.default.bias
base_model.model.model.layers.7.self_attn.o_proj.lora_router.default.weight
base_model.model.model.layers.7.self_attn.o_proj.lora_router.default.bias
base_model.model.model.layers.7.mlp.gate_proj.lora_router.default.weight
base_model.model.model.layers.7.mlp.gate_proj.lora_router.default.bias
base_model.model.model.layers.7.mlp.up_proj.lora_router.default.weight
base_model.model.model.layers.7.mlp.up_proj.lora_router.default.bias
base_model.model.model.layers.7.mlp.down_proj.lora_router.default.weight
base_model.model.model.layers.7.mlp.down_proj.lora_router.default.bias
base_model.model.model.layers.8.self_attn.q_proj.lora_router.default.weight
base_model.model.model.layers.8.self_attn.q_proj.lora_router.default.bias
base_model.model.model.layers.8.self_attn.k_proj.lora_router.default.weight
base_model.model.model.layers.8.self_attn.k_proj.lora_router.default.bias
base_model.model.model.layers.8.self_attn.v_proj.lora_router.default.weight
base_model.model.model.layers.8.self_attn.v_proj.lora_router.default.bias
base_model.model.model.layers.8.self_attn.o_proj.lora_router.default.weight
base_model.model.model.layers.8.self_attn.o_proj.lora_router.default.bias
base_model.model.model.layers.8.mlp.gate_proj.lora_router.default.weight
base_model.model.model.layers.8.mlp.gate_proj.lora_router.default.bias
base_model.model.model.layers.8.mlp.up_proj.lora_router.default.weight
base_model.model.model.layers.8.mlp.up_proj.lora_router.default.bias
base_model.model.model.layers.8.mlp.down_proj.lora_router.default.weight
base_model.model.model.layers.8.mlp.down_proj.lora_router.default.bias
base_model.model.model.layers.9.self_attn.q_proj.lora_router.default.weight
base_model.model.model.layers.9.self_attn.q_proj.lora_router.default.bias
base_model.model.model.layers.9.self_attn.k_proj.lora_router.default.weight
base_model.model.model.layers.9.self_attn.k_proj.lora_router.default.bias
base_model.model.model.layers.9.self_attn.v_proj.lora_router.default.weight
base_model.model.model.layers.9.self_attn.v_proj.lora_router.default.bias
base_model.model.model.layers.9.self_attn.o_proj.lora_router.default.weight
base_model.model.model.layers.9.self_attn.o_proj.lora_router.default.bias
base_model.model.model.layers.9.mlp.gate_proj.lora_router.default.weight
base_model.model.model.layers.9.mlp.gate_proj.lora_router.default.bias
base_model.model.model.layers.9.mlp.up_proj.lora_router.default.weight
base_model.model.model.layers.9.mlp.up_proj.lora_router.default.bias
base_model.model.model.layers.9.mlp.down_proj.lora_router.default.weight
base_model.model.model.layers.9.mlp.down_proj.lora_router.default.bias
base_model.model.model.layers.10.self_attn.q_proj.lora_router.default.weight
base_model.model.model.layers.10.self_attn.q_proj.lora_router.default.bias
base_model.model.model.layers.10.self_attn.k_proj.lora_router.default.weight
base_model.model.model.layers.10.self_attn.k_proj.lora_router.default.bias
base_model.model.model.layers.10.self_attn.v_proj.lora_router.default.weight
base_model.model.model.layers.10.self_attn.v_proj.lora_router.default.bias
base_model.model.model.layers.10.self_attn.o_proj.lora_router.default.weight
base_model.model.model.layers.10.self_attn.o_proj.lora_router.default.bias
base_model.model.model.layers.10.mlp.gate_proj.lora_router.default.weight
base_model.model.model.layers.10.mlp.gate_proj.lora_router.default.bias
base_model.model.model.layers.10.mlp.up_proj.lora_router.default.weight
base_model.model.model.layers.10.mlp.up_proj.lora_router.default.bias
base_model.model.model.layers.10.mlp.down_proj.lora_router.default.weight
base_model.model.model.layers.10.mlp.down_proj.lora_router.default.bias
base_model.model.model.layers.11.self_attn.q_proj.lora_router.default.weight
base_model.model.model.layers.11.self_attn.q_proj.lora_router.default.bias
base_model.model.model.layers.11.self_attn.k_proj.lora_router.default.weight
base_model.model.model.layers.11.self_attn.k_proj.lora_router.default.bias
base_model.model.model.layers.11.self_attn.v_proj.lora_router.default.weight
base_model.model.model.layers.11.self_attn.v_proj.lora_router.default.bias
base_model.model.model.layers.11.self_attn.o_proj.lora_router.default.weight
base_model.model.model.layers.11.self_attn.o_proj.lora_router.default.bias
base_model.model.model.layers.11.mlp.gate_proj.lora_router.default.weight
base_model.model.model.layers.11.mlp.gate_proj.lora_router.default.bias
base_model.model.model.layers.11.mlp.up_proj.lora_router.default.weight
base_model.model.model.layers.11.mlp.up_proj.lora_router.default.bias
base_model.model.model.layers.11.mlp.down_proj.lora_router.default.weight
base_model.model.model.layers.11.mlp.down_proj.lora_router.default.bias
base_model.model.model.layers.12.self_attn.q_proj.lora_router.default.weight
base_model.model.model.layers.12.self_attn.q_proj.lora_router.default.bias
base_model.model.model.layers.12.self_attn.k_proj.lora_router.default.weight
base_model.model.model.layers.12.self_attn.k_proj.lora_router.default.bias
base_model.model.model.layers.12.self_attn.v_proj.lora_router.default.weight
base_model.model.model.layers.12.self_attn.v_proj.lora_router.default.bias
base_model.model.model.layers.12.self_attn.o_proj.lora_router.default.weight
base_model.model.model.layers.12.self_attn.o_proj.lora_router.default.bias
base_model.model.model.layers.12.mlp.gate_proj.lora_router.default.weight
base_model.model.model.layers.12.mlp.gate_proj.lora_router.default.bias
base_model.model.model.layers.12.mlp.up_proj.lora_router.default.weight
base_model.model.model.layers.12.mlp.up_proj.lora_router.default.bias
base_model.model.model.layers.12.mlp.down_proj.lora_router.default.weight
base_model.model.model.layers.12.mlp.down_proj.lora_router.default.bias
base_model.model.model.layers.13.self_attn.q_proj.lora_router.default.weight
base_model.model.model.layers.13.self_attn.q_proj.lora_router.default.bias
base_model.model.model.layers.13.self_attn.k_proj.lora_router.default.weight
base_model.model.model.layers.13.self_attn.k_proj.lora_router.default.bias
base_model.model.model.layers.13.self_attn.v_proj.lora_router.default.weight
base_model.model.model.layers.13.self_attn.v_proj.lora_router.default.bias
base_model.model.model.layers.13.self_attn.o_proj.lora_router.default.weight
base_model.model.model.layers.13.self_attn.o_proj.lora_router.default.bias
base_model.model.model.layers.13.mlp.gate_proj.lora_router.default.weight
base_model.model.model.layers.13.mlp.gate_proj.lora_router.default.bias
base_model.model.model.layers.13.mlp.up_proj.lora_router.default.weight
base_model.model.model.layers.13.mlp.up_proj.lora_router.default.bias
base_model.model.model.layers.13.mlp.down_proj.lora_router.default.weight
base_model.model.model.layers.13.mlp.down_proj.lora_router.default.bias
base_model.model.model.layers.14.self_attn.q_proj.lora_router.default.weight
base_model.model.model.layers.14.self_attn.q_proj.lora_router.default.bias
base_model.model.model.layers.14.self_attn.k_proj.lora_router.default.weight
base_model.model.model.layers.14.self_attn.k_proj.lora_router.default.bias
base_model.model.model.layers.14.self_attn.v_proj.lora_router.default.weight
base_model.model.model.layers.14.self_attn.v_proj.lora_router.default.bias
base_model.model.model.layers.14.self_attn.o_proj.lora_router.default.weight
base_model.model.model.layers.14.self_attn.o_proj.lora_router.default.bias
base_model.model.model.layers.14.mlp.gate_proj.lora_router.default.weight
base_model.model.model.layers.14.mlp.gate_proj.lora_router.default.bias
base_model.model.model.layers.14.mlp.up_proj.lora_router.default.weight
base_model.model.model.layers.14.mlp.up_proj.lora_router.default.bias
base_model.model.model.layers.14.mlp.down_proj.lora_router.default.weight
base_model.model.model.layers.14.mlp.down_proj.lora_router.default.bias
base_model.model.model.layers.15.self_attn.q_proj.lora_router.default.weight
base_model.model.model.layers.15.self_attn.q_proj.lora_router.default.bias
base_model.model.model.layers.15.self_attn.k_proj.lora_router.default.weight
base_model.model.model.layers.15.self_attn.k_proj.lora_router.default.bias
base_model.model.model.layers.15.self_attn.v_proj.lora_router.default.weight
base_model.model.model.layers.15.self_attn.v_proj.lora_router.default.bias
base_model.model.model.layers.15.self_attn.o_proj.lora_router.default.weight
base_model.model.model.layers.15.self_attn.o_proj.lora_router.default.bias
base_model.model.model.layers.15.mlp.gate_proj.lora_router.default.weight
base_model.model.model.layers.15.mlp.gate_proj.lora_router.default.bias
base_model.model.model.layers.15.mlp.up_proj.lora_router.default.weight
base_model.model.model.layers.15.mlp.up_proj.lora_router.default.bias
base_model.model.model.layers.15.mlp.down_proj.lora_router.default.weight
base_model.model.model.layers.15.mlp.down_proj.lora_router.default.bias
base_model.model.model.layers.16.self_attn.q_proj.lora_router.default.weight
base_model.model.model.layers.16.self_attn.q_proj.lora_router.default.bias
base_model.model.model.layers.16.self_attn.k_proj.lora_router.default.weight
base_model.model.model.layers.16.self_attn.k_proj.lora_router.default.bias
base_model.model.model.layers.16.self_attn.v_proj.lora_router.default.weight
base_model.model.model.layers.16.self_attn.v_proj.lora_router.default.bias
base_model.model.model.layers.16.self_attn.o_proj.lora_router.default.weight
base_model.model.model.layers.16.self_attn.o_proj.lora_router.default.bias
base_model.model.model.layers.16.mlp.gate_proj.lora_router.default.weight
base_model.model.model.layers.16.mlp.gate_proj.lora_router.default.bias
base_model.model.model.layers.16.mlp.up_proj.lora_router.default.weight
base_model.model.model.layers.16.mlp.up_proj.lora_router.default.bias
base_model.model.model.layers.16.mlp.down_proj.lora_router.default.weight
base_model.model.model.layers.16.mlp.down_proj.lora_router.default.bias
base_model.model.model.layers.17.self_attn.q_proj.lora_router.default.weight
base_model.model.model.layers.17.self_attn.q_proj.lora_router.default.bias
base_model.model.model.layers.17.self_attn.k_proj.lora_router.default.weight
base_model.model.model.layers.17.self_attn.k_proj.lora_router.default.bias
base_model.model.model.layers.17.self_attn.v_proj.lora_router.default.weight
base_model.model.model.layers.17.self_attn.v_proj.lora_router.default.bias
base_model.model.model.layers.17.self_attn.o_proj.lora_router.default.weight
base_model.model.model.layers.17.self_attn.o_proj.lora_router.default.bias
base_model.model.model.layers.17.mlp.gate_proj.lora_router.default.weight
base_model.model.model.layers.17.mlp.gate_proj.lora_router.default.bias
base_model.model.model.layers.17.mlp.up_proj.lora_router.default.weight
base_model.model.model.layers.17.mlp.up_proj.lora_router.default.bias
base_model.model.model.layers.17.mlp.down_proj.lora_router.default.weight
base_model.model.model.layers.17.mlp.down_proj.lora_router.default.bias
base_model.model.model.layers.18.self_attn.q_proj.lora_router.default.weight
base_model.model.model.layers.18.self_attn.q_proj.lora_router.default.bias
base_model.model.model.layers.18.self_attn.k_proj.lora_router.default.weight
base_model.model.model.layers.18.self_attn.k_proj.lora_router.default.bias
base_model.model.model.layers.18.self_attn.v_proj.lora_router.default.weight
base_model.model.model.layers.18.self_attn.v_proj.lora_router.default.bias
base_model.model.model.layers.18.self_attn.o_proj.lora_router.default.weight
base_model.model.model.layers.18.self_attn.o_proj.lora_router.default.bias
base_model.model.model.layers.18.mlp.gate_proj.lora_router.default.weight
base_model.model.model.layers.18.mlp.gate_proj.lora_router.default.bias
base_model.model.model.layers.18.mlp.up_proj.lora_router.default.weight
base_model.model.model.layers.18.mlp.up_proj.lora_router.default.bias
base_model.model.model.layers.18.mlp.down_proj.lora_router.default.weight
base_model.model.model.layers.18.mlp.down_proj.lora_router.default.bias
base_model.model.model.layers.19.self_attn.q_proj.lora_router.default.weight
base_model.model.model.layers.19.self_attn.q_proj.lora_router.default.bias
base_model.model.model.layers.19.self_attn.k_proj.lora_router.default.weight
base_model.model.model.layers.19.self_attn.k_proj.lora_router.default.bias
base_model.model.model.layers.19.self_attn.v_proj.lora_router.default.weight
base_model.model.model.layers.19.self_attn.v_proj.lora_router.default.bias
base_model.model.model.layers.19.self_attn.o_proj.lora_router.default.weight
base_model.model.model.layers.19.self_attn.o_proj.lora_router.default.bias
base_model.model.model.layers.19.mlp.gate_proj.lora_router.default.weight
base_model.model.model.layers.19.mlp.gate_proj.lora_router.default.bias
base_model.model.model.layers.19.mlp.up_proj.lora_router.default.weight
base_model.model.model.layers.19.mlp.up_proj.lora_router.default.bias
base_model.model.model.layers.19.mlp.down_proj.lora_router.default.weight
base_model.model.model.layers.19.mlp.down_proj.lora_router.default.bias
base_model.model.model.layers.20.self_attn.q_proj.lora_router.default.weight
base_model.model.model.layers.20.self_attn.q_proj.lora_router.default.bias
base_model.model.model.layers.20.self_attn.k_proj.lora_router.default.weight
base_model.model.model.layers.20.self_attn.k_proj.lora_router.default.bias
base_model.model.model.layers.20.self_attn.v_proj.lora_router.default.weight
base_model.model.model.layers.20.self_attn.v_proj.lora_router.default.bias
base_model.model.model.layers.20.self_attn.o_proj.lora_router.default.weight
base_model.model.model.layers.20.self_attn.o_proj.lora_router.default.bias
base_model.model.model.layers.20.mlp.gate_proj.lora_router.default.weight
base_model.model.model.layers.20.mlp.gate_proj.lora_router.default.bias
base_model.model.model.layers.20.mlp.up_proj.lora_router.default.weight
base_model.model.model.layers.20.mlp.up_proj.lora_router.default.bias
base_model.model.model.layers.20.mlp.down_proj.lora_router.default.weight
base_model.model.model.layers.20.mlp.down_proj.lora_router.default.bias
base_model.model.model.layers.21.self_attn.q_proj.lora_router.default.weight
base_model.model.model.layers.21.self_attn.q_proj.lora_router.default.bias
base_model.model.model.layers.21.self_attn.k_proj.lora_router.default.weight
base_model.model.model.layers.21.self_attn.k_proj.lora_router.default.bias
base_model.model.model.layers.21.self_attn.v_proj.lora_router.default.weight
base_model.model.model.layers.21.self_attn.v_proj.lora_router.default.bias
base_model.model.model.layers.21.self_attn.o_proj.lora_router.default.weight
base_model.model.model.layers.21.self_attn.o_proj.lora_router.default.bias
base_model.model.model.layers.21.mlp.gate_proj.lora_router.default.weight
base_model.model.model.layers.21.mlp.gate_proj.lora_router.default.bias
base_model.model.model.layers.21.mlp.up_proj.lora_router.default.weight
base_model.model.model.layers.21.mlp.up_proj.lora_router.default.bias
base_model.model.model.layers.21.mlp.down_proj.lora_router.default.weight
base_model.model.model.layers.21.mlp.down_proj.lora_router.default.bias
base_model.model.model.layers.22.self_attn.q_proj.lora_router.default.weight
base_model.model.model.layers.22.self_attn.q_proj.lora_router.default.bias
base_model.model.model.layers.22.self_attn.k_proj.lora_router.default.weight
base_model.model.model.layers.22.self_attn.k_proj.lora_router.default.bias
base_model.model.model.layers.22.self_attn.v_proj.lora_router.default.weight
base_model.model.model.layers.22.self_attn.v_proj.lora_router.default.bias
base_model.model.model.layers.22.self_attn.o_proj.lora_router.default.weight
base_model.model.model.layers.22.self_attn.o_proj.lora_router.default.bias
base_model.model.model.layers.22.mlp.gate_proj.lora_router.default.weight
base_model.model.model.layers.22.mlp.gate_proj.lora_router.default.bias
base_model.model.model.layers.22.mlp.up_proj.lora_router.default.weight
base_model.model.model.layers.22.mlp.up_proj.lora_router.default.bias
base_model.model.model.layers.22.mlp.down_proj.lora_router.default.weight
base_model.model.model.layers.22.mlp.down_proj.lora_router.default.bias
base_model.model.model.layers.23.self_attn.q_proj.lora_router.default.weight
base_model.model.model.layers.23.self_attn.q_proj.lora_router.default.bias
base_model.model.model.layers.23.self_attn.k_proj.lora_router.default.weight
base_model.model.model.layers.23.self_attn.k_proj.lora_router.default.bias
base_model.model.model.layers.23.self_attn.v_proj.lora_router.default.weight
base_model.model.model.layers.23.self_attn.v_proj.lora_router.default.bias
base_model.model.model.layers.23.self_attn.o_proj.lora_router.default.weight
base_model.model.model.layers.23.self_attn.o_proj.lora_router.default.bias
base_model.model.model.layers.23.mlp.gate_proj.lora_router.default.weight
base_model.model.model.layers.23.mlp.gate_proj.lora_router.default.bias
base_model.model.model.layers.23.mlp.up_proj.lora_router.default.weight
base_model.model.model.layers.23.mlp.up_proj.lora_router.default.bias
base_model.model.model.layers.23.mlp.down_proj.lora_router.default.weight
base_model.model.model.layers.23.mlp.down_proj.lora_router.default.bias
base_model.model.model.layers.24.self_attn.q_proj.lora_router.default.weight
base_model.model.model.layers.24.self_attn.q_proj.lora_router.default.bias
base_model.model.model.layers.24.self_attn.k_proj.lora_router.default.weight
base_model.model.model.layers.24.self_attn.k_proj.lora_router.default.bias
base_model.model.model.layers.24.self_attn.v_proj.lora_router.default.weight
base_model.model.model.layers.24.self_attn.v_proj.lora_router.default.bias
base_model.model.model.layers.24.self_attn.o_proj.lora_router.default.weight
base_model.model.model.layers.24.self_attn.o_proj.lora_router.default.bias
base_model.model.model.layers.24.mlp.gate_proj.lora_router.default.weight
base_model.model.model.layers.24.mlp.gate_proj.lora_router.default.bias
base_model.model.model.layers.24.mlp.up_proj.lora_router.default.weight
base_model.model.model.layers.24.mlp.up_proj.lora_router.default.bias
base_model.model.model.layers.24.mlp.down_proj.lora_router.default.weight
base_model.model.model.layers.24.mlp.down_proj.lora_router.default.bias
base_model.model.model.layers.25.self_attn.q_proj.lora_router.default.weight
base_model.model.model.layers.25.self_attn.q_proj.lora_router.default.bias
base_model.model.model.layers.25.self_attn.k_proj.lora_router.default.weight
base_model.model.model.layers.25.self_attn.k_proj.lora_router.default.bias
base_model.model.model.layers.25.self_attn.v_proj.lora_router.default.weight
base_model.model.model.layers.25.self_attn.v_proj.lora_router.default.bias
base_model.model.model.layers.25.self_attn.o_proj.lora_router.default.weight
base_model.model.model.layers.25.self_attn.o_proj.lora_router.default.bias
base_model.model.model.layers.25.mlp.gate_proj.lora_router.default.weight
base_model.model.model.layers.25.mlp.gate_proj.lora_router.default.bias
base_model.model.model.layers.25.mlp.up_proj.lora_router.default.weight
base_model.model.model.layers.25.mlp.up_proj.lora_router.default.bias
base_model.model.model.layers.25.mlp.down_proj.lora_router.default.weight
base_model.model.model.layers.25.mlp.down_proj.lora_router.default.bias
base_model.model.model.layers.26.self_attn.q_proj.lora_router.default.weight
base_model.model.model.layers.26.self_attn.q_proj.lora_router.default.bias
base_model.model.model.layers.26.self_attn.k_proj.lora_router.default.weight
base_model.model.model.layers.26.self_attn.k_proj.lora_router.default.bias
base_model.model.model.layers.26.self_attn.v_proj.lora_router.default.weight
base_model.model.model.layers.26.self_attn.v_proj.lora_router.default.bias
base_model.model.model.layers.26.self_attn.o_proj.lora_router.default.weight
base_model.model.model.layers.26.self_attn.o_proj.lora_router.default.bias
base_model.model.model.layers.26.mlp.gate_proj.lora_router.default.weight
base_model.model.model.layers.26.mlp.gate_proj.lora_router.default.bias
base_model.model.model.layers.26.mlp.up_proj.lora_router.default.weight
base_model.model.model.layers.26.mlp.up_proj.lora_router.default.bias
base_model.model.model.layers.26.mlp.down_proj.lora_router.default.weight
base_model.model.model.layers.26.mlp.down_proj.lora_router.default.bias
base_model.model.model.layers.27.self_attn.q_proj.lora_router.default.weight
base_model.model.model.layers.27.self_attn.q_proj.lora_router.default.bias
base_model.model.model.layers.27.self_attn.k_proj.lora_router.default.weight
base_model.model.model.layers.27.self_attn.k_proj.lora_router.default.bias
base_model.model.model.layers.27.self_attn.v_proj.lora_router.default.weight
base_model.model.model.layers.27.self_attn.v_proj.lora_router.default.bias
base_model.model.model.layers.27.self_attn.o_proj.lora_router.default.weight
base_model.model.model.layers.27.self_attn.o_proj.lora_router.default.bias
base_model.model.model.layers.27.mlp.gate_proj.lora_router.default.weight
base_model.model.model.layers.27.mlp.gate_proj.lora_router.default.bias
base_model.model.model.layers.27.mlp.up_proj.lora_router.default.weight
base_model.model.model.layers.27.mlp.up_proj.lora_router.default.bias
base_model.model.model.layers.27.mlp.down_proj.lora_router.default.weight
base_model.model.model.layers.27.mlp.down_proj.lora_router.default.bias
base_model.model.model.layers.28.self_attn.q_proj.lora_router.default.weight
base_model.model.model.layers.28.self_attn.q_proj.lora_router.default.bias
base_model.model.model.layers.28.self_attn.k_proj.lora_router.default.weight
base_model.model.model.layers.28.self_attn.k_proj.lora_router.default.bias
base_model.model.model.layers.28.self_attn.v_proj.lora_router.default.weight
base_model.model.model.layers.28.self_attn.v_proj.lora_router.default.bias
base_model.model.model.layers.28.self_attn.o_proj.lora_router.default.weight
base_model.model.model.layers.28.self_attn.o_proj.lora_router.default.bias
base_model.model.model.layers.28.mlp.gate_proj.lora_router.default.weight
base_model.model.model.layers.28.mlp.gate_proj.lora_router.default.bias
base_model.model.model.layers.28.mlp.up_proj.lora_router.default.weight
base_model.model.model.layers.28.mlp.up_proj.lora_router.default.bias
base_model.model.model.layers.28.mlp.down_proj.lora_router.default.weight
base_model.model.model.layers.28.mlp.down_proj.lora_router.default.bias
base_model.model.model.layers.29.self_attn.q_proj.lora_router.default.weight
base_model.model.model.layers.29.self_attn.q_proj.lora_router.default.bias
base_model.model.model.layers.29.self_attn.k_proj.lora_router.default.weight
base_model.model.model.layers.29.self_attn.k_proj.lora_router.default.bias
base_model.model.model.layers.29.self_attn.v_proj.lora_router.default.weight
base_model.model.model.layers.29.self_attn.v_proj.lora_router.default.bias
base_model.model.model.layers.29.self_attn.o_proj.lora_router.default.weight
base_model.model.model.layers.29.self_attn.o_proj.lora_router.default.bias
base_model.model.model.layers.29.mlp.gate_proj.lora_router.default.weight
base_model.model.model.layers.29.mlp.gate_proj.lora_router.default.bias
base_model.model.model.layers.29.mlp.up_proj.lora_router.default.weight
base_model.model.model.layers.29.mlp.up_proj.lora_router.default.bias
base_model.model.model.layers.29.mlp.down_proj.lora_router.default.weight
base_model.model.model.layers.29.mlp.down_proj.lora_router.default.bias
base_model.model.model.layers.30.self_attn.q_proj.lora_router.default.weight
base_model.model.model.layers.30.self_attn.q_proj.lora_router.default.bias
base_model.model.model.layers.30.self_attn.k_proj.lora_router.default.weight
base_model.model.model.layers.30.self_attn.k_proj.lora_router.default.bias
base_model.model.model.layers.30.self_attn.v_proj.lora_router.default.weight
base_model.model.model.layers.30.self_attn.v_proj.lora_router.default.bias
base_model.model.model.layers.30.self_attn.o_proj.lora_router.default.weight
base_model.model.model.layers.30.self_attn.o_proj.lora_router.default.bias
base_model.model.model.layers.30.mlp.gate_proj.lora_router.default.weight
base_model.model.model.layers.30.mlp.gate_proj.lora_router.default.bias
base_model.model.model.layers.30.mlp.up_proj.lora_router.default.weight
base_model.model.model.layers.30.mlp.up_proj.lora_router.default.bias
base_model.model.model.layers.30.mlp.down_proj.lora_router.default.weight
base_model.model.model.layers.30.mlp.down_proj.lora_router.default.bias
base_model.model.model.layers.31.self_attn.q_proj.lora_router.default.weight
base_model.model.model.layers.31.self_attn.q_proj.lora_router.default.bias
base_model.model.model.layers.31.self_attn.k_proj.lora_router.default.weight
base_model.model.model.layers.31.self_attn.k_proj.lora_router.default.bias
base_model.model.model.layers.31.self_attn.v_proj.lora_router.default.weight
base_model.model.model.layers.31.self_attn.v_proj.lora_router.default.bias
base_model.model.model.layers.31.self_attn.o_proj.lora_router.default.weight
base_model.model.model.layers.31.self_attn.o_proj.lora_router.default.bias
base_model.model.model.layers.31.mlp.gate_proj.lora_router.default.weight
base_model.model.model.layers.31.mlp.gate_proj.lora_router.default.bias
base_model.model.model.layers.31.mlp.up_proj.lora_router.default.weight
base_model.model.model.layers.31.mlp.up_proj.lora_router.default.bias
base_model.model.model.layers.31.mlp.down_proj.lora_router.default.weight
base_model.model.model.layers.31.mlp.down_proj.lora_router.default.bias
{'loss': 0.8412, 'learning_rate': 0.0003, 'epoch': 0.0}
{'loss': 0.8035, 'learning_rate': 0.0003, 'epoch': 0.0}
{'loss': 0.8268, 'learning_rate': 0.0003, 'epoch': 0.0}
{'loss': 0.7959, 'learning_rate': 0.0003, 'epoch': 0.0}
{'loss': 0.8151, 'learning_rate': 0.0003, 'epoch': 0.0}
{'loss': 0.8058, 'learning_rate': 0.0003, 'epoch': 0.0}
{'loss': 0.78, 'learning_rate': 0.0003, 'epoch': 0.01}
{'loss': 0.7845, 'learning_rate': 0.0003, 'epoch': 0.01}
{'loss': 0.7901, 'learning_rate': 0.0003, 'epoch': 0.01}
{'loss': 0.7883, 'learning_rate': 0.0003, 'epoch': 0.01}
{'loss': 0.8062, 'learning_rate': 0.0003, 'epoch': 0.01}
{'loss': 0.7692, 'learning_rate': 0.0003, 'epoch': 0.01}
{'loss': 0.7802, 'learning_rate': 0.0003, 'epoch': 0.01}
{'loss': 0.7963, 'learning_rate': 0.0003, 'epoch': 0.01}
{'loss': 0.7734, 'learning_rate': 0.0003, 'epoch': 0.01}
{'loss': 0.7875, 'learning_rate': 0.0003, 'epoch': 0.01}
{'loss': 0.7988, 'learning_rate': 0.0003, 'epoch': 0.01}
{'loss': 0.7907, 'learning_rate': 0.0003, 'epoch': 0.01}
{'loss': 0.7843, 'learning_rate': 0.0003, 'epoch': 0.01}
{'loss': 0.7715, 'learning_rate': 0.0003, 'epoch': 0.02}
{'loss': 0.7811, 'learning_rate': 0.0003, 'epoch': 0.02}
{'loss': 0.7772, 'learning_rate': 0.0003, 'epoch': 0.02}
{'loss': 0.7569, 'learning_rate': 0.0003, 'epoch': 0.02}
{'loss': 0.7593, 'learning_rate': 0.0003, 'epoch': 0.02}
{'loss': 0.7896, 'learning_rate': 0.0003, 'epoch': 0.02}
{'loss': 0.7719, 'learning_rate': 0.0003, 'epoch': 0.02}
{'loss': 0.755, 'learning_rate': 0.0003, 'epoch': 0.02}
{'loss': 0.761, 'learning_rate': 0.0003, 'epoch': 0.02}
{'loss': 0.7965, 'learning_rate': 0.0003, 'epoch': 0.02}
{'loss': 0.774, 'learning_rate': 0.0003, 'epoch': 0.02}
{'loss': 0.7706, 'learning_rate': 0.0003, 'epoch': 0.02}
{'loss': 0.7811, 'learning_rate': 0.0003, 'epoch': 0.02}
{'loss': 0.7689, 'learning_rate': 0.0003, 'epoch': 0.03}
{'loss': 0.7714, 'learning_rate': 0.0003, 'epoch': 0.03}
{'loss': 0.7519, 'learning_rate': 0.0003, 'epoch': 0.03}
{'loss': 0.7661, 'learning_rate': 0.0003, 'epoch': 0.03}
{'loss': 0.7616, 'learning_rate': 0.0003, 'epoch': 0.03}
{'loss': 0.7483, 'learning_rate': 0.0003, 'epoch': 0.03}
{'loss': 0.7786, 'learning_rate': 0.0003, 'epoch': 0.03}
{'loss': 0.7843, 'learning_rate': 0.0003, 'epoch': 0.03}
{'loss': 0.7832, 'learning_rate': 0.0003, 'epoch': 0.03}
{'loss': 0.7485, 'learning_rate': 0.0003, 'epoch': 0.03}
{'loss': 0.7514, 'learning_rate': 0.0003, 'epoch': 0.03}
{'loss': 0.7745, 'learning_rate': 0.0003, 'epoch': 0.03}
{'loss': 0.7653, 'learning_rate': 0.0003, 'epoch': 0.03}
{'loss': 0.7824, 'learning_rate': 0.0003, 'epoch': 0.04}
{'loss': 0.7616, 'learning_rate': 0.0003, 'epoch': 0.04}
{'loss': 0.7258, 'learning_rate': 0.0003, 'epoch': 0.04}
{'loss': 0.7648, 'learning_rate': 0.0003, 'epoch': 0.04}
{'loss': 0.7605, 'learning_rate': 0.0003, 'epoch': 0.04}
{'loss': 0.755, 'learning_rate': 0.0003, 'epoch': 0.04}
{'loss': 0.7729, 'learning_rate': 0.0003, 'epoch': 0.04}
{'loss': 0.7561, 'learning_rate': 0.0003, 'epoch': 0.04}
{'loss': 0.7519, 'learning_rate': 0.0003, 'epoch': 0.04}
{'loss': 0.7638, 'learning_rate': 0.0003, 'epoch': 0.04}
{'loss': 0.7367, 'learning_rate': 0.0003, 'epoch': 0.04}
{'loss': 0.7833, 'learning_rate': 0.0003, 'epoch': 0.04}
{'loss': 0.7585, 'learning_rate': 0.0003, 'epoch': 0.04}
{'loss': 0.7474, 'learning_rate': 0.0003, 'epoch': 0.05}
{'loss': 0.7595, 'learning_rate': 0.0003, 'epoch': 0.05}
{'loss': 0.7646, 'learning_rate': 0.0003, 'epoch': 0.05}
{'loss': 0.7545, 'learning_rate': 0.0003, 'epoch': 0.05}
{'loss': 0.7569, 'learning_rate': 0.0003, 'epoch': 0.05}
{'loss': 0.7789, 'learning_rate': 0.0003, 'epoch': 0.05}
{'loss': 0.7678, 'learning_rate': 0.0003, 'epoch': 0.05}
{'loss': 0.765, 'learning_rate': 0.0003, 'epoch': 0.05}
{'loss': 0.7744, 'learning_rate': 0.0003, 'epoch': 0.05}
{'loss': 0.7586, 'learning_rate': 0.0003, 'epoch': 0.05}
{'loss': 0.757, 'learning_rate': 0.0003, 'epoch': 0.05}
{'loss': 0.7955, 'learning_rate': 0.0003, 'epoch': 0.05}
{'loss': 0.7422, 'learning_rate': 0.0003, 'epoch': 0.05}
{'loss': 0.7489, 'learning_rate': 0.0003, 'epoch': 0.06}
{'loss': 0.7592, 'learning_rate': 0.0003, 'epoch': 0.06}
{'loss': 0.7527, 'learning_rate': 0.0003, 'epoch': 0.06}
{'loss': 0.7621, 'learning_rate': 0.0003, 'epoch': 0.06}
{'loss': 0.7539, 'learning_rate': 0.0003, 'epoch': 0.06}
{'loss': 0.7827, 'learning_rate': 0.0003, 'epoch': 0.06}
{'loss': 0.7501, 'learning_rate': 0.0003, 'epoch': 0.06}
{'loss': 0.7518, 'learning_rate': 0.0003, 'epoch': 0.06}
{'loss': 0.7682, 'learning_rate': 0.0003, 'epoch': 0.06}
{'loss': 0.7647, 'learning_rate': 0.0003, 'epoch': 0.06}
{'loss': 0.7607, 'learning_rate': 0.0003, 'epoch': 0.06}
{'loss': 0.7582, 'learning_rate': 0.0003, 'epoch': 0.06}
{'loss': 0.7609, 'learning_rate': 0.0003, 'epoch': 0.06}
{'loss': 0.7737, 'learning_rate': 0.0003, 'epoch': 0.07}
{'loss': 0.762, 'learning_rate': 0.0003, 'epoch': 0.07}
{'loss': 0.7348, 'learning_rate': 0.0003, 'epoch': 0.07}
{'loss': 0.7603, 'learning_rate': 0.0003, 'epoch': 0.07}
{'loss': 0.7825, 'learning_rate': 0.0003, 'epoch': 0.07}
{'loss': 0.7625, 'learning_rate': 0.0003, 'epoch': 0.07}
{'loss': 0.7625, 'learning_rate': 0.0003, 'epoch': 0.07}
{'loss': 0.7427, 'learning_rate': 0.0003, 'epoch': 0.07}
{'loss': 0.7711, 'learning_rate': 0.0003, 'epoch': 0.07}
{'loss': 0.7499, 'learning_rate': 0.0003, 'epoch': 0.07}
{'loss': 0.7509, 'learning_rate': 0.0003, 'epoch': 0.07}
{'loss': 0.7882, 'learning_rate': 0.0003, 'epoch': 0.07}
{'loss': 0.7584, 'learning_rate': 0.0003, 'epoch': 0.07}
{'loss': 0.7942, 'learning_rate': 0.0003, 'epoch': 0.08}
{'loss': 0.7834, 'learning_rate': 0.0003, 'epoch': 0.08}
{'loss': 0.7637, 'learning_rate': 0.0003, 'epoch': 0.08}
{'loss': 0.767, 'learning_rate': 0.0003, 'epoch': 0.08}
{'loss': 0.7579, 'learning_rate': 0.0003, 'epoch': 0.08}
{'loss': 0.764, 'learning_rate': 0.0003, 'epoch': 0.08}
{'loss': 0.7411, 'learning_rate': 0.0003, 'epoch': 0.08}
{'loss': 0.7783, 'learning_rate': 0.0003, 'epoch': 0.08}
{'loss': 0.7659, 'learning_rate': 0.0003, 'epoch': 0.08}
{'loss': 0.7793, 'learning_rate': 0.0003, 'epoch': 0.08}
{'loss': 0.7627, 'learning_rate': 0.0003, 'epoch': 0.08}
{'loss': 0.768, 'learning_rate': 0.0003, 'epoch': 0.08}
{'loss': 0.7568, 'learning_rate': 0.0003, 'epoch': 0.09}
{'loss': 0.7458, 'learning_rate': 0.0003, 'epoch': 0.09}
{'loss': 0.7883, 'learning_rate': 0.0003, 'epoch': 0.09}
{'loss': 0.7786, 'learning_rate': 0.0003, 'epoch': 0.09}
{'loss': 0.7515, 'learning_rate': 0.0003, 'epoch': 0.09}
{'loss': 0.7847, 'learning_rate': 0.0003, 'epoch': 0.09}
{'loss': 0.7523, 'learning_rate': 0.0003, 'epoch': 0.09}
{'loss': 0.747, 'learning_rate': 0.0003, 'epoch': 0.09}
{'loss': 0.734, 'learning_rate': 0.0003, 'epoch': 0.09}
{'loss': 0.765, 'learning_rate': 0.0003, 'epoch': 0.09}
{'loss': 0.7444, 'learning_rate': 0.0003, 'epoch': 0.09}
{'loss': 0.7636, 'learning_rate': 0.0003, 'epoch': 0.09}
{'loss': 0.7251, 'learning_rate': 0.0003, 'epoch': 0.09}
{'loss': 0.7401, 'learning_rate': 0.0003, 'epoch': 0.1}
{'loss': 0.7527, 'learning_rate': 0.0003, 'epoch': 0.1}
{'loss': 0.7573, 'learning_rate': 0.0003, 'epoch': 0.1}
{'loss': 0.772, 'learning_rate': 0.0003, 'epoch': 0.1}
{'loss': 0.7711, 'learning_rate': 0.0003, 'epoch': 0.1}
{'loss': 0.7495, 'learning_rate': 0.0003, 'epoch': 0.1}
{'loss': 0.7559, 'learning_rate': 0.0003, 'epoch': 0.1}
{'loss': 0.7585, 'learning_rate': 0.0003, 'epoch': 0.1}
{'loss': 0.7816, 'learning_rate': 0.0003, 'epoch': 0.1}
{'loss': 0.7984, 'learning_rate': 0.0003, 'epoch': 0.1}
{'loss': 0.7524, 'learning_rate': 0.0003, 'epoch': 0.1}
{'loss': 0.7337, 'learning_rate': 0.0003, 'epoch': 0.1}
{'loss': 0.766, 'learning_rate': 0.0003, 'epoch': 0.1}
{'loss': 0.7577, 'learning_rate': 0.0003, 'epoch': 0.11}
{'loss': 0.7534, 'learning_rate': 0.0003, 'epoch': 0.11}
{'loss': 0.7808, 'learning_rate': 0.0003, 'epoch': 0.11}
{'loss': 0.7648, 'learning_rate': 0.0003, 'epoch': 0.11}
{'loss': 0.7638, 'learning_rate': 0.0003, 'epoch': 0.11}
{'loss': 0.7522, 'learning_rate': 0.0003, 'epoch': 0.11}
{'loss': 0.7644, 'learning_rate': 0.0003, 'epoch': 0.11}
{'loss': 0.7711, 'learning_rate': 0.0003, 'epoch': 0.11}
{'loss': 0.7166, 'learning_rate': 0.0003, 'epoch': 1.0}
{'loss': 0.7336, 'learning_rate': 0.0003, 'epoch': 1.0}
{'loss': 0.7293, 'learning_rate': 0.0003, 'epoch': 1.0}
{'loss': 0.7159, 'learning_rate': 0.0003, 'epoch': 1.0}
{'loss': 0.735, 'learning_rate': 0.0003, 'epoch': 1.0}
{'loss': 0.7137, 'learning_rate': 0.0003, 'epoch': 1.0}
{'loss': 0.7393, 'learning_rate': 0.0003, 'epoch': 1.01}
{'loss': 0.7425, 'learning_rate': 0.0003, 'epoch': 1.01}
{'loss': 0.7425, 'learning_rate': 0.0003, 'epoch': 1.01}
{'loss': 0.7245, 'learning_rate': 0.0003, 'epoch': 1.01}
{'loss': 0.7405, 'learning_rate': 0.0003, 'epoch': 1.01}
{'loss': 0.7335, 'learning_rate': 0.0003, 'epoch': 1.01}
{'loss': 0.7351, 'learning_rate': 0.0003, 'epoch': 1.01}
{'loss': 0.7286, 'learning_rate': 0.0003, 'epoch': 1.01}
{'loss': 0.7255, 'learning_rate': 0.0003, 'epoch': 1.01}
{'loss': 0.7642, 'learning_rate': 0.0003, 'epoch': 1.01}
{'loss': 0.7421, 'learning_rate': 0.0003, 'epoch': 1.01}
{'loss': 0.7331, 'learning_rate': 0.0003, 'epoch': 1.01}
{'loss': 0.7175, 'learning_rate': 0.0003, 'epoch': 1.01}
{'loss': 0.7166, 'learning_rate': 0.0003, 'epoch': 1.02}
{'loss': 0.7284, 'learning_rate': 0.0003, 'epoch': 1.02}
{'loss': 0.7405, 'learning_rate': 0.0003, 'epoch': 1.02}
{'loss': 0.7702, 'learning_rate': 0.0003, 'epoch': 1.02}
{'loss': 0.712, 'learning_rate': 0.0003, 'epoch': 1.02}
{'loss': 0.6938, 'learning_rate': 0.0003, 'epoch': 1.02}
{'loss': 0.7392, 'learning_rate': 0.0003, 'epoch': 1.02}
{'loss': 0.7206, 'learning_rate': 0.0003, 'epoch': 1.02}
{'loss': 0.7347, 'learning_rate': 0.0003, 'epoch': 1.02}
{'loss': 0.7269, 'learning_rate': 0.0003, 'epoch': 1.02}
{'loss': 0.7092, 'learning_rate': 0.0003, 'epoch': 1.02}
{'loss': 0.727, 'learning_rate': 0.0003, 'epoch': 1.02}
{'loss': 0.7486, 'learning_rate': 0.0003, 'epoch': 1.02}
{'loss': 0.7401, 'learning_rate': 0.0003, 'epoch': 1.03}
{'loss': 0.7288, 'learning_rate': 0.0003, 'epoch': 1.03}
{'loss': 0.7259, 'learning_rate': 0.0003, 'epoch': 1.03}
{'loss': 0.7402, 'learning_rate': 0.0003, 'epoch': 1.03}
{'loss': 0.737, 'learning_rate': 0.0003, 'epoch': 1.03}
{'loss': 0.7337, 'learning_rate': 0.0003, 'epoch': 1.03}
{'loss': 0.7228, 'learning_rate': 0.0003, 'epoch': 1.03}
{'loss': 0.736, 'learning_rate': 0.0003, 'epoch': 1.03}
{'loss': 0.7163, 'learning_rate': 0.0003, 'epoch': 1.03}
{'loss': 0.7154, 'learning_rate': 0.0003, 'epoch': 1.03}
{'loss': 0.7015, 'learning_rate': 0.0003, 'epoch': 1.03}
{'loss': 0.7257, 'learning_rate': 0.0003, 'epoch': 1.03}
{'loss': 0.7317, 'learning_rate': 0.0003, 'epoch': 1.03}
{'loss': 0.7297, 'learning_rate': 0.0003, 'epoch': 1.04}
{'loss': 0.7174, 'learning_rate': 0.0003, 'epoch': 1.04}
{'loss': 0.72, 'learning_rate': 0.0003, 'epoch': 1.04}
{'loss': 0.7462, 'learning_rate': 0.0003, 'epoch': 1.04}
{'loss': 0.7275, 'learning_rate': 0.0003, 'epoch': 1.04}
{'loss': 0.7283, 'learning_rate': 0.0003, 'epoch': 1.04}
{'loss': 0.7041, 'learning_rate': 0.0003, 'epoch': 1.04}
{'loss': 0.6982, 'learning_rate': 0.0003, 'epoch': 1.04}
{'loss': 0.7485, 'learning_rate': 0.0003, 'epoch': 1.04}
{'loss': 0.7183, 'learning_rate': 0.0003, 'epoch': 1.04}
{'loss': 0.7401, 'learning_rate': 0.0003, 'epoch': 1.04}
{'loss': 0.7251, 'learning_rate': 0.0003, 'epoch': 1.04}
{'loss': 0.7253, 'learning_rate': 0.0003, 'epoch': 1.04}
{'loss': 0.7397, 'learning_rate': 0.0003, 'epoch': 1.05}
{'loss': 0.7207, 'learning_rate': 0.0003, 'epoch': 1.05}
{'loss': 0.6967, 'learning_rate': 0.0003, 'epoch': 1.05}
{'loss': 0.7162, 'learning_rate': 0.0003, 'epoch': 1.05}
{'loss': 0.7329, 'learning_rate': 0.0003, 'epoch': 1.05}
{'loss': 0.7055, 'learning_rate': 0.0003, 'epoch': 1.05}
{'loss': 0.7425, 'learning_rate': 0.0003, 'epoch': 1.05}
{'loss': 0.7532, 'learning_rate': 0.0003, 'epoch': 1.05}
{'loss': 0.7219, 'learning_rate': 0.0003, 'epoch': 1.05}
{'loss': 0.721, 'learning_rate': 0.0003, 'epoch': 1.05}
{'loss': 0.746, 'learning_rate': 0.0003, 'epoch': 1.05}
{'loss': 0.7342, 'learning_rate': 0.0003, 'epoch': 1.05}
{'loss': 0.7, 'learning_rate': 0.0003, 'epoch': 1.05}
{'loss': 0.7311, 'learning_rate': 0.0003, 'epoch': 1.06}
{'loss': 0.7083, 'learning_rate': 0.0003, 'epoch': 1.06}
{'loss': 0.7405, 'learning_rate': 0.0003, 'epoch': 1.06}
{'loss': 0.729, 'learning_rate': 0.0003, 'epoch': 1.06}
{'loss': 0.7294, 'learning_rate': 0.0003, 'epoch': 1.06}
{'loss': 0.7266, 'learning_rate': 0.0003, 'epoch': 1.06}
{'loss': 0.7363, 'learning_rate': 0.0003, 'epoch': 1.06}
{'loss': 0.7125, 'learning_rate': 0.0003, 'epoch': 1.06}
{'loss': 0.6984, 'learning_rate': 0.0003, 'epoch': 1.06}
{'loss': 0.7409, 'learning_rate': 0.0003, 'epoch': 1.06}
{'loss': 0.7397, 'learning_rate': 0.0003, 'epoch': 1.06}
{'loss': 0.7294, 'learning_rate': 0.0003, 'epoch': 1.06}
{'loss': 0.7433, 'learning_rate': 0.0003, 'epoch': 1.06}
{'loss': 0.7495, 'learning_rate': 0.0003, 'epoch': 1.07}
{'loss': 0.7262, 'learning_rate': 0.0003, 'epoch': 1.07}
{'loss': 0.7528, 'learning_rate': 0.0003, 'epoch': 1.07}
{'loss': 0.7299, 'learning_rate': 0.0003, 'epoch': 1.07}
{'loss': 0.7411, 'learning_rate': 0.0003, 'epoch': 1.07}
{'loss': 0.7323, 'learning_rate': 0.0003, 'epoch': 1.07}
{'loss': 0.7455, 'learning_rate': 0.0003, 'epoch': 1.07}
{'loss': 0.7209, 'learning_rate': 0.0003, 'epoch': 1.07}
{'loss': 0.7225, 'learning_rate': 0.0003, 'epoch': 1.07}
{'loss': 0.7386, 'learning_rate': 0.0003, 'epoch': 1.07}
{'loss': 0.7505, 'learning_rate': 0.0003, 'epoch': 1.07}
{'loss': 0.7318, 'learning_rate': 0.0003, 'epoch': 1.07}
{'loss': 0.7272, 'learning_rate': 0.0003, 'epoch': 1.07}
{'loss': 0.7616, 'learning_rate': 0.0003, 'epoch': 1.08}
{'loss': 0.7457, 'learning_rate': 0.0003, 'epoch': 1.08}
{'loss': 0.7316, 'learning_rate': 0.0003, 'epoch': 1.08}
{'loss': 0.7243, 'learning_rate': 0.0003, 'epoch': 1.08}
{'loss': 0.7435, 'learning_rate': 0.0003, 'epoch': 1.08}
{'loss': 0.7261, 'learning_rate': 0.0003, 'epoch': 1.08}
{'loss': 0.7426, 'learning_rate': 0.0003, 'epoch': 1.08}
{'loss': 0.7203, 'learning_rate': 0.0003, 'epoch': 1.08}
{'loss': 0.7298, 'learning_rate': 0.0003, 'epoch': 1.08}
{'loss': 0.7408, 'learning_rate': 0.0003, 'epoch': 1.08}
{'loss': 0.7192, 'learning_rate': 0.0003, 'epoch': 1.08}
{'loss': 0.7424, 'learning_rate': 0.0003, 'epoch': 1.08}
{'loss': 0.7253, 'learning_rate': 0.0003, 'epoch': 1.08}
{'loss': 0.7415, 'learning_rate': 0.0003, 'epoch': 1.09}
{'loss': 0.7324, 'learning_rate': 0.0003, 'epoch': 1.09}
{'loss': 0.7262, 'learning_rate': 0.0003, 'epoch': 1.09}
{'loss': 0.7485, 'learning_rate': 0.0003, 'epoch': 1.09}
{'loss': 0.7203, 'learning_rate': 0.0003, 'epoch': 1.09}
{'loss': 0.7306, 'learning_rate': 0.0003, 'epoch': 1.09}
{'loss': 0.7214, 'learning_rate': 0.0003, 'epoch': 1.09}
{'loss': 0.7327, 'learning_rate': 0.0003, 'epoch': 1.09}
{'loss': 0.7257, 'learning_rate': 0.0003, 'epoch': 1.09}
{'loss': 0.7256, 'learning_rate': 0.0003, 'epoch': 1.09}
{'loss': 0.7449, 'learning_rate': 0.0003, 'epoch': 1.09}
{'loss': 0.7457, 'learning_rate': 0.0003, 'epoch': 1.09}
{'loss': 0.7474, 'learning_rate': 0.0003, 'epoch': 1.09}
{'loss': 0.7302, 'learning_rate': 0.0003, 'epoch': 1.1}
{'loss': 0.7306, 'learning_rate': 0.0003, 'epoch': 1.1}
{'loss': 0.726, 'learning_rate': 0.0003, 'epoch': 1.1}
{'loss': 0.7397, 'learning_rate': 0.0003, 'epoch': 1.1}
{'loss': 0.7271, 'learning_rate': 0.0003, 'epoch': 1.1}
{'loss': 0.732, 'learning_rate': 0.0003, 'epoch': 1.1}
{'loss': 0.7222, 'learning_rate': 0.0003, 'epoch': 1.1}
{'loss': 0.7186, 'learning_rate': 0.0003, 'epoch': 1.1}
{'loss': 0.7064, 'learning_rate': 0.0003, 'epoch': 1.1}
{'loss': 0.744, 'learning_rate': 0.0003, 'epoch': 1.1}
{'loss': 0.723, 'learning_rate': 0.0003, 'epoch': 1.1}
{'loss': 0.7306, 'learning_rate': 0.0003, 'epoch': 1.1}
{'loss': 0.7344, 'learning_rate': 0.0003, 'epoch': 1.1}
{'loss': 0.7479, 'learning_rate': 0.0003, 'epoch': 1.11}
{'loss': 0.7465, 'learning_rate': 0.0003, 'epoch': 1.11}
{'loss': 0.744, 'learning_rate': 0.0003, 'epoch': 1.11}
{'loss': 0.7289, 'learning_rate': 0.0003, 'epoch': 1.11}
{'loss': 0.7242, 'learning_rate': 0.0003, 'epoch': 1.11}
{'loss': 0.7342, 'learning_rate': 0.0003, 'epoch': 1.11}
{'loss': 0.7425, 'learning_rate': 0.0003, 'epoch': 1.11}
{'train_runtime': 31253.3396, 'train_samples_per_second': 3.312, 'train_steps_per_second': 0.828, 'train_loss': 0.7489437099110602, 'epoch': 1.11}
