Total Sum for i 0: tensor([[[446.3426, 427.3741, 454.5787, 464.7981, 438.6054, 442.9553, 457.6468,
          442.0598, 468.5560, 437.0829]]], device='cuda:0')
Total Sum for i 1: tensor([[[441.5333, 421.3324, 457.3645, 457.8661, 436.7885, 451.8750, 454.5087,
          444.1373, 476.9984, 437.5957]]], device='cuda:0')
Total Sum for i 2: tensor([[[444.2708, 429.2700, 449.4778, 457.4225, 439.0542, 444.0005, 460.5996,
          446.5257, 471.0827, 438.2964]]], device='cuda:0')
Total Sum for i 3: tensor([[[447.9836, 417.5462, 459.9593, 457.1587, 436.9466, 450.3407, 457.6501,
          439.2135, 477.3785, 435.8231]]], device='cuda:0')
Total Sum for i 4: tensor([[[448.0474, 422.1239, 456.3349, 451.8077, 434.9427, 448.2174, 461.0917,
          441.3859, 482.8398, 433.2086]]], device='cuda:0')
Total Sum for i 5: tensor([[[440.9760, 424.7958, 457.9194, 456.3868, 437.0227, 450.4737, 456.5632,
          441.1238, 476.3825, 438.3560]]], device='cuda:0')
Total Sum for i 6: tensor([[[446.3444, 421.3567, 459.3459, 452.7562, 436.6282, 455.3925, 456.6899,
          443.0125, 473.3825, 435.0911]]], device='cuda:0')
Total Sum for i 7: tensor([[[446.7718, 422.1408, 461.3166, 451.8722, 435.8409, 450.5358, 456.4670,
          444.5439, 475.9778, 434.5333]]], device='cuda:0')
Total Sum for i 8: tensor([[[445.7754, 425.6601, 451.6480, 452.1655, 435.1792, 456.4277, 447.4151,
          444.3477, 479.9420, 441.4394]]], device='cuda:0')
Total Sum for i 9: tensor([[[440.0536, 426.3765, 457.0448, 458.8760, 438.2206, 451.2794, 452.0570,
          444.5615, 475.6369, 435.8936]]], device='cuda:0')
