Total Sum for i 0: tensor([[[148.0346, 151.2825, 147.4702, 144.5105, 152.2700, 152.2480, 147.7530,
          144.7975, 154.2472, 149.3635, 150.5985, 147.4534, 155.3137, 156.3297,
          145.6213, 158.2774, 148.2039, 153.2399, 147.6805, 154.0665, 143.9868,
          141.8137, 151.5010, 152.9904, 144.8593, 142.3172, 146.6164, 151.2918,
          150.4556, 145.4060]]], device='cuda:0')
Total Sum for i 1: tensor([[[152.7054, 146.8190, 147.5467, 144.0122, 151.8011, 152.2051, 149.9292,
          143.6251, 153.5152, 152.0119, 150.6234, 150.7929, 153.7408, 154.1796,
          144.4512, 156.7172, 146.3014, 148.0654, 144.6345, 153.4103, 150.2052,
          140.5198, 151.5054, 156.6601, 141.7526, 141.8762, 149.9030, 150.5867,
          154.0356, 145.8678]]], device='cuda:0')
Total Sum for i 2: tensor([[[149.1903, 147.2518, 150.0805, 142.1843, 152.1123, 155.0382, 148.3032,
          144.5202, 154.4812, 148.4045, 153.6781, 150.7473, 155.6723, 159.7910,
          149.4660, 156.7960, 147.2984, 149.0936, 148.2140, 154.7337, 144.7876,
          141.4258, 145.1471, 155.9214, 144.7627, 134.8791, 148.3392, 148.1533,
          154.1473, 145.3795]]], device='cuda:0')
Total Sum for i 3: tensor([[[152.4795, 153.9892, 148.3228, 145.4225, 151.4853, 151.6323, 147.4191,
          145.8342, 155.5922, 150.5522, 149.7723, 149.7786, 151.6726, 150.4597,
          144.8408, 161.7560, 151.2448, 149.7981, 146.1537, 151.2776, 147.3386,
          139.2543, 148.0231, 155.4037, 141.7519, 142.8847, 146.1861, 146.4743,
          155.5732, 147.6270]]], device='cuda:0')
Total Sum for i 4: tensor([[[151.1598, 149.8770, 146.4567, 139.7212, 153.0239, 152.4692, 147.8774,
          146.7045, 156.9985, 145.3340, 151.1937, 152.7242, 155.8555, 154.9949,
          150.8970, 156.7143, 146.5437, 148.1160, 144.2745, 159.9330, 145.4482,
          142.1224, 143.5733, 157.0106, 147.5472, 134.7860, 148.6986, 153.2606,
          152.4817, 144.2025]]], device='cuda:0')
Total Sum for i 5: tensor([[[149.1739, 149.9696, 147.6858, 141.2999, 150.4897, 151.5513, 146.8728,
          148.4409, 157.5213, 147.6921, 152.6089, 148.7962, 156.7108, 156.7574,
          147.6601, 160.0133, 149.6358, 149.0206, 146.2160, 153.3480, 143.9391,
          140.3194, 146.6194, 156.0735, 147.4847, 136.4086, 147.2022, 151.0598,
          155.5157, 143.9133]]], device='cuda:0')
Total Sum for i 6: tensor([[[146.6601, 149.1413, 152.3408, 144.3273, 150.6686, 153.0613, 148.2345,
          145.5878, 155.5032, 147.7732, 149.6111, 152.6872, 152.7552, 155.1834,
          149.9218, 159.1331, 145.5898, 146.6568, 145.2874, 158.1325, 148.0295,
          142.9834, 147.4868, 156.2040, 146.8273, 138.6905, 144.1774, 150.3030,
          149.5041, 147.5376]]], device='cuda:0')
Total Sum for i 7: tensor([[[149.7234, 154.5196, 145.7300, 142.5476, 152.1909, 150.3513, 149.4218,
          145.7485, 151.2280, 149.5854, 153.8169, 147.3667, 152.4306, 155.1973,
          147.6286, 157.1912, 147.2323, 148.9534, 145.1802, 152.6131, 146.6794,
          141.2344, 148.7778, 156.9397, 143.9961, 139.5783, 148.5882, 152.0211,
          156.3684, 147.1595]]], device='cuda:0')
Total Sum for i 8: tensor([[[149.8926, 148.2116, 144.5863, 142.9744, 152.1645, 152.1292, 149.7430,
          144.1067, 154.1763, 147.9154, 151.7161, 148.8758, 157.2306, 155.8092,
          148.2591, 158.8733, 146.5615, 150.7818, 146.8686, 155.5263, 144.5540,
          141.1724, 148.1676, 157.9131, 146.4290, 138.0777, 146.8723, 151.1501,
          153.9743, 145.2872]]], device='cuda:0')
Total Sum for i 9: tensor([[[148.3750, 155.4941, 142.7666, 141.9094, 152.9926, 151.2399, 147.9329,
          146.9781, 151.8543, 143.9871, 152.2640, 149.1255, 153.6779, 158.0712,
          147.1901, 160.3838, 151.0138, 150.8276, 146.7249, 156.1009, 149.6585,
          140.3391, 144.9271, 154.0759, 146.1039, 136.8504, 148.9370, 146.8439,
          157.2913, 146.0629]]], device='cuda:0')
Total Sum for i 10: tensor([[[151.1633, 152.0557, 144.7634, 141.9156, 153.9541, 150.0070, 152.6658,
          148.7937, 155.8117, 146.6437, 153.7873, 149.7412, 152.3906, 156.0888,
          146.2634, 157.4903, 147.4845, 148.4187, 143.7487, 154.3477, 144.0856,
          140.2540, 149.0311, 157.1091, 145.1560, 135.3625, 149.1465, 152.6275,
          155.9944, 143.6980]]], device='cuda:0')
Total Sum for i 11: tensor([[[149.7503, 150.8257, 144.7263, 140.7734, 153.6033, 152.9173, 148.3867,
          144.2664, 153.7478, 146.1423, 149.6603, 150.5535, 155.2614, 155.5086,
          150.9153, 159.2028, 147.3309, 149.1115, 144.9795, 159.6763, 147.7143,
          140.8448, 143.9926, 160.1514, 147.8455, 134.0387, 146.1728, 151.8928,
          154.0790, 145.9286]]], device='cuda:0')
Total Sum for i 12: tensor([[[149.9009, 148.6500, 145.3552, 140.5687, 151.6681, 153.2985, 148.3185,
          147.2346, 154.0707, 147.2793, 152.6799, 151.0878, 155.7617, 153.5270,
          148.1431, 159.6989, 148.9816, 150.0760, 143.9168, 155.0041, 146.8192,
          141.2914, 147.1344, 156.6989, 146.5146, 138.6343, 147.6459, 151.0220,
          152.6287, 146.3894]]], device='cuda:0')
Total Sum for i 13: tensor([[[150.2187, 150.4084, 145.5841, 142.8840, 150.5439, 152.1882, 147.3067,
          145.6160, 156.9633, 151.1057, 149.7674, 148.7895, 152.7526, 153.5764,
          146.5180, 157.1317, 150.2769, 150.2356, 147.0315, 156.0891, 149.2605,
          139.0096, 148.2395, 156.3051, 145.3788, 141.5776, 146.3911, 151.4155,
          152.4106, 145.0237]]], device='cuda:0')
Total Sum for i 14: tensor([[[152.2974, 149.9483, 145.4321, 140.6634, 153.9817, 152.7174, 149.3893,
          145.6535, 154.5307, 146.8489, 150.6556, 151.1150, 155.8064, 154.3620,
          148.2708, 157.8461, 146.6047, 146.8417, 145.0164, 156.0068, 145.1531,
          142.6985, 147.4412, 158.9494, 146.4966, 136.2658, 146.1943, 154.9875,
          154.2778, 143.5475]]], device='cuda:0')
Total Sum for i 15: tensor([[[151.0975, 146.9334, 150.1527, 143.4705, 151.2258, 151.4757, 152.0159,
          143.9863, 157.3279, 150.3108, 150.5151, 147.6301, 153.0151, 153.2952,
          146.5269, 156.5069, 148.8580, 148.3710, 144.4955, 154.7409, 148.3865,
          141.0414, 150.6187, 156.1712, 141.8933, 141.8660, 147.3477, 149.3366,
          155.7394, 145.6481]]], device='cuda:0')
Total Sum for i 16: tensor([[[149.8380, 147.6555, 148.8888, 141.7432, 150.3237, 149.8504, 150.3622,
          145.1264, 155.1345, 149.5582, 152.5792, 149.3555, 155.4577, 153.8392,
          148.0529, 159.9159, 147.6725, 148.0878, 144.7945, 154.9569, 147.7993,
          140.0946, 146.8884, 157.1063, 146.0903, 140.2209, 148.5585, 150.8149,
          153.7237, 145.5096]]], device='cuda:0')
Total Sum for i 17: tensor([[[148.7695, 152.9484, 143.4992, 142.7184, 148.8801, 155.6285, 147.3854,
          144.9141, 151.2833, 146.3150, 147.5639, 152.6944, 157.4515, 155.0413,
          151.9881, 156.6687, 148.0115, 152.9917, 148.9678, 157.2624, 144.8581,
          142.7927, 146.3793, 153.9078, 143.5425, 139.7541, 145.4225, 150.0269,
          157.3487, 144.9845]]], device='cuda:0')
Total Sum for i 18: tensor([[[151.3927, 146.6735, 147.1476, 141.5816, 150.3945, 149.4928, 147.2695,
          144.0474, 151.4263, 144.3258, 155.0294, 152.8413, 151.9271, 155.6622,
          148.3104, 157.7952, 146.0083, 145.5853, 147.8119, 158.6163, 148.3441,
          143.9893, 145.0900, 162.4714, 144.5513, 136.7328, 144.7386, 153.7386,
          158.7692, 148.2356]]], device='cuda:0')
Total Sum for i 19: tensor([[[151.0540, 159.8555, 144.6887, 141.3155, 151.4275, 153.0404, 148.1312,
          143.4442, 157.0882, 150.8011, 151.1361, 152.1211, 155.7200, 153.3449,
          146.2534, 162.5566, 148.4109, 148.4922, 144.4867, 157.7101, 146.6928,
          135.9086, 145.5758, 152.5626, 143.3500, 139.0741, 148.1034, 149.6291,
          151.9539, 146.0715]]], device='cuda:0')
Total Sum for i 20: tensor([[[151.3385, 150.9016, 148.3766, 142.1583, 152.1998, 151.6245, 147.3863,
          144.9336, 154.2149, 149.6947, 151.1844, 147.0638, 154.7604, 152.3582,
          146.9765, 158.9884, 145.6640, 149.2007, 144.0118, 155.8662, 145.7736,
          142.3104, 149.1947, 154.0596, 145.8869, 142.8862, 149.0460, 153.3229,
          153.9777, 144.6386]]], device='cuda:0')
Total Sum for i 21: tensor([[[152.2002, 149.6512, 143.0517, 144.4061, 150.8200, 151.3415, 148.3699,
          147.5398, 155.5300, 147.2348, 151.4698, 148.6377, 152.9667, 154.0963,
          151.0627, 156.5707, 148.2653, 148.4694, 146.1295, 154.1619, 148.1932,
          141.9163, 148.9753, 158.0017, 146.5037, 136.9928, 144.9256, 152.6682,
          154.6545, 145.1935]]], device='cuda:0')
Total Sum for i 22: tensor([[[154.0554, 147.1757, 148.3306, 144.1532, 151.3290, 150.9273, 147.2419,
          141.9832, 154.3445, 154.3988, 153.2115, 149.4768, 155.2249, 152.6632,
          147.8169, 155.2396, 144.2607, 149.9476, 141.5770, 154.0917, 147.6902,
          145.3663, 151.4022, 156.2847, 140.3872, 143.8429, 148.0072, 151.4140,
          153.1613, 144.9946]]], device='cuda:0')
Total Sum for i 23: tensor([[[150.3605, 149.1408, 151.1485, 141.5359, 150.9674, 152.3513, 148.7117,
          143.1680, 154.6283, 152.8148, 150.3623, 147.5976, 155.7929, 154.4249,
          144.1382, 158.5514, 145.5059, 150.7292, 144.4130, 154.2687, 144.2194,
          141.6627, 151.1685, 155.3793, 143.5148, 144.2309, 147.6144, 151.4699,
          154.8568, 145.2719]]], device='cuda:0')
Total Sum for i 24: tensor([[[148.3935, 150.0527, 147.3986, 142.5273, 153.4727, 151.6343, 149.3008,
          146.9834, 153.1982, 146.5795, 153.6251, 150.8964, 155.9884, 155.6302,
          147.1486, 158.8470, 150.5495, 147.4265, 148.2207, 153.8497, 145.7841,
          140.0438, 147.7981, 154.5175, 144.1773, 136.1226, 148.2397, 148.8155,
          154.6625, 148.1157]]], device='cuda:0')
Total Sum for i 25: tensor([[[151.4358, 151.4265, 148.8581, 142.6566, 148.9523, 151.9875, 149.0190,
          144.5937, 153.0483, 149.1961, 153.4098, 148.1807, 156.8991, 152.2263,
          143.4632, 160.8906, 146.7649, 149.8721, 145.6744, 154.6923, 146.7553,
          138.7999, 151.8174, 155.5046, 143.2381, 145.0087, 147.7582, 152.8098,
          152.5415, 142.5190]]], device='cuda:0')
Total Sum for i 26: tensor([[[147.6404, 150.9541, 148.5236, 140.9461, 154.9981, 152.7931, 148.6386,
          146.2775, 155.8238, 146.5593, 152.4162, 147.0471, 155.5391, 157.9182,
          146.1875, 158.7568, 147.4715, 149.1143, 145.9438, 152.1813, 143.4331,
          141.9510, 149.2448, 156.8558, 146.4140, 135.5206, 148.6919, 148.3807,
          157.5586, 146.2194]]], device='cuda:0')
Total Sum for i 27: tensor([[[146.2464, 152.9726, 145.3337, 140.9444, 153.0574, 150.1207, 149.5346,
          147.0372, 152.3534, 144.6258, 154.0693, 148.6836, 155.2234, 155.8501,
          146.5458, 161.5522, 151.2460, 149.4154, 147.4200, 154.4238, 144.6165,
          140.4908, 146.5490, 156.1698, 148.6216, 136.8112, 147.6816, 149.2088,
          156.6407, 146.5541]]], device='cuda:0')
Total Sum for i 28: tensor([[[150.1275, 146.2079, 147.6823, 142.5061, 153.1741, 154.8204, 148.7131,
          147.1840, 153.8711, 148.5600, 151.7643, 151.3753, 154.9283, 156.6478,
          151.6639, 160.3036, 146.4951, 146.5818, 145.4135, 154.6992, 144.6792,
          142.3340, 146.5418, 155.9052, 145.1984, 134.3698, 148.7758, 149.2312,
          156.4056, 143.8397]]], device='cuda:0')
Total Sum for i 29: tensor([[[151.1742, 151.1506, 149.7051, 144.5392, 153.3706, 152.7177, 150.2677,
          145.5815, 154.0126, 150.5500, 151.9113, 146.5671, 153.4844, 154.5695,
          141.7191, 160.0054, 147.8011, 149.3842, 146.2698, 155.2885, 143.8878,
          138.4665, 150.1820, 153.5332, 143.5796, 145.3602, 146.4812, 151.7280,
          150.9519, 145.7600]]], device='cuda:0')
