MoloraConfig(peft_type=<PeftType.MOLORA: 'MOLORA'>, auto_mapping=None, base_model_name_or_path=None, revision=None, task_type='CAUSAL_LM', inference_mode=False, r=16, target_modules=['q_proj', 'v_proj'], lora_alpha=32, lora_dropout=0.1, fan_in_fan_out=False, bias='none', modules_to_save=None, init_lora_weights=True, layers_to_transform=None, layers_pattern=None, rank_pattern={}, alpha_pattern={}, num_experts=5, only_router=True, train_single_expert=False, experts_to_combine=['expert_0', 'expert_1', 'expert_2', 'expert_3', 'expert_4'], top_k=0, top_p=0.0, self_attn_router=True)
PeftModelForCausalLM(
  (base_model): MoloraModel(
    (model): LlamaForCausalLM(
      (model): LlamaModel(
        (embed_tokens): Embedding(32000, 4096)
        (layers): ModuleList(
          (0-31): 32 x LlamaDecoderLayer(
            (self_attn): LlamaAttention(
              (q_proj): Linear4bit(
                in_features=4096, out_features=4096, bias=False
                (lora_dropout): ModuleDict(
                  (default): Dropout(p=0.1, inplace=False)
                )
                (lora_A): ParameterDict(  (default): Parameter containing: [torch.cuda.FloatTensor of size 5x4096x16 (GPU 0)])
                (lora_B): ParameterDict(  (default): Parameter containing: [torch.cuda.FloatTensor of size 5x16x4096 (GPU 0)])
                (lora_router): ModuleDict(
                  (default): SelfAttentionRouter(
                    (query): Linear(in_features=4096, out_features=8, bias=True)
                    (key): Linear(in_features=4096, out_features=8, bias=True)
                    (value): Linear(in_features=4096, out_features=5, bias=True)
                  )
                )
              )
              (k_proj): Linear4bit(in_features=4096, out_features=4096, bias=False)
              (v_proj): Linear4bit(
                in_features=4096, out_features=4096, bias=False
                (lora_dropout): ModuleDict(
                  (default): Dropout(p=0.1, inplace=False)
                )
                (lora_A): ParameterDict(  (default): Parameter containing: [torch.cuda.FloatTensor of size 5x4096x16 (GPU 0)])
                (lora_B): ParameterDict(  (default): Parameter containing: [torch.cuda.FloatTensor of size 5x16x4096 (GPU 0)])
                (lora_router): ModuleDict(
                  (default): SelfAttentionRouter(
                    (query): Linear(in_features=4096, out_features=8, bias=True)
                    (key): Linear(in_features=4096, out_features=8, bias=True)
                    (value): Linear(in_features=4096, out_features=5, bias=True)
                  )
                )
              )
              (o_proj): Linear4bit(in_features=4096, out_features=4096, bias=False)
              (rotary_emb): LlamaRotaryEmbedding()
            )
            (mlp): LlamaMLP(
              (gate_proj): Linear4bit(in_features=4096, out_features=11008, bias=False)
              (up_proj): Linear4bit(in_features=4096, out_features=11008, bias=False)
              (down_proj): Linear4bit(in_features=11008, out_features=4096, bias=False)
              (act_fn): SiLUActivation()
            )
            (input_layernorm): LlamaRMSNorm()
            (post_attention_layernorm): LlamaRMSNorm()
          )
        )
        (norm): LlamaRMSNorm()
      )
      (lm_head): Linear(in_features=4096, out_features=32000, bias=False)
    )
  )
)
trainable params: 5,506,368 || all params: 6,785,865,024 || trainable%: 0.08114467323657748
base_model.model.model.layers.0.self_attn.q_proj.lora_router.default.query.weight
base_model.model.model.layers.0.self_attn.q_proj.lora_router.default.query.bias
base_model.model.model.layers.0.self_attn.q_proj.lora_router.default.key.weight
base_model.model.model.layers.0.self_attn.q_proj.lora_router.default.key.bias
base_model.model.model.layers.0.self_attn.q_proj.lora_router.default.value.weight
base_model.model.model.layers.0.self_attn.q_proj.lora_router.default.value.bias
base_model.model.model.layers.0.self_attn.v_proj.lora_router.default.query.weight
base_model.model.model.layers.0.self_attn.v_proj.lora_router.default.query.bias
base_model.model.model.layers.0.self_attn.v_proj.lora_router.default.key.weight
base_model.model.model.layers.0.self_attn.v_proj.lora_router.default.key.bias
base_model.model.model.layers.0.self_attn.v_proj.lora_router.default.value.weight
base_model.model.model.layers.0.self_attn.v_proj.lora_router.default.value.bias
base_model.model.model.layers.1.self_attn.q_proj.lora_router.default.query.weight
base_model.model.model.layers.1.self_attn.q_proj.lora_router.default.query.bias
base_model.model.model.layers.1.self_attn.q_proj.lora_router.default.key.weight
base_model.model.model.layers.1.self_attn.q_proj.lora_router.default.key.bias
base_model.model.model.layers.1.self_attn.q_proj.lora_router.default.value.weight
base_model.model.model.layers.1.self_attn.q_proj.lora_router.default.value.bias
base_model.model.model.layers.1.self_attn.v_proj.lora_router.default.query.weight
base_model.model.model.layers.1.self_attn.v_proj.lora_router.default.query.bias
base_model.model.model.layers.1.self_attn.v_proj.lora_router.default.key.weight
base_model.model.model.layers.1.self_attn.v_proj.lora_router.default.key.bias
base_model.model.model.layers.1.self_attn.v_proj.lora_router.default.value.weight
base_model.model.model.layers.1.self_attn.v_proj.lora_router.default.value.bias
base_model.model.model.layers.2.self_attn.q_proj.lora_router.default.query.weight
base_model.model.model.layers.2.self_attn.q_proj.lora_router.default.query.bias
base_model.model.model.layers.2.self_attn.q_proj.lora_router.default.key.weight
base_model.model.model.layers.2.self_attn.q_proj.lora_router.default.key.bias
base_model.model.model.layers.2.self_attn.q_proj.lora_router.default.value.weight
base_model.model.model.layers.2.self_attn.q_proj.lora_router.default.value.bias
base_model.model.model.layers.2.self_attn.v_proj.lora_router.default.query.weight
base_model.model.model.layers.2.self_attn.v_proj.lora_router.default.query.bias
base_model.model.model.layers.2.self_attn.v_proj.lora_router.default.key.weight
base_model.model.model.layers.2.self_attn.v_proj.lora_router.default.key.bias
base_model.model.model.layers.2.self_attn.v_proj.lora_router.default.value.weight
base_model.model.model.layers.2.self_attn.v_proj.lora_router.default.value.bias
base_model.model.model.layers.3.self_attn.q_proj.lora_router.default.query.weight
base_model.model.model.layers.3.self_attn.q_proj.lora_router.default.query.bias
base_model.model.model.layers.3.self_attn.q_proj.lora_router.default.key.weight
base_model.model.model.layers.3.self_attn.q_proj.lora_router.default.key.bias
base_model.model.model.layers.3.self_attn.q_proj.lora_router.default.value.weight
base_model.model.model.layers.3.self_attn.q_proj.lora_router.default.value.bias
base_model.model.model.layers.3.self_attn.v_proj.lora_router.default.query.weight
base_model.model.model.layers.3.self_attn.v_proj.lora_router.default.query.bias
base_model.model.model.layers.3.self_attn.v_proj.lora_router.default.key.weight
base_model.model.model.layers.3.self_attn.v_proj.lora_router.default.key.bias
base_model.model.model.layers.3.self_attn.v_proj.lora_router.default.value.weight
base_model.model.model.layers.3.self_attn.v_proj.lora_router.default.value.bias
base_model.model.model.layers.4.self_attn.q_proj.lora_router.default.query.weight
base_model.model.model.layers.4.self_attn.q_proj.lora_router.default.query.bias
base_model.model.model.layers.4.self_attn.q_proj.lora_router.default.key.weight
base_model.model.model.layers.4.self_attn.q_proj.lora_router.default.key.bias
base_model.model.model.layers.4.self_attn.q_proj.lora_router.default.value.weight
base_model.model.model.layers.4.self_attn.q_proj.lora_router.default.value.bias
base_model.model.model.layers.4.self_attn.v_proj.lora_router.default.query.weight
base_model.model.model.layers.4.self_attn.v_proj.lora_router.default.query.bias
base_model.model.model.layers.4.self_attn.v_proj.lora_router.default.key.weight
base_model.model.model.layers.4.self_attn.v_proj.lora_router.default.key.bias
base_model.model.model.layers.4.self_attn.v_proj.lora_router.default.value.weight
base_model.model.model.layers.4.self_attn.v_proj.lora_router.default.value.bias
base_model.model.model.layers.5.self_attn.q_proj.lora_router.default.query.weight
base_model.model.model.layers.5.self_attn.q_proj.lora_router.default.query.bias
base_model.model.model.layers.5.self_attn.q_proj.lora_router.default.key.weight
base_model.model.model.layers.5.self_attn.q_proj.lora_router.default.key.bias
base_model.model.model.layers.5.self_attn.q_proj.lora_router.default.value.weight
base_model.model.model.layers.5.self_attn.q_proj.lora_router.default.value.bias
base_model.model.model.layers.5.self_attn.v_proj.lora_router.default.query.weight
base_model.model.model.layers.5.self_attn.v_proj.lora_router.default.query.bias
base_model.model.model.layers.5.self_attn.v_proj.lora_router.default.key.weight
base_model.model.model.layers.5.self_attn.v_proj.lora_router.default.key.bias
base_model.model.model.layers.5.self_attn.v_proj.lora_router.default.value.weight
base_model.model.model.layers.5.self_attn.v_proj.lora_router.default.value.bias
base_model.model.model.layers.6.self_attn.q_proj.lora_router.default.query.weight
base_model.model.model.layers.6.self_attn.q_proj.lora_router.default.query.bias
base_model.model.model.layers.6.self_attn.q_proj.lora_router.default.key.weight
base_model.model.model.layers.6.self_attn.q_proj.lora_router.default.key.bias
base_model.model.model.layers.6.self_attn.q_proj.lora_router.default.value.weight
base_model.model.model.layers.6.self_attn.q_proj.lora_router.default.value.bias
base_model.model.model.layers.6.self_attn.v_proj.lora_router.default.query.weight
base_model.model.model.layers.6.self_attn.v_proj.lora_router.default.query.bias
base_model.model.model.layers.6.self_attn.v_proj.lora_router.default.key.weight
base_model.model.model.layers.6.self_attn.v_proj.lora_router.default.key.bias
base_model.model.model.layers.6.self_attn.v_proj.lora_router.default.value.weight
base_model.model.model.layers.6.self_attn.v_proj.lora_router.default.value.bias
base_model.model.model.layers.7.self_attn.q_proj.lora_router.default.query.weight
base_model.model.model.layers.7.self_attn.q_proj.lora_router.default.query.bias
base_model.model.model.layers.7.self_attn.q_proj.lora_router.default.key.weight
base_model.model.model.layers.7.self_attn.q_proj.lora_router.default.key.bias
base_model.model.model.layers.7.self_attn.q_proj.lora_router.default.value.weight
base_model.model.model.layers.7.self_attn.q_proj.lora_router.default.value.bias
base_model.model.model.layers.7.self_attn.v_proj.lora_router.default.query.weight
base_model.model.model.layers.7.self_attn.v_proj.lora_router.default.query.bias
base_model.model.model.layers.7.self_attn.v_proj.lora_router.default.key.weight
base_model.model.model.layers.7.self_attn.v_proj.lora_router.default.key.bias
base_model.model.model.layers.7.self_attn.v_proj.lora_router.default.value.weight
base_model.model.model.layers.7.self_attn.v_proj.lora_router.default.value.bias
base_model.model.model.layers.8.self_attn.q_proj.lora_router.default.query.weight
base_model.model.model.layers.8.self_attn.q_proj.lora_router.default.query.bias
base_model.model.model.layers.8.self_attn.q_proj.lora_router.default.key.weight
base_model.model.model.layers.8.self_attn.q_proj.lora_router.default.key.bias
base_model.model.model.layers.8.self_attn.q_proj.lora_router.default.value.weight
base_model.model.model.layers.8.self_attn.q_proj.lora_router.default.value.bias
base_model.model.model.layers.8.self_attn.v_proj.lora_router.default.query.weight
base_model.model.model.layers.8.self_attn.v_proj.lora_router.default.query.bias
base_model.model.model.layers.8.self_attn.v_proj.lora_router.default.key.weight
base_model.model.model.layers.8.self_attn.v_proj.lora_router.default.key.bias
base_model.model.model.layers.8.self_attn.v_proj.lora_router.default.value.weight
base_model.model.model.layers.8.self_attn.v_proj.lora_router.default.value.bias
base_model.model.model.layers.9.self_attn.q_proj.lora_router.default.query.weight
base_model.model.model.layers.9.self_attn.q_proj.lora_router.default.query.bias
base_model.model.model.layers.9.self_attn.q_proj.lora_router.default.key.weight
base_model.model.model.layers.9.self_attn.q_proj.lora_router.default.key.bias
base_model.model.model.layers.9.self_attn.q_proj.lora_router.default.value.weight
base_model.model.model.layers.9.self_attn.q_proj.lora_router.default.value.bias
base_model.model.model.layers.9.self_attn.v_proj.lora_router.default.query.weight
base_model.model.model.layers.9.self_attn.v_proj.lora_router.default.query.bias
base_model.model.model.layers.9.self_attn.v_proj.lora_router.default.key.weight
base_model.model.model.layers.9.self_attn.v_proj.lora_router.default.key.bias
base_model.model.model.layers.9.self_attn.v_proj.lora_router.default.value.weight
base_model.model.model.layers.9.self_attn.v_proj.lora_router.default.value.bias
base_model.model.model.layers.10.self_attn.q_proj.lora_router.default.query.weight
base_model.model.model.layers.10.self_attn.q_proj.lora_router.default.query.bias
base_model.model.model.layers.10.self_attn.q_proj.lora_router.default.key.weight
base_model.model.model.layers.10.self_attn.q_proj.lora_router.default.key.bias
base_model.model.model.layers.10.self_attn.q_proj.lora_router.default.value.weight
base_model.model.model.layers.10.self_attn.q_proj.lora_router.default.value.bias
base_model.model.model.layers.10.self_attn.v_proj.lora_router.default.query.weight
base_model.model.model.layers.10.self_attn.v_proj.lora_router.default.query.bias
base_model.model.model.layers.10.self_attn.v_proj.lora_router.default.key.weight
base_model.model.model.layers.10.self_attn.v_proj.lora_router.default.key.bias
base_model.model.model.layers.10.self_attn.v_proj.lora_router.default.value.weight
base_model.model.model.layers.10.self_attn.v_proj.lora_router.default.value.bias
base_model.model.model.layers.11.self_attn.q_proj.lora_router.default.query.weight
base_model.model.model.layers.11.self_attn.q_proj.lora_router.default.query.bias
base_model.model.model.layers.11.self_attn.q_proj.lora_router.default.key.weight
base_model.model.model.layers.11.self_attn.q_proj.lora_router.default.key.bias
base_model.model.model.layers.11.self_attn.q_proj.lora_router.default.value.weight
base_model.model.model.layers.11.self_attn.q_proj.lora_router.default.value.bias
base_model.model.model.layers.11.self_attn.v_proj.lora_router.default.query.weight
base_model.model.model.layers.11.self_attn.v_proj.lora_router.default.query.bias
base_model.model.model.layers.11.self_attn.v_proj.lora_router.default.key.weight
base_model.model.model.layers.11.self_attn.v_proj.lora_router.default.key.bias
base_model.model.model.layers.11.self_attn.v_proj.lora_router.default.value.weight
base_model.model.model.layers.11.self_attn.v_proj.lora_router.default.value.bias
base_model.model.model.layers.12.self_attn.q_proj.lora_router.default.query.weight
base_model.model.model.layers.12.self_attn.q_proj.lora_router.default.query.bias
base_model.model.model.layers.12.self_attn.q_proj.lora_router.default.key.weight
base_model.model.model.layers.12.self_attn.q_proj.lora_router.default.key.bias
base_model.model.model.layers.12.self_attn.q_proj.lora_router.default.value.weight
base_model.model.model.layers.12.self_attn.q_proj.lora_router.default.value.bias
base_model.model.model.layers.12.self_attn.v_proj.lora_router.default.query.weight
base_model.model.model.layers.12.self_attn.v_proj.lora_router.default.query.bias
base_model.model.model.layers.12.self_attn.v_proj.lora_router.default.key.weight
base_model.model.model.layers.12.self_attn.v_proj.lora_router.default.key.bias
base_model.model.model.layers.12.self_attn.v_proj.lora_router.default.value.weight
base_model.model.model.layers.12.self_attn.v_proj.lora_router.default.value.bias
base_model.model.model.layers.13.self_attn.q_proj.lora_router.default.query.weight
base_model.model.model.layers.13.self_attn.q_proj.lora_router.default.query.bias
base_model.model.model.layers.13.self_attn.q_proj.lora_router.default.key.weight
base_model.model.model.layers.13.self_attn.q_proj.lora_router.default.key.bias
base_model.model.model.layers.13.self_attn.q_proj.lora_router.default.value.weight
base_model.model.model.layers.13.self_attn.q_proj.lora_router.default.value.bias
base_model.model.model.layers.13.self_attn.v_proj.lora_router.default.query.weight
base_model.model.model.layers.13.self_attn.v_proj.lora_router.default.query.bias
base_model.model.model.layers.13.self_attn.v_proj.lora_router.default.key.weight
base_model.model.model.layers.13.self_attn.v_proj.lora_router.default.key.bias
base_model.model.model.layers.13.self_attn.v_proj.lora_router.default.value.weight
base_model.model.model.layers.13.self_attn.v_proj.lora_router.default.value.bias
base_model.model.model.layers.14.self_attn.q_proj.lora_router.default.query.weight
base_model.model.model.layers.14.self_attn.q_proj.lora_router.default.query.bias
base_model.model.model.layers.14.self_attn.q_proj.lora_router.default.key.weight
base_model.model.model.layers.14.self_attn.q_proj.lora_router.default.key.bias
base_model.model.model.layers.14.self_attn.q_proj.lora_router.default.value.weight
base_model.model.model.layers.14.self_attn.q_proj.lora_router.default.value.bias
base_model.model.model.layers.14.self_attn.v_proj.lora_router.default.query.weight
base_model.model.model.layers.14.self_attn.v_proj.lora_router.default.query.bias
base_model.model.model.layers.14.self_attn.v_proj.lora_router.default.key.weight
base_model.model.model.layers.14.self_attn.v_proj.lora_router.default.key.bias
base_model.model.model.layers.14.self_attn.v_proj.lora_router.default.value.weight
base_model.model.model.layers.14.self_attn.v_proj.lora_router.default.value.bias
base_model.model.model.layers.15.self_attn.q_proj.lora_router.default.query.weight
base_model.model.model.layers.15.self_attn.q_proj.lora_router.default.query.bias
base_model.model.model.layers.15.self_attn.q_proj.lora_router.default.key.weight
base_model.model.model.layers.15.self_attn.q_proj.lora_router.default.key.bias
base_model.model.model.layers.15.self_attn.q_proj.lora_router.default.value.weight
base_model.model.model.layers.15.self_attn.q_proj.lora_router.default.value.bias
base_model.model.model.layers.15.self_attn.v_proj.lora_router.default.query.weight
base_model.model.model.layers.15.self_attn.v_proj.lora_router.default.query.bias
base_model.model.model.layers.15.self_attn.v_proj.lora_router.default.key.weight
base_model.model.model.layers.15.self_attn.v_proj.lora_router.default.key.bias
base_model.model.model.layers.15.self_attn.v_proj.lora_router.default.value.weight
base_model.model.model.layers.15.self_attn.v_proj.lora_router.default.value.bias
base_model.model.model.layers.16.self_attn.q_proj.lora_router.default.query.weight
base_model.model.model.layers.16.self_attn.q_proj.lora_router.default.query.bias
base_model.model.model.layers.16.self_attn.q_proj.lora_router.default.key.weight
base_model.model.model.layers.16.self_attn.q_proj.lora_router.default.key.bias
base_model.model.model.layers.16.self_attn.q_proj.lora_router.default.value.weight
base_model.model.model.layers.16.self_attn.q_proj.lora_router.default.value.bias
base_model.model.model.layers.16.self_attn.v_proj.lora_router.default.query.weight
base_model.model.model.layers.16.self_attn.v_proj.lora_router.default.query.bias
base_model.model.model.layers.16.self_attn.v_proj.lora_router.default.key.weight
base_model.model.model.layers.16.self_attn.v_proj.lora_router.default.key.bias
base_model.model.model.layers.16.self_attn.v_proj.lora_router.default.value.weight
base_model.model.model.layers.16.self_attn.v_proj.lora_router.default.value.bias
base_model.model.model.layers.17.self_attn.q_proj.lora_router.default.query.weight
base_model.model.model.layers.17.self_attn.q_proj.lora_router.default.query.bias
base_model.model.model.layers.17.self_attn.q_proj.lora_router.default.key.weight
base_model.model.model.layers.17.self_attn.q_proj.lora_router.default.key.bias
base_model.model.model.layers.17.self_attn.q_proj.lora_router.default.value.weight
base_model.model.model.layers.17.self_attn.q_proj.lora_router.default.value.bias
base_model.model.model.layers.17.self_attn.v_proj.lora_router.default.query.weight
base_model.model.model.layers.17.self_attn.v_proj.lora_router.default.query.bias
base_model.model.model.layers.17.self_attn.v_proj.lora_router.default.key.weight
base_model.model.model.layers.17.self_attn.v_proj.lora_router.default.key.bias
base_model.model.model.layers.17.self_attn.v_proj.lora_router.default.value.weight
base_model.model.model.layers.17.self_attn.v_proj.lora_router.default.value.bias
base_model.model.model.layers.18.self_attn.q_proj.lora_router.default.query.weight
base_model.model.model.layers.18.self_attn.q_proj.lora_router.default.query.bias
base_model.model.model.layers.18.self_attn.q_proj.lora_router.default.key.weight
base_model.model.model.layers.18.self_attn.q_proj.lora_router.default.key.bias
base_model.model.model.layers.18.self_attn.q_proj.lora_router.default.value.weight
base_model.model.model.layers.18.self_attn.q_proj.lora_router.default.value.bias
base_model.model.model.layers.18.self_attn.v_proj.lora_router.default.query.weight
base_model.model.model.layers.18.self_attn.v_proj.lora_router.default.query.bias
base_model.model.model.layers.18.self_attn.v_proj.lora_router.default.key.weight
base_model.model.model.layers.18.self_attn.v_proj.lora_router.default.key.bias
base_model.model.model.layers.18.self_attn.v_proj.lora_router.default.value.weight
base_model.model.model.layers.18.self_attn.v_proj.lora_router.default.value.bias
base_model.model.model.layers.19.self_attn.q_proj.lora_router.default.query.weight
base_model.model.model.layers.19.self_attn.q_proj.lora_router.default.query.bias
base_model.model.model.layers.19.self_attn.q_proj.lora_router.default.key.weight
base_model.model.model.layers.19.self_attn.q_proj.lora_router.default.key.bias
base_model.model.model.layers.19.self_attn.q_proj.lora_router.default.value.weight
base_model.model.model.layers.19.self_attn.q_proj.lora_router.default.value.bias
base_model.model.model.layers.19.self_attn.v_proj.lora_router.default.query.weight
base_model.model.model.layers.19.self_attn.v_proj.lora_router.default.query.bias
base_model.model.model.layers.19.self_attn.v_proj.lora_router.default.key.weight
base_model.model.model.layers.19.self_attn.v_proj.lora_router.default.key.bias
base_model.model.model.layers.19.self_attn.v_proj.lora_router.default.value.weight
base_model.model.model.layers.19.self_attn.v_proj.lora_router.default.value.bias
base_model.model.model.layers.20.self_attn.q_proj.lora_router.default.query.weight
base_model.model.model.layers.20.self_attn.q_proj.lora_router.default.query.bias
base_model.model.model.layers.20.self_attn.q_proj.lora_router.default.key.weight
base_model.model.model.layers.20.self_attn.q_proj.lora_router.default.key.bias
base_model.model.model.layers.20.self_attn.q_proj.lora_router.default.value.weight
base_model.model.model.layers.20.self_attn.q_proj.lora_router.default.value.bias
base_model.model.model.layers.20.self_attn.v_proj.lora_router.default.query.weight
base_model.model.model.layers.20.self_attn.v_proj.lora_router.default.query.bias
base_model.model.model.layers.20.self_attn.v_proj.lora_router.default.key.weight
base_model.model.model.layers.20.self_attn.v_proj.lora_router.default.key.bias
base_model.model.model.layers.20.self_attn.v_proj.lora_router.default.value.weight
base_model.model.model.layers.20.self_attn.v_proj.lora_router.default.value.bias
base_model.model.model.layers.21.self_attn.q_proj.lora_router.default.query.weight
base_model.model.model.layers.21.self_attn.q_proj.lora_router.default.query.bias
base_model.model.model.layers.21.self_attn.q_proj.lora_router.default.key.weight
base_model.model.model.layers.21.self_attn.q_proj.lora_router.default.key.bias
base_model.model.model.layers.21.self_attn.q_proj.lora_router.default.value.weight
base_model.model.model.layers.21.self_attn.q_proj.lora_router.default.value.bias
base_model.model.model.layers.21.self_attn.v_proj.lora_router.default.query.weight
base_model.model.model.layers.21.self_attn.v_proj.lora_router.default.query.bias
base_model.model.model.layers.21.self_attn.v_proj.lora_router.default.key.weight
base_model.model.model.layers.21.self_attn.v_proj.lora_router.default.key.bias
base_model.model.model.layers.21.self_attn.v_proj.lora_router.default.value.weight
base_model.model.model.layers.21.self_attn.v_proj.lora_router.default.value.bias
base_model.model.model.layers.22.self_attn.q_proj.lora_router.default.query.weight
base_model.model.model.layers.22.self_attn.q_proj.lora_router.default.query.bias
base_model.model.model.layers.22.self_attn.q_proj.lora_router.default.key.weight
base_model.model.model.layers.22.self_attn.q_proj.lora_router.default.key.bias
base_model.model.model.layers.22.self_attn.q_proj.lora_router.default.value.weight
base_model.model.model.layers.22.self_attn.q_proj.lora_router.default.value.bias
base_model.model.model.layers.22.self_attn.v_proj.lora_router.default.query.weight
base_model.model.model.layers.22.self_attn.v_proj.lora_router.default.query.bias
base_model.model.model.layers.22.self_attn.v_proj.lora_router.default.key.weight
base_model.model.model.layers.22.self_attn.v_proj.lora_router.default.key.bias
base_model.model.model.layers.22.self_attn.v_proj.lora_router.default.value.weight
base_model.model.model.layers.22.self_attn.v_proj.lora_router.default.value.bias
base_model.model.model.layers.23.self_attn.q_proj.lora_router.default.query.weight
base_model.model.model.layers.23.self_attn.q_proj.lora_router.default.query.bias
base_model.model.model.layers.23.self_attn.q_proj.lora_router.default.key.weight
base_model.model.model.layers.23.self_attn.q_proj.lora_router.default.key.bias
base_model.model.model.layers.23.self_attn.q_proj.lora_router.default.value.weight
base_model.model.model.layers.23.self_attn.q_proj.lora_router.default.value.bias
base_model.model.model.layers.23.self_attn.v_proj.lora_router.default.query.weight
base_model.model.model.layers.23.self_attn.v_proj.lora_router.default.query.bias
base_model.model.model.layers.23.self_attn.v_proj.lora_router.default.key.weight
base_model.model.model.layers.23.self_attn.v_proj.lora_router.default.key.bias
base_model.model.model.layers.23.self_attn.v_proj.lora_router.default.value.weight
base_model.model.model.layers.23.self_attn.v_proj.lora_router.default.value.bias
base_model.model.model.layers.24.self_attn.q_proj.lora_router.default.query.weight
base_model.model.model.layers.24.self_attn.q_proj.lora_router.default.query.bias
base_model.model.model.layers.24.self_attn.q_proj.lora_router.default.key.weight
base_model.model.model.layers.24.self_attn.q_proj.lora_router.default.key.bias
base_model.model.model.layers.24.self_attn.q_proj.lora_router.default.value.weight
base_model.model.model.layers.24.self_attn.q_proj.lora_router.default.value.bias
base_model.model.model.layers.24.self_attn.v_proj.lora_router.default.query.weight
base_model.model.model.layers.24.self_attn.v_proj.lora_router.default.query.bias
base_model.model.model.layers.24.self_attn.v_proj.lora_router.default.key.weight
base_model.model.model.layers.24.self_attn.v_proj.lora_router.default.key.bias
base_model.model.model.layers.24.self_attn.v_proj.lora_router.default.value.weight
base_model.model.model.layers.24.self_attn.v_proj.lora_router.default.value.bias
base_model.model.model.layers.25.self_attn.q_proj.lora_router.default.query.weight
base_model.model.model.layers.25.self_attn.q_proj.lora_router.default.query.bias
base_model.model.model.layers.25.self_attn.q_proj.lora_router.default.key.weight
base_model.model.model.layers.25.self_attn.q_proj.lora_router.default.key.bias
base_model.model.model.layers.25.self_attn.q_proj.lora_router.default.value.weight
base_model.model.model.layers.25.self_attn.q_proj.lora_router.default.value.bias
base_model.model.model.layers.25.self_attn.v_proj.lora_router.default.query.weight
base_model.model.model.layers.25.self_attn.v_proj.lora_router.default.query.bias
base_model.model.model.layers.25.self_attn.v_proj.lora_router.default.key.weight
base_model.model.model.layers.25.self_attn.v_proj.lora_router.default.key.bias
base_model.model.model.layers.25.self_attn.v_proj.lora_router.default.value.weight
base_model.model.model.layers.25.self_attn.v_proj.lora_router.default.value.bias
base_model.model.model.layers.26.self_attn.q_proj.lora_router.default.query.weight
base_model.model.model.layers.26.self_attn.q_proj.lora_router.default.query.bias
base_model.model.model.layers.26.self_attn.q_proj.lora_router.default.key.weight
base_model.model.model.layers.26.self_attn.q_proj.lora_router.default.key.bias
base_model.model.model.layers.26.self_attn.q_proj.lora_router.default.value.weight
base_model.model.model.layers.26.self_attn.q_proj.lora_router.default.value.bias
base_model.model.model.layers.26.self_attn.v_proj.lora_router.default.query.weight
base_model.model.model.layers.26.self_attn.v_proj.lora_router.default.query.bias
base_model.model.model.layers.26.self_attn.v_proj.lora_router.default.key.weight
base_model.model.model.layers.26.self_attn.v_proj.lora_router.default.key.bias
base_model.model.model.layers.26.self_attn.v_proj.lora_router.default.value.weight
base_model.model.model.layers.26.self_attn.v_proj.lora_router.default.value.bias
base_model.model.model.layers.27.self_attn.q_proj.lora_router.default.query.weight
base_model.model.model.layers.27.self_attn.q_proj.lora_router.default.query.bias
base_model.model.model.layers.27.self_attn.q_proj.lora_router.default.key.weight
base_model.model.model.layers.27.self_attn.q_proj.lora_router.default.key.bias
base_model.model.model.layers.27.self_attn.q_proj.lora_router.default.value.weight
base_model.model.model.layers.27.self_attn.q_proj.lora_router.default.value.bias
base_model.model.model.layers.27.self_attn.v_proj.lora_router.default.query.weight
base_model.model.model.layers.27.self_attn.v_proj.lora_router.default.query.bias
base_model.model.model.layers.27.self_attn.v_proj.lora_router.default.key.weight
base_model.model.model.layers.27.self_attn.v_proj.lora_router.default.key.bias
base_model.model.model.layers.27.self_attn.v_proj.lora_router.default.value.weight
base_model.model.model.layers.27.self_attn.v_proj.lora_router.default.value.bias
base_model.model.model.layers.28.self_attn.q_proj.lora_router.default.query.weight
base_model.model.model.layers.28.self_attn.q_proj.lora_router.default.query.bias
base_model.model.model.layers.28.self_attn.q_proj.lora_router.default.key.weight
base_model.model.model.layers.28.self_attn.q_proj.lora_router.default.key.bias
base_model.model.model.layers.28.self_attn.q_proj.lora_router.default.value.weight
base_model.model.model.layers.28.self_attn.q_proj.lora_router.default.value.bias
base_model.model.model.layers.28.self_attn.v_proj.lora_router.default.query.weight
base_model.model.model.layers.28.self_attn.v_proj.lora_router.default.query.bias
base_model.model.model.layers.28.self_attn.v_proj.lora_router.default.key.weight
base_model.model.model.layers.28.self_attn.v_proj.lora_router.default.key.bias
base_model.model.model.layers.28.self_attn.v_proj.lora_router.default.value.weight
base_model.model.model.layers.28.self_attn.v_proj.lora_router.default.value.bias
base_model.model.model.layers.29.self_attn.q_proj.lora_router.default.query.weight
base_model.model.model.layers.29.self_attn.q_proj.lora_router.default.query.bias
base_model.model.model.layers.29.self_attn.q_proj.lora_router.default.key.weight
base_model.model.model.layers.29.self_attn.q_proj.lora_router.default.key.bias
base_model.model.model.layers.29.self_attn.q_proj.lora_router.default.value.weight
base_model.model.model.layers.29.self_attn.q_proj.lora_router.default.value.bias
base_model.model.model.layers.29.self_attn.v_proj.lora_router.default.query.weight
base_model.model.model.layers.29.self_attn.v_proj.lora_router.default.query.bias
base_model.model.model.layers.29.self_attn.v_proj.lora_router.default.key.weight
base_model.model.model.layers.29.self_attn.v_proj.lora_router.default.key.bias
base_model.model.model.layers.29.self_attn.v_proj.lora_router.default.value.weight
base_model.model.model.layers.29.self_attn.v_proj.lora_router.default.value.bias
base_model.model.model.layers.30.self_attn.q_proj.lora_router.default.query.weight
base_model.model.model.layers.30.self_attn.q_proj.lora_router.default.query.bias
base_model.model.model.layers.30.self_attn.q_proj.lora_router.default.key.weight
base_model.model.model.layers.30.self_attn.q_proj.lora_router.default.key.bias
base_model.model.model.layers.30.self_attn.q_proj.lora_router.default.value.weight
base_model.model.model.layers.30.self_attn.q_proj.lora_router.default.value.bias
base_model.model.model.layers.30.self_attn.v_proj.lora_router.default.query.weight
base_model.model.model.layers.30.self_attn.v_proj.lora_router.default.query.bias
base_model.model.model.layers.30.self_attn.v_proj.lora_router.default.key.weight
base_model.model.model.layers.30.self_attn.v_proj.lora_router.default.key.bias
base_model.model.model.layers.30.self_attn.v_proj.lora_router.default.value.weight
base_model.model.model.layers.30.self_attn.v_proj.lora_router.default.value.bias
base_model.model.model.layers.31.self_attn.q_proj.lora_router.default.query.weight
base_model.model.model.layers.31.self_attn.q_proj.lora_router.default.query.bias
base_model.model.model.layers.31.self_attn.q_proj.lora_router.default.key.weight
base_model.model.model.layers.31.self_attn.q_proj.lora_router.default.key.bias
base_model.model.model.layers.31.self_attn.q_proj.lora_router.default.value.weight
base_model.model.model.layers.31.self_attn.q_proj.lora_router.default.value.bias
base_model.model.model.layers.31.self_attn.v_proj.lora_router.default.query.weight
base_model.model.model.layers.31.self_attn.v_proj.lora_router.default.query.bias
base_model.model.model.layers.31.self_attn.v_proj.lora_router.default.key.weight
base_model.model.model.layers.31.self_attn.v_proj.lora_router.default.key.bias
base_model.model.model.layers.31.self_attn.v_proj.lora_router.default.value.weight
base_model.model.model.layers.31.self_attn.v_proj.lora_router.default.value.bias
{'loss': 0.9239, 'learning_rate': 0.0002, 'epoch': 0.0}
{'loss': 0.813, 'learning_rate': 0.0002, 'epoch': 0.0}
{'loss': 0.8011, 'learning_rate': 0.0002, 'epoch': 0.0}
{'loss': 0.7582, 'learning_rate': 0.0002, 'epoch': 0.01}
{'loss': 0.7648, 'learning_rate': 0.0002, 'epoch': 0.01}
{'loss': 0.7615, 'learning_rate': 0.0002, 'epoch': 0.01}
{'loss': 0.76, 'learning_rate': 0.0002, 'epoch': 0.01}
{'loss': 0.771, 'learning_rate': 0.0002, 'epoch': 0.01}
{'loss': 0.7754, 'learning_rate': 0.0002, 'epoch': 0.01}
{'loss': 0.7714, 'learning_rate': 0.0002, 'epoch': 0.02}
{'loss': 0.7718, 'learning_rate': 0.0002, 'epoch': 0.02}
{'loss': 0.7895, 'learning_rate': 0.0002, 'epoch': 0.02}
{'loss': 0.8253, 'learning_rate': 0.0002, 'epoch': 0.02}
{'loss': 0.8028, 'learning_rate': 0.0002, 'epoch': 0.02}
{'loss': 0.8345, 'learning_rate': 0.0002, 'epoch': 0.02}
{'loss': 0.8188, 'learning_rate': 0.0002, 'epoch': 0.02}
{'loss': 0.8125, 'learning_rate': 0.0002, 'epoch': 0.03}
{'loss': 0.8024, 'learning_rate': 0.0002, 'epoch': 0.03}
{'loss': 0.8011, 'learning_rate': 0.0002, 'epoch': 0.03}
{'loss': 0.8193, 'learning_rate': 0.0002, 'epoch': 0.03}
{'loss': 0.8111, 'learning_rate': 0.0002, 'epoch': 0.03}
{'loss': 0.8052, 'learning_rate': 0.0002, 'epoch': 0.03}
{'loss': 0.8178, 'learning_rate': 0.0002, 'epoch': 0.04}
{'loss': 0.7947, 'learning_rate': 0.0002, 'epoch': 0.04}
{'loss': 0.8055, 'learning_rate': 0.0002, 'epoch': 0.04}
{'loss': 0.8035, 'learning_rate': 0.0002, 'epoch': 0.04}
{'loss': 0.7976, 'learning_rate': 0.0002, 'epoch': 0.04}
{'loss': 0.7953, 'learning_rate': 0.0002, 'epoch': 0.04}
{'loss': 0.82, 'learning_rate': 0.0002, 'epoch': 0.04}
{'loss': 0.8059, 'learning_rate': 0.0002, 'epoch': 0.05}
{'loss': 0.8025, 'learning_rate': 0.0002, 'epoch': 0.05}
{'loss': 0.8154, 'learning_rate': 0.0002, 'epoch': 0.05}
{'loss': 0.8082, 'learning_rate': 0.0002, 'epoch': 0.05}
{'loss': 0.81, 'learning_rate': 0.0002, 'epoch': 0.05}
{'loss': 0.8196, 'learning_rate': 0.0002, 'epoch': 0.05}
{'loss': 0.7918, 'learning_rate': 0.0002, 'epoch': 0.06}
{'loss': 0.8021, 'learning_rate': 0.0002, 'epoch': 0.06}
{'loss': 0.8056, 'learning_rate': 0.0002, 'epoch': 0.06}
{'loss': 0.8134, 'learning_rate': 0.0002, 'epoch': 0.06}
{'loss': 0.799, 'learning_rate': 0.0002, 'epoch': 0.06}
{'loss': 0.8053, 'learning_rate': 0.0002, 'epoch': 0.06}
{'loss': 0.8069, 'learning_rate': 0.0002, 'epoch': 0.06}
{'loss': 0.8089, 'learning_rate': 0.0002, 'epoch': 0.07}
{'loss': 0.7963, 'learning_rate': 0.0002, 'epoch': 0.07}
{'loss': 0.8188, 'learning_rate': 0.0002, 'epoch': 0.07}
{'loss': 0.7993, 'learning_rate': 0.0002, 'epoch': 0.07}
{'loss': 0.8136, 'learning_rate': 0.0002, 'epoch': 0.07}
{'loss': 0.8154, 'learning_rate': 0.0002, 'epoch': 0.07}
{'loss': 0.8196, 'learning_rate': 0.0002, 'epoch': 0.08}
{'loss': 0.8195, 'learning_rate': 0.0002, 'epoch': 0.08}
{'loss': 0.816, 'learning_rate': 0.0002, 'epoch': 0.08}
{'loss': 0.7981, 'learning_rate': 0.0002, 'epoch': 0.08}
{'loss': 0.8153, 'learning_rate': 0.0002, 'epoch': 0.08}
{'loss': 0.8136, 'learning_rate': 0.0002, 'epoch': 0.08}
{'loss': 0.8091, 'learning_rate': 0.0002, 'epoch': 0.09}
{'loss': 0.8033, 'learning_rate': 0.0002, 'epoch': 0.09}
{'loss': 0.8114, 'learning_rate': 0.0002, 'epoch': 0.09}
{'loss': 0.813, 'learning_rate': 0.0002, 'epoch': 0.09}
{'loss': 0.7943, 'learning_rate': 0.0002, 'epoch': 0.09}
{'loss': 0.8032, 'learning_rate': 0.0002, 'epoch': 0.09}
{'loss': 0.7954, 'learning_rate': 0.0002, 'epoch': 0.09}
{'loss': 0.7906, 'learning_rate': 0.0002, 'epoch': 0.1}
{'loss': 0.8165, 'learning_rate': 0.0002, 'epoch': 0.1}
{'loss': 0.8081, 'learning_rate': 0.0002, 'epoch': 0.1}
{'loss': 0.8087, 'learning_rate': 0.0002, 'epoch': 0.1}
{'loss': 0.8326, 'learning_rate': 0.0002, 'epoch': 0.1}
{'loss': 0.7984, 'learning_rate': 0.0002, 'epoch': 0.1}
{'loss': 0.8034, 'learning_rate': 0.0002, 'epoch': 0.11}
{'loss': 0.8143, 'learning_rate': 0.0002, 'epoch': 0.11}
{'loss': 0.8164, 'learning_rate': 0.0002, 'epoch': 0.11}
{'loss': 0.802, 'learning_rate': 0.0002, 'epoch': 0.11}
{'loss': 0.7788, 'learning_rate': 0.0002, 'epoch': 1.0}
{'loss': 0.7361, 'learning_rate': 0.0002, 'epoch': 1.0}
{'loss': 0.721, 'learning_rate': 0.0002, 'epoch': 1.0}
{'loss': 0.7243, 'learning_rate': 0.0002, 'epoch': 1.01}
{'loss': 0.7304, 'learning_rate': 0.0002, 'epoch': 1.01}
{'loss': 0.7377, 'learning_rate': 0.0002, 'epoch': 1.01}
{'loss': 0.7368, 'learning_rate': 0.0002, 'epoch': 1.01}
{'loss': 0.7289, 'learning_rate': 0.0002, 'epoch': 1.01}
{'loss': 0.7461, 'learning_rate': 0.0002, 'epoch': 1.01}
{'loss': 0.7319, 'learning_rate': 0.0002, 'epoch': 1.01}
{'loss': 0.7211, 'learning_rate': 0.0002, 'epoch': 1.02}
{'loss': 0.7524, 'learning_rate': 0.0002, 'epoch': 1.02}
{'loss': 0.793, 'learning_rate': 0.0002, 'epoch': 1.02}
{'loss': 0.8028, 'learning_rate': 0.0002, 'epoch': 1.02}
{'loss': 0.806, 'learning_rate': 0.0002, 'epoch': 1.02}
{'loss': 0.7906, 'learning_rate': 0.0002, 'epoch': 1.02}
{'loss': 0.816, 'learning_rate': 0.0002, 'epoch': 1.03}
{'loss': 0.8042, 'learning_rate': 0.0002, 'epoch': 1.03}
{'loss': 0.8133, 'learning_rate': 0.0002, 'epoch': 1.03}
{'loss': 0.8016, 'learning_rate': 0.0002, 'epoch': 1.03}
{'loss': 0.7937, 'learning_rate': 0.0002, 'epoch': 1.03}
{'loss': 0.7874, 'learning_rate': 0.0002, 'epoch': 1.03}
{'loss': 0.7994, 'learning_rate': 0.0002, 'epoch': 1.03}
{'loss': 0.8004, 'learning_rate': 0.0002, 'epoch': 1.04}
{'loss': 0.8067, 'learning_rate': 0.0002, 'epoch': 1.04}
{'loss': 0.7917, 'learning_rate': 0.0002, 'epoch': 1.04}
{'loss': 0.7844, 'learning_rate': 0.0002, 'epoch': 1.04}
{'loss': 0.7992, 'learning_rate': 0.0002, 'epoch': 1.04}
{'loss': 0.807, 'learning_rate': 0.0002, 'epoch': 1.04}
{'loss': 0.8083, 'learning_rate': 0.0002, 'epoch': 1.05}
{'loss': 0.7935, 'learning_rate': 0.0002, 'epoch': 1.05}
{'loss': 0.7965, 'learning_rate': 0.0002, 'epoch': 1.05}
{'loss': 0.7976, 'learning_rate': 0.0002, 'epoch': 1.05}
{'loss': 0.7982, 'learning_rate': 0.0002, 'epoch': 1.05}
{'loss': 0.7971, 'learning_rate': 0.0002, 'epoch': 1.05}
{'loss': 0.7871, 'learning_rate': 0.0002, 'epoch': 1.05}
{'loss': 0.7896, 'learning_rate': 0.0002, 'epoch': 1.06}
{'loss': 0.7962, 'learning_rate': 0.0002, 'epoch': 1.06}
{'loss': 0.8047, 'learning_rate': 0.0002, 'epoch': 1.06}
{'loss': 0.8021, 'learning_rate': 0.0002, 'epoch': 1.06}
{'loss': 0.8005, 'learning_rate': 0.0002, 'epoch': 1.06}
{'loss': 0.7961, 'learning_rate': 0.0002, 'epoch': 1.06}
{'loss': 0.8173, 'learning_rate': 0.0002, 'epoch': 1.07}
{'loss': 0.8015, 'learning_rate': 0.0002, 'epoch': 1.07}
{'loss': 0.8014, 'learning_rate': 0.0002, 'epoch': 1.07}
{'loss': 0.8068, 'learning_rate': 0.0002, 'epoch': 1.07}
{'loss': 0.7935, 'learning_rate': 0.0002, 'epoch': 1.07}
{'loss': 0.804, 'learning_rate': 0.0002, 'epoch': 1.07}
{'loss': 0.8018, 'learning_rate': 0.0002, 'epoch': 1.07}
{'loss': 0.8183, 'learning_rate': 0.0002, 'epoch': 1.08}
{'loss': 0.7959, 'learning_rate': 0.0002, 'epoch': 1.08}
{'loss': 0.804, 'learning_rate': 0.0002, 'epoch': 1.08}
{'loss': 0.8028, 'learning_rate': 0.0002, 'epoch': 1.08}
{'loss': 0.8025, 'learning_rate': 0.0002, 'epoch': 1.08}
{'loss': 0.8005, 'learning_rate': 0.0002, 'epoch': 1.08}
{'loss': 0.8059, 'learning_rate': 0.0002, 'epoch': 1.09}
{'loss': 0.807, 'learning_rate': 0.0002, 'epoch': 1.09}
{'loss': 0.8063, 'learning_rate': 0.0002, 'epoch': 1.09}
{'loss': 0.7942, 'learning_rate': 0.0002, 'epoch': 1.09}
{'loss': 0.792, 'learning_rate': 0.0002, 'epoch': 1.09}
{'loss': 0.8045, 'learning_rate': 0.0002, 'epoch': 1.09}
{'loss': 0.8153, 'learning_rate': 0.0002, 'epoch': 1.09}
{'loss': 0.7964, 'learning_rate': 0.0002, 'epoch': 1.1}
{'loss': 0.7965, 'learning_rate': 0.0002, 'epoch': 1.1}
{'loss': 0.7994, 'learning_rate': 0.0002, 'epoch': 1.1}
{'loss': 0.8036, 'learning_rate': 0.0002, 'epoch': 1.1}
{'loss': 0.7905, 'learning_rate': 0.0002, 'epoch': 1.1}
{'loss': 0.7978, 'learning_rate': 0.0002, 'epoch': 1.1}
{'loss': 0.8095, 'learning_rate': 0.0002, 'epoch': 1.11}
{'loss': 0.8118, 'learning_rate': 0.0002, 'epoch': 1.11}
{'loss': 0.7978, 'learning_rate': 0.0002, 'epoch': 1.11}
{'loss': 0.7972, 'learning_rate': 0.0002, 'epoch': 1.11}
{'loss': 0.7529, 'learning_rate': 0.0002, 'epoch': 2.0}
{'loss': 0.7302, 'learning_rate': 0.0002, 'epoch': 2.0}
{'loss': 0.7322, 'learning_rate': 0.0002, 'epoch': 2.0}
{'loss': 0.7194, 'learning_rate': 0.0002, 'epoch': 2.01}
{'loss': 0.7116, 'learning_rate': 0.0002, 'epoch': 2.01}
{'loss': 0.7274, 'learning_rate': 0.0002, 'epoch': 2.01}
{'loss': 0.7628, 'learning_rate': 0.0002, 'epoch': 2.01}
{'loss': 0.7196, 'learning_rate': 0.0002, 'epoch': 2.01}
{'loss': 0.709, 'learning_rate': 0.0002, 'epoch': 2.01}
{'loss': 0.716, 'learning_rate': 0.0002, 'epoch': 2.01}
{'loss': 0.7333, 'learning_rate': 0.0002, 'epoch': 2.02}
{'loss': 0.7627, 'learning_rate': 0.0002, 'epoch': 2.02}
{'loss': 0.8073, 'learning_rate': 0.0002, 'epoch': 2.02}
{'loss': 0.7944, 'learning_rate': 0.0002, 'epoch': 2.02}
{'loss': 0.7988, 'learning_rate': 0.0002, 'epoch': 2.02}
{'loss': 0.7917, 'learning_rate': 0.0002, 'epoch': 2.02}
{'loss': 0.8162, 'learning_rate': 0.0002, 'epoch': 2.03}
{'loss': 0.7814, 'learning_rate': 0.0002, 'epoch': 2.03}
{'loss': 0.8014, 'learning_rate': 0.0002, 'epoch': 2.03}
{'loss': 0.7975, 'learning_rate': 0.0002, 'epoch': 2.03}
{'loss': 0.7712, 'learning_rate': 0.0002, 'epoch': 2.03}
{'loss': 0.7942, 'learning_rate': 0.0002, 'epoch': 2.03}
{'loss': 0.7935, 'learning_rate': 0.0002, 'epoch': 2.04}
{'loss': 0.7893, 'learning_rate': 0.0002, 'epoch': 2.04}
{'loss': 0.7876, 'learning_rate': 0.0002, 'epoch': 2.04}
{'loss': 0.7864, 'learning_rate': 0.0002, 'epoch': 2.04}
{'loss': 0.7921, 'learning_rate': 0.0002, 'epoch': 2.04}
{'loss': 0.7833, 'learning_rate': 0.0002, 'epoch': 2.04}
{'loss': 0.7784, 'learning_rate': 0.0002, 'epoch': 2.04}
{'loss': 0.812, 'learning_rate': 0.0002, 'epoch': 2.05}
{'loss': 0.7884, 'learning_rate': 0.0002, 'epoch': 2.05}
{'loss': 0.7979, 'learning_rate': 0.0002, 'epoch': 2.05}
{'loss': 0.7993, 'learning_rate': 0.0002, 'epoch': 2.05}
{'loss': 0.7945, 'learning_rate': 0.0002, 'epoch': 2.05}
{'loss': 0.8046, 'learning_rate': 0.0002, 'epoch': 2.05}
{'loss': 0.7905, 'learning_rate': 0.0002, 'epoch': 2.06}
{'loss': 0.7829, 'learning_rate': 0.0002, 'epoch': 2.06}
{'loss': 0.789, 'learning_rate': 0.0002, 'epoch': 2.06}
{'loss': 0.7882, 'learning_rate': 0.0002, 'epoch': 2.06}
{'loss': 0.8129, 'learning_rate': 0.0002, 'epoch': 2.06}
{'loss': 0.7849, 'learning_rate': 0.0002, 'epoch': 2.06}
{'loss': 0.7989, 'learning_rate': 0.0002, 'epoch': 2.06}
{'loss': 0.7918, 'learning_rate': 0.0002, 'epoch': 2.07}
{'loss': 0.7785, 'learning_rate': 0.0002, 'epoch': 2.07}
{'loss': 0.8018, 'learning_rate': 0.0002, 'epoch': 2.07}
{'loss': 0.8043, 'learning_rate': 0.0002, 'epoch': 2.07}
{'loss': 0.8096, 'learning_rate': 0.0002, 'epoch': 2.07}
{'loss': 0.7993, 'learning_rate': 0.0002, 'epoch': 2.07}
{'loss': 0.7892, 'learning_rate': 0.0002, 'epoch': 2.08}
{'loss': 0.8024, 'learning_rate': 0.0002, 'epoch': 2.08}
{'loss': 0.8036, 'learning_rate': 0.0002, 'epoch': 2.08}
{'loss': 0.7955, 'learning_rate': 0.0002, 'epoch': 2.08}
{'loss': 0.8115, 'learning_rate': 0.0002, 'epoch': 2.08}
{'loss': 0.7789, 'learning_rate': 0.0002, 'epoch': 2.08}
{'loss': 0.8024, 'learning_rate': 0.0002, 'epoch': 2.08}
{'loss': 0.7979, 'learning_rate': 0.0002, 'epoch': 2.09}
{'loss': 0.7968, 'learning_rate': 0.0002, 'epoch': 2.09}
{'loss': 0.8126, 'learning_rate': 0.0002, 'epoch': 2.09}
{'loss': 0.7937, 'learning_rate': 0.0002, 'epoch': 2.09}
{'loss': 0.7773, 'learning_rate': 0.0002, 'epoch': 2.09}
{'loss': 0.7977, 'learning_rate': 0.0002, 'epoch': 2.09}
{'loss': 0.8017, 'learning_rate': 0.0002, 'epoch': 2.1}
{'loss': 0.7894, 'learning_rate': 0.0002, 'epoch': 2.1}
{'loss': 0.8108, 'learning_rate': 0.0002, 'epoch': 2.1}
{'loss': 0.7921, 'learning_rate': 0.0002, 'epoch': 2.1}
{'loss': 0.8013, 'learning_rate': 0.0002, 'epoch': 2.1}
{'loss': 0.7895, 'learning_rate': 0.0002, 'epoch': 2.1}
{'loss': 0.7833, 'learning_rate': 0.0002, 'epoch': 2.1}
{'loss': 0.7996, 'learning_rate': 0.0002, 'epoch': 2.11}
{'loss': 0.7934, 'learning_rate': 0.0002, 'epoch': 2.11}
{'loss': 0.7878, 'learning_rate': 0.0002, 'epoch': 2.11}
{'train_runtime': 22768.7321, 'train_samples_per_second': 6.82, 'train_steps_per_second': 0.852, 'train_loss': 0.7934098383502773, 'epoch': 2.11}
