Total Sum for i 0: tensor([[[296.5321, 307.8655, 307.5287, 296.6437, 298.8060, 296.8495, 289.7789,
          297.3844, 285.7192, 287.3289, 296.8719, 299.8534, 295.4363, 322.9669,
          300.4345]]], device='cuda:0')
Total Sum for i 1: tensor([[[300.0697, 309.3788, 302.8938, 299.6711, 301.0786, 295.7374, 292.3913,
          298.4991, 296.4714, 289.5182, 300.8203, 294.3069, 294.1201, 307.0727,
          297.9706]]], device='cuda:0')
Total Sum for i 2: tensor([[[300.0219, 306.7339, 304.8673, 297.8164, 299.1794, 292.2018, 290.6615,
          296.8983, 289.1943, 289.5255, 298.6211, 297.4709, 292.7556, 320.7800,
          303.2722]]], device='cuda:0')
Total Sum for i 3: tensor([[[297.7589, 307.8280, 306.5470, 295.9074, 298.9173, 293.1749, 290.0304,
          302.0800, 290.2939, 293.6878, 302.3148, 294.4785, 293.2841, 311.7389,
          301.9579]]], device='cuda:0')
Total Sum for i 4: tensor([[[299.4408, 307.3705, 304.2188, 296.0018, 304.3753, 294.9525, 288.6750,
          298.3855, 296.0669, 288.8474, 303.2056, 295.0393, 294.0779, 309.1243,
          300.2181]]], device='cuda:0')
Total Sum for i 5: tensor([[[301.3137, 308.3327, 305.1946, 297.3106, 303.6169, 297.4087, 292.2034,
          298.6098, 294.6238, 290.8191, 298.8777, 293.3402, 295.7479, 304.5582,
          298.0424]]], device='cuda:0')
Total Sum for i 6: tensor([[[299.4731, 309.8610, 307.5083, 296.4041, 297.9044, 292.7534, 289.0226,
          300.2840, 289.2302, 291.8073, 301.2464, 294.2726, 295.4498, 313.2611,
          301.5217]]], device='cuda:0')
Total Sum for i 7: tensor([[[300.0492, 309.9775, 309.1606, 297.5111, 304.7282, 285.2255, 288.7131,
          298.0203, 290.6299, 294.4350, 301.2324, 292.5760, 296.6048, 310.7099,
          300.4264]]], device='cuda:0')
Total Sum for i 8: tensor([[[296.0565, 308.3172, 307.4937, 295.6906, 295.1667, 292.4547, 290.0568,
          302.2920, 291.9241, 287.4620, 298.4361, 300.5939, 298.1987, 315.7041,
          300.1527]]], device='cuda:0')
Total Sum for i 9: tensor([[[303.0325, 309.7411, 300.9650, 292.6538, 296.9997, 298.1744, 293.8151,
          298.8591, 292.7828, 288.3778, 300.8708, 293.8906, 291.8278, 316.5739,
          301.4357]]], device='cuda:0')
Total Sum for i 10: tensor([[[293.0688, 308.4926, 300.1021, 295.4563, 298.0059, 297.0695, 291.1253,
          304.8779, 298.1204, 296.5589, 301.2245, 289.9861, 294.5001, 303.3351,
          308.0763]]], device='cuda:0')
Total Sum for i 11: tensor([[[295.7921, 312.8985, 304.0422, 294.2915, 297.2488, 300.3319, 293.2283,
          296.0255, 289.2231, 290.2635, 301.4545, 298.6658, 297.7211, 310.7934,
          298.0198]]], device='cuda:0')
Total Sum for i 12: tensor([[[300.3501, 309.8700, 304.7081, 295.9235, 296.3759, 299.8102, 291.8770,
          300.8526, 290.4325, 292.5192, 298.9608, 292.7520, 290.9901, 312.3217,
          302.2566]]], device='cuda:0')
Total Sum for i 13: tensor([[[292.5570, 313.2831, 304.3994, 295.8535, 298.9118, 288.9133, 288.8443,
          304.9870, 289.1294, 297.0126, 311.3244, 288.3244, 297.3853, 305.6254,
          303.4491]]], device='cuda:0')
Total Sum for i 14: tensor([[[306.0476, 310.8557, 306.1496, 300.2066, 303.7916, 287.3840, 289.1384,
          297.6392, 291.6741, 291.7670, 303.8548, 294.0760, 290.0739, 310.9511,
          296.3904]]], device='cuda:0')
