Total Sum for i 0: tensor([[[151.3956, 150.5607, 147.0518, 140.4048, 150.9720, 152.7529, 149.6125,
          145.1750, 156.7931, 148.9741, 153.7238, 148.3618, 155.2340, 154.9796,
          141.6295, 158.9618, 145.4994, 151.5272, 146.6892, 154.3329, 144.2790,
          141.7985, 151.2366, 153.1279, 145.3287, 142.6952, 147.0524, 151.9141,
          153.0113, 144.9247]]], device='cuda:0')
Total Sum for i 1: tensor([[[151.3188, 151.5990, 147.5320, 142.6140, 151.5452, 150.4541, 149.2831,
          143.7985, 154.0768, 150.3630, 151.9277, 149.9364, 153.6572, 154.2195,
          146.9261, 155.8756, 146.1549, 149.2610, 143.8168, 153.7902, 146.1009,
          143.6300, 150.4568, 157.4809, 143.1836, 141.9724, 148.6509, 151.7681,
          153.5670, 145.0395]]], device='cuda:0')
Total Sum for i 2: tensor([[[147.1290, 148.2997, 149.7703, 141.6118, 149.9246, 151.6132, 148.3988,
          145.6916, 157.8087, 147.4613, 152.0485, 152.3297, 156.9536, 157.0624,
          148.2390, 157.0028, 149.6984, 146.6744, 148.6551, 155.2304, 144.8377,
          142.8546, 146.6092, 154.0188, 145.4366, 136.9574, 145.5922, 150.7037,
          155.5700, 145.8168]]], device='cuda:0')
Total Sum for i 3: tensor([[[151.5032, 151.9920, 150.4543, 145.5644, 150.8630, 149.5154, 148.2363,
          144.7381, 153.4572, 150.1962, 150.1491, 150.6382, 153.1076, 152.0272,
          143.7109, 162.9560, 149.6855, 148.3819, 147.1312, 152.4353, 149.1883,
          139.6860, 149.1042, 152.4628, 141.8263, 144.0720, 148.0504, 146.7802,
          153.2555, 148.8314]]], device='cuda:0')
Total Sum for i 4: tensor([[[150.6391, 153.7800, 143.4090, 140.8407, 154.5769, 151.8868, 148.2187,
          144.9139, 155.1404, 146.3076, 148.6781, 151.7636, 154.9612, 155.4569,
          150.6633, 158.1275, 146.7318, 151.1643, 145.8253, 156.1305, 144.6308,
          139.1828, 145.1333, 156.9404, 149.3094, 135.2035, 147.0024, 153.0260,
          155.3992, 144.9566]]], device='cuda:0')
Total Sum for i 5: tensor([[[149.2938, 150.2067, 148.8218, 142.3416, 152.0193, 151.8887, 148.0864,
          147.1686, 155.8213, 147.8185, 151.3009, 148.7015, 154.5915, 156.6924,
          146.5483, 161.5835, 148.0591, 150.6268, 146.5812, 154.2215, 142.5659,
          142.1602, 148.2748, 155.3113, 145.1612, 136.9727, 147.4295, 149.4168,
          155.7821, 144.5522]]], device='cuda:0')
Total Sum for i 6: tensor([[[147.9944, 147.7555, 148.6780, 143.6911, 151.2549, 152.8752, 147.3674,
          149.7624, 156.4905, 147.6552, 151.1014, 152.5197, 158.0749, 154.2937,
          148.6429, 159.1573, 148.2219, 149.6122, 146.0848, 155.1812, 142.5343,
          142.1210, 147.5196, 154.3817, 148.4585, 137.6236, 145.6012, 148.3855,
          154.2857, 142.6744]]], device='cuda:0')
Total Sum for i 7: tensor([[[150.2210, 153.3170, 146.0066, 142.3313, 150.7218, 152.1081, 149.9900,
          147.8072, 151.6461, 148.6371, 152.4177, 148.0170, 155.2877, 154.2674,
          146.2464, 158.2123, 149.5191, 150.2336, 145.1290, 155.1048, 146.1870,
          140.0927, 149.3676, 154.8250, 143.9352, 139.5565, 146.8380, 149.1881,
          157.0124, 145.7764]]], device='cuda:0')
Total Sum for i 8: tensor([[[151.8458, 151.7666, 142.0746, 142.2011, 152.2259, 151.3079, 147.2130,
          145.1425, 153.3509, 148.5418, 151.1922, 149.5736, 154.9491, 155.0201,
          146.9115, 157.5586, 146.0401, 149.9702, 144.6769, 155.3824, 148.7375,
          141.7734, 147.8883, 158.1818, 144.0016, 139.8573, 148.1010, 153.9756,
          155.7181, 144.8207]]], device='cuda:0')
Total Sum for i 9: tensor([[[148.1592, 154.9432, 145.9024, 140.8126, 153.7137, 149.8627, 148.8499,
          146.3568, 153.4453, 144.8084, 153.4919, 148.5542, 153.6482, 157.9863,
          148.4239, 160.3564, 149.4836, 150.4447, 143.7620, 155.2458, 146.3462,
          141.3054, 147.0638, 154.2435, 144.9075, 137.3640, 149.2289, 150.2944,
          155.8488, 145.1464]]], device='cuda:0')
Total Sum for i 10: tensor([[[151.5778, 151.4882, 144.6788, 140.4108, 155.2863, 152.0006, 153.2964,
          150.1291, 155.5898, 146.1374, 153.0344, 151.3547, 153.8900, 154.9195,
          147.0336, 158.0798, 145.2591, 148.2404, 144.8694, 158.1198, 143.3877,
          140.3009, 146.8583, 157.0480, 144.9698, 132.8571, 148.8585, 151.5534,
          154.2324, 144.5383]]], device='cuda:0')
Total Sum for i 11: tensor([[[151.3181, 152.7580, 143.3856, 140.1344, 153.6619, 152.5921, 148.3983,
          144.5449, 154.8824, 144.3187, 149.4173, 151.8783, 155.1759, 155.9220,
          149.5778, 157.7849, 147.9618, 150.7946, 147.6512, 158.3603, 145.2348,
          140.2991, 145.6780, 158.9451, 148.3641, 135.2680, 145.0280, 151.1647,
          155.4817, 144.0181]]], device='cuda:0')
Total Sum for i 12: tensor([[[151.4070, 149.8475, 147.3895, 141.3615, 151.8120, 152.1636, 149.0932,
          146.1852, 154.6753, 149.0187, 150.9090, 149.5233, 154.3267, 154.1676,
          149.0209, 159.7691, 148.2434, 148.8087, 144.5924, 158.4930, 146.1054,
          140.8397, 147.7982, 156.3964, 143.9452, 136.8306, 146.1104, 151.8470,
          153.2658, 146.0538]]], device='cuda:0')
Total Sum for i 13: tensor([[[150.1637, 150.6241, 145.4523, 143.8252, 149.2868, 151.3758, 148.9161,
          144.6876, 153.7050, 151.2059, 148.7614, 149.1558, 154.3401, 154.9961,
          148.8333, 157.3062, 149.3130, 149.8890, 147.1414, 154.9942, 147.5704,
          139.4296, 148.2092, 158.0593, 145.5594, 139.5276, 145.8358, 151.8781,
          153.8995, 146.0579]]], device='cuda:0')
Total Sum for i 14: tensor([[[151.7855, 148.5049, 147.6547, 142.4369, 155.3415, 151.8671, 149.0526,
          145.6447, 154.6644, 146.1023, 150.5227, 150.7923, 155.0308, 153.6981,
          148.1636, 157.9833, 147.9767, 147.1466, 145.2912, 158.6232, 144.2209,
          141.6183, 147.1978, 160.0876, 146.4167, 137.0686, 147.0343, 152.1043,
          152.2506, 143.7178]]], device='cuda:0')
Total Sum for i 15: tensor([[[150.6808, 149.7829, 150.0889, 143.1825, 148.8572, 149.7422, 149.2984,
          145.6510, 154.5097, 149.2622, 151.2230, 148.9031, 155.2436, 153.1117,
          146.2749, 157.9871, 148.3134, 149.5471, 144.8164, 154.9415, 147.1054,
          142.3071, 151.4177, 153.7883, 141.9225, 144.4284, 148.5103, 148.7590,
          154.6559, 145.6877]]], device='cuda:0')
Total Sum for i 16: tensor([[[147.1553, 149.2554, 149.3445, 139.0045, 151.2999, 153.2285, 150.6435,
          146.8410, 158.2171, 146.7230, 150.1729, 152.0190, 156.0560, 152.8547,
          148.2538, 156.9769, 149.2135, 148.2715, 146.8928, 156.5753, 145.9149,
          142.3508, 147.2171, 156.2336, 146.9290, 137.1246, 146.8363, 150.4530,
          153.2815, 144.6603]]], device='cuda:0')
Total Sum for i 17: tensor([[[150.2900, 150.3091, 144.4954, 142.2516, 150.4211, 152.4919, 149.1203,
          145.6472, 152.9552, 145.7186, 150.3187, 152.1691, 158.0955, 155.9566,
          150.0096, 157.6370, 151.2131, 150.7471, 148.0712, 157.1689, 146.1355,
          139.7609, 146.6730, 153.7005, 144.5359, 140.3234, 143.8383, 149.4588,
          156.7405, 143.7458]]], device='cuda:0')
Total Sum for i 18: tensor([[[150.9313, 146.5534, 150.2993, 145.4256, 149.8251, 150.3901, 146.0610,
          144.7188, 151.4085, 144.4101, 151.9299, 153.1642, 152.3535, 154.0413,
          149.3261, 159.0076, 144.9903, 145.9265, 148.9299, 156.8592, 146.8209,
          144.6834, 142.1608, 161.4143, 145.7443, 139.1282, 143.9893, 150.8756,
          158.6026, 150.0292]]], device='cuda:0')
Total Sum for i 19: tensor([[[150.1528, 158.5061, 144.7068, 140.6795, 152.7307, 153.3456, 146.8155,
          145.1543, 152.5719, 148.3200, 153.8737, 152.4106, 153.7416, 154.1372,
          148.6486, 161.3648, 149.4716, 147.5003, 145.7784, 156.9111, 145.2696,
          138.0504, 146.3535, 152.5653, 145.2941, 137.6344, 149.2698, 149.7591,
          153.3258, 145.6568]]], device='cuda:0')
Total Sum for i 20: tensor([[[151.0721, 149.8103, 148.7224, 141.4629, 150.1379, 152.8472, 148.1222,
          144.0285, 155.2458, 150.4047, 151.3962, 147.3862, 156.2598, 152.7562,
          145.4902, 158.1430, 146.2148, 148.2266, 146.2356, 154.4072, 145.9444,
          141.4027, 152.2927, 156.4715, 144.6383, 142.7253, 147.6301, 152.5502,
          152.9914, 144.9835]]], device='cuda:0')
Total Sum for i 21: tensor([[[152.3321, 150.1138, 145.1362, 143.7355, 152.6837, 149.3588, 147.6164,
          145.6592, 154.7459, 147.5232, 151.3925, 150.2115, 153.4663, 152.6401,
          149.8800, 156.5302, 147.3917, 150.0060, 145.5961, 155.0725, 148.5045,
          141.2445, 148.6387, 158.5313, 146.4318, 139.2705, 143.8995, 150.8539,
          155.2669, 146.2667]]], device='cuda:0')
Total Sum for i 22: tensor([[[152.3862, 148.9816, 149.4402, 143.7429, 151.1404, 149.8617, 146.4329,
          144.4028, 152.9830, 150.8168, 152.4083, 150.5353, 154.5339, 152.7360,
          145.0776, 157.6423, 146.5541, 148.2587, 145.7917, 153.6109, 147.1969,
          143.2968, 151.5055, 156.0460, 143.0313, 141.7229, 148.8584, 152.6030,
          153.3445, 145.0575]]], device='cuda:0')
Total Sum for i 23: tensor([[[150.5889, 149.7847, 151.5153, 142.2058, 151.1748, 148.9870, 147.2225,
          144.4078, 156.2039, 156.4440, 150.0611, 146.4672, 153.2933, 156.4356,
          141.1413, 159.7632, 144.0268, 151.3421, 143.1660, 155.1673, 144.3481,
          142.4260, 153.8595, 156.2867, 141.6463, 143.7644, 147.5510, 154.0737,
          152.4781, 144.1676]]], device='cuda:0')
Total Sum for i 24: tensor([[[150.1945, 151.5606, 147.8297, 144.4230, 153.6605, 149.7714, 147.9938,
          146.3836, 153.8531, 146.8164, 154.1038, 151.5750, 154.3526, 155.7633,
          143.1635, 160.1686, 149.6962, 146.6472, 149.3669, 152.2702, 147.7297,
          141.2983, 149.9816, 154.2753, 143.7320, 136.9703, 147.5889, 146.9489,
          155.3984, 146.4829]]], device='cuda:0')
Total Sum for i 25: tensor([[[150.7472, 149.1559, 150.2234, 144.8183, 147.5190, 150.1477, 149.6366,
          145.5834, 154.1514, 149.0895, 150.1593, 149.4822, 156.9742, 152.8020,
          142.3872, 161.3429, 148.1940, 150.4836, 146.7472, 153.9903, 146.4716,
          140.5980, 154.3570, 153.2106, 143.4773, 146.3616, 146.7692, 150.3125,
          150.1580, 144.6489]]], device='cuda:0')
Total Sum for i 26: tensor([[[149.3141, 149.0867, 147.0285, 140.2831, 155.1918, 152.0496, 150.3166,
          148.5806, 158.9488, 145.4717, 151.2742, 149.9162, 155.8928, 155.5613,
          146.5669, 157.2907, 146.8830, 148.3565, 148.7472, 155.2785, 142.4498,
          140.8088, 148.1421, 157.5209, 144.4954, 135.1303, 146.1918, 149.1517,
          158.2888, 145.7818]]], device='cuda:0')
Total Sum for i 27: tensor([[[148.1141, 152.0266, 146.0528, 142.0850, 150.9550, 148.6186, 148.0977,
          145.4194, 152.2246, 145.7897, 154.4577, 150.2271, 155.8628, 158.8857,
          147.1062, 161.8029, 151.9620, 149.8690, 147.0355, 153.9866, 145.6557,
          140.7280, 146.8458, 154.8155, 144.5138, 137.3831, 146.8715, 150.7499,
          155.4985, 146.3589]]], device='cuda:0')
Total Sum for i 28: tensor([[[150.3662, 147.8685, 147.6581, 140.8564, 154.1299, 154.0406, 150.2150,
          149.4862, 152.6731, 148.7224, 150.4455, 150.6243, 155.7435, 156.5689,
          150.0771, 158.4848, 148.3534, 147.3888, 144.4077, 155.7536, 142.2713,
          142.9274, 144.3650, 157.7026, 146.0351, 135.2549, 146.8396, 151.2215,
          155.4660, 144.0525]]], device='cuda:0')
Total Sum for i 29: tensor([[[151.6870, 147.1739, 149.4798, 141.4764, 151.3808, 152.4434, 152.4083,
          142.9233, 157.5776, 150.4243, 151.1152, 146.6503, 154.5791, 155.9196,
          143.1124, 157.9820, 145.0172, 151.5110, 146.5589, 154.4265, 144.7264,
          138.3031, 152.6656, 154.0783, 142.5553, 142.3836, 149.3550, 151.8204,
          154.6042, 145.6611]]], device='cuda:0')
