Total Sum for i 0: tensor([[[148.2647, 151.3769, 147.9147, 141.5858, 153.9894, 154.5683, 149.5332,
          145.3366, 155.6279, 148.7125, 151.9117, 147.2896, 157.0772, 154.9960,
          142.5977, 157.4137, 144.6870, 152.6399, 147.0660, 154.4819, 144.0446,
          139.8647, 151.6603, 153.5177, 145.5735, 140.0190, 146.0316, 152.0343,
          154.8556, 145.3279]]], device='cuda:0')
Total Sum for i 1: tensor([[[153.0101, 150.2793, 147.0900, 143.4406, 150.0438, 149.9352, 150.5547,
          142.8073, 153.6781, 151.2212, 151.9337, 148.3581, 155.0603, 152.6383,
          146.5110, 157.4099, 148.7318, 148.8099, 144.4411, 154.8414, 148.6704,
          140.1101, 151.0969, 156.2846, 141.9889, 143.1073, 145.7194, 152.8318,
          155.1174, 144.2774]]], device='cuda:0')
Total Sum for i 2: tensor([[[151.1094, 146.7299, 150.7614, 141.7852, 152.4833, 152.7783, 148.1527,
          147.0524, 152.5114, 146.2325, 153.5704, 150.8530, 153.9197, 158.0354,
          148.4573, 159.2751, 147.4996, 147.4228, 146.5872, 154.7770, 143.5738,
          142.1422, 147.5711, 156.8044, 144.3645, 138.3134, 149.8825, 150.5695,
          153.4472, 143.3375]]], device='cuda:0')
Total Sum for i 3: tensor([[[150.4971, 150.7865, 154.1211, 145.9915, 149.6077, 147.6459, 150.4980,
          143.4302, 154.3151, 149.9092, 149.4378, 152.9362, 153.9808, 152.1358,
          144.1290, 161.9460, 152.5812, 150.0388, 148.5743, 154.2623, 148.3668,
          139.0571, 149.2897, 150.1792, 142.0385, 142.9267, 144.7794, 144.1229,
          152.5576, 149.8575]]], device='cuda:0')
Total Sum for i 4: tensor([[[151.7554, 150.4870, 146.2604, 141.7995, 153.1019, 150.9113, 148.1851,
          144.1793, 155.3144, 144.4523, 148.8670, 151.3793, 152.8073, 156.1780,
          150.7113, 156.8002, 151.0101, 149.9190, 146.2914, 156.6870, 146.7764,
          142.7054, 145.3458, 156.4619, 147.1194, 136.8489, 143.9662, 153.2344,
          154.6620, 145.7822]]], device='cuda:0')
Total Sum for i 5: tensor([[[148.5253, 149.7925, 147.0263, 140.8969, 150.1637, 150.6864, 149.0420,
          145.5609, 156.9459, 147.2924, 151.6884, 151.5973, 156.8579, 155.9009,
          147.3179, 160.4669, 147.4821, 147.9332, 148.2616, 155.4318, 145.6085,
          142.8201, 150.1607, 153.6391, 144.7148, 137.6264, 145.8943, 148.2865,
          156.3744, 146.0047]]], device='cuda:0')
Total Sum for i 6: tensor([[[147.9262, 147.3107, 150.9982, 140.4925, 151.7158, 151.4641, 150.8525,
          148.3257, 154.4105, 151.2289, 151.7428, 150.2814, 155.9902, 155.4757,
          151.4657, 157.0524, 146.7776, 149.3915, 143.9360, 156.1311, 145.4467,
          144.5317, 146.5903, 155.7429, 145.0531, 136.3037, 147.0541, 150.5777,
          153.3720, 142.3583]]], device='cuda:0')
Total Sum for i 7: tensor([[[146.5855, 151.8974, 146.8267, 142.0037, 151.9492, 151.2785, 148.3065,
          145.6326, 154.9475, 147.2336, 153.1354, 147.4591, 154.2964, 157.7622,
          146.0883, 158.1155, 148.8445, 150.1917, 144.3363, 154.8447, 148.7824,
          140.9885, 146.9662, 156.3036, 146.2348, 138.1254, 147.3144, 152.4305,
          156.2050, 144.9136]]], device='cuda:0')
Total Sum for i 8: tensor([[[150.3926, 152.2773, 145.4949, 145.0833, 151.3604, 148.8554, 148.5986,
          143.1750, 153.4196, 147.2694, 149.8250, 150.5424, 155.0347, 154.9161,
          151.0836, 158.5097, 147.4733, 149.0948, 144.1078, 157.5882, 146.9300,
          139.4946, 145.1553, 158.1714, 145.6758, 139.5828, 148.2757, 152.8340,
          154.7921, 144.9866]]], device='cuda:0')
Total Sum for i 9: tensor([[[148.3755, 156.8223, 146.0569, 142.5016, 153.1327, 150.5521, 146.3291,
          146.8108, 150.7020, 148.3590, 153.9600, 147.4301, 152.4134, 155.1836,
          147.9467, 159.3305, 148.9544, 151.4140, 143.3022, 153.8896, 146.6962,
          139.7311, 145.4525, 159.3349, 144.6476, 136.3459, 152.0694, 153.3270,
          154.6047, 144.3240]]], device='cuda:0')
Total Sum for i 10: tensor([[[150.1105, 153.8298, 146.4788, 141.2050, 154.3004, 148.8726, 151.0191,
          148.9396, 152.8081, 145.5666, 155.2441, 149.8466, 152.7102, 157.1440,
          146.9367, 157.3325, 145.5303, 148.0695, 143.9624, 155.7265, 144.8302,
          140.7985, 147.8572, 158.0738, 144.7471, 135.0869, 149.3003, 152.4636,
          156.7824, 144.4263]]], device='cuda:0')
Total Sum for i 11: tensor([[[149.4301, 153.9409, 145.5674, 141.3324, 152.3406, 152.0094, 149.0556,
          144.3775, 152.9207, 144.6560, 149.9186, 152.6111, 153.7436, 156.9069,
          149.3040, 157.2820, 147.9675, 148.4925, 146.9037, 159.7205, 148.0519,
          141.7240, 142.3506, 158.9772, 147.5804, 136.2400, 146.4042, 152.1500,
          152.3512, 145.6897]]], device='cuda:0')
Total Sum for i 12: tensor([[[149.0407, 153.4560, 146.8053, 140.0171, 151.2327, 152.0055, 147.9450,
          146.1305, 155.5824, 146.4596, 149.8328, 150.3638, 155.5721, 156.4616,
          149.0798, 158.5664, 149.3507, 149.5181, 144.4414, 157.4713, 145.7554,
          141.5253, 147.2240, 156.5799, 145.8671, 137.2441, 148.0648, 150.6007,
          153.5943, 144.2115]]], device='cuda:0')
Total Sum for i 13: tensor([[[151.4641, 154.6256, 146.4482, 142.9997, 149.7186, 151.1398, 147.3307,
          143.5979, 153.4946, 149.3526, 149.8044, 151.1039, 154.2006, 153.8141,
          145.2370, 157.0415, 150.2182, 150.1913, 146.1187, 155.0357, 150.2891,
          140.7528, 148.5868, 156.9629, 142.4549, 140.8347, 147.9001, 150.5302,
          153.2437, 145.5077]]], device='cuda:0')
Total Sum for i 14: tensor([[[152.8312, 149.7197, 146.4569, 140.5481, 154.6836, 152.8038, 149.0918,
          144.9493, 154.6435, 146.2083, 148.4971, 151.2156, 154.7410, 154.5823,
          147.9780, 158.7622, 147.4635, 146.3553, 143.9557, 156.9278, 144.2076,
          141.3560, 146.9647, 161.5279, 147.4415, 135.5525, 146.2861, 155.0860,
          155.4722, 143.6908]]], device='cuda:0')
Total Sum for i 15: tensor([[[152.0615, 149.1293, 149.3443, 142.7769, 151.4700, 148.8464, 149.3788,
          146.5211, 155.8796, 150.0980, 152.6185, 149.6131, 155.2229, 152.0988,
          145.7115, 160.9576, 149.1724, 148.1982, 145.1670, 153.0943, 147.8321,
          140.3747, 150.8010, 154.3500, 143.1056, 142.1036, 146.7195, 147.9998,
          154.8568, 144.4967]]], device='cuda:0')
Total Sum for i 16: tensor([[[149.7499, 147.3208, 149.7533, 142.5122, 149.7788, 150.7448, 148.5474,
          143.0808, 151.3835, 149.8711, 151.5777, 151.5987, 156.4059, 154.1491,
          148.2087, 159.2040, 148.8598, 149.3003, 145.0067, 155.7965, 145.1342,
          144.9718, 149.4174, 152.5786, 145.2356, 140.5048, 149.5949, 151.3137,
          153.1859, 145.2130]]], device='cuda:0')
Total Sum for i 17: tensor([[[150.9907, 153.0158, 144.9850, 142.2234, 150.3863, 152.4292, 148.7852,
          144.4327, 154.1380, 147.0108, 149.8182, 151.6868, 156.6816, 154.4367,
          150.7520, 154.4767, 147.2355, 151.0163, 146.1120, 158.1828, 148.6254,
          141.4112, 146.4575, 154.4943, 145.6166, 139.2731, 142.6666, 151.7840,
          155.9144, 144.9612]]], device='cuda:0')
Total Sum for i 18: tensor([[[149.7080, 146.8183, 149.7861, 143.1806, 150.0996, 152.1535, 145.6567,
          144.1654, 152.7034, 146.3261, 151.5939, 152.4616, 151.8534, 153.4674,
          148.6978, 156.5600, 146.4056, 147.6660, 148.9751, 157.0235, 148.5434,
          144.7100, 145.1709, 159.2542, 147.2579, 136.4949, 145.5510, 151.3736,
          157.0361, 149.3058]]], device='cuda:0')
Total Sum for i 19: tensor([[[149.6783, 157.8042, 145.7902, 142.7823, 150.7926, 151.8164, 150.3693,
          144.2444, 153.9066, 151.3375, 151.3378, 150.7174, 153.8035, 154.4996,
          148.7449, 162.4094, 148.8986, 148.2291, 143.6151, 156.0829, 145.9179,
          136.6655, 146.2937, 154.3316, 143.8692, 139.5552, 149.3935, 149.7536,
          152.6390, 144.7207]]], device='cuda:0')
Total Sum for i 20: tensor([[[150.2755, 149.8094, 148.0500, 142.0352, 150.6723, 150.2658, 148.8899,
          146.5883, 154.7652, 148.3294, 151.1989, 147.7533, 156.2517, 158.6757,
          147.4266, 156.8776, 147.2671, 149.1505, 146.7713, 154.3658, 145.9022,
          141.2297, 149.4465, 157.0534, 144.1689, 141.1205, 147.3568, 150.7191,
          151.9727, 145.6107]]], device='cuda:0')
Total Sum for i 21: tensor([[[152.1991, 150.6852, 145.9623, 143.9471, 149.7880, 152.4297, 149.1889,
          146.1517, 154.8405, 146.1684, 152.1002, 148.4059, 153.1561, 154.5945,
          149.7183, 154.6689, 149.4185, 148.2330, 148.0999, 153.6294, 148.4063,
          143.1721, 149.0534, 157.0247, 144.3767, 139.4476, 144.0540, 151.6371,
          153.8042, 145.6383]]], device='cuda:0')
Total Sum for i 22: tensor([[[150.8512, 148.6847, 149.0378, 142.8184, 152.2586, 149.2615, 147.1446,
          144.6873, 155.7759, 151.4202, 150.6376, 149.5590, 153.6894, 152.4785,
          145.3653, 159.4121, 145.0401, 149.1902, 143.9886, 154.7551, 148.9818,
          142.2708, 152.6989, 156.0109, 141.0172, 141.6812, 147.8490, 153.3203,
          153.1966, 146.9175]]], device='cuda:0')
Total Sum for i 23: tensor([[[151.2275, 148.1757, 148.6484, 141.1731, 153.2993, 153.0791, 147.8171,
          142.8812, 156.6263, 154.1760, 152.3785, 144.8606, 153.6538, 153.1665,
          143.5353, 157.4618, 142.3560, 152.5464, 142.8992, 154.1578, 143.8221,
          142.2049, 154.6603, 157.3245, 141.3952, 142.9946, 148.8737, 153.0584,
          156.6735, 144.8731]]], device='cuda:0')
Total Sum for i 24: tensor([[[148.5326, 155.5586, 147.9320, 144.1274, 152.5591, 152.3363, 146.4462,
          146.0456, 152.6937, 150.1691, 153.2081, 153.0686, 152.8182, 152.9625,
          144.3114, 162.3206, 150.4173, 149.5926, 146.5719, 154.3986, 145.4444,
          140.2479, 145.9948, 155.5831, 143.2875, 138.4603, 147.8423, 148.2512,
          151.8101, 147.0080]]], device='cuda:0')
Total Sum for i 25: tensor([[[151.4722, 151.4942, 151.2135, 143.8623, 147.9244, 150.4942, 148.6189,
          143.6576, 154.0815, 148.5594, 150.7405, 148.6623, 154.7610, 152.2481,
          145.0781, 159.6229, 147.1741, 149.1882, 145.0926, 154.4275, 146.9897,
          140.8208, 153.5461, 155.9394, 142.0451, 147.0386, 147.4619, 150.9584,
          150.8804, 145.9462]]], device='cuda:0')
Total Sum for i 26: tensor([[[147.5810, 149.6903, 147.2167, 140.6461, 152.1790, 151.4014, 148.1578,
          146.1926, 154.6812, 145.8686, 153.5324, 151.2127, 155.1119, 159.3666,
          148.9012, 159.1346, 147.4850, 151.3258, 149.1558, 155.2790, 147.7102,
          141.4852, 146.0617, 154.8506, 143.3906, 134.4213, 146.8153, 150.8391,
          155.5763, 144.7299]]], device='cuda:0')
Total Sum for i 27: tensor([[[147.6219, 152.9182, 148.6282, 142.1914, 151.2694, 151.2820, 147.7398,
          147.3461, 152.0646, 145.7153, 153.6181, 149.3359, 154.4605, 156.7151,
          146.1835, 162.0053, 151.3619, 148.2143, 147.2192, 155.1541, 144.4064,
          139.5759, 147.6566, 154.8236, 146.5757, 136.6027, 148.3027, 151.0343,
          154.3061, 145.6711]]], device='cuda:0')
Total Sum for i 28: tensor([[[151.4852, 145.7275, 149.7140, 140.0401, 154.0380, 151.8579, 150.9625,
          145.9852, 153.0316, 148.9815, 154.0796, 152.4198, 155.6911, 154.7492,
          149.6385, 162.4223, 148.5973, 146.4212, 144.2633, 153.7912, 142.5178,
          143.5445, 146.7259, 158.2518, 142.6764, 136.8130, 148.5587, 149.5425,
          155.0035, 142.4689]]], device='cuda:0')
Total Sum for i 29: tensor([[[148.6054, 150.2787, 149.1338, 142.9802, 152.7664, 150.9909, 150.9448,
          146.9765, 157.3891, 150.1492, 150.5084, 150.2787, 155.6606, 155.3266,
          143.1967, 157.4003, 147.5219, 152.5531, 145.0847, 156.6422, 143.2909,
          136.8683, 151.3879, 151.6184, 145.3630, 142.5780, 146.6269, 151.8174,
          152.0574, 144.0035]]], device='cuda:0')
