MoloraConfig(peft_type=<PeftType.MOLORA: 'MOLORA'>, auto_mapping=None, base_model_name_or_path=None, revision=None, task_type='CAUSAL_LM', inference_mode=False, r=16, target_modules=['q_proj', 'v_proj'], lora_alpha=32, lora_dropout=0.1, fan_in_fan_out=False, bias='none', modules_to_save=None, init_lora_weights=True, layers_to_transform=None, layers_pattern=None, rank_pattern={}, alpha_pattern={}, num_experts=5, only_router=True, train_single_expert=False, experts_to_combine=['expert_0', 'expert_1', 'expert_2', 'expert_3', 'expert_4'], top_k=0, top_p=0.0, self_attn_router=True)
PeftModelForCausalLM(
  (base_model): MoloraModel(
    (model): LlamaForCausalLM(
      (model): LlamaModel(
        (embed_tokens): Embedding(32000, 4096)
        (layers): ModuleList(
          (0-31): 32 x LlamaDecoderLayer(
            (self_attn): LlamaAttention(
              (q_proj): Linear4bit(
                in_features=4096, out_features=4096, bias=False
                (lora_dropout): ModuleDict(
                  (default): Dropout(p=0.1, inplace=False)
                )
                (lora_A): ParameterDict(  (default): Parameter containing: [torch.cuda.FloatTensor of size 5x4096x16 (GPU 0)])
                (lora_B): ParameterDict(  (default): Parameter containing: [torch.cuda.FloatTensor of size 5x16x4096 (GPU 0)])
                (lora_router): ModuleDict(
                  (default): SelfAttentionRouter(
                    (query): Linear(in_features=4096, out_features=4, bias=True)
                    (key): Linear(in_features=4096, out_features=4, bias=True)
                    (value): Linear(in_features=4096, out_features=4096, bias=True)
                  )
                )
              )
              (k_proj): Linear4bit(in_features=4096, out_features=4096, bias=False)
              (v_proj): Linear4bit(
                in_features=4096, out_features=4096, bias=False
                (lora_dropout): ModuleDict(
                  (default): Dropout(p=0.1, inplace=False)
                )
                (lora_A): ParameterDict(  (default): Parameter containing: [torch.cuda.FloatTensor of size 5x4096x16 (GPU 0)])
                (lora_B): ParameterDict(  (default): Parameter containing: [torch.cuda.FloatTensor of size 5x16x4096 (GPU 0)])
                (lora_router): ModuleDict(
                  (default): SelfAttentionRouter(
                    (query): Linear(in_features=4096, out_features=4, bias=True)
                    (key): Linear(in_features=4096, out_features=4, bias=True)
                    (value): Linear(in_features=4096, out_features=4096, bias=True)
                  )
                )
              )
              (o_proj): Linear4bit(in_features=4096, out_features=4096, bias=False)
              (rotary_emb): LlamaRotaryEmbedding()
            )
            (mlp): LlamaMLP(
              (gate_proj): Linear4bit(in_features=4096, out_features=11008, bias=False)
              (up_proj): Linear4bit(in_features=4096, out_features=11008, bias=False)
              (down_proj): Linear4bit(in_features=11008, out_features=4096, bias=False)
              (act_fn): SiLUActivation()
            )
            (input_layernorm): LlamaRMSNorm()
            (post_attention_layernorm): LlamaRMSNorm()
          )
        )
        (norm): LlamaRMSNorm()
      )
      (lm_head): Linear(in_features=4096, out_features=32000, bias=False)
    )
  )
)
trainable params: 1,076,101,632 || all params: 7,856,460,288 || trainable%: 13.697028846994154
base_model.model.model.layers.0.self_attn.q_proj.lora_router.default.query.weight
base_model.model.model.layers.0.self_attn.q_proj.lora_router.default.query.bias
base_model.model.model.layers.0.self_attn.q_proj.lora_router.default.key.weight
base_model.model.model.layers.0.self_attn.q_proj.lora_router.default.key.bias
base_model.model.model.layers.0.self_attn.q_proj.lora_router.default.value.weight
base_model.model.model.layers.0.self_attn.q_proj.lora_router.default.value.bias
base_model.model.model.layers.0.self_attn.v_proj.lora_router.default.query.weight
base_model.model.model.layers.0.self_attn.v_proj.lora_router.default.query.bias
base_model.model.model.layers.0.self_attn.v_proj.lora_router.default.key.weight
base_model.model.model.layers.0.self_attn.v_proj.lora_router.default.key.bias
base_model.model.model.layers.0.self_attn.v_proj.lora_router.default.value.weight
base_model.model.model.layers.0.self_attn.v_proj.lora_router.default.value.bias
base_model.model.model.layers.1.self_attn.q_proj.lora_router.default.query.weight
base_model.model.model.layers.1.self_attn.q_proj.lora_router.default.query.bias
base_model.model.model.layers.1.self_attn.q_proj.lora_router.default.key.weight
base_model.model.model.layers.1.self_attn.q_proj.lora_router.default.key.bias
base_model.model.model.layers.1.self_attn.q_proj.lora_router.default.value.weight
base_model.model.model.layers.1.self_attn.q_proj.lora_router.default.value.bias
base_model.model.model.layers.1.self_attn.v_proj.lora_router.default.query.weight
base_model.model.model.layers.1.self_attn.v_proj.lora_router.default.query.bias
base_model.model.model.layers.1.self_attn.v_proj.lora_router.default.key.weight
base_model.model.model.layers.1.self_attn.v_proj.lora_router.default.key.bias
base_model.model.model.layers.1.self_attn.v_proj.lora_router.default.value.weight
base_model.model.model.layers.1.self_attn.v_proj.lora_router.default.value.bias
base_model.model.model.layers.2.self_attn.q_proj.lora_router.default.query.weight
base_model.model.model.layers.2.self_attn.q_proj.lora_router.default.query.bias
base_model.model.model.layers.2.self_attn.q_proj.lora_router.default.key.weight
base_model.model.model.layers.2.self_attn.q_proj.lora_router.default.key.bias
base_model.model.model.layers.2.self_attn.q_proj.lora_router.default.value.weight
base_model.model.model.layers.2.self_attn.q_proj.lora_router.default.value.bias
base_model.model.model.layers.2.self_attn.v_proj.lora_router.default.query.weight
base_model.model.model.layers.2.self_attn.v_proj.lora_router.default.query.bias
base_model.model.model.layers.2.self_attn.v_proj.lora_router.default.key.weight
base_model.model.model.layers.2.self_attn.v_proj.lora_router.default.key.bias
base_model.model.model.layers.2.self_attn.v_proj.lora_router.default.value.weight
base_model.model.model.layers.2.self_attn.v_proj.lora_router.default.value.bias
base_model.model.model.layers.3.self_attn.q_proj.lora_router.default.query.weight
base_model.model.model.layers.3.self_attn.q_proj.lora_router.default.query.bias
base_model.model.model.layers.3.self_attn.q_proj.lora_router.default.key.weight
base_model.model.model.layers.3.self_attn.q_proj.lora_router.default.key.bias
base_model.model.model.layers.3.self_attn.q_proj.lora_router.default.value.weight
base_model.model.model.layers.3.self_attn.q_proj.lora_router.default.value.bias
base_model.model.model.layers.3.self_attn.v_proj.lora_router.default.query.weight
base_model.model.model.layers.3.self_attn.v_proj.lora_router.default.query.bias
base_model.model.model.layers.3.self_attn.v_proj.lora_router.default.key.weight
base_model.model.model.layers.3.self_attn.v_proj.lora_router.default.key.bias
base_model.model.model.layers.3.self_attn.v_proj.lora_router.default.value.weight
base_model.model.model.layers.3.self_attn.v_proj.lora_router.default.value.bias
base_model.model.model.layers.4.self_attn.q_proj.lora_router.default.query.weight
base_model.model.model.layers.4.self_attn.q_proj.lora_router.default.query.bias
base_model.model.model.layers.4.self_attn.q_proj.lora_router.default.key.weight
base_model.model.model.layers.4.self_attn.q_proj.lora_router.default.key.bias
base_model.model.model.layers.4.self_attn.q_proj.lora_router.default.value.weight
base_model.model.model.layers.4.self_attn.q_proj.lora_router.default.value.bias
base_model.model.model.layers.4.self_attn.v_proj.lora_router.default.query.weight
base_model.model.model.layers.4.self_attn.v_proj.lora_router.default.query.bias
base_model.model.model.layers.4.self_attn.v_proj.lora_router.default.key.weight
base_model.model.model.layers.4.self_attn.v_proj.lora_router.default.key.bias
base_model.model.model.layers.4.self_attn.v_proj.lora_router.default.value.weight
base_model.model.model.layers.4.self_attn.v_proj.lora_router.default.value.bias
base_model.model.model.layers.5.self_attn.q_proj.lora_router.default.query.weight
base_model.model.model.layers.5.self_attn.q_proj.lora_router.default.query.bias
base_model.model.model.layers.5.self_attn.q_proj.lora_router.default.key.weight
base_model.model.model.layers.5.self_attn.q_proj.lora_router.default.key.bias
base_model.model.model.layers.5.self_attn.q_proj.lora_router.default.value.weight
base_model.model.model.layers.5.self_attn.q_proj.lora_router.default.value.bias
base_model.model.model.layers.5.self_attn.v_proj.lora_router.default.query.weight
base_model.model.model.layers.5.self_attn.v_proj.lora_router.default.query.bias
base_model.model.model.layers.5.self_attn.v_proj.lora_router.default.key.weight
base_model.model.model.layers.5.self_attn.v_proj.lora_router.default.key.bias
base_model.model.model.layers.5.self_attn.v_proj.lora_router.default.value.weight
base_model.model.model.layers.5.self_attn.v_proj.lora_router.default.value.bias
base_model.model.model.layers.6.self_attn.q_proj.lora_router.default.query.weight
base_model.model.model.layers.6.self_attn.q_proj.lora_router.default.query.bias
base_model.model.model.layers.6.self_attn.q_proj.lora_router.default.key.weight
base_model.model.model.layers.6.self_attn.q_proj.lora_router.default.key.bias
base_model.model.model.layers.6.self_attn.q_proj.lora_router.default.value.weight
base_model.model.model.layers.6.self_attn.q_proj.lora_router.default.value.bias
base_model.model.model.layers.6.self_attn.v_proj.lora_router.default.query.weight
base_model.model.model.layers.6.self_attn.v_proj.lora_router.default.query.bias
base_model.model.model.layers.6.self_attn.v_proj.lora_router.default.key.weight
base_model.model.model.layers.6.self_attn.v_proj.lora_router.default.key.bias
base_model.model.model.layers.6.self_attn.v_proj.lora_router.default.value.weight
base_model.model.model.layers.6.self_attn.v_proj.lora_router.default.value.bias
base_model.model.model.layers.7.self_attn.q_proj.lora_router.default.query.weight
base_model.model.model.layers.7.self_attn.q_proj.lora_router.default.query.bias
base_model.model.model.layers.7.self_attn.q_proj.lora_router.default.key.weight
base_model.model.model.layers.7.self_attn.q_proj.lora_router.default.key.bias
base_model.model.model.layers.7.self_attn.q_proj.lora_router.default.value.weight
base_model.model.model.layers.7.self_attn.q_proj.lora_router.default.value.bias
base_model.model.model.layers.7.self_attn.v_proj.lora_router.default.query.weight
base_model.model.model.layers.7.self_attn.v_proj.lora_router.default.query.bias
base_model.model.model.layers.7.self_attn.v_proj.lora_router.default.key.weight
base_model.model.model.layers.7.self_attn.v_proj.lora_router.default.key.bias
base_model.model.model.layers.7.self_attn.v_proj.lora_router.default.value.weight
base_model.model.model.layers.7.self_attn.v_proj.lora_router.default.value.bias
base_model.model.model.layers.8.self_attn.q_proj.lora_router.default.query.weight
base_model.model.model.layers.8.self_attn.q_proj.lora_router.default.query.bias
base_model.model.model.layers.8.self_attn.q_proj.lora_router.default.key.weight
base_model.model.model.layers.8.self_attn.q_proj.lora_router.default.key.bias
base_model.model.model.layers.8.self_attn.q_proj.lora_router.default.value.weight
base_model.model.model.layers.8.self_attn.q_proj.lora_router.default.value.bias
base_model.model.model.layers.8.self_attn.v_proj.lora_router.default.query.weight
base_model.model.model.layers.8.self_attn.v_proj.lora_router.default.query.bias
base_model.model.model.layers.8.self_attn.v_proj.lora_router.default.key.weight
base_model.model.model.layers.8.self_attn.v_proj.lora_router.default.key.bias
base_model.model.model.layers.8.self_attn.v_proj.lora_router.default.value.weight
base_model.model.model.layers.8.self_attn.v_proj.lora_router.default.value.bias
base_model.model.model.layers.9.self_attn.q_proj.lora_router.default.query.weight
base_model.model.model.layers.9.self_attn.q_proj.lora_router.default.query.bias
base_model.model.model.layers.9.self_attn.q_proj.lora_router.default.key.weight
base_model.model.model.layers.9.self_attn.q_proj.lora_router.default.key.bias
base_model.model.model.layers.9.self_attn.q_proj.lora_router.default.value.weight
base_model.model.model.layers.9.self_attn.q_proj.lora_router.default.value.bias
base_model.model.model.layers.9.self_attn.v_proj.lora_router.default.query.weight
base_model.model.model.layers.9.self_attn.v_proj.lora_router.default.query.bias
base_model.model.model.layers.9.self_attn.v_proj.lora_router.default.key.weight
base_model.model.model.layers.9.self_attn.v_proj.lora_router.default.key.bias
base_model.model.model.layers.9.self_attn.v_proj.lora_router.default.value.weight
base_model.model.model.layers.9.self_attn.v_proj.lora_router.default.value.bias
base_model.model.model.layers.10.self_attn.q_proj.lora_router.default.query.weight
base_model.model.model.layers.10.self_attn.q_proj.lora_router.default.query.bias
base_model.model.model.layers.10.self_attn.q_proj.lora_router.default.key.weight
base_model.model.model.layers.10.self_attn.q_proj.lora_router.default.key.bias
base_model.model.model.layers.10.self_attn.q_proj.lora_router.default.value.weight
base_model.model.model.layers.10.self_attn.q_proj.lora_router.default.value.bias
base_model.model.model.layers.10.self_attn.v_proj.lora_router.default.query.weight
base_model.model.model.layers.10.self_attn.v_proj.lora_router.default.query.bias
base_model.model.model.layers.10.self_attn.v_proj.lora_router.default.key.weight
base_model.model.model.layers.10.self_attn.v_proj.lora_router.default.key.bias
base_model.model.model.layers.10.self_attn.v_proj.lora_router.default.value.weight
base_model.model.model.layers.10.self_attn.v_proj.lora_router.default.value.bias
base_model.model.model.layers.11.self_attn.q_proj.lora_router.default.query.weight
base_model.model.model.layers.11.self_attn.q_proj.lora_router.default.query.bias
base_model.model.model.layers.11.self_attn.q_proj.lora_router.default.key.weight
base_model.model.model.layers.11.self_attn.q_proj.lora_router.default.key.bias
base_model.model.model.layers.11.self_attn.q_proj.lora_router.default.value.weight
base_model.model.model.layers.11.self_attn.q_proj.lora_router.default.value.bias
base_model.model.model.layers.11.self_attn.v_proj.lora_router.default.query.weight
base_model.model.model.layers.11.self_attn.v_proj.lora_router.default.query.bias
base_model.model.model.layers.11.self_attn.v_proj.lora_router.default.key.weight
base_model.model.model.layers.11.self_attn.v_proj.lora_router.default.key.bias
base_model.model.model.layers.11.self_attn.v_proj.lora_router.default.value.weight
base_model.model.model.layers.11.self_attn.v_proj.lora_router.default.value.bias
base_model.model.model.layers.12.self_attn.q_proj.lora_router.default.query.weight
base_model.model.model.layers.12.self_attn.q_proj.lora_router.default.query.bias
base_model.model.model.layers.12.self_attn.q_proj.lora_router.default.key.weight
base_model.model.model.layers.12.self_attn.q_proj.lora_router.default.key.bias
base_model.model.model.layers.12.self_attn.q_proj.lora_router.default.value.weight
base_model.model.model.layers.12.self_attn.q_proj.lora_router.default.value.bias
base_model.model.model.layers.12.self_attn.v_proj.lora_router.default.query.weight
base_model.model.model.layers.12.self_attn.v_proj.lora_router.default.query.bias
base_model.model.model.layers.12.self_attn.v_proj.lora_router.default.key.weight
base_model.model.model.layers.12.self_attn.v_proj.lora_router.default.key.bias
base_model.model.model.layers.12.self_attn.v_proj.lora_router.default.value.weight
base_model.model.model.layers.12.self_attn.v_proj.lora_router.default.value.bias
base_model.model.model.layers.13.self_attn.q_proj.lora_router.default.query.weight
base_model.model.model.layers.13.self_attn.q_proj.lora_router.default.query.bias
base_model.model.model.layers.13.self_attn.q_proj.lora_router.default.key.weight
base_model.model.model.layers.13.self_attn.q_proj.lora_router.default.key.bias
base_model.model.model.layers.13.self_attn.q_proj.lora_router.default.value.weight
base_model.model.model.layers.13.self_attn.q_proj.lora_router.default.value.bias
base_model.model.model.layers.13.self_attn.v_proj.lora_router.default.query.weight
base_model.model.model.layers.13.self_attn.v_proj.lora_router.default.query.bias
base_model.model.model.layers.13.self_attn.v_proj.lora_router.default.key.weight
base_model.model.model.layers.13.self_attn.v_proj.lora_router.default.key.bias
base_model.model.model.layers.13.self_attn.v_proj.lora_router.default.value.weight
base_model.model.model.layers.13.self_attn.v_proj.lora_router.default.value.bias
base_model.model.model.layers.14.self_attn.q_proj.lora_router.default.query.weight
base_model.model.model.layers.14.self_attn.q_proj.lora_router.default.query.bias
base_model.model.model.layers.14.self_attn.q_proj.lora_router.default.key.weight
base_model.model.model.layers.14.self_attn.q_proj.lora_router.default.key.bias
base_model.model.model.layers.14.self_attn.q_proj.lora_router.default.value.weight
base_model.model.model.layers.14.self_attn.q_proj.lora_router.default.value.bias
base_model.model.model.layers.14.self_attn.v_proj.lora_router.default.query.weight
base_model.model.model.layers.14.self_attn.v_proj.lora_router.default.query.bias
base_model.model.model.layers.14.self_attn.v_proj.lora_router.default.key.weight
base_model.model.model.layers.14.self_attn.v_proj.lora_router.default.key.bias
base_model.model.model.layers.14.self_attn.v_proj.lora_router.default.value.weight
base_model.model.model.layers.14.self_attn.v_proj.lora_router.default.value.bias
base_model.model.model.layers.15.self_attn.q_proj.lora_router.default.query.weight
base_model.model.model.layers.15.self_attn.q_proj.lora_router.default.query.bias
base_model.model.model.layers.15.self_attn.q_proj.lora_router.default.key.weight
base_model.model.model.layers.15.self_attn.q_proj.lora_router.default.key.bias
base_model.model.model.layers.15.self_attn.q_proj.lora_router.default.value.weight
base_model.model.model.layers.15.self_attn.q_proj.lora_router.default.value.bias
base_model.model.model.layers.15.self_attn.v_proj.lora_router.default.query.weight
base_model.model.model.layers.15.self_attn.v_proj.lora_router.default.query.bias
base_model.model.model.layers.15.self_attn.v_proj.lora_router.default.key.weight
base_model.model.model.layers.15.self_attn.v_proj.lora_router.default.key.bias
base_model.model.model.layers.15.self_attn.v_proj.lora_router.default.value.weight
base_model.model.model.layers.15.self_attn.v_proj.lora_router.default.value.bias
base_model.model.model.layers.16.self_attn.q_proj.lora_router.default.query.weight
base_model.model.model.layers.16.self_attn.q_proj.lora_router.default.query.bias
base_model.model.model.layers.16.self_attn.q_proj.lora_router.default.key.weight
base_model.model.model.layers.16.self_attn.q_proj.lora_router.default.key.bias
base_model.model.model.layers.16.self_attn.q_proj.lora_router.default.value.weight
base_model.model.model.layers.16.self_attn.q_proj.lora_router.default.value.bias
base_model.model.model.layers.16.self_attn.v_proj.lora_router.default.query.weight
base_model.model.model.layers.16.self_attn.v_proj.lora_router.default.query.bias
base_model.model.model.layers.16.self_attn.v_proj.lora_router.default.key.weight
base_model.model.model.layers.16.self_attn.v_proj.lora_router.default.key.bias
base_model.model.model.layers.16.self_attn.v_proj.lora_router.default.value.weight
base_model.model.model.layers.16.self_attn.v_proj.lora_router.default.value.bias
base_model.model.model.layers.17.self_attn.q_proj.lora_router.default.query.weight
base_model.model.model.layers.17.self_attn.q_proj.lora_router.default.query.bias
base_model.model.model.layers.17.self_attn.q_proj.lora_router.default.key.weight
base_model.model.model.layers.17.self_attn.q_proj.lora_router.default.key.bias
base_model.model.model.layers.17.self_attn.q_proj.lora_router.default.value.weight
base_model.model.model.layers.17.self_attn.q_proj.lora_router.default.value.bias
base_model.model.model.layers.17.self_attn.v_proj.lora_router.default.query.weight
base_model.model.model.layers.17.self_attn.v_proj.lora_router.default.query.bias
base_model.model.model.layers.17.self_attn.v_proj.lora_router.default.key.weight
base_model.model.model.layers.17.self_attn.v_proj.lora_router.default.key.bias
base_model.model.model.layers.17.self_attn.v_proj.lora_router.default.value.weight
base_model.model.model.layers.17.self_attn.v_proj.lora_router.default.value.bias
base_model.model.model.layers.18.self_attn.q_proj.lora_router.default.query.weight
base_model.model.model.layers.18.self_attn.q_proj.lora_router.default.query.bias
base_model.model.model.layers.18.self_attn.q_proj.lora_router.default.key.weight
base_model.model.model.layers.18.self_attn.q_proj.lora_router.default.key.bias
base_model.model.model.layers.18.self_attn.q_proj.lora_router.default.value.weight
base_model.model.model.layers.18.self_attn.q_proj.lora_router.default.value.bias
base_model.model.model.layers.18.self_attn.v_proj.lora_router.default.query.weight
base_model.model.model.layers.18.self_attn.v_proj.lora_router.default.query.bias
base_model.model.model.layers.18.self_attn.v_proj.lora_router.default.key.weight
base_model.model.model.layers.18.self_attn.v_proj.lora_router.default.key.bias
base_model.model.model.layers.18.self_attn.v_proj.lora_router.default.value.weight
base_model.model.model.layers.18.self_attn.v_proj.lora_router.default.value.bias
base_model.model.model.layers.19.self_attn.q_proj.lora_router.default.query.weight
base_model.model.model.layers.19.self_attn.q_proj.lora_router.default.query.bias
base_model.model.model.layers.19.self_attn.q_proj.lora_router.default.key.weight
base_model.model.model.layers.19.self_attn.q_proj.lora_router.default.key.bias
base_model.model.model.layers.19.self_attn.q_proj.lora_router.default.value.weight
base_model.model.model.layers.19.self_attn.q_proj.lora_router.default.value.bias
base_model.model.model.layers.19.self_attn.v_proj.lora_router.default.query.weight
base_model.model.model.layers.19.self_attn.v_proj.lora_router.default.query.bias
base_model.model.model.layers.19.self_attn.v_proj.lora_router.default.key.weight
base_model.model.model.layers.19.self_attn.v_proj.lora_router.default.key.bias
base_model.model.model.layers.19.self_attn.v_proj.lora_router.default.value.weight
base_model.model.model.layers.19.self_attn.v_proj.lora_router.default.value.bias
base_model.model.model.layers.20.self_attn.q_proj.lora_router.default.query.weight
base_model.model.model.layers.20.self_attn.q_proj.lora_router.default.query.bias
base_model.model.model.layers.20.self_attn.q_proj.lora_router.default.key.weight
base_model.model.model.layers.20.self_attn.q_proj.lora_router.default.key.bias
base_model.model.model.layers.20.self_attn.q_proj.lora_router.default.value.weight
base_model.model.model.layers.20.self_attn.q_proj.lora_router.default.value.bias
base_model.model.model.layers.20.self_attn.v_proj.lora_router.default.query.weight
base_model.model.model.layers.20.self_attn.v_proj.lora_router.default.query.bias
base_model.model.model.layers.20.self_attn.v_proj.lora_router.default.key.weight
base_model.model.model.layers.20.self_attn.v_proj.lora_router.default.key.bias
base_model.model.model.layers.20.self_attn.v_proj.lora_router.default.value.weight
base_model.model.model.layers.20.self_attn.v_proj.lora_router.default.value.bias
base_model.model.model.layers.21.self_attn.q_proj.lora_router.default.query.weight
base_model.model.model.layers.21.self_attn.q_proj.lora_router.default.query.bias
base_model.model.model.layers.21.self_attn.q_proj.lora_router.default.key.weight
base_model.model.model.layers.21.self_attn.q_proj.lora_router.default.key.bias
base_model.model.model.layers.21.self_attn.q_proj.lora_router.default.value.weight
base_model.model.model.layers.21.self_attn.q_proj.lora_router.default.value.bias
base_model.model.model.layers.21.self_attn.v_proj.lora_router.default.query.weight
base_model.model.model.layers.21.self_attn.v_proj.lora_router.default.query.bias
base_model.model.model.layers.21.self_attn.v_proj.lora_router.default.key.weight
base_model.model.model.layers.21.self_attn.v_proj.lora_router.default.key.bias
base_model.model.model.layers.21.self_attn.v_proj.lora_router.default.value.weight
base_model.model.model.layers.21.self_attn.v_proj.lora_router.default.value.bias
base_model.model.model.layers.22.self_attn.q_proj.lora_router.default.query.weight
base_model.model.model.layers.22.self_attn.q_proj.lora_router.default.query.bias
base_model.model.model.layers.22.self_attn.q_proj.lora_router.default.key.weight
base_model.model.model.layers.22.self_attn.q_proj.lora_router.default.key.bias
base_model.model.model.layers.22.self_attn.q_proj.lora_router.default.value.weight
base_model.model.model.layers.22.self_attn.q_proj.lora_router.default.value.bias
base_model.model.model.layers.22.self_attn.v_proj.lora_router.default.query.weight
base_model.model.model.layers.22.self_attn.v_proj.lora_router.default.query.bias
base_model.model.model.layers.22.self_attn.v_proj.lora_router.default.key.weight
base_model.model.model.layers.22.self_attn.v_proj.lora_router.default.key.bias
base_model.model.model.layers.22.self_attn.v_proj.lora_router.default.value.weight
base_model.model.model.layers.22.self_attn.v_proj.lora_router.default.value.bias
base_model.model.model.layers.23.self_attn.q_proj.lora_router.default.query.weight
base_model.model.model.layers.23.self_attn.q_proj.lora_router.default.query.bias
base_model.model.model.layers.23.self_attn.q_proj.lora_router.default.key.weight
base_model.model.model.layers.23.self_attn.q_proj.lora_router.default.key.bias
base_model.model.model.layers.23.self_attn.q_proj.lora_router.default.value.weight
base_model.model.model.layers.23.self_attn.q_proj.lora_router.default.value.bias
base_model.model.model.layers.23.self_attn.v_proj.lora_router.default.query.weight
base_model.model.model.layers.23.self_attn.v_proj.lora_router.default.query.bias
base_model.model.model.layers.23.self_attn.v_proj.lora_router.default.key.weight
base_model.model.model.layers.23.self_attn.v_proj.lora_router.default.key.bias
base_model.model.model.layers.23.self_attn.v_proj.lora_router.default.value.weight
base_model.model.model.layers.23.self_attn.v_proj.lora_router.default.value.bias
base_model.model.model.layers.24.self_attn.q_proj.lora_router.default.query.weight
base_model.model.model.layers.24.self_attn.q_proj.lora_router.default.query.bias
base_model.model.model.layers.24.self_attn.q_proj.lora_router.default.key.weight
base_model.model.model.layers.24.self_attn.q_proj.lora_router.default.key.bias
base_model.model.model.layers.24.self_attn.q_proj.lora_router.default.value.weight
base_model.model.model.layers.24.self_attn.q_proj.lora_router.default.value.bias
base_model.model.model.layers.24.self_attn.v_proj.lora_router.default.query.weight
base_model.model.model.layers.24.self_attn.v_proj.lora_router.default.query.bias
base_model.model.model.layers.24.self_attn.v_proj.lora_router.default.key.weight
base_model.model.model.layers.24.self_attn.v_proj.lora_router.default.key.bias
base_model.model.model.layers.24.self_attn.v_proj.lora_router.default.value.weight
base_model.model.model.layers.24.self_attn.v_proj.lora_router.default.value.bias
base_model.model.model.layers.25.self_attn.q_proj.lora_router.default.query.weight
base_model.model.model.layers.25.self_attn.q_proj.lora_router.default.query.bias
base_model.model.model.layers.25.self_attn.q_proj.lora_router.default.key.weight
base_model.model.model.layers.25.self_attn.q_proj.lora_router.default.key.bias
base_model.model.model.layers.25.self_attn.q_proj.lora_router.default.value.weight
base_model.model.model.layers.25.self_attn.q_proj.lora_router.default.value.bias
base_model.model.model.layers.25.self_attn.v_proj.lora_router.default.query.weight
base_model.model.model.layers.25.self_attn.v_proj.lora_router.default.query.bias
base_model.model.model.layers.25.self_attn.v_proj.lora_router.default.key.weight
base_model.model.model.layers.25.self_attn.v_proj.lora_router.default.key.bias
base_model.model.model.layers.25.self_attn.v_proj.lora_router.default.value.weight
base_model.model.model.layers.25.self_attn.v_proj.lora_router.default.value.bias
base_model.model.model.layers.26.self_attn.q_proj.lora_router.default.query.weight
base_model.model.model.layers.26.self_attn.q_proj.lora_router.default.query.bias
base_model.model.model.layers.26.self_attn.q_proj.lora_router.default.key.weight
base_model.model.model.layers.26.self_attn.q_proj.lora_router.default.key.bias
base_model.model.model.layers.26.self_attn.q_proj.lora_router.default.value.weight
base_model.model.model.layers.26.self_attn.q_proj.lora_router.default.value.bias
base_model.model.model.layers.26.self_attn.v_proj.lora_router.default.query.weight
base_model.model.model.layers.26.self_attn.v_proj.lora_router.default.query.bias
base_model.model.model.layers.26.self_attn.v_proj.lora_router.default.key.weight
base_model.model.model.layers.26.self_attn.v_proj.lora_router.default.key.bias
base_model.model.model.layers.26.self_attn.v_proj.lora_router.default.value.weight
base_model.model.model.layers.26.self_attn.v_proj.lora_router.default.value.bias
base_model.model.model.layers.27.self_attn.q_proj.lora_router.default.query.weight
base_model.model.model.layers.27.self_attn.q_proj.lora_router.default.query.bias
base_model.model.model.layers.27.self_attn.q_proj.lora_router.default.key.weight
base_model.model.model.layers.27.self_attn.q_proj.lora_router.default.key.bias
base_model.model.model.layers.27.self_attn.q_proj.lora_router.default.value.weight
base_model.model.model.layers.27.self_attn.q_proj.lora_router.default.value.bias
base_model.model.model.layers.27.self_attn.v_proj.lora_router.default.query.weight
base_model.model.model.layers.27.self_attn.v_proj.lora_router.default.query.bias
base_model.model.model.layers.27.self_attn.v_proj.lora_router.default.key.weight
base_model.model.model.layers.27.self_attn.v_proj.lora_router.default.key.bias
base_model.model.model.layers.27.self_attn.v_proj.lora_router.default.value.weight
base_model.model.model.layers.27.self_attn.v_proj.lora_router.default.value.bias
base_model.model.model.layers.28.self_attn.q_proj.lora_router.default.query.weight
base_model.model.model.layers.28.self_attn.q_proj.lora_router.default.query.bias
base_model.model.model.layers.28.self_attn.q_proj.lora_router.default.key.weight
base_model.model.model.layers.28.self_attn.q_proj.lora_router.default.key.bias
base_model.model.model.layers.28.self_attn.q_proj.lora_router.default.value.weight
base_model.model.model.layers.28.self_attn.q_proj.lora_router.default.value.bias
base_model.model.model.layers.28.self_attn.v_proj.lora_router.default.query.weight
base_model.model.model.layers.28.self_attn.v_proj.lora_router.default.query.bias
base_model.model.model.layers.28.self_attn.v_proj.lora_router.default.key.weight
base_model.model.model.layers.28.self_attn.v_proj.lora_router.default.key.bias
base_model.model.model.layers.28.self_attn.v_proj.lora_router.default.value.weight
base_model.model.model.layers.28.self_attn.v_proj.lora_router.default.value.bias
base_model.model.model.layers.29.self_attn.q_proj.lora_router.default.query.weight
base_model.model.model.layers.29.self_attn.q_proj.lora_router.default.query.bias
base_model.model.model.layers.29.self_attn.q_proj.lora_router.default.key.weight
base_model.model.model.layers.29.self_attn.q_proj.lora_router.default.key.bias
base_model.model.model.layers.29.self_attn.q_proj.lora_router.default.value.weight
base_model.model.model.layers.29.self_attn.q_proj.lora_router.default.value.bias
base_model.model.model.layers.29.self_attn.v_proj.lora_router.default.query.weight
base_model.model.model.layers.29.self_attn.v_proj.lora_router.default.query.bias
base_model.model.model.layers.29.self_attn.v_proj.lora_router.default.key.weight
base_model.model.model.layers.29.self_attn.v_proj.lora_router.default.key.bias
base_model.model.model.layers.29.self_attn.v_proj.lora_router.default.value.weight
base_model.model.model.layers.29.self_attn.v_proj.lora_router.default.value.bias
base_model.model.model.layers.30.self_attn.q_proj.lora_router.default.query.weight
base_model.model.model.layers.30.self_attn.q_proj.lora_router.default.query.bias
base_model.model.model.layers.30.self_attn.q_proj.lora_router.default.key.weight
base_model.model.model.layers.30.self_attn.q_proj.lora_router.default.key.bias
base_model.model.model.layers.30.self_attn.q_proj.lora_router.default.value.weight
base_model.model.model.layers.30.self_attn.q_proj.lora_router.default.value.bias
base_model.model.model.layers.30.self_attn.v_proj.lora_router.default.query.weight
base_model.model.model.layers.30.self_attn.v_proj.lora_router.default.query.bias
base_model.model.model.layers.30.self_attn.v_proj.lora_router.default.key.weight
base_model.model.model.layers.30.self_attn.v_proj.lora_router.default.key.bias
base_model.model.model.layers.30.self_attn.v_proj.lora_router.default.value.weight
base_model.model.model.layers.30.self_attn.v_proj.lora_router.default.value.bias
base_model.model.model.layers.31.self_attn.q_proj.lora_router.default.query.weight
base_model.model.model.layers.31.self_attn.q_proj.lora_router.default.query.bias
base_model.model.model.layers.31.self_attn.q_proj.lora_router.default.key.weight
base_model.model.model.layers.31.self_attn.q_proj.lora_router.default.key.bias
base_model.model.model.layers.31.self_attn.q_proj.lora_router.default.value.weight
base_model.model.model.layers.31.self_attn.q_proj.lora_router.default.value.bias
base_model.model.model.layers.31.self_attn.v_proj.lora_router.default.query.weight
base_model.model.model.layers.31.self_attn.v_proj.lora_router.default.query.bias
base_model.model.model.layers.31.self_attn.v_proj.lora_router.default.key.weight
base_model.model.model.layers.31.self_attn.v_proj.lora_router.default.key.bias
base_model.model.model.layers.31.self_attn.v_proj.lora_router.default.value.weight
base_model.model.model.layers.31.self_attn.v_proj.lora_router.default.value.bias
{'loss': 1.0745, 'learning_rate': 0.0002, 'epoch': 0.0}
{'loss': 0.9432, 'learning_rate': 0.0002, 'epoch': 0.0}
{'loss': 0.9286, 'learning_rate': 0.0002, 'epoch': 0.0}
{'loss': 0.8878, 'learning_rate': 0.0002, 'epoch': 0.01}
{'loss': 0.897, 'learning_rate': 0.0002, 'epoch': 0.01}
{'loss': 0.8998, 'learning_rate': 0.0002, 'epoch': 0.01}
{'loss': 0.8995, 'learning_rate': 0.0002, 'epoch': 0.01}
{'loss': 0.8995, 'learning_rate': 0.0002, 'epoch': 0.01}
{'loss': 0.9105, 'learning_rate': 0.0002, 'epoch': 0.01}
{'loss': 0.9001, 'learning_rate': 0.0002, 'epoch': 0.02}
{'loss': 0.9058, 'learning_rate': 0.0002, 'epoch': 0.02}
{'loss': 0.8815, 'learning_rate': 0.0002, 'epoch': 0.02}
{'loss': 0.9068, 'learning_rate': 0.0002, 'epoch': 0.02}
{'loss': 0.8811, 'learning_rate': 0.0002, 'epoch': 0.02}
{'loss': 0.9181, 'learning_rate': 0.0002, 'epoch': 0.02}
{'loss': 0.9021, 'learning_rate': 0.0002, 'epoch': 0.02}
{'loss': 0.9001, 'learning_rate': 0.0002, 'epoch': 0.03}
{'loss': 0.885, 'learning_rate': 0.0002, 'epoch': 0.03}
{'loss': 0.8877, 'learning_rate': 0.0002, 'epoch': 0.03}
{'loss': 0.9051, 'learning_rate': 0.0002, 'epoch': 0.03}
{'loss': 0.8984, 'learning_rate': 0.0002, 'epoch': 0.03}
{'loss': 0.8891, 'learning_rate': 0.0002, 'epoch': 0.03}
{'loss': 0.9042, 'learning_rate': 0.0002, 'epoch': 0.04}
{'loss': 0.8819, 'learning_rate': 0.0002, 'epoch': 0.04}
{'loss': 0.8933, 'learning_rate': 0.0002, 'epoch': 0.04}
{'loss': 0.891, 'learning_rate': 0.0002, 'epoch': 0.04}
{'loss': 0.8812, 'learning_rate': 0.0002, 'epoch': 0.04}
{'loss': 0.8834, 'learning_rate': 0.0002, 'epoch': 0.04}
{'loss': 0.9088, 'learning_rate': 0.0002, 'epoch': 0.04}
{'loss': 0.8948, 'learning_rate': 0.0002, 'epoch': 0.05}
{'loss': 0.8919, 'learning_rate': 0.0002, 'epoch': 0.05}
{'loss': 0.9032, 'learning_rate': 0.0002, 'epoch': 0.05}
{'loss': 0.8979, 'learning_rate': 0.0002, 'epoch': 0.05}
{'loss': 0.9002, 'learning_rate': 0.0002, 'epoch': 0.05}
{'loss': 0.9101, 'learning_rate': 0.0002, 'epoch': 0.05}
{'loss': 0.8842, 'learning_rate': 0.0002, 'epoch': 0.06}
{'loss': 0.8896, 'learning_rate': 0.0002, 'epoch': 0.06}
{'loss': 0.8961, 'learning_rate': 0.0002, 'epoch': 0.06}
{'loss': 0.904, 'learning_rate': 0.0002, 'epoch': 0.06}
{'loss': 0.8916, 'learning_rate': 0.0002, 'epoch': 0.06}
{'loss': 0.8985, 'learning_rate': 0.0002, 'epoch': 0.06}
{'loss': 0.8988, 'learning_rate': 0.0002, 'epoch': 0.06}
{'loss': 0.9, 'learning_rate': 0.0002, 'epoch': 0.07}
{'loss': 0.8885, 'learning_rate': 0.0002, 'epoch': 0.07}
{'loss': 0.9108, 'learning_rate': 0.0002, 'epoch': 0.07}
{'loss': 0.8911, 'learning_rate': 0.0002, 'epoch': 0.07}
{'loss': 0.9084, 'learning_rate': 0.0002, 'epoch': 0.07}
{'loss': 0.9102, 'learning_rate': 0.0002, 'epoch': 0.07}
{'loss': 0.9181, 'learning_rate': 0.0002, 'epoch': 0.08}
{'loss': 0.9134, 'learning_rate': 0.0002, 'epoch': 0.08}
{'loss': 0.907, 'learning_rate': 0.0002, 'epoch': 0.08}
{'loss': 0.892, 'learning_rate': 0.0002, 'epoch': 0.08}
{'loss': 0.91, 'learning_rate': 0.0002, 'epoch': 0.08}
{'loss': 0.9098, 'learning_rate': 0.0002, 'epoch': 0.08}
{'loss': 0.9012, 'learning_rate': 0.0002, 'epoch': 0.09}
{'loss': 0.8988, 'learning_rate': 0.0002, 'epoch': 0.09}
{'loss': 0.9028, 'learning_rate': 0.0002, 'epoch': 0.09}
{'loss': 0.9048, 'learning_rate': 0.0002, 'epoch': 0.09}
{'loss': 0.8845, 'learning_rate': 0.0002, 'epoch': 0.09}
{'loss': 0.8907, 'learning_rate': 0.0002, 'epoch': 0.09}
{'loss': 0.8868, 'learning_rate': 0.0002, 'epoch': 0.09}
{'loss': 0.8785, 'learning_rate': 0.0002, 'epoch': 0.1}
{'loss': 0.9113, 'learning_rate': 0.0002, 'epoch': 0.1}
{'loss': 0.9058, 'learning_rate': 0.0002, 'epoch': 0.1}
{'loss': 0.9056, 'learning_rate': 0.0002, 'epoch': 0.1}
{'loss': 0.9268, 'learning_rate': 0.0002, 'epoch': 0.1}
{'loss': 0.8899, 'learning_rate': 0.0002, 'epoch': 0.1}
{'loss': 0.893, 'learning_rate': 0.0002, 'epoch': 0.11}
{'loss': 0.9077, 'learning_rate': 0.0002, 'epoch': 0.11}
{'loss': 0.9129, 'learning_rate': 0.0002, 'epoch': 0.11}
{'loss': 0.8971, 'learning_rate': 0.0002, 'epoch': 0.11}
{'loss': 0.8694, 'learning_rate': 0.0002, 'epoch': 1.0}
{'loss': 0.8507, 'learning_rate': 0.0002, 'epoch': 1.0}
{'loss': 0.8514, 'learning_rate': 0.0002, 'epoch': 1.0}
{'loss': 0.8529, 'learning_rate': 0.0002, 'epoch': 1.01}
{'loss': 0.8727, 'learning_rate': 0.0002, 'epoch': 1.01}
{'loss': 0.8575, 'learning_rate': 0.0002, 'epoch': 1.01}
{'loss': 0.8539, 'learning_rate': 0.0002, 'epoch': 1.01}
{'loss': 0.8529, 'learning_rate': 0.0002, 'epoch': 1.01}
{'loss': 0.8737, 'learning_rate': 0.0002, 'epoch': 1.01}
{'loss': 0.8517, 'learning_rate': 0.0002, 'epoch': 1.01}
{'loss': 0.8523, 'learning_rate': 0.0002, 'epoch': 1.02}
{'loss': 0.8727, 'learning_rate': 0.0002, 'epoch': 1.02}
{'loss': 0.8412, 'learning_rate': 0.0002, 'epoch': 1.02}
{'loss': 0.858, 'learning_rate': 0.0002, 'epoch': 1.02}
{'loss': 0.8605, 'learning_rate': 0.0002, 'epoch': 1.02}
{'loss': 0.843, 'learning_rate': 0.0002, 'epoch': 1.02}
{'loss': 0.8724, 'learning_rate': 0.0002, 'epoch': 1.03}
{'loss': 0.8638, 'learning_rate': 0.0002, 'epoch': 1.03}
{'loss': 0.8653, 'learning_rate': 0.0002, 'epoch': 1.03}
{'loss': 0.8601, 'learning_rate': 0.0002, 'epoch': 1.03}
{'loss': 0.8539, 'learning_rate': 0.0002, 'epoch': 1.03}
{'loss': 0.8515, 'learning_rate': 0.0002, 'epoch': 1.03}
{'loss': 0.859, 'learning_rate': 0.0002, 'epoch': 1.03}
{'loss': 0.8596, 'learning_rate': 0.0002, 'epoch': 1.04}
{'loss': 0.8678, 'learning_rate': 0.0002, 'epoch': 1.04}
{'loss': 0.8534, 'learning_rate': 0.0002, 'epoch': 1.04}
{'loss': 0.8402, 'learning_rate': 0.0002, 'epoch': 1.04}
{'loss': 0.858, 'learning_rate': 0.0002, 'epoch': 1.04}
{'loss': 0.864, 'learning_rate': 0.0002, 'epoch': 1.04}
{'loss': 0.865, 'learning_rate': 0.0002, 'epoch': 1.05}
{'loss': 0.8564, 'learning_rate': 0.0002, 'epoch': 1.05}
{'loss': 0.8533, 'learning_rate': 0.0002, 'epoch': 1.05}
{'loss': 0.8564, 'learning_rate': 0.0002, 'epoch': 1.05}
{'loss': 0.8568, 'learning_rate': 0.0002, 'epoch': 1.05}
{'loss': 0.8583, 'learning_rate': 0.0002, 'epoch': 1.05}
{'loss': 0.851, 'learning_rate': 0.0002, 'epoch': 1.05}
{'loss': 0.8507, 'learning_rate': 0.0002, 'epoch': 1.06}
{'loss': 0.8602, 'learning_rate': 0.0002, 'epoch': 1.06}
{'loss': 0.8689, 'learning_rate': 0.0002, 'epoch': 1.06}
{'loss': 0.8618, 'learning_rate': 0.0002, 'epoch': 1.06}
{'loss': 0.8662, 'learning_rate': 0.0002, 'epoch': 1.06}
{'loss': 0.8618, 'learning_rate': 0.0002, 'epoch': 1.06}
{'loss': 0.8803, 'learning_rate': 0.0002, 'epoch': 1.07}
{'loss': 0.8658, 'learning_rate': 0.0002, 'epoch': 1.07}
{'loss': 0.8646, 'learning_rate': 0.0002, 'epoch': 1.07}
{'loss': 0.8717, 'learning_rate': 0.0002, 'epoch': 1.07}
{'loss': 0.861, 'learning_rate': 0.0002, 'epoch': 1.07}
{'loss': 0.8713, 'learning_rate': 0.0002, 'epoch': 1.07}
{'loss': 0.8654, 'learning_rate': 0.0002, 'epoch': 1.07}
{'loss': 0.8848, 'learning_rate': 0.0002, 'epoch': 1.08}
{'loss': 0.8593, 'learning_rate': 0.0002, 'epoch': 1.08}
{'loss': 0.8675, 'learning_rate': 0.0002, 'epoch': 1.08}
{'loss': 0.863, 'learning_rate': 0.0002, 'epoch': 1.08}
{'loss': 0.8645, 'learning_rate': 0.0002, 'epoch': 1.08}
{'loss': 0.867, 'learning_rate': 0.0002, 'epoch': 1.08}
{'loss': 0.8747, 'learning_rate': 0.0002, 'epoch': 1.09}
{'loss': 0.8738, 'learning_rate': 0.0002, 'epoch': 1.09}
{'loss': 0.8698, 'learning_rate': 0.0002, 'epoch': 1.09}
{'loss': 0.858, 'learning_rate': 0.0002, 'epoch': 1.09}
{'loss': 0.8552, 'learning_rate': 0.0002, 'epoch': 1.09}
{'loss': 0.8702, 'learning_rate': 0.0002, 'epoch': 1.09}
{'loss': 0.8749, 'learning_rate': 0.0002, 'epoch': 1.09}
{'loss': 0.8616, 'learning_rate': 0.0002, 'epoch': 1.1}
{'loss': 0.863, 'learning_rate': 0.0002, 'epoch': 1.1}
{'loss': 0.86, 'learning_rate': 0.0002, 'epoch': 1.1}
{'loss': 0.8681, 'learning_rate': 0.0002, 'epoch': 1.1}
{'loss': 0.858, 'learning_rate': 0.0002, 'epoch': 1.1}
{'loss': 0.8614, 'learning_rate': 0.0002, 'epoch': 1.1}
{'loss': 0.8779, 'learning_rate': 0.0002, 'epoch': 1.11}
{'loss': 0.8761, 'learning_rate': 0.0002, 'epoch': 1.11}
{'loss': 0.858, 'learning_rate': 0.0002, 'epoch': 1.11}
{'loss': 0.8622, 'learning_rate': 0.0002, 'epoch': 1.11}
{'loss': 0.8464, 'learning_rate': 0.0002, 'epoch': 2.0}
{'loss': 0.8342, 'learning_rate': 0.0002, 'epoch': 2.0}
{'loss': 0.8429, 'learning_rate': 0.0002, 'epoch': 2.0}
{'loss': 0.8398, 'learning_rate': 0.0002, 'epoch': 2.01}
{'loss': 0.8304, 'learning_rate': 0.0002, 'epoch': 2.01}
{'loss': 0.8315, 'learning_rate': 0.0002, 'epoch': 2.01}
{'loss': 0.8575, 'learning_rate': 0.0002, 'epoch': 2.01}
{'loss': 0.824, 'learning_rate': 0.0002, 'epoch': 2.01}
{'loss': 0.8401, 'learning_rate': 0.0002, 'epoch': 2.01}
{'loss': 0.8237, 'learning_rate': 0.0002, 'epoch': 2.01}
{'loss': 0.8368, 'learning_rate': 0.0002, 'epoch': 2.02}
{'loss': 0.8306, 'learning_rate': 0.0002, 'epoch': 2.02}
{'loss': 0.8436, 'learning_rate': 0.0002, 'epoch': 2.02}
{'loss': 0.8314, 'learning_rate': 0.0002, 'epoch': 2.02}
{'loss': 0.8356, 'learning_rate': 0.0002, 'epoch': 2.02}
{'loss': 0.8293, 'learning_rate': 0.0002, 'epoch': 2.02}
{'loss': 0.8523, 'learning_rate': 0.0002, 'epoch': 2.03}
{'loss': 0.8228, 'learning_rate': 0.0002, 'epoch': 2.03}
{'loss': 0.837, 'learning_rate': 0.0002, 'epoch': 2.03}
{'loss': 0.8341, 'learning_rate': 0.0002, 'epoch': 2.03}
{'loss': 0.8103, 'learning_rate': 0.0002, 'epoch': 2.03}
{'loss': 0.8417, 'learning_rate': 0.0002, 'epoch': 2.03}
{'loss': 0.8382, 'learning_rate': 0.0002, 'epoch': 2.04}
{'loss': 0.8311, 'learning_rate': 0.0002, 'epoch': 2.04}
{'loss': 0.8277, 'learning_rate': 0.0002, 'epoch': 2.04}
{'loss': 0.8297, 'learning_rate': 0.0002, 'epoch': 2.04}
{'loss': 0.8324, 'learning_rate': 0.0002, 'epoch': 2.04}
{'loss': 0.8237, 'learning_rate': 0.0002, 'epoch': 2.04}
{'loss': 0.8194, 'learning_rate': 0.0002, 'epoch': 2.04}
{'loss': 0.8547, 'learning_rate': 0.0002, 'epoch': 2.05}
{'loss': 0.827, 'learning_rate': 0.0002, 'epoch': 2.05}
{'loss': 0.8367, 'learning_rate': 0.0002, 'epoch': 2.05}
{'loss': 0.8392, 'learning_rate': 0.0002, 'epoch': 2.05}
{'loss': 0.8339, 'learning_rate': 0.0002, 'epoch': 2.05}
{'loss': 0.8486, 'learning_rate': 0.0002, 'epoch': 2.05}
{'loss': 0.8382, 'learning_rate': 0.0002, 'epoch': 2.06}
{'loss': 0.8277, 'learning_rate': 0.0002, 'epoch': 2.06}
{'loss': 0.8294, 'learning_rate': 0.0002, 'epoch': 2.06}
{'loss': 0.8336, 'learning_rate': 0.0002, 'epoch': 2.06}
{'loss': 0.8548, 'learning_rate': 0.0002, 'epoch': 2.06}
{'loss': 0.8284, 'learning_rate': 0.0002, 'epoch': 2.06}
{'loss': 0.8428, 'learning_rate': 0.0002, 'epoch': 2.06}
{'loss': 0.8362, 'learning_rate': 0.0002, 'epoch': 2.07}
{'loss': 0.8282, 'learning_rate': 0.0002, 'epoch': 2.07}
{'loss': 0.8458, 'learning_rate': 0.0002, 'epoch': 2.07}
{'loss': 0.8501, 'learning_rate': 0.0002, 'epoch': 2.07}
{'loss': 0.8581, 'learning_rate': 0.0002, 'epoch': 2.07}
{'loss': 0.8472, 'learning_rate': 0.0002, 'epoch': 2.07}
{'loss': 0.8375, 'learning_rate': 0.0002, 'epoch': 2.08}
{'loss': 0.8552, 'learning_rate': 0.0002, 'epoch': 2.08}
{'loss': 0.8467, 'learning_rate': 0.0002, 'epoch': 2.08}
{'loss': 0.8388, 'learning_rate': 0.0002, 'epoch': 2.08}
{'loss': 0.8554, 'learning_rate': 0.0002, 'epoch': 2.08}
{'loss': 0.8248, 'learning_rate': 0.0002, 'epoch': 2.08}
{'loss': 0.8466, 'learning_rate': 0.0002, 'epoch': 2.08}
{'loss': 0.844, 'learning_rate': 0.0002, 'epoch': 2.09}
{'loss': 0.8439, 'learning_rate': 0.0002, 'epoch': 2.09}
{'loss': 0.8583, 'learning_rate': 0.0002, 'epoch': 2.09}
{'loss': 0.8374, 'learning_rate': 0.0002, 'epoch': 2.09}
{'loss': 0.8182, 'learning_rate': 0.0002, 'epoch': 2.09}
{'loss': 0.8446, 'learning_rate': 0.0002, 'epoch': 2.09}
{'loss': 0.8461, 'learning_rate': 0.0002, 'epoch': 2.1}
{'loss': 0.8347, 'learning_rate': 0.0002, 'epoch': 2.1}
{'loss': 0.8585, 'learning_rate': 0.0002, 'epoch': 2.1}
{'loss': 0.8355, 'learning_rate': 0.0002, 'epoch': 2.1}
{'loss': 0.8438, 'learning_rate': 0.0002, 'epoch': 2.1}
{'loss': 0.8319, 'learning_rate': 0.0002, 'epoch': 2.1}
{'loss': 0.8319, 'learning_rate': 0.0002, 'epoch': 2.1}
{'loss': 0.8479, 'learning_rate': 0.0002, 'epoch': 2.11}
{'loss': 0.8398, 'learning_rate': 0.0002, 'epoch': 2.11}
{'loss': 0.8335, 'learning_rate': 0.0002, 'epoch': 2.11}
{'train_runtime': 29650.8943, 'train_samples_per_second': 5.237, 'train_steps_per_second': 0.655, 'train_loss': 0.8674971987447831, 'epoch': 2.11}
