MoloraConfig(peft_type=<PeftType.MOLORA: 'MOLORA'>, auto_mapping=None, base_model_name_or_path=None, revision=None, task_type='CAUSAL_LM', inference_mode=False, r=8, target_modules=['q_proj', 'up_proj', 'o_proj', 'k_proj', 'down_proj', 'gate_proj', 'v_proj'], lora_alpha=16, lora_dropout=0.1, fan_in_fan_out=False, bias='none', modules_to_save=None, init_lora_weights=True, layers_to_transform=None, layers_pattern=None, rank_pattern={}, alpha_pattern={}, num_experts=30, only_router=True, train_single_expert=False, experts_to_combine=['expert_0', 'expert_1', 'expert_2', 'expert_3', 'expert_4', 'expert_5', 'expert_6', 'expert_7', 'expert_8', 'expert_9', 'expert_10', 'expert_11', 'expert_12', 'expert_13', 'expert_14', 'expert_15', 'expert_16', 'expert_17', 'expert_18', 'expert_19', 'expert_20', 'expert_21', 'expert_22', 'expert_23', 'expert_24', 'expert_25', 'expert_26', 'expert_27', 'expert_28', 'expert_29'], top_k=0, top_p=0.0, self_attn_router=False)
PeftModelForCausalLM(
  (base_model): MoloraModel(
    (model): LlamaForCausalLM(
      (model): LlamaModel(
        (embed_tokens): Embedding(32000, 4096)
        (layers): ModuleList(
          (0-31): 32 x LlamaDecoderLayer(
            (self_attn): LlamaAttention(
              (q_proj): Linear4bit(
                in_features=4096, out_features=4096, bias=False
                (lora_dropout): ModuleDict(
                  (default): Dropout(p=0.1, inplace=False)
                )
                (lora_A): ParameterDict(  (default): Parameter containing: [torch.cuda.FloatTensor of size 30x4096x8 (GPU 0)])
                (lora_B): ParameterDict(  (default): Parameter containing: [torch.cuda.FloatTensor of size 30x8x4096 (GPU 0)])
                (lora_router): ModuleDict(
                  (default): Linear(in_features=4096, out_features=30, bias=True)
                )
              )
              (k_proj): Linear4bit(
                in_features=4096, out_features=4096, bias=False
                (lora_dropout): ModuleDict(
                  (default): Dropout(p=0.1, inplace=False)
                )
                (lora_A): ParameterDict(  (default): Parameter containing: [torch.cuda.FloatTensor of size 30x4096x8 (GPU 0)])
                (lora_B): ParameterDict(  (default): Parameter containing: [torch.cuda.FloatTensor of size 30x8x4096 (GPU 0)])
                (lora_router): ModuleDict(
                  (default): Linear(in_features=4096, out_features=30, bias=True)
                )
              )
              (v_proj): Linear4bit(
                in_features=4096, out_features=4096, bias=False
                (lora_dropout): ModuleDict(
                  (default): Dropout(p=0.1, inplace=False)
                )
                (lora_A): ParameterDict(  (default): Parameter containing: [torch.cuda.FloatTensor of size 30x4096x8 (GPU 0)])
                (lora_B): ParameterDict(  (default): Parameter containing: [torch.cuda.FloatTensor of size 30x8x4096 (GPU 0)])
                (lora_router): ModuleDict(
                  (default): Linear(in_features=4096, out_features=30, bias=True)
                )
              )
              (o_proj): Linear4bit(
                in_features=4096, out_features=4096, bias=False
                (lora_dropout): ModuleDict(
                  (default): Dropout(p=0.1, inplace=False)
                )
                (lora_A): ParameterDict(  (default): Parameter containing: [torch.cuda.FloatTensor of size 30x4096x8 (GPU 0)])
                (lora_B): ParameterDict(  (default): Parameter containing: [torch.cuda.FloatTensor of size 30x8x4096 (GPU 0)])
                (lora_router): ModuleDict(
                  (default): Linear(in_features=4096, out_features=30, bias=True)
                )
              )
              (rotary_emb): LlamaRotaryEmbedding()
            )
            (mlp): LlamaMLP(
              (gate_proj): Linear4bit(
                in_features=4096, out_features=11008, bias=False
                (lora_dropout): ModuleDict(
                  (default): Dropout(p=0.1, inplace=False)
                )
                (lora_A): ParameterDict(  (default): Parameter containing: [torch.cuda.FloatTensor of size 30x4096x8 (GPU 0)])
                (lora_B): ParameterDict(  (default): Parameter containing: [torch.cuda.FloatTensor of size 30x8x11008 (GPU 0)])
                (lora_router): ModuleDict(
                  (default): Linear(in_features=4096, out_features=30, bias=True)
                )
              )
              (up_proj): Linear4bit(
                in_features=4096, out_features=11008, bias=False
                (lora_dropout): ModuleDict(
                  (default): Dropout(p=0.1, inplace=False)
                )
                (lora_A): ParameterDict(  (default): Parameter containing: [torch.cuda.FloatTensor of size 30x4096x8 (GPU 0)])
                (lora_B): ParameterDict(  (default): Parameter containing: [torch.cuda.FloatTensor of size 30x8x11008 (GPU 0)])
                (lora_router): ModuleDict(
                  (default): Linear(in_features=4096, out_features=30, bias=True)
                )
              )
              (down_proj): Linear4bit(
                in_features=11008, out_features=4096, bias=False
                (lora_dropout): ModuleDict(
                  (default): Dropout(p=0.1, inplace=False)
                )
                (lora_A): ParameterDict(  (default): Parameter containing: [torch.cuda.FloatTensor of size 30x11008x8 (GPU 0)])
                (lora_B): ParameterDict(  (default): Parameter containing: [torch.cuda.FloatTensor of size 30x8x4096 (GPU 0)])
                (lora_router): ModuleDict(
                  (default): Linear(in_features=11008, out_features=30, bias=True)
                )
              )
              (act_fn): SiLUActivation()
            )
            (input_layernorm): LlamaRMSNorm()
            (post_attention_layernorm): LlamaRMSNorm()
          )
        )
        (norm): LlamaRMSNorm()
      )
      (lm_head): Linear(in_features=4096, out_features=32000, bias=False)
    )
  )
)
trainable params: 34,167,360 || all params: 7,372,237,376 || trainable%: 0.46345984614155755
base_model.model.model.layers.0.self_attn.q_proj.lora_router.default.weight
base_model.model.model.layers.0.self_attn.q_proj.lora_router.default.bias
base_model.model.model.layers.0.self_attn.k_proj.lora_router.default.weight
base_model.model.model.layers.0.self_attn.k_proj.lora_router.default.bias
base_model.model.model.layers.0.self_attn.v_proj.lora_router.default.weight
base_model.model.model.layers.0.self_attn.v_proj.lora_router.default.bias
base_model.model.model.layers.0.self_attn.o_proj.lora_router.default.weight
base_model.model.model.layers.0.self_attn.o_proj.lora_router.default.bias
base_model.model.model.layers.0.mlp.gate_proj.lora_router.default.weight
base_model.model.model.layers.0.mlp.gate_proj.lora_router.default.bias
base_model.model.model.layers.0.mlp.up_proj.lora_router.default.weight
base_model.model.model.layers.0.mlp.up_proj.lora_router.default.bias
base_model.model.model.layers.0.mlp.down_proj.lora_router.default.weight
base_model.model.model.layers.0.mlp.down_proj.lora_router.default.bias
base_model.model.model.layers.1.self_attn.q_proj.lora_router.default.weight
base_model.model.model.layers.1.self_attn.q_proj.lora_router.default.bias
base_model.model.model.layers.1.self_attn.k_proj.lora_router.default.weight
base_model.model.model.layers.1.self_attn.k_proj.lora_router.default.bias
base_model.model.model.layers.1.self_attn.v_proj.lora_router.default.weight
base_model.model.model.layers.1.self_attn.v_proj.lora_router.default.bias
base_model.model.model.layers.1.self_attn.o_proj.lora_router.default.weight
base_model.model.model.layers.1.self_attn.o_proj.lora_router.default.bias
base_model.model.model.layers.1.mlp.gate_proj.lora_router.default.weight
base_model.model.model.layers.1.mlp.gate_proj.lora_router.default.bias
base_model.model.model.layers.1.mlp.up_proj.lora_router.default.weight
base_model.model.model.layers.1.mlp.up_proj.lora_router.default.bias
base_model.model.model.layers.1.mlp.down_proj.lora_router.default.weight
base_model.model.model.layers.1.mlp.down_proj.lora_router.default.bias
base_model.model.model.layers.2.self_attn.q_proj.lora_router.default.weight
base_model.model.model.layers.2.self_attn.q_proj.lora_router.default.bias
base_model.model.model.layers.2.self_attn.k_proj.lora_router.default.weight
base_model.model.model.layers.2.self_attn.k_proj.lora_router.default.bias
base_model.model.model.layers.2.self_attn.v_proj.lora_router.default.weight
base_model.model.model.layers.2.self_attn.v_proj.lora_router.default.bias
base_model.model.model.layers.2.self_attn.o_proj.lora_router.default.weight
base_model.model.model.layers.2.self_attn.o_proj.lora_router.default.bias
base_model.model.model.layers.2.mlp.gate_proj.lora_router.default.weight
base_model.model.model.layers.2.mlp.gate_proj.lora_router.default.bias
base_model.model.model.layers.2.mlp.up_proj.lora_router.default.weight
base_model.model.model.layers.2.mlp.up_proj.lora_router.default.bias
base_model.model.model.layers.2.mlp.down_proj.lora_router.default.weight
base_model.model.model.layers.2.mlp.down_proj.lora_router.default.bias
base_model.model.model.layers.3.self_attn.q_proj.lora_router.default.weight
base_model.model.model.layers.3.self_attn.q_proj.lora_router.default.bias
base_model.model.model.layers.3.self_attn.k_proj.lora_router.default.weight
base_model.model.model.layers.3.self_attn.k_proj.lora_router.default.bias
base_model.model.model.layers.3.self_attn.v_proj.lora_router.default.weight
base_model.model.model.layers.3.self_attn.v_proj.lora_router.default.bias
base_model.model.model.layers.3.self_attn.o_proj.lora_router.default.weight
base_model.model.model.layers.3.self_attn.o_proj.lora_router.default.bias
base_model.model.model.layers.3.mlp.gate_proj.lora_router.default.weight
base_model.model.model.layers.3.mlp.gate_proj.lora_router.default.bias
base_model.model.model.layers.3.mlp.up_proj.lora_router.default.weight
base_model.model.model.layers.3.mlp.up_proj.lora_router.default.bias
base_model.model.model.layers.3.mlp.down_proj.lora_router.default.weight
base_model.model.model.layers.3.mlp.down_proj.lora_router.default.bias
base_model.model.model.layers.4.self_attn.q_proj.lora_router.default.weight
base_model.model.model.layers.4.self_attn.q_proj.lora_router.default.bias
base_model.model.model.layers.4.self_attn.k_proj.lora_router.default.weight
base_model.model.model.layers.4.self_attn.k_proj.lora_router.default.bias
base_model.model.model.layers.4.self_attn.v_proj.lora_router.default.weight
base_model.model.model.layers.4.self_attn.v_proj.lora_router.default.bias
base_model.model.model.layers.4.self_attn.o_proj.lora_router.default.weight
base_model.model.model.layers.4.self_attn.o_proj.lora_router.default.bias
base_model.model.model.layers.4.mlp.gate_proj.lora_router.default.weight
base_model.model.model.layers.4.mlp.gate_proj.lora_router.default.bias
base_model.model.model.layers.4.mlp.up_proj.lora_router.default.weight
base_model.model.model.layers.4.mlp.up_proj.lora_router.default.bias
base_model.model.model.layers.4.mlp.down_proj.lora_router.default.weight
base_model.model.model.layers.4.mlp.down_proj.lora_router.default.bias
base_model.model.model.layers.5.self_attn.q_proj.lora_router.default.weight
base_model.model.model.layers.5.self_attn.q_proj.lora_router.default.bias
base_model.model.model.layers.5.self_attn.k_proj.lora_router.default.weight
base_model.model.model.layers.5.self_attn.k_proj.lora_router.default.bias
base_model.model.model.layers.5.self_attn.v_proj.lora_router.default.weight
base_model.model.model.layers.5.self_attn.v_proj.lora_router.default.bias
base_model.model.model.layers.5.self_attn.o_proj.lora_router.default.weight
base_model.model.model.layers.5.self_attn.o_proj.lora_router.default.bias
base_model.model.model.layers.5.mlp.gate_proj.lora_router.default.weight
base_model.model.model.layers.5.mlp.gate_proj.lora_router.default.bias
base_model.model.model.layers.5.mlp.up_proj.lora_router.default.weight
base_model.model.model.layers.5.mlp.up_proj.lora_router.default.bias
base_model.model.model.layers.5.mlp.down_proj.lora_router.default.weight
base_model.model.model.layers.5.mlp.down_proj.lora_router.default.bias
base_model.model.model.layers.6.self_attn.q_proj.lora_router.default.weight
base_model.model.model.layers.6.self_attn.q_proj.lora_router.default.bias
base_model.model.model.layers.6.self_attn.k_proj.lora_router.default.weight
base_model.model.model.layers.6.self_attn.k_proj.lora_router.default.bias
base_model.model.model.layers.6.self_attn.v_proj.lora_router.default.weight
base_model.model.model.layers.6.self_attn.v_proj.lora_router.default.bias
base_model.model.model.layers.6.self_attn.o_proj.lora_router.default.weight
base_model.model.model.layers.6.self_attn.o_proj.lora_router.default.bias
base_model.model.model.layers.6.mlp.gate_proj.lora_router.default.weight
base_model.model.model.layers.6.mlp.gate_proj.lora_router.default.bias
base_model.model.model.layers.6.mlp.up_proj.lora_router.default.weight
base_model.model.model.layers.6.mlp.up_proj.lora_router.default.bias
base_model.model.model.layers.6.mlp.down_proj.lora_router.default.weight
base_model.model.model.layers.6.mlp.down_proj.lora_router.default.bias
base_model.model.model.layers.7.self_attn.q_proj.lora_router.default.weight
base_model.model.model.layers.7.self_attn.q_proj.lora_router.default.bias
base_model.model.model.layers.7.self_attn.k_proj.lora_router.default.weight
base_model.model.model.layers.7.self_attn.k_proj.lora_router.default.bias
base_model.model.model.layers.7.self_attn.v_proj.lora_router.default.weight
base_model.model.model.layers.7.self_attn.v_proj.lora_router.default.bias
base_model.model.model.layers.7.self_attn.o_proj.lora_router.default.weight
base_model.model.model.layers.7.self_attn.o_proj.lora_router.default.bias
base_model.model.model.layers.7.mlp.gate_proj.lora_router.default.weight
base_model.model.model.layers.7.mlp.gate_proj.lora_router.default.bias
base_model.model.model.layers.7.mlp.up_proj.lora_router.default.weight
base_model.model.model.layers.7.mlp.up_proj.lora_router.default.bias
base_model.model.model.layers.7.mlp.down_proj.lora_router.default.weight
base_model.model.model.layers.7.mlp.down_proj.lora_router.default.bias
base_model.model.model.layers.8.self_attn.q_proj.lora_router.default.weight
base_model.model.model.layers.8.self_attn.q_proj.lora_router.default.bias
base_model.model.model.layers.8.self_attn.k_proj.lora_router.default.weight
base_model.model.model.layers.8.self_attn.k_proj.lora_router.default.bias
base_model.model.model.layers.8.self_attn.v_proj.lora_router.default.weight
base_model.model.model.layers.8.self_attn.v_proj.lora_router.default.bias
base_model.model.model.layers.8.self_attn.o_proj.lora_router.default.weight
base_model.model.model.layers.8.self_attn.o_proj.lora_router.default.bias
base_model.model.model.layers.8.mlp.gate_proj.lora_router.default.weight
base_model.model.model.layers.8.mlp.gate_proj.lora_router.default.bias
base_model.model.model.layers.8.mlp.up_proj.lora_router.default.weight
base_model.model.model.layers.8.mlp.up_proj.lora_router.default.bias
base_model.model.model.layers.8.mlp.down_proj.lora_router.default.weight
base_model.model.model.layers.8.mlp.down_proj.lora_router.default.bias
base_model.model.model.layers.9.self_attn.q_proj.lora_router.default.weight
base_model.model.model.layers.9.self_attn.q_proj.lora_router.default.bias
base_model.model.model.layers.9.self_attn.k_proj.lora_router.default.weight
base_model.model.model.layers.9.self_attn.k_proj.lora_router.default.bias
base_model.model.model.layers.9.self_attn.v_proj.lora_router.default.weight
base_model.model.model.layers.9.self_attn.v_proj.lora_router.default.bias
base_model.model.model.layers.9.self_attn.o_proj.lora_router.default.weight
base_model.model.model.layers.9.self_attn.o_proj.lora_router.default.bias
base_model.model.model.layers.9.mlp.gate_proj.lora_router.default.weight
base_model.model.model.layers.9.mlp.gate_proj.lora_router.default.bias
base_model.model.model.layers.9.mlp.up_proj.lora_router.default.weight
base_model.model.model.layers.9.mlp.up_proj.lora_router.default.bias
base_model.model.model.layers.9.mlp.down_proj.lora_router.default.weight
base_model.model.model.layers.9.mlp.down_proj.lora_router.default.bias
base_model.model.model.layers.10.self_attn.q_proj.lora_router.default.weight
base_model.model.model.layers.10.self_attn.q_proj.lora_router.default.bias
base_model.model.model.layers.10.self_attn.k_proj.lora_router.default.weight
base_model.model.model.layers.10.self_attn.k_proj.lora_router.default.bias
base_model.model.model.layers.10.self_attn.v_proj.lora_router.default.weight
base_model.model.model.layers.10.self_attn.v_proj.lora_router.default.bias
base_model.model.model.layers.10.self_attn.o_proj.lora_router.default.weight
base_model.model.model.layers.10.self_attn.o_proj.lora_router.default.bias
base_model.model.model.layers.10.mlp.gate_proj.lora_router.default.weight
base_model.model.model.layers.10.mlp.gate_proj.lora_router.default.bias
base_model.model.model.layers.10.mlp.up_proj.lora_router.default.weight
base_model.model.model.layers.10.mlp.up_proj.lora_router.default.bias
base_model.model.model.layers.10.mlp.down_proj.lora_router.default.weight
base_model.model.model.layers.10.mlp.down_proj.lora_router.default.bias
base_model.model.model.layers.11.self_attn.q_proj.lora_router.default.weight
base_model.model.model.layers.11.self_attn.q_proj.lora_router.default.bias
base_model.model.model.layers.11.self_attn.k_proj.lora_router.default.weight
base_model.model.model.layers.11.self_attn.k_proj.lora_router.default.bias
base_model.model.model.layers.11.self_attn.v_proj.lora_router.default.weight
base_model.model.model.layers.11.self_attn.v_proj.lora_router.default.bias
base_model.model.model.layers.11.self_attn.o_proj.lora_router.default.weight
base_model.model.model.layers.11.self_attn.o_proj.lora_router.default.bias
base_model.model.model.layers.11.mlp.gate_proj.lora_router.default.weight
base_model.model.model.layers.11.mlp.gate_proj.lora_router.default.bias
base_model.model.model.layers.11.mlp.up_proj.lora_router.default.weight
base_model.model.model.layers.11.mlp.up_proj.lora_router.default.bias
base_model.model.model.layers.11.mlp.down_proj.lora_router.default.weight
base_model.model.model.layers.11.mlp.down_proj.lora_router.default.bias
base_model.model.model.layers.12.self_attn.q_proj.lora_router.default.weight
base_model.model.model.layers.12.self_attn.q_proj.lora_router.default.bias
base_model.model.model.layers.12.self_attn.k_proj.lora_router.default.weight
base_model.model.model.layers.12.self_attn.k_proj.lora_router.default.bias
base_model.model.model.layers.12.self_attn.v_proj.lora_router.default.weight
base_model.model.model.layers.12.self_attn.v_proj.lora_router.default.bias
base_model.model.model.layers.12.self_attn.o_proj.lora_router.default.weight
base_model.model.model.layers.12.self_attn.o_proj.lora_router.default.bias
base_model.model.model.layers.12.mlp.gate_proj.lora_router.default.weight
base_model.model.model.layers.12.mlp.gate_proj.lora_router.default.bias
base_model.model.model.layers.12.mlp.up_proj.lora_router.default.weight
base_model.model.model.layers.12.mlp.up_proj.lora_router.default.bias
base_model.model.model.layers.12.mlp.down_proj.lora_router.default.weight
base_model.model.model.layers.12.mlp.down_proj.lora_router.default.bias
base_model.model.model.layers.13.self_attn.q_proj.lora_router.default.weight
base_model.model.model.layers.13.self_attn.q_proj.lora_router.default.bias
base_model.model.model.layers.13.self_attn.k_proj.lora_router.default.weight
base_model.model.model.layers.13.self_attn.k_proj.lora_router.default.bias
base_model.model.model.layers.13.self_attn.v_proj.lora_router.default.weight
base_model.model.model.layers.13.self_attn.v_proj.lora_router.default.bias
base_model.model.model.layers.13.self_attn.o_proj.lora_router.default.weight
base_model.model.model.layers.13.self_attn.o_proj.lora_router.default.bias
base_model.model.model.layers.13.mlp.gate_proj.lora_router.default.weight
base_model.model.model.layers.13.mlp.gate_proj.lora_router.default.bias
base_model.model.model.layers.13.mlp.up_proj.lora_router.default.weight
base_model.model.model.layers.13.mlp.up_proj.lora_router.default.bias
base_model.model.model.layers.13.mlp.down_proj.lora_router.default.weight
base_model.model.model.layers.13.mlp.down_proj.lora_router.default.bias
base_model.model.model.layers.14.self_attn.q_proj.lora_router.default.weight
base_model.model.model.layers.14.self_attn.q_proj.lora_router.default.bias
base_model.model.model.layers.14.self_attn.k_proj.lora_router.default.weight
base_model.model.model.layers.14.self_attn.k_proj.lora_router.default.bias
base_model.model.model.layers.14.self_attn.v_proj.lora_router.default.weight
base_model.model.model.layers.14.self_attn.v_proj.lora_router.default.bias
base_model.model.model.layers.14.self_attn.o_proj.lora_router.default.weight
base_model.model.model.layers.14.self_attn.o_proj.lora_router.default.bias
base_model.model.model.layers.14.mlp.gate_proj.lora_router.default.weight
base_model.model.model.layers.14.mlp.gate_proj.lora_router.default.bias
base_model.model.model.layers.14.mlp.up_proj.lora_router.default.weight
base_model.model.model.layers.14.mlp.up_proj.lora_router.default.bias
base_model.model.model.layers.14.mlp.down_proj.lora_router.default.weight
base_model.model.model.layers.14.mlp.down_proj.lora_router.default.bias
base_model.model.model.layers.15.self_attn.q_proj.lora_router.default.weight
base_model.model.model.layers.15.self_attn.q_proj.lora_router.default.bias
base_model.model.model.layers.15.self_attn.k_proj.lora_router.default.weight
base_model.model.model.layers.15.self_attn.k_proj.lora_router.default.bias
base_model.model.model.layers.15.self_attn.v_proj.lora_router.default.weight
base_model.model.model.layers.15.self_attn.v_proj.lora_router.default.bias
base_model.model.model.layers.15.self_attn.o_proj.lora_router.default.weight
base_model.model.model.layers.15.self_attn.o_proj.lora_router.default.bias
base_model.model.model.layers.15.mlp.gate_proj.lora_router.default.weight
base_model.model.model.layers.15.mlp.gate_proj.lora_router.default.bias
base_model.model.model.layers.15.mlp.up_proj.lora_router.default.weight
base_model.model.model.layers.15.mlp.up_proj.lora_router.default.bias
base_model.model.model.layers.15.mlp.down_proj.lora_router.default.weight
base_model.model.model.layers.15.mlp.down_proj.lora_router.default.bias
base_model.model.model.layers.16.self_attn.q_proj.lora_router.default.weight
base_model.model.model.layers.16.self_attn.q_proj.lora_router.default.bias
base_model.model.model.layers.16.self_attn.k_proj.lora_router.default.weight
base_model.model.model.layers.16.self_attn.k_proj.lora_router.default.bias
base_model.model.model.layers.16.self_attn.v_proj.lora_router.default.weight
base_model.model.model.layers.16.self_attn.v_proj.lora_router.default.bias
base_model.model.model.layers.16.self_attn.o_proj.lora_router.default.weight
base_model.model.model.layers.16.self_attn.o_proj.lora_router.default.bias
base_model.model.model.layers.16.mlp.gate_proj.lora_router.default.weight
base_model.model.model.layers.16.mlp.gate_proj.lora_router.default.bias
base_model.model.model.layers.16.mlp.up_proj.lora_router.default.weight
base_model.model.model.layers.16.mlp.up_proj.lora_router.default.bias
base_model.model.model.layers.16.mlp.down_proj.lora_router.default.weight
base_model.model.model.layers.16.mlp.down_proj.lora_router.default.bias
base_model.model.model.layers.17.self_attn.q_proj.lora_router.default.weight
base_model.model.model.layers.17.self_attn.q_proj.lora_router.default.bias
base_model.model.model.layers.17.self_attn.k_proj.lora_router.default.weight
base_model.model.model.layers.17.self_attn.k_proj.lora_router.default.bias
base_model.model.model.layers.17.self_attn.v_proj.lora_router.default.weight
base_model.model.model.layers.17.self_attn.v_proj.lora_router.default.bias
base_model.model.model.layers.17.self_attn.o_proj.lora_router.default.weight
base_model.model.model.layers.17.self_attn.o_proj.lora_router.default.bias
base_model.model.model.layers.17.mlp.gate_proj.lora_router.default.weight
base_model.model.model.layers.17.mlp.gate_proj.lora_router.default.bias
base_model.model.model.layers.17.mlp.up_proj.lora_router.default.weight
base_model.model.model.layers.17.mlp.up_proj.lora_router.default.bias
base_model.model.model.layers.17.mlp.down_proj.lora_router.default.weight
base_model.model.model.layers.17.mlp.down_proj.lora_router.default.bias
base_model.model.model.layers.18.self_attn.q_proj.lora_router.default.weight
base_model.model.model.layers.18.self_attn.q_proj.lora_router.default.bias
base_model.model.model.layers.18.self_attn.k_proj.lora_router.default.weight
base_model.model.model.layers.18.self_attn.k_proj.lora_router.default.bias
base_model.model.model.layers.18.self_attn.v_proj.lora_router.default.weight
base_model.model.model.layers.18.self_attn.v_proj.lora_router.default.bias
base_model.model.model.layers.18.self_attn.o_proj.lora_router.default.weight
base_model.model.model.layers.18.self_attn.o_proj.lora_router.default.bias
base_model.model.model.layers.18.mlp.gate_proj.lora_router.default.weight
base_model.model.model.layers.18.mlp.gate_proj.lora_router.default.bias
base_model.model.model.layers.18.mlp.up_proj.lora_router.default.weight
base_model.model.model.layers.18.mlp.up_proj.lora_router.default.bias
base_model.model.model.layers.18.mlp.down_proj.lora_router.default.weight
base_model.model.model.layers.18.mlp.down_proj.lora_router.default.bias
base_model.model.model.layers.19.self_attn.q_proj.lora_router.default.weight
base_model.model.model.layers.19.self_attn.q_proj.lora_router.default.bias
base_model.model.model.layers.19.self_attn.k_proj.lora_router.default.weight
base_model.model.model.layers.19.self_attn.k_proj.lora_router.default.bias
base_model.model.model.layers.19.self_attn.v_proj.lora_router.default.weight
base_model.model.model.layers.19.self_attn.v_proj.lora_router.default.bias
base_model.model.model.layers.19.self_attn.o_proj.lora_router.default.weight
base_model.model.model.layers.19.self_attn.o_proj.lora_router.default.bias
base_model.model.model.layers.19.mlp.gate_proj.lora_router.default.weight
base_model.model.model.layers.19.mlp.gate_proj.lora_router.default.bias
base_model.model.model.layers.19.mlp.up_proj.lora_router.default.weight
base_model.model.model.layers.19.mlp.up_proj.lora_router.default.bias
base_model.model.model.layers.19.mlp.down_proj.lora_router.default.weight
base_model.model.model.layers.19.mlp.down_proj.lora_router.default.bias
base_model.model.model.layers.20.self_attn.q_proj.lora_router.default.weight
base_model.model.model.layers.20.self_attn.q_proj.lora_router.default.bias
base_model.model.model.layers.20.self_attn.k_proj.lora_router.default.weight
base_model.model.model.layers.20.self_attn.k_proj.lora_router.default.bias
base_model.model.model.layers.20.self_attn.v_proj.lora_router.default.weight
base_model.model.model.layers.20.self_attn.v_proj.lora_router.default.bias
base_model.model.model.layers.20.self_attn.o_proj.lora_router.default.weight
base_model.model.model.layers.20.self_attn.o_proj.lora_router.default.bias
base_model.model.model.layers.20.mlp.gate_proj.lora_router.default.weight
base_model.model.model.layers.20.mlp.gate_proj.lora_router.default.bias
base_model.model.model.layers.20.mlp.up_proj.lora_router.default.weight
base_model.model.model.layers.20.mlp.up_proj.lora_router.default.bias
base_model.model.model.layers.20.mlp.down_proj.lora_router.default.weight
base_model.model.model.layers.20.mlp.down_proj.lora_router.default.bias
base_model.model.model.layers.21.self_attn.q_proj.lora_router.default.weight
base_model.model.model.layers.21.self_attn.q_proj.lora_router.default.bias
base_model.model.model.layers.21.self_attn.k_proj.lora_router.default.weight
base_model.model.model.layers.21.self_attn.k_proj.lora_router.default.bias
base_model.model.model.layers.21.self_attn.v_proj.lora_router.default.weight
base_model.model.model.layers.21.self_attn.v_proj.lora_router.default.bias
base_model.model.model.layers.21.self_attn.o_proj.lora_router.default.weight
base_model.model.model.layers.21.self_attn.o_proj.lora_router.default.bias
base_model.model.model.layers.21.mlp.gate_proj.lora_router.default.weight
base_model.model.model.layers.21.mlp.gate_proj.lora_router.default.bias
base_model.model.model.layers.21.mlp.up_proj.lora_router.default.weight
base_model.model.model.layers.21.mlp.up_proj.lora_router.default.bias
base_model.model.model.layers.21.mlp.down_proj.lora_router.default.weight
base_model.model.model.layers.21.mlp.down_proj.lora_router.default.bias
base_model.model.model.layers.22.self_attn.q_proj.lora_router.default.weight
base_model.model.model.layers.22.self_attn.q_proj.lora_router.default.bias
base_model.model.model.layers.22.self_attn.k_proj.lora_router.default.weight
base_model.model.model.layers.22.self_attn.k_proj.lora_router.default.bias
base_model.model.model.layers.22.self_attn.v_proj.lora_router.default.weight
base_model.model.model.layers.22.self_attn.v_proj.lora_router.default.bias
base_model.model.model.layers.22.self_attn.o_proj.lora_router.default.weight
base_model.model.model.layers.22.self_attn.o_proj.lora_router.default.bias
base_model.model.model.layers.22.mlp.gate_proj.lora_router.default.weight
base_model.model.model.layers.22.mlp.gate_proj.lora_router.default.bias
base_model.model.model.layers.22.mlp.up_proj.lora_router.default.weight
base_model.model.model.layers.22.mlp.up_proj.lora_router.default.bias
base_model.model.model.layers.22.mlp.down_proj.lora_router.default.weight
base_model.model.model.layers.22.mlp.down_proj.lora_router.default.bias
base_model.model.model.layers.23.self_attn.q_proj.lora_router.default.weight
base_model.model.model.layers.23.self_attn.q_proj.lora_router.default.bias
base_model.model.model.layers.23.self_attn.k_proj.lora_router.default.weight
base_model.model.model.layers.23.self_attn.k_proj.lora_router.default.bias
base_model.model.model.layers.23.self_attn.v_proj.lora_router.default.weight
base_model.model.model.layers.23.self_attn.v_proj.lora_router.default.bias
base_model.model.model.layers.23.self_attn.o_proj.lora_router.default.weight
base_model.model.model.layers.23.self_attn.o_proj.lora_router.default.bias
base_model.model.model.layers.23.mlp.gate_proj.lora_router.default.weight
base_model.model.model.layers.23.mlp.gate_proj.lora_router.default.bias
base_model.model.model.layers.23.mlp.up_proj.lora_router.default.weight
base_model.model.model.layers.23.mlp.up_proj.lora_router.default.bias
base_model.model.model.layers.23.mlp.down_proj.lora_router.default.weight
base_model.model.model.layers.23.mlp.down_proj.lora_router.default.bias
base_model.model.model.layers.24.self_attn.q_proj.lora_router.default.weight
base_model.model.model.layers.24.self_attn.q_proj.lora_router.default.bias
base_model.model.model.layers.24.self_attn.k_proj.lora_router.default.weight
base_model.model.model.layers.24.self_attn.k_proj.lora_router.default.bias
base_model.model.model.layers.24.self_attn.v_proj.lora_router.default.weight
base_model.model.model.layers.24.self_attn.v_proj.lora_router.default.bias
base_model.model.model.layers.24.self_attn.o_proj.lora_router.default.weight
base_model.model.model.layers.24.self_attn.o_proj.lora_router.default.bias
base_model.model.model.layers.24.mlp.gate_proj.lora_router.default.weight
base_model.model.model.layers.24.mlp.gate_proj.lora_router.default.bias
base_model.model.model.layers.24.mlp.up_proj.lora_router.default.weight
base_model.model.model.layers.24.mlp.up_proj.lora_router.default.bias
base_model.model.model.layers.24.mlp.down_proj.lora_router.default.weight
base_model.model.model.layers.24.mlp.down_proj.lora_router.default.bias
base_model.model.model.layers.25.self_attn.q_proj.lora_router.default.weight
base_model.model.model.layers.25.self_attn.q_proj.lora_router.default.bias
base_model.model.model.layers.25.self_attn.k_proj.lora_router.default.weight
base_model.model.model.layers.25.self_attn.k_proj.lora_router.default.bias
base_model.model.model.layers.25.self_attn.v_proj.lora_router.default.weight
base_model.model.model.layers.25.self_attn.v_proj.lora_router.default.bias
base_model.model.model.layers.25.self_attn.o_proj.lora_router.default.weight
base_model.model.model.layers.25.self_attn.o_proj.lora_router.default.bias
base_model.model.model.layers.25.mlp.gate_proj.lora_router.default.weight
base_model.model.model.layers.25.mlp.gate_proj.lora_router.default.bias
base_model.model.model.layers.25.mlp.up_proj.lora_router.default.weight
base_model.model.model.layers.25.mlp.up_proj.lora_router.default.bias
base_model.model.model.layers.25.mlp.down_proj.lora_router.default.weight
base_model.model.model.layers.25.mlp.down_proj.lora_router.default.bias
base_model.model.model.layers.26.self_attn.q_proj.lora_router.default.weight
base_model.model.model.layers.26.self_attn.q_proj.lora_router.default.bias
base_model.model.model.layers.26.self_attn.k_proj.lora_router.default.weight
base_model.model.model.layers.26.self_attn.k_proj.lora_router.default.bias
base_model.model.model.layers.26.self_attn.v_proj.lora_router.default.weight
base_model.model.model.layers.26.self_attn.v_proj.lora_router.default.bias
base_model.model.model.layers.26.self_attn.o_proj.lora_router.default.weight
base_model.model.model.layers.26.self_attn.o_proj.lora_router.default.bias
base_model.model.model.layers.26.mlp.gate_proj.lora_router.default.weight
base_model.model.model.layers.26.mlp.gate_proj.lora_router.default.bias
base_model.model.model.layers.26.mlp.up_proj.lora_router.default.weight
base_model.model.model.layers.26.mlp.up_proj.lora_router.default.bias
base_model.model.model.layers.26.mlp.down_proj.lora_router.default.weight
base_model.model.model.layers.26.mlp.down_proj.lora_router.default.bias
base_model.model.model.layers.27.self_attn.q_proj.lora_router.default.weight
base_model.model.model.layers.27.self_attn.q_proj.lora_router.default.bias
base_model.model.model.layers.27.self_attn.k_proj.lora_router.default.weight
base_model.model.model.layers.27.self_attn.k_proj.lora_router.default.bias
base_model.model.model.layers.27.self_attn.v_proj.lora_router.default.weight
base_model.model.model.layers.27.self_attn.v_proj.lora_router.default.bias
base_model.model.model.layers.27.self_attn.o_proj.lora_router.default.weight
base_model.model.model.layers.27.self_attn.o_proj.lora_router.default.bias
base_model.model.model.layers.27.mlp.gate_proj.lora_router.default.weight
base_model.model.model.layers.27.mlp.gate_proj.lora_router.default.bias
base_model.model.model.layers.27.mlp.up_proj.lora_router.default.weight
base_model.model.model.layers.27.mlp.up_proj.lora_router.default.bias
base_model.model.model.layers.27.mlp.down_proj.lora_router.default.weight
base_model.model.model.layers.27.mlp.down_proj.lora_router.default.bias
base_model.model.model.layers.28.self_attn.q_proj.lora_router.default.weight
base_model.model.model.layers.28.self_attn.q_proj.lora_router.default.bias
base_model.model.model.layers.28.self_attn.k_proj.lora_router.default.weight
base_model.model.model.layers.28.self_attn.k_proj.lora_router.default.bias
base_model.model.model.layers.28.self_attn.v_proj.lora_router.default.weight
base_model.model.model.layers.28.self_attn.v_proj.lora_router.default.bias
base_model.model.model.layers.28.self_attn.o_proj.lora_router.default.weight
base_model.model.model.layers.28.self_attn.o_proj.lora_router.default.bias
base_model.model.model.layers.28.mlp.gate_proj.lora_router.default.weight
base_model.model.model.layers.28.mlp.gate_proj.lora_router.default.bias
base_model.model.model.layers.28.mlp.up_proj.lora_router.default.weight
base_model.model.model.layers.28.mlp.up_proj.lora_router.default.bias
base_model.model.model.layers.28.mlp.down_proj.lora_router.default.weight
base_model.model.model.layers.28.mlp.down_proj.lora_router.default.bias
base_model.model.model.layers.29.self_attn.q_proj.lora_router.default.weight
base_model.model.model.layers.29.self_attn.q_proj.lora_router.default.bias
base_model.model.model.layers.29.self_attn.k_proj.lora_router.default.weight
base_model.model.model.layers.29.self_attn.k_proj.lora_router.default.bias
base_model.model.model.layers.29.self_attn.v_proj.lora_router.default.weight
base_model.model.model.layers.29.self_attn.v_proj.lora_router.default.bias
base_model.model.model.layers.29.self_attn.o_proj.lora_router.default.weight
base_model.model.model.layers.29.self_attn.o_proj.lora_router.default.bias
base_model.model.model.layers.29.mlp.gate_proj.lora_router.default.weight
base_model.model.model.layers.29.mlp.gate_proj.lora_router.default.bias
base_model.model.model.layers.29.mlp.up_proj.lora_router.default.weight
base_model.model.model.layers.29.mlp.up_proj.lora_router.default.bias
base_model.model.model.layers.29.mlp.down_proj.lora_router.default.weight
base_model.model.model.layers.29.mlp.down_proj.lora_router.default.bias
base_model.model.model.layers.30.self_attn.q_proj.lora_router.default.weight
base_model.model.model.layers.30.self_attn.q_proj.lora_router.default.bias
base_model.model.model.layers.30.self_attn.k_proj.lora_router.default.weight
base_model.model.model.layers.30.self_attn.k_proj.lora_router.default.bias
base_model.model.model.layers.30.self_attn.v_proj.lora_router.default.weight
base_model.model.model.layers.30.self_attn.v_proj.lora_router.default.bias
base_model.model.model.layers.30.self_attn.o_proj.lora_router.default.weight
base_model.model.model.layers.30.self_attn.o_proj.lora_router.default.bias
base_model.model.model.layers.30.mlp.gate_proj.lora_router.default.weight
base_model.model.model.layers.30.mlp.gate_proj.lora_router.default.bias
base_model.model.model.layers.30.mlp.up_proj.lora_router.default.weight
base_model.model.model.layers.30.mlp.up_proj.lora_router.default.bias
base_model.model.model.layers.30.mlp.down_proj.lora_router.default.weight
base_model.model.model.layers.30.mlp.down_proj.lora_router.default.bias
base_model.model.model.layers.31.self_attn.q_proj.lora_router.default.weight
base_model.model.model.layers.31.self_attn.q_proj.lora_router.default.bias
base_model.model.model.layers.31.self_attn.k_proj.lora_router.default.weight
base_model.model.model.layers.31.self_attn.k_proj.lora_router.default.bias
base_model.model.model.layers.31.self_attn.v_proj.lora_router.default.weight
base_model.model.model.layers.31.self_attn.v_proj.lora_router.default.bias
base_model.model.model.layers.31.self_attn.o_proj.lora_router.default.weight
base_model.model.model.layers.31.self_attn.o_proj.lora_router.default.bias
base_model.model.model.layers.31.mlp.gate_proj.lora_router.default.weight
base_model.model.model.layers.31.mlp.gate_proj.lora_router.default.bias
base_model.model.model.layers.31.mlp.up_proj.lora_router.default.weight
base_model.model.model.layers.31.mlp.up_proj.lora_router.default.bias
base_model.model.model.layers.31.mlp.down_proj.lora_router.default.weight
base_model.model.model.layers.31.mlp.down_proj.lora_router.default.bias
