MoloraConfig(peft_type=<PeftType.MOLORA: 'MOLORA'>, auto_mapping=None, base_model_name_or_path=None, revision=None, task_type='CAUSAL_LM', inference_mode=False, r=8, target_modules=['q_proj', 'up_proj', 'o_proj', 'k_proj', 'down_proj', 'gate_proj', 'v_proj'], lora_alpha=16, lora_dropout=0.1, fan_in_fan_out=False, bias='none', modules_to_save=None, init_lora_weights=True, layers_to_transform=None, layers_pattern=None, rank_pattern={}, alpha_pattern={}, num_experts=30, only_router=True, train_single_expert=False, experts_to_combine=['expert_0', 'expert_1', 'expert_2', 'expert_3', 'expert_4', 'expert_5', 'expert_6', 'expert_7', 'expert_8', 'expert_9', 'expert_10', 'expert_11', 'expert_12', 'expert_13', 'expert_14', 'expert_15', 'expert_16', 'expert_17', 'expert_18', 'expert_19', 'expert_20', 'expert_21', 'expert_22', 'expert_23', 'expert_24', 'expert_25', 'expert_26', 'expert_27', 'expert_28', 'expert_29'], top_k=0, top_p=0.0, self_attn_router=False, self_attn_hidden_dim=4, random_routing=False, uniform_routing=False, dot_product_routing=False)
PeftModelForCausalLM(
  (base_model): MoloraModel(
    (model): LlamaForCausalLM(
      (model): LlamaModel(
        (embed_tokens): Embedding(32000, 4096)
        (layers): ModuleList(
          (0-31): 32 x LlamaDecoderLayer(
            (self_attn): LlamaAttention(
              (q_proj): Linear4bit(
                in_features=4096, out_features=4096, bias=False
                (lora_dropout): ModuleDict(
                  (default): Dropout(p=0.1, inplace=False)
                )
                (lora_A): ParameterDict(  (default): Parameter containing: [torch.cuda.FloatTensor of size 30x4096x8 (GPU 0)])
                (lora_B): ParameterDict(  (default): Parameter containing: [torch.cuda.FloatTensor of size 30x8x4096 (GPU 0)])
                (lora_router): ModuleDict(
                  (default): Linear(in_features=4096, out_features=30, bias=True)
                )
              )
              (k_proj): Linear4bit(
                in_features=4096, out_features=4096, bias=False
                (lora_dropout): ModuleDict(
                  (default): Dropout(p=0.1, inplace=False)
                )
                (lora_A): ParameterDict(  (default): Parameter containing: [torch.cuda.FloatTensor of size 30x4096x8 (GPU 0)])
                (lora_B): ParameterDict(  (default): Parameter containing: [torch.cuda.FloatTensor of size 30x8x4096 (GPU 0)])
                (lora_router): ModuleDict(
                  (default): Linear(in_features=4096, out_features=30, bias=True)
                )
              )
              (v_proj): Linear4bit(
                in_features=4096, out_features=4096, bias=False
                (lora_dropout): ModuleDict(
                  (default): Dropout(p=0.1, inplace=False)
                )
                (lora_A): ParameterDict(  (default): Parameter containing: [torch.cuda.FloatTensor of size 30x4096x8 (GPU 0)])
                (lora_B): ParameterDict(  (default): Parameter containing: [torch.cuda.FloatTensor of size 30x8x4096 (GPU 0)])
                (lora_router): ModuleDict(
                  (default): Linear(in_features=4096, out_features=30, bias=True)
                )
              )
              (o_proj): Linear4bit(
                in_features=4096, out_features=4096, bias=False
                (lora_dropout): ModuleDict(
                  (default): Dropout(p=0.1, inplace=False)
                )
                (lora_A): ParameterDict(  (default): Parameter containing: [torch.cuda.FloatTensor of size 30x4096x8 (GPU 0)])
                (lora_B): ParameterDict(  (default): Parameter containing: [torch.cuda.FloatTensor of size 30x8x4096 (GPU 0)])
                (lora_router): ModuleDict(
                  (default): Linear(in_features=4096, out_features=30, bias=True)
                )
              )
              (rotary_emb): LlamaRotaryEmbedding()
            )
            (mlp): LlamaMLP(
              (gate_proj): Linear4bit(
                in_features=4096, out_features=11008, bias=False
                (lora_dropout): ModuleDict(
                  (default): Dropout(p=0.1, inplace=False)
                )
                (lora_A): ParameterDict(  (default): Parameter containing: [torch.cuda.FloatTensor of size 30x4096x8 (GPU 0)])
                (lora_B): ParameterDict(  (default): Parameter containing: [torch.cuda.FloatTensor of size 30x8x11008 (GPU 0)])
                (lora_router): ModuleDict(
                  (default): Linear(in_features=4096, out_features=30, bias=True)
                )
              )
              (up_proj): Linear4bit(
                in_features=4096, out_features=11008, bias=False
                (lora_dropout): ModuleDict(
                  (default): Dropout(p=0.1, inplace=False)
                )
                (lora_A): ParameterDict(  (default): Parameter containing: [torch.cuda.FloatTensor of size 30x4096x8 (GPU 0)])
                (lora_B): ParameterDict(  (default): Parameter containing: [torch.cuda.FloatTensor of size 30x8x11008 (GPU 0)])
                (lora_router): ModuleDict(
                  (default): Linear(in_features=4096, out_features=30, bias=True)
                )
              )
              (down_proj): Linear4bit(
                in_features=11008, out_features=4096, bias=False
                (lora_dropout): ModuleDict(
                  (default): Dropout(p=0.1, inplace=False)
                )
                (lora_A): ParameterDict(  (default): Parameter containing: [torch.cuda.FloatTensor of size 30x11008x8 (GPU 0)])
                (lora_B): ParameterDict(  (default): Parameter containing: [torch.cuda.FloatTensor of size 30x8x4096 (GPU 0)])
                (lora_router): ModuleDict(
                  (default): Linear(in_features=11008, out_features=30, bias=True)
                )
              )
              (act_fn): SiLUActivation()
            )
            (input_layernorm): LlamaRMSNorm()
            (post_attention_layernorm): LlamaRMSNorm()
          )
        )
        (norm): LlamaRMSNorm()
      )
      (lm_head): Linear(in_features=4096, out_features=32000, bias=False)
    )
  )
)
trainable params: 34,167,360 || all params: 7,372,237,376 || trainable%: 0.46345984614155755
base_model.model.model.layers.0.self_attn.q_proj.lora_router.default.weight
base_model.model.model.layers.0.self_attn.q_proj.lora_router.default.bias
base_model.model.model.layers.0.self_attn.k_proj.lora_router.default.weight
base_model.model.model.layers.0.self_attn.k_proj.lora_router.default.bias
base_model.model.model.layers.0.self_attn.v_proj.lora_router.default.weight
base_model.model.model.layers.0.self_attn.v_proj.lora_router.default.bias
base_model.model.model.layers.0.self_attn.o_proj.lora_router.default.weight
base_model.model.model.layers.0.self_attn.o_proj.lora_router.default.bias
base_model.model.model.layers.0.mlp.gate_proj.lora_router.default.weight
base_model.model.model.layers.0.mlp.gate_proj.lora_router.default.bias
base_model.model.model.layers.0.mlp.up_proj.lora_router.default.weight
base_model.model.model.layers.0.mlp.up_proj.lora_router.default.bias
base_model.model.model.layers.0.mlp.down_proj.lora_router.default.weight
base_model.model.model.layers.0.mlp.down_proj.lora_router.default.bias
base_model.model.model.layers.1.self_attn.q_proj.lora_router.default.weight
base_model.model.model.layers.1.self_attn.q_proj.lora_router.default.bias
base_model.model.model.layers.1.self_attn.k_proj.lora_router.default.weight
base_model.model.model.layers.1.self_attn.k_proj.lora_router.default.bias
base_model.model.model.layers.1.self_attn.v_proj.lora_router.default.weight
base_model.model.model.layers.1.self_attn.v_proj.lora_router.default.bias
base_model.model.model.layers.1.self_attn.o_proj.lora_router.default.weight
base_model.model.model.layers.1.self_attn.o_proj.lora_router.default.bias
base_model.model.model.layers.1.mlp.gate_proj.lora_router.default.weight
base_model.model.model.layers.1.mlp.gate_proj.lora_router.default.bias
base_model.model.model.layers.1.mlp.up_proj.lora_router.default.weight
base_model.model.model.layers.1.mlp.up_proj.lora_router.default.bias
base_model.model.model.layers.1.mlp.down_proj.lora_router.default.weight
base_model.model.model.layers.1.mlp.down_proj.lora_router.default.bias
base_model.model.model.layers.2.self_attn.q_proj.lora_router.default.weight
base_model.model.model.layers.2.self_attn.q_proj.lora_router.default.bias
base_model.model.model.layers.2.self_attn.k_proj.lora_router.default.weight
base_model.model.model.layers.2.self_attn.k_proj.lora_router.default.bias
base_model.model.model.layers.2.self_attn.v_proj.lora_router.default.weight
base_model.model.model.layers.2.self_attn.v_proj.lora_router.default.bias
base_model.model.model.layers.2.self_attn.o_proj.lora_router.default.weight
base_model.model.model.layers.2.self_attn.o_proj.lora_router.default.bias
base_model.model.model.layers.2.mlp.gate_proj.lora_router.default.weight
base_model.model.model.layers.2.mlp.gate_proj.lora_router.default.bias
base_model.model.model.layers.2.mlp.up_proj.lora_router.default.weight
base_model.model.model.layers.2.mlp.up_proj.lora_router.default.bias
base_model.model.model.layers.2.mlp.down_proj.lora_router.default.weight
base_model.model.model.layers.2.mlp.down_proj.lora_router.default.bias
base_model.model.model.layers.3.self_attn.q_proj.lora_router.default.weight
base_model.model.model.layers.3.self_attn.q_proj.lora_router.default.bias
base_model.model.model.layers.3.self_attn.k_proj.lora_router.default.weight
base_model.model.model.layers.3.self_attn.k_proj.lora_router.default.bias
base_model.model.model.layers.3.self_attn.v_proj.lora_router.default.weight
base_model.model.model.layers.3.self_attn.v_proj.lora_router.default.bias
base_model.model.model.layers.3.self_attn.o_proj.lora_router.default.weight
base_model.model.model.layers.3.self_attn.o_proj.lora_router.default.bias
base_model.model.model.layers.3.mlp.gate_proj.lora_router.default.weight
base_model.model.model.layers.3.mlp.gate_proj.lora_router.default.bias
base_model.model.model.layers.3.mlp.up_proj.lora_router.default.weight
base_model.model.model.layers.3.mlp.up_proj.lora_router.default.bias
base_model.model.model.layers.3.mlp.down_proj.lora_router.default.weight
base_model.model.model.layers.3.mlp.down_proj.lora_router.default.bias
base_model.model.model.layers.4.self_attn.q_proj.lora_router.default.weight
base_model.model.model.layers.4.self_attn.q_proj.lora_router.default.bias
base_model.model.model.layers.4.self_attn.k_proj.lora_router.default.weight
base_model.model.model.layers.4.self_attn.k_proj.lora_router.default.bias
base_model.model.model.layers.4.self_attn.v_proj.lora_router.default.weight
base_model.model.model.layers.4.self_attn.v_proj.lora_router.default.bias
base_model.model.model.layers.4.self_attn.o_proj.lora_router.default.weight
base_model.model.model.layers.4.self_attn.o_proj.lora_router.default.bias
base_model.model.model.layers.4.mlp.gate_proj.lora_router.default.weight
base_model.model.model.layers.4.mlp.gate_proj.lora_router.default.bias
base_model.model.model.layers.4.mlp.up_proj.lora_router.default.weight
base_model.model.model.layers.4.mlp.up_proj.lora_router.default.bias
base_model.model.model.layers.4.mlp.down_proj.lora_router.default.weight
base_model.model.model.layers.4.mlp.down_proj.lora_router.default.bias
base_model.model.model.layers.5.self_attn.q_proj.lora_router.default.weight
base_model.model.model.layers.5.self_attn.q_proj.lora_router.default.bias
base_model.model.model.layers.5.self_attn.k_proj.lora_router.default.weight
base_model.model.model.layers.5.self_attn.k_proj.lora_router.default.bias
base_model.model.model.layers.5.self_attn.v_proj.lora_router.default.weight
base_model.model.model.layers.5.self_attn.v_proj.lora_router.default.bias
base_model.model.model.layers.5.self_attn.o_proj.lora_router.default.weight
base_model.model.model.layers.5.self_attn.o_proj.lora_router.default.bias
base_model.model.model.layers.5.mlp.gate_proj.lora_router.default.weight
base_model.model.model.layers.5.mlp.gate_proj.lora_router.default.bias
base_model.model.model.layers.5.mlp.up_proj.lora_router.default.weight
base_model.model.model.layers.5.mlp.up_proj.lora_router.default.bias
base_model.model.model.layers.5.mlp.down_proj.lora_router.default.weight
base_model.model.model.layers.5.mlp.down_proj.lora_router.default.bias
base_model.model.model.layers.6.self_attn.q_proj.lora_router.default.weight
base_model.model.model.layers.6.self_attn.q_proj.lora_router.default.bias
base_model.model.model.layers.6.self_attn.k_proj.lora_router.default.weight
base_model.model.model.layers.6.self_attn.k_proj.lora_router.default.bias
base_model.model.model.layers.6.self_attn.v_proj.lora_router.default.weight
base_model.model.model.layers.6.self_attn.v_proj.lora_router.default.bias
base_model.model.model.layers.6.self_attn.o_proj.lora_router.default.weight
base_model.model.model.layers.6.self_attn.o_proj.lora_router.default.bias
base_model.model.model.layers.6.mlp.gate_proj.lora_router.default.weight
base_model.model.model.layers.6.mlp.gate_proj.lora_router.default.bias
base_model.model.model.layers.6.mlp.up_proj.lora_router.default.weight
base_model.model.model.layers.6.mlp.up_proj.lora_router.default.bias
base_model.model.model.layers.6.mlp.down_proj.lora_router.default.weight
base_model.model.model.layers.6.mlp.down_proj.lora_router.default.bias
base_model.model.model.layers.7.self_attn.q_proj.lora_router.default.weight
base_model.model.model.layers.7.self_attn.q_proj.lora_router.default.bias
base_model.model.model.layers.7.self_attn.k_proj.lora_router.default.weight
base_model.model.model.layers.7.self_attn.k_proj.lora_router.default.bias
base_model.model.model.layers.7.self_attn.v_proj.lora_router.default.weight
base_model.model.model.layers.7.self_attn.v_proj.lora_router.default.bias
base_model.model.model.layers.7.self_attn.o_proj.lora_router.default.weight
base_model.model.model.layers.7.self_attn.o_proj.lora_router.default.bias
base_model.model.model.layers.7.mlp.gate_proj.lora_router.default.weight
base_model.model.model.layers.7.mlp.gate_proj.lora_router.default.bias
base_model.model.model.layers.7.mlp.up_proj.lora_router.default.weight
base_model.model.model.layers.7.mlp.up_proj.lora_router.default.bias
base_model.model.model.layers.7.mlp.down_proj.lora_router.default.weight
base_model.model.model.layers.7.mlp.down_proj.lora_router.default.bias
base_model.model.model.layers.8.self_attn.q_proj.lora_router.default.weight
base_model.model.model.layers.8.self_attn.q_proj.lora_router.default.bias
base_model.model.model.layers.8.self_attn.k_proj.lora_router.default.weight
base_model.model.model.layers.8.self_attn.k_proj.lora_router.default.bias
base_model.model.model.layers.8.self_attn.v_proj.lora_router.default.weight
base_model.model.model.layers.8.self_attn.v_proj.lora_router.default.bias
base_model.model.model.layers.8.self_attn.o_proj.lora_router.default.weight
base_model.model.model.layers.8.self_attn.o_proj.lora_router.default.bias
base_model.model.model.layers.8.mlp.gate_proj.lora_router.default.weight
base_model.model.model.layers.8.mlp.gate_proj.lora_router.default.bias
base_model.model.model.layers.8.mlp.up_proj.lora_router.default.weight
base_model.model.model.layers.8.mlp.up_proj.lora_router.default.bias
base_model.model.model.layers.8.mlp.down_proj.lora_router.default.weight
base_model.model.model.layers.8.mlp.down_proj.lora_router.default.bias
base_model.model.model.layers.9.self_attn.q_proj.lora_router.default.weight
base_model.model.model.layers.9.self_attn.q_proj.lora_router.default.bias
base_model.model.model.layers.9.self_attn.k_proj.lora_router.default.weight
base_model.model.model.layers.9.self_attn.k_proj.lora_router.default.bias
base_model.model.model.layers.9.self_attn.v_proj.lora_router.default.weight
base_model.model.model.layers.9.self_attn.v_proj.lora_router.default.bias
base_model.model.model.layers.9.self_attn.o_proj.lora_router.default.weight
base_model.model.model.layers.9.self_attn.o_proj.lora_router.default.bias
base_model.model.model.layers.9.mlp.gate_proj.lora_router.default.weight
base_model.model.model.layers.9.mlp.gate_proj.lora_router.default.bias
base_model.model.model.layers.9.mlp.up_proj.lora_router.default.weight
base_model.model.model.layers.9.mlp.up_proj.lora_router.default.bias
base_model.model.model.layers.9.mlp.down_proj.lora_router.default.weight
base_model.model.model.layers.9.mlp.down_proj.lora_router.default.bias
base_model.model.model.layers.10.self_attn.q_proj.lora_router.default.weight
base_model.model.model.layers.10.self_attn.q_proj.lora_router.default.bias
base_model.model.model.layers.10.self_attn.k_proj.lora_router.default.weight
base_model.model.model.layers.10.self_attn.k_proj.lora_router.default.bias
base_model.model.model.layers.10.self_attn.v_proj.lora_router.default.weight
base_model.model.model.layers.10.self_attn.v_proj.lora_router.default.bias
base_model.model.model.layers.10.self_attn.o_proj.lora_router.default.weight
base_model.model.model.layers.10.self_attn.o_proj.lora_router.default.bias
base_model.model.model.layers.10.mlp.gate_proj.lora_router.default.weight
base_model.model.model.layers.10.mlp.gate_proj.lora_router.default.bias
base_model.model.model.layers.10.mlp.up_proj.lora_router.default.weight
base_model.model.model.layers.10.mlp.up_proj.lora_router.default.bias
base_model.model.model.layers.10.mlp.down_proj.lora_router.default.weight
base_model.model.model.layers.10.mlp.down_proj.lora_router.default.bias
base_model.model.model.layers.11.self_attn.q_proj.lora_router.default.weight
base_model.model.model.layers.11.self_attn.q_proj.lora_router.default.bias
base_model.model.model.layers.11.self_attn.k_proj.lora_router.default.weight
base_model.model.model.layers.11.self_attn.k_proj.lora_router.default.bias
base_model.model.model.layers.11.self_attn.v_proj.lora_router.default.weight
base_model.model.model.layers.11.self_attn.v_proj.lora_router.default.bias
base_model.model.model.layers.11.self_attn.o_proj.lora_router.default.weight
base_model.model.model.layers.11.self_attn.o_proj.lora_router.default.bias
base_model.model.model.layers.11.mlp.gate_proj.lora_router.default.weight
base_model.model.model.layers.11.mlp.gate_proj.lora_router.default.bias
base_model.model.model.layers.11.mlp.up_proj.lora_router.default.weight
base_model.model.model.layers.11.mlp.up_proj.lora_router.default.bias
base_model.model.model.layers.11.mlp.down_proj.lora_router.default.weight
base_model.model.model.layers.11.mlp.down_proj.lora_router.default.bias
base_model.model.model.layers.12.self_attn.q_proj.lora_router.default.weight
base_model.model.model.layers.12.self_attn.q_proj.lora_router.default.bias
base_model.model.model.layers.12.self_attn.k_proj.lora_router.default.weight
base_model.model.model.layers.12.self_attn.k_proj.lora_router.default.bias
base_model.model.model.layers.12.self_attn.v_proj.lora_router.default.weight
base_model.model.model.layers.12.self_attn.v_proj.lora_router.default.bias
base_model.model.model.layers.12.self_attn.o_proj.lora_router.default.weight
base_model.model.model.layers.12.self_attn.o_proj.lora_router.default.bias
base_model.model.model.layers.12.mlp.gate_proj.lora_router.default.weight
base_model.model.model.layers.12.mlp.gate_proj.lora_router.default.bias
base_model.model.model.layers.12.mlp.up_proj.lora_router.default.weight
base_model.model.model.layers.12.mlp.up_proj.lora_router.default.bias
base_model.model.model.layers.12.mlp.down_proj.lora_router.default.weight
base_model.model.model.layers.12.mlp.down_proj.lora_router.default.bias
base_model.model.model.layers.13.self_attn.q_proj.lora_router.default.weight
base_model.model.model.layers.13.self_attn.q_proj.lora_router.default.bias
base_model.model.model.layers.13.self_attn.k_proj.lora_router.default.weight
base_model.model.model.layers.13.self_attn.k_proj.lora_router.default.bias
base_model.model.model.layers.13.self_attn.v_proj.lora_router.default.weight
base_model.model.model.layers.13.self_attn.v_proj.lora_router.default.bias
base_model.model.model.layers.13.self_attn.o_proj.lora_router.default.weight
base_model.model.model.layers.13.self_attn.o_proj.lora_router.default.bias
base_model.model.model.layers.13.mlp.gate_proj.lora_router.default.weight
base_model.model.model.layers.13.mlp.gate_proj.lora_router.default.bias
base_model.model.model.layers.13.mlp.up_proj.lora_router.default.weight
base_model.model.model.layers.13.mlp.up_proj.lora_router.default.bias
base_model.model.model.layers.13.mlp.down_proj.lora_router.default.weight
base_model.model.model.layers.13.mlp.down_proj.lora_router.default.bias
base_model.model.model.layers.14.self_attn.q_proj.lora_router.default.weight
base_model.model.model.layers.14.self_attn.q_proj.lora_router.default.bias
base_model.model.model.layers.14.self_attn.k_proj.lora_router.default.weight
base_model.model.model.layers.14.self_attn.k_proj.lora_router.default.bias
base_model.model.model.layers.14.self_attn.v_proj.lora_router.default.weight
base_model.model.model.layers.14.self_attn.v_proj.lora_router.default.bias
base_model.model.model.layers.14.self_attn.o_proj.lora_router.default.weight
base_model.model.model.layers.14.self_attn.o_proj.lora_router.default.bias
base_model.model.model.layers.14.mlp.gate_proj.lora_router.default.weight
base_model.model.model.layers.14.mlp.gate_proj.lora_router.default.bias
base_model.model.model.layers.14.mlp.up_proj.lora_router.default.weight
base_model.model.model.layers.14.mlp.up_proj.lora_router.default.bias
base_model.model.model.layers.14.mlp.down_proj.lora_router.default.weight
base_model.model.model.layers.14.mlp.down_proj.lora_router.default.bias
base_model.model.model.layers.15.self_attn.q_proj.lora_router.default.weight
base_model.model.model.layers.15.self_attn.q_proj.lora_router.default.bias
base_model.model.model.layers.15.self_attn.k_proj.lora_router.default.weight
base_model.model.model.layers.15.self_attn.k_proj.lora_router.default.bias
base_model.model.model.layers.15.self_attn.v_proj.lora_router.default.weight
base_model.model.model.layers.15.self_attn.v_proj.lora_router.default.bias
base_model.model.model.layers.15.self_attn.o_proj.lora_router.default.weight
base_model.model.model.layers.15.self_attn.o_proj.lora_router.default.bias
base_model.model.model.layers.15.mlp.gate_proj.lora_router.default.weight
base_model.model.model.layers.15.mlp.gate_proj.lora_router.default.bias
base_model.model.model.layers.15.mlp.up_proj.lora_router.default.weight
base_model.model.model.layers.15.mlp.up_proj.lora_router.default.bias
base_model.model.model.layers.15.mlp.down_proj.lora_router.default.weight
base_model.model.model.layers.15.mlp.down_proj.lora_router.default.bias
base_model.model.model.layers.16.self_attn.q_proj.lora_router.default.weight
base_model.model.model.layers.16.self_attn.q_proj.lora_router.default.bias
base_model.model.model.layers.16.self_attn.k_proj.lora_router.default.weight
base_model.model.model.layers.16.self_attn.k_proj.lora_router.default.bias
base_model.model.model.layers.16.self_attn.v_proj.lora_router.default.weight
base_model.model.model.layers.16.self_attn.v_proj.lora_router.default.bias
base_model.model.model.layers.16.self_attn.o_proj.lora_router.default.weight
base_model.model.model.layers.16.self_attn.o_proj.lora_router.default.bias
base_model.model.model.layers.16.mlp.gate_proj.lora_router.default.weight
base_model.model.model.layers.16.mlp.gate_proj.lora_router.default.bias
base_model.model.model.layers.16.mlp.up_proj.lora_router.default.weight
base_model.model.model.layers.16.mlp.up_proj.lora_router.default.bias
base_model.model.model.layers.16.mlp.down_proj.lora_router.default.weight
base_model.model.model.layers.16.mlp.down_proj.lora_router.default.bias
base_model.model.model.layers.17.self_attn.q_proj.lora_router.default.weight
base_model.model.model.layers.17.self_attn.q_proj.lora_router.default.bias
base_model.model.model.layers.17.self_attn.k_proj.lora_router.default.weight
base_model.model.model.layers.17.self_attn.k_proj.lora_router.default.bias
base_model.model.model.layers.17.self_attn.v_proj.lora_router.default.weight
base_model.model.model.layers.17.self_attn.v_proj.lora_router.default.bias
base_model.model.model.layers.17.self_attn.o_proj.lora_router.default.weight
base_model.model.model.layers.17.self_attn.o_proj.lora_router.default.bias
base_model.model.model.layers.17.mlp.gate_proj.lora_router.default.weight
base_model.model.model.layers.17.mlp.gate_proj.lora_router.default.bias
base_model.model.model.layers.17.mlp.up_proj.lora_router.default.weight
base_model.model.model.layers.17.mlp.up_proj.lora_router.default.bias
base_model.model.model.layers.17.mlp.down_proj.lora_router.default.weight
base_model.model.model.layers.17.mlp.down_proj.lora_router.default.bias
base_model.model.model.layers.18.self_attn.q_proj.lora_router.default.weight
base_model.model.model.layers.18.self_attn.q_proj.lora_router.default.bias
base_model.model.model.layers.18.self_attn.k_proj.lora_router.default.weight
base_model.model.model.layers.18.self_attn.k_proj.lora_router.default.bias
base_model.model.model.layers.18.self_attn.v_proj.lora_router.default.weight
base_model.model.model.layers.18.self_attn.v_proj.lora_router.default.bias
base_model.model.model.layers.18.self_attn.o_proj.lora_router.default.weight
base_model.model.model.layers.18.self_attn.o_proj.lora_router.default.bias
base_model.model.model.layers.18.mlp.gate_proj.lora_router.default.weight
base_model.model.model.layers.18.mlp.gate_proj.lora_router.default.bias
base_model.model.model.layers.18.mlp.up_proj.lora_router.default.weight
base_model.model.model.layers.18.mlp.up_proj.lora_router.default.bias
base_model.model.model.layers.18.mlp.down_proj.lora_router.default.weight
base_model.model.model.layers.18.mlp.down_proj.lora_router.default.bias
base_model.model.model.layers.19.self_attn.q_proj.lora_router.default.weight
base_model.model.model.layers.19.self_attn.q_proj.lora_router.default.bias
base_model.model.model.layers.19.self_attn.k_proj.lora_router.default.weight
base_model.model.model.layers.19.self_attn.k_proj.lora_router.default.bias
base_model.model.model.layers.19.self_attn.v_proj.lora_router.default.weight
base_model.model.model.layers.19.self_attn.v_proj.lora_router.default.bias
base_model.model.model.layers.19.self_attn.o_proj.lora_router.default.weight
base_model.model.model.layers.19.self_attn.o_proj.lora_router.default.bias
base_model.model.model.layers.19.mlp.gate_proj.lora_router.default.weight
base_model.model.model.layers.19.mlp.gate_proj.lora_router.default.bias
base_model.model.model.layers.19.mlp.up_proj.lora_router.default.weight
base_model.model.model.layers.19.mlp.up_proj.lora_router.default.bias
base_model.model.model.layers.19.mlp.down_proj.lora_router.default.weight
base_model.model.model.layers.19.mlp.down_proj.lora_router.default.bias
base_model.model.model.layers.20.self_attn.q_proj.lora_router.default.weight
base_model.model.model.layers.20.self_attn.q_proj.lora_router.default.bias
base_model.model.model.layers.20.self_attn.k_proj.lora_router.default.weight
base_model.model.model.layers.20.self_attn.k_proj.lora_router.default.bias
base_model.model.model.layers.20.self_attn.v_proj.lora_router.default.weight
base_model.model.model.layers.20.self_attn.v_proj.lora_router.default.bias
base_model.model.model.layers.20.self_attn.o_proj.lora_router.default.weight
base_model.model.model.layers.20.self_attn.o_proj.lora_router.default.bias
base_model.model.model.layers.20.mlp.gate_proj.lora_router.default.weight
base_model.model.model.layers.20.mlp.gate_proj.lora_router.default.bias
base_model.model.model.layers.20.mlp.up_proj.lora_router.default.weight
base_model.model.model.layers.20.mlp.up_proj.lora_router.default.bias
base_model.model.model.layers.20.mlp.down_proj.lora_router.default.weight
base_model.model.model.layers.20.mlp.down_proj.lora_router.default.bias
base_model.model.model.layers.21.self_attn.q_proj.lora_router.default.weight
base_model.model.model.layers.21.self_attn.q_proj.lora_router.default.bias
base_model.model.model.layers.21.self_attn.k_proj.lora_router.default.weight
base_model.model.model.layers.21.self_attn.k_proj.lora_router.default.bias
base_model.model.model.layers.21.self_attn.v_proj.lora_router.default.weight
base_model.model.model.layers.21.self_attn.v_proj.lora_router.default.bias
base_model.model.model.layers.21.self_attn.o_proj.lora_router.default.weight
base_model.model.model.layers.21.self_attn.o_proj.lora_router.default.bias
base_model.model.model.layers.21.mlp.gate_proj.lora_router.default.weight
base_model.model.model.layers.21.mlp.gate_proj.lora_router.default.bias
base_model.model.model.layers.21.mlp.up_proj.lora_router.default.weight
base_model.model.model.layers.21.mlp.up_proj.lora_router.default.bias
base_model.model.model.layers.21.mlp.down_proj.lora_router.default.weight
base_model.model.model.layers.21.mlp.down_proj.lora_router.default.bias
base_model.model.model.layers.22.self_attn.q_proj.lora_router.default.weight
base_model.model.model.layers.22.self_attn.q_proj.lora_router.default.bias
base_model.model.model.layers.22.self_attn.k_proj.lora_router.default.weight
base_model.model.model.layers.22.self_attn.k_proj.lora_router.default.bias
base_model.model.model.layers.22.self_attn.v_proj.lora_router.default.weight
base_model.model.model.layers.22.self_attn.v_proj.lora_router.default.bias
base_model.model.model.layers.22.self_attn.o_proj.lora_router.default.weight
base_model.model.model.layers.22.self_attn.o_proj.lora_router.default.bias
base_model.model.model.layers.22.mlp.gate_proj.lora_router.default.weight
base_model.model.model.layers.22.mlp.gate_proj.lora_router.default.bias
base_model.model.model.layers.22.mlp.up_proj.lora_router.default.weight
base_model.model.model.layers.22.mlp.up_proj.lora_router.default.bias
base_model.model.model.layers.22.mlp.down_proj.lora_router.default.weight
base_model.model.model.layers.22.mlp.down_proj.lora_router.default.bias
base_model.model.model.layers.23.self_attn.q_proj.lora_router.default.weight
base_model.model.model.layers.23.self_attn.q_proj.lora_router.default.bias
base_model.model.model.layers.23.self_attn.k_proj.lora_router.default.weight
base_model.model.model.layers.23.self_attn.k_proj.lora_router.default.bias
base_model.model.model.layers.23.self_attn.v_proj.lora_router.default.weight
base_model.model.model.layers.23.self_attn.v_proj.lora_router.default.bias
base_model.model.model.layers.23.self_attn.o_proj.lora_router.default.weight
base_model.model.model.layers.23.self_attn.o_proj.lora_router.default.bias
base_model.model.model.layers.23.mlp.gate_proj.lora_router.default.weight
base_model.model.model.layers.23.mlp.gate_proj.lora_router.default.bias
base_model.model.model.layers.23.mlp.up_proj.lora_router.default.weight
base_model.model.model.layers.23.mlp.up_proj.lora_router.default.bias
base_model.model.model.layers.23.mlp.down_proj.lora_router.default.weight
base_model.model.model.layers.23.mlp.down_proj.lora_router.default.bias
base_model.model.model.layers.24.self_attn.q_proj.lora_router.default.weight
base_model.model.model.layers.24.self_attn.q_proj.lora_router.default.bias
base_model.model.model.layers.24.self_attn.k_proj.lora_router.default.weight
base_model.model.model.layers.24.self_attn.k_proj.lora_router.default.bias
base_model.model.model.layers.24.self_attn.v_proj.lora_router.default.weight
base_model.model.model.layers.24.self_attn.v_proj.lora_router.default.bias
base_model.model.model.layers.24.self_attn.o_proj.lora_router.default.weight
base_model.model.model.layers.24.self_attn.o_proj.lora_router.default.bias
base_model.model.model.layers.24.mlp.gate_proj.lora_router.default.weight
base_model.model.model.layers.24.mlp.gate_proj.lora_router.default.bias
base_model.model.model.layers.24.mlp.up_proj.lora_router.default.weight
base_model.model.model.layers.24.mlp.up_proj.lora_router.default.bias
base_model.model.model.layers.24.mlp.down_proj.lora_router.default.weight
base_model.model.model.layers.24.mlp.down_proj.lora_router.default.bias
base_model.model.model.layers.25.self_attn.q_proj.lora_router.default.weight
base_model.model.model.layers.25.self_attn.q_proj.lora_router.default.bias
base_model.model.model.layers.25.self_attn.k_proj.lora_router.default.weight
base_model.model.model.layers.25.self_attn.k_proj.lora_router.default.bias
base_model.model.model.layers.25.self_attn.v_proj.lora_router.default.weight
base_model.model.model.layers.25.self_attn.v_proj.lora_router.default.bias
base_model.model.model.layers.25.self_attn.o_proj.lora_router.default.weight
base_model.model.model.layers.25.self_attn.o_proj.lora_router.default.bias
base_model.model.model.layers.25.mlp.gate_proj.lora_router.default.weight
base_model.model.model.layers.25.mlp.gate_proj.lora_router.default.bias
base_model.model.model.layers.25.mlp.up_proj.lora_router.default.weight
base_model.model.model.layers.25.mlp.up_proj.lora_router.default.bias
base_model.model.model.layers.25.mlp.down_proj.lora_router.default.weight
base_model.model.model.layers.25.mlp.down_proj.lora_router.default.bias
base_model.model.model.layers.26.self_attn.q_proj.lora_router.default.weight
base_model.model.model.layers.26.self_attn.q_proj.lora_router.default.bias
base_model.model.model.layers.26.self_attn.k_proj.lora_router.default.weight
base_model.model.model.layers.26.self_attn.k_proj.lora_router.default.bias
base_model.model.model.layers.26.self_attn.v_proj.lora_router.default.weight
base_model.model.model.layers.26.self_attn.v_proj.lora_router.default.bias
base_model.model.model.layers.26.self_attn.o_proj.lora_router.default.weight
base_model.model.model.layers.26.self_attn.o_proj.lora_router.default.bias
base_model.model.model.layers.26.mlp.gate_proj.lora_router.default.weight
base_model.model.model.layers.26.mlp.gate_proj.lora_router.default.bias
base_model.model.model.layers.26.mlp.up_proj.lora_router.default.weight
base_model.model.model.layers.26.mlp.up_proj.lora_router.default.bias
base_model.model.model.layers.26.mlp.down_proj.lora_router.default.weight
base_model.model.model.layers.26.mlp.down_proj.lora_router.default.bias
base_model.model.model.layers.27.self_attn.q_proj.lora_router.default.weight
base_model.model.model.layers.27.self_attn.q_proj.lora_router.default.bias
base_model.model.model.layers.27.self_attn.k_proj.lora_router.default.weight
base_model.model.model.layers.27.self_attn.k_proj.lora_router.default.bias
base_model.model.model.layers.27.self_attn.v_proj.lora_router.default.weight
base_model.model.model.layers.27.self_attn.v_proj.lora_router.default.bias
base_model.model.model.layers.27.self_attn.o_proj.lora_router.default.weight
base_model.model.model.layers.27.self_attn.o_proj.lora_router.default.bias
base_model.model.model.layers.27.mlp.gate_proj.lora_router.default.weight
base_model.model.model.layers.27.mlp.gate_proj.lora_router.default.bias
base_model.model.model.layers.27.mlp.up_proj.lora_router.default.weight
base_model.model.model.layers.27.mlp.up_proj.lora_router.default.bias
base_model.model.model.layers.27.mlp.down_proj.lora_router.default.weight
base_model.model.model.layers.27.mlp.down_proj.lora_router.default.bias
base_model.model.model.layers.28.self_attn.q_proj.lora_router.default.weight
base_model.model.model.layers.28.self_attn.q_proj.lora_router.default.bias
base_model.model.model.layers.28.self_attn.k_proj.lora_router.default.weight
base_model.model.model.layers.28.self_attn.k_proj.lora_router.default.bias
base_model.model.model.layers.28.self_attn.v_proj.lora_router.default.weight
base_model.model.model.layers.28.self_attn.v_proj.lora_router.default.bias
base_model.model.model.layers.28.self_attn.o_proj.lora_router.default.weight
base_model.model.model.layers.28.self_attn.o_proj.lora_router.default.bias
base_model.model.model.layers.28.mlp.gate_proj.lora_router.default.weight
base_model.model.model.layers.28.mlp.gate_proj.lora_router.default.bias
base_model.model.model.layers.28.mlp.up_proj.lora_router.default.weight
base_model.model.model.layers.28.mlp.up_proj.lora_router.default.bias
base_model.model.model.layers.28.mlp.down_proj.lora_router.default.weight
base_model.model.model.layers.28.mlp.down_proj.lora_router.default.bias
base_model.model.model.layers.29.self_attn.q_proj.lora_router.default.weight
base_model.model.model.layers.29.self_attn.q_proj.lora_router.default.bias
base_model.model.model.layers.29.self_attn.k_proj.lora_router.default.weight
base_model.model.model.layers.29.self_attn.k_proj.lora_router.default.bias
base_model.model.model.layers.29.self_attn.v_proj.lora_router.default.weight
base_model.model.model.layers.29.self_attn.v_proj.lora_router.default.bias
base_model.model.model.layers.29.self_attn.o_proj.lora_router.default.weight
base_model.model.model.layers.29.self_attn.o_proj.lora_router.default.bias
base_model.model.model.layers.29.mlp.gate_proj.lora_router.default.weight
base_model.model.model.layers.29.mlp.gate_proj.lora_router.default.bias
base_model.model.model.layers.29.mlp.up_proj.lora_router.default.weight
base_model.model.model.layers.29.mlp.up_proj.lora_router.default.bias
base_model.model.model.layers.29.mlp.down_proj.lora_router.default.weight
base_model.model.model.layers.29.mlp.down_proj.lora_router.default.bias
base_model.model.model.layers.30.self_attn.q_proj.lora_router.default.weight
base_model.model.model.layers.30.self_attn.q_proj.lora_router.default.bias
base_model.model.model.layers.30.self_attn.k_proj.lora_router.default.weight
base_model.model.model.layers.30.self_attn.k_proj.lora_router.default.bias
base_model.model.model.layers.30.self_attn.v_proj.lora_router.default.weight
base_model.model.model.layers.30.self_attn.v_proj.lora_router.default.bias
base_model.model.model.layers.30.self_attn.o_proj.lora_router.default.weight
base_model.model.model.layers.30.self_attn.o_proj.lora_router.default.bias
base_model.model.model.layers.30.mlp.gate_proj.lora_router.default.weight
base_model.model.model.layers.30.mlp.gate_proj.lora_router.default.bias
base_model.model.model.layers.30.mlp.up_proj.lora_router.default.weight
base_model.model.model.layers.30.mlp.up_proj.lora_router.default.bias
base_model.model.model.layers.30.mlp.down_proj.lora_router.default.weight
base_model.model.model.layers.30.mlp.down_proj.lora_router.default.bias
base_model.model.model.layers.31.self_attn.q_proj.lora_router.default.weight
base_model.model.model.layers.31.self_attn.q_proj.lora_router.default.bias
base_model.model.model.layers.31.self_attn.k_proj.lora_router.default.weight
base_model.model.model.layers.31.self_attn.k_proj.lora_router.default.bias
base_model.model.model.layers.31.self_attn.v_proj.lora_router.default.weight
base_model.model.model.layers.31.self_attn.v_proj.lora_router.default.bias
base_model.model.model.layers.31.self_attn.o_proj.lora_router.default.weight
base_model.model.model.layers.31.self_attn.o_proj.lora_router.default.bias
base_model.model.model.layers.31.mlp.gate_proj.lora_router.default.weight
base_model.model.model.layers.31.mlp.gate_proj.lora_router.default.bias
base_model.model.model.layers.31.mlp.up_proj.lora_router.default.weight
base_model.model.model.layers.31.mlp.up_proj.lora_router.default.bias
base_model.model.model.layers.31.mlp.down_proj.lora_router.default.weight
base_model.model.model.layers.31.mlp.down_proj.lora_router.default.bias
{'loss': 0.8441, 'learning_rate': 0.0003, 'epoch': 0.0}
{'loss': 0.8096, 'learning_rate': 0.0003, 'epoch': 0.0}
{'loss': 0.8275, 'learning_rate': 0.0003, 'epoch': 0.0}
{'loss': 0.7978, 'learning_rate': 0.0003, 'epoch': 0.0}
{'loss': 0.8383, 'learning_rate': 0.0003, 'epoch': 0.0}
{'loss': 0.8096, 'learning_rate': 0.0003, 'epoch': 0.0}
{'loss': 0.7868, 'learning_rate': 0.0003, 'epoch': 0.01}
{'loss': 0.7875, 'learning_rate': 0.0003, 'epoch': 0.01}
{'loss': 0.798, 'learning_rate': 0.0003, 'epoch': 0.01}
{'loss': 0.7909, 'learning_rate': 0.0003, 'epoch': 0.01}
{'loss': 0.8164, 'learning_rate': 0.0003, 'epoch': 0.01}
{'loss': 0.783, 'learning_rate': 0.0003, 'epoch': 0.01}
{'loss': 0.7909, 'learning_rate': 0.0003, 'epoch': 0.01}
{'loss': 0.8062, 'learning_rate': 0.0003, 'epoch': 0.01}
{'loss': 0.786, 'learning_rate': 0.0003, 'epoch': 0.01}
{'loss': 0.797, 'learning_rate': 0.0003, 'epoch': 0.01}
{'loss': 0.8095, 'learning_rate': 0.0003, 'epoch': 0.01}
{'loss': 0.7954, 'learning_rate': 0.0003, 'epoch': 0.01}
{'loss': 0.7986, 'learning_rate': 0.0003, 'epoch': 0.01}
{'loss': 0.7781, 'learning_rate': 0.0003, 'epoch': 0.02}
{'loss': 0.786, 'learning_rate': 0.0003, 'epoch': 0.02}
{'loss': 0.7895, 'learning_rate': 0.0003, 'epoch': 0.02}
{'loss': 0.7763, 'learning_rate': 0.0003, 'epoch': 0.02}
{'loss': 0.7614, 'learning_rate': 0.0003, 'epoch': 0.02}
{'loss': 0.8, 'learning_rate': 0.0003, 'epoch': 0.02}
{'loss': 0.7785, 'learning_rate': 0.0003, 'epoch': 0.02}
{'loss': 0.7626, 'learning_rate': 0.0003, 'epoch': 0.02}
{'loss': 0.7673, 'learning_rate': 0.0003, 'epoch': 0.02}
{'loss': 0.8016, 'learning_rate': 0.0003, 'epoch': 0.02}
{'loss': 0.7976, 'learning_rate': 0.0003, 'epoch': 0.02}
{'loss': 0.7557, 'learning_rate': 0.0003, 'epoch': 0.02}
{'loss': 0.7849, 'learning_rate': 0.0003, 'epoch': 0.02}
{'loss': 0.7746, 'learning_rate': 0.0003, 'epoch': 0.03}
{'loss': 0.7698, 'learning_rate': 0.0003, 'epoch': 0.03}
{'loss': 0.7597, 'learning_rate': 0.0003, 'epoch': 0.03}
{'loss': 0.7862, 'learning_rate': 0.0003, 'epoch': 0.03}
{'loss': 0.7704, 'learning_rate': 0.0003, 'epoch': 0.03}
{'loss': 0.7579, 'learning_rate': 0.0003, 'epoch': 0.03}
{'loss': 0.7785, 'learning_rate': 0.0003, 'epoch': 0.03}
{'loss': 0.7875, 'learning_rate': 0.0003, 'epoch': 0.03}
{'loss': 0.7905, 'learning_rate': 0.0003, 'epoch': 0.03}
{'loss': 0.7527, 'learning_rate': 0.0003, 'epoch': 0.03}
{'loss': 0.7515, 'learning_rate': 0.0003, 'epoch': 0.03}
{'loss': 0.7856, 'learning_rate': 0.0003, 'epoch': 0.03}
{'loss': 0.7736, 'learning_rate': 0.0003, 'epoch': 0.03}
{'loss': 0.8028, 'learning_rate': 0.0003, 'epoch': 0.04}
{'loss': 0.7756, 'learning_rate': 0.0003, 'epoch': 0.04}
{'loss': 0.7389, 'learning_rate': 0.0003, 'epoch': 0.04}
{'loss': 0.771, 'learning_rate': 0.0003, 'epoch': 0.04}
{'loss': 0.7684, 'learning_rate': 0.0003, 'epoch': 0.04}
{'loss': 0.7588, 'learning_rate': 0.0003, 'epoch': 0.04}
{'loss': 0.7833, 'learning_rate': 0.0003, 'epoch': 0.04}
{'loss': 0.7581, 'learning_rate': 0.0003, 'epoch': 0.04}
{'loss': 0.7598, 'learning_rate': 0.0003, 'epoch': 0.04}
{'loss': 0.7741, 'learning_rate': 0.0003, 'epoch': 0.04}
{'loss': 0.7519, 'learning_rate': 0.0003, 'epoch': 0.04}
{'loss': 0.7849, 'learning_rate': 0.0003, 'epoch': 0.04}
{'loss': 0.7659, 'learning_rate': 0.0003, 'epoch': 0.04}
{'loss': 0.7561, 'learning_rate': 0.0003, 'epoch': 0.05}
{'loss': 0.7687, 'learning_rate': 0.0003, 'epoch': 0.05}
{'loss': 0.7676, 'learning_rate': 0.0003, 'epoch': 0.05}
{'loss': 0.758, 'learning_rate': 0.0003, 'epoch': 0.05}
{'loss': 0.7614, 'learning_rate': 0.0003, 'epoch': 0.05}
{'loss': 0.7915, 'learning_rate': 0.0003, 'epoch': 0.05}
{'loss': 0.7746, 'learning_rate': 0.0003, 'epoch': 0.05}
{'loss': 0.766, 'learning_rate': 0.0003, 'epoch': 0.05}
{'loss': 0.7846, 'learning_rate': 0.0003, 'epoch': 0.05}
{'loss': 0.7646, 'learning_rate': 0.0003, 'epoch': 0.05}
{'loss': 0.762, 'learning_rate': 0.0003, 'epoch': 0.05}
{'loss': 0.8055, 'learning_rate': 0.0003, 'epoch': 0.05}
{'loss': 0.7579, 'learning_rate': 0.0003, 'epoch': 0.05}
{'loss': 0.7531, 'learning_rate': 0.0003, 'epoch': 0.06}
{'loss': 0.7608, 'learning_rate': 0.0003, 'epoch': 0.06}
{'loss': 0.7517, 'learning_rate': 0.0003, 'epoch': 0.06}
{'loss': 0.7678, 'learning_rate': 0.0003, 'epoch': 0.06}
{'loss': 0.7542, 'learning_rate': 0.0003, 'epoch': 0.06}
{'loss': 0.7865, 'learning_rate': 0.0003, 'epoch': 0.06}
{'loss': 0.7685, 'learning_rate': 0.0003, 'epoch': 0.06}
{'loss': 0.7563, 'learning_rate': 0.0003, 'epoch': 0.06}
{'loss': 0.7735, 'learning_rate': 0.0003, 'epoch': 0.06}
{'loss': 0.7631, 'learning_rate': 0.0003, 'epoch': 0.06}
{'loss': 0.7767, 'learning_rate': 0.0003, 'epoch': 0.06}
{'loss': 0.7591, 'learning_rate': 0.0003, 'epoch': 0.06}
{'loss': 0.7665, 'learning_rate': 0.0003, 'epoch': 0.06}
{'loss': 0.773, 'learning_rate': 0.0003, 'epoch': 0.07}
{'loss': 0.7574, 'learning_rate': 0.0003, 'epoch': 0.07}
{'loss': 0.7421, 'learning_rate': 0.0003, 'epoch': 0.07}
{'loss': 0.7646, 'learning_rate': 0.0003, 'epoch': 0.07}
{'loss': 0.7886, 'learning_rate': 0.0003, 'epoch': 0.07}
{'loss': 0.7593, 'learning_rate': 0.0003, 'epoch': 0.07}
{'loss': 0.7707, 'learning_rate': 0.0003, 'epoch': 0.07}
{'loss': 0.7534, 'learning_rate': 0.0003, 'epoch': 0.07}
{'loss': 0.7764, 'learning_rate': 0.0003, 'epoch': 0.07}
{'loss': 0.7609, 'learning_rate': 0.0003, 'epoch': 0.07}
{'loss': 0.7608, 'learning_rate': 0.0003, 'epoch': 0.07}
{'loss': 0.7969, 'learning_rate': 0.0003, 'epoch': 0.07}
{'loss': 0.7784, 'learning_rate': 0.0003, 'epoch': 0.07}
{'loss': 0.7907, 'learning_rate': 0.0003, 'epoch': 0.08}
{'loss': 0.7843, 'learning_rate': 0.0003, 'epoch': 0.08}
{'loss': 0.7721, 'learning_rate': 0.0003, 'epoch': 0.08}
{'loss': 0.7796, 'learning_rate': 0.0003, 'epoch': 0.08}
{'loss': 0.7667, 'learning_rate': 0.0003, 'epoch': 0.08}
{'loss': 0.7635, 'learning_rate': 0.0003, 'epoch': 0.08}
{'loss': 0.7532, 'learning_rate': 0.0003, 'epoch': 0.08}
{'loss': 0.7844, 'learning_rate': 0.0003, 'epoch': 0.08}
{'loss': 0.7757, 'learning_rate': 0.0003, 'epoch': 0.08}
{'loss': 0.7882, 'learning_rate': 0.0003, 'epoch': 0.08}
{'loss': 0.7582, 'learning_rate': 0.0003, 'epoch': 0.08}
{'loss': 0.7774, 'learning_rate': 0.0003, 'epoch': 0.08}
{'loss': 0.7601, 'learning_rate': 0.0003, 'epoch': 0.09}
{'loss': 0.7457, 'learning_rate': 0.0003, 'epoch': 0.09}
{'loss': 0.7884, 'learning_rate': 0.0003, 'epoch': 0.09}
{'loss': 0.7976, 'learning_rate': 0.0003, 'epoch': 0.09}
{'loss': 0.7627, 'learning_rate': 0.0003, 'epoch': 0.09}
{'loss': 0.7868, 'learning_rate': 0.0003, 'epoch': 0.09}
{'loss': 0.7514, 'learning_rate': 0.0003, 'epoch': 0.09}
{'loss': 0.7595, 'learning_rate': 0.0003, 'epoch': 0.09}
{'loss': 0.7545, 'learning_rate': 0.0003, 'epoch': 0.09}
{'loss': 0.7596, 'learning_rate': 0.0003, 'epoch': 0.09}
{'loss': 0.7548, 'learning_rate': 0.0003, 'epoch': 0.09}
{'loss': 0.7755, 'learning_rate': 0.0003, 'epoch': 0.09}
{'loss': 0.7264, 'learning_rate': 0.0003, 'epoch': 0.09}
{'loss': 0.7445, 'learning_rate': 0.0003, 'epoch': 0.1}
{'loss': 0.7613, 'learning_rate': 0.0003, 'epoch': 0.1}
{'loss': 0.7664, 'learning_rate': 0.0003, 'epoch': 0.1}
{'loss': 0.7679, 'learning_rate': 0.0003, 'epoch': 0.1}
{'loss': 0.7755, 'learning_rate': 0.0003, 'epoch': 0.1}
{'loss': 0.7549, 'learning_rate': 0.0003, 'epoch': 0.1}
{'loss': 0.7697, 'learning_rate': 0.0003, 'epoch': 0.1}
{'loss': 0.7647, 'learning_rate': 0.0003, 'epoch': 0.1}
{'loss': 0.7827, 'learning_rate': 0.0003, 'epoch': 0.1}
{'loss': 0.8032, 'learning_rate': 0.0003, 'epoch': 0.1}
{'loss': 0.7565, 'learning_rate': 0.0003, 'epoch': 0.1}
{'loss': 0.7391, 'learning_rate': 0.0003, 'epoch': 0.1}
{'loss': 0.7718, 'learning_rate': 0.0003, 'epoch': 0.1}
{'loss': 0.7575, 'learning_rate': 0.0003, 'epoch': 0.11}
{'loss': 0.7604, 'learning_rate': 0.0003, 'epoch': 0.11}
{'loss': 0.783, 'learning_rate': 0.0003, 'epoch': 0.11}
{'loss': 0.7811, 'learning_rate': 0.0003, 'epoch': 0.11}
{'loss': 0.7628, 'learning_rate': 0.0003, 'epoch': 0.11}
{'loss': 0.7623, 'learning_rate': 0.0003, 'epoch': 0.11}
{'loss': 0.767, 'learning_rate': 0.0003, 'epoch': 0.11}
{'loss': 0.7678, 'learning_rate': 0.0003, 'epoch': 0.11}
{'loss': 0.7289, 'learning_rate': 0.0003, 'epoch': 1.0}
{'loss': 0.7239, 'learning_rate': 0.0003, 'epoch': 1.0}
{'loss': 0.7288, 'learning_rate': 0.0003, 'epoch': 1.0}
{'loss': 0.7197, 'learning_rate': 0.0003, 'epoch': 1.0}
{'loss': 0.7426, 'learning_rate': 0.0003, 'epoch': 1.0}
{'loss': 0.7308, 'learning_rate': 0.0003, 'epoch': 1.0}
{'loss': 0.7422, 'learning_rate': 0.0003, 'epoch': 1.01}
{'loss': 0.7523, 'learning_rate': 0.0003, 'epoch': 1.01}
{'loss': 0.7468, 'learning_rate': 0.0003, 'epoch': 1.01}
{'loss': 0.7347, 'learning_rate': 0.0003, 'epoch': 1.01}
{'loss': 0.7524, 'learning_rate': 0.0003, 'epoch': 1.01}
{'loss': 0.7384, 'learning_rate': 0.0003, 'epoch': 1.01}
{'loss': 0.7307, 'learning_rate': 0.0003, 'epoch': 1.01}
{'loss': 0.7377, 'learning_rate': 0.0003, 'epoch': 1.01}
{'loss': 0.7211, 'learning_rate': 0.0003, 'epoch': 1.01}
{'loss': 0.7536, 'learning_rate': 0.0003, 'epoch': 1.01}
{'loss': 0.7377, 'learning_rate': 0.0003, 'epoch': 1.01}
{'loss': 0.7325, 'learning_rate': 0.0003, 'epoch': 1.01}
{'loss': 0.7223, 'learning_rate': 0.0003, 'epoch': 1.01}
{'loss': 0.7129, 'learning_rate': 0.0003, 'epoch': 1.02}
{'loss': 0.7361, 'learning_rate': 0.0003, 'epoch': 1.02}
{'loss': 0.7385, 'learning_rate': 0.0003, 'epoch': 1.02}
{'loss': 0.7595, 'learning_rate': 0.0003, 'epoch': 1.02}
{'loss': 0.718, 'learning_rate': 0.0003, 'epoch': 1.02}
{'loss': 0.7002, 'learning_rate': 0.0003, 'epoch': 1.02}
{'loss': 0.7419, 'learning_rate': 0.0003, 'epoch': 1.02}
{'loss': 0.723, 'learning_rate': 0.0003, 'epoch': 1.02}
{'loss': 0.7389, 'learning_rate': 0.0003, 'epoch': 1.02}
{'loss': 0.7394, 'learning_rate': 0.0003, 'epoch': 1.02}
{'loss': 0.7065, 'learning_rate': 0.0003, 'epoch': 1.02}
{'loss': 0.7285, 'learning_rate': 0.0003, 'epoch': 1.02}
{'loss': 0.7418, 'learning_rate': 0.0003, 'epoch': 1.02}
{'loss': 0.7481, 'learning_rate': 0.0003, 'epoch': 1.03}
{'loss': 0.725, 'learning_rate': 0.0003, 'epoch': 1.03}
{'loss': 0.725, 'learning_rate': 0.0003, 'epoch': 1.03}
{'loss': 0.7395, 'learning_rate': 0.0003, 'epoch': 1.03}
{'loss': 0.7412, 'learning_rate': 0.0003, 'epoch': 1.03}
{'loss': 0.732, 'learning_rate': 0.0003, 'epoch': 1.03}
{'loss': 0.7355, 'learning_rate': 0.0003, 'epoch': 1.03}
{'loss': 0.7192, 'learning_rate': 0.0003, 'epoch': 1.03}
{'loss': 0.724, 'learning_rate': 0.0003, 'epoch': 1.03}
{'loss': 0.7308, 'learning_rate': 0.0003, 'epoch': 1.03}
{'loss': 0.6987, 'learning_rate': 0.0003, 'epoch': 1.03}
{'loss': 0.7185, 'learning_rate': 0.0003, 'epoch': 1.03}
{'loss': 0.7355, 'learning_rate': 0.0003, 'epoch': 1.03}
{'loss': 0.7474, 'learning_rate': 0.0003, 'epoch': 1.04}
{'loss': 0.7284, 'learning_rate': 0.0003, 'epoch': 1.04}
{'loss': 0.7205, 'learning_rate': 0.0003, 'epoch': 1.04}
{'loss': 0.7595, 'learning_rate': 0.0003, 'epoch': 1.04}
{'loss': 0.7309, 'learning_rate': 0.0003, 'epoch': 1.04}
{'loss': 0.7256, 'learning_rate': 0.0003, 'epoch': 1.04}
{'loss': 0.7119, 'learning_rate': 0.0003, 'epoch': 1.04}
{'loss': 0.7044, 'learning_rate': 0.0003, 'epoch': 1.04}
{'loss': 0.7535, 'learning_rate': 0.0003, 'epoch': 1.04}
{'loss': 0.7068, 'learning_rate': 0.0003, 'epoch': 1.04}
{'loss': 0.7326, 'learning_rate': 0.0003, 'epoch': 1.04}
{'loss': 0.7293, 'learning_rate': 0.0003, 'epoch': 1.04}
{'loss': 0.7296, 'learning_rate': 0.0003, 'epoch': 1.04}
{'loss': 0.7529, 'learning_rate': 0.0003, 'epoch': 1.05}
{'loss': 0.7384, 'learning_rate': 0.0003, 'epoch': 1.05}
{'loss': 0.7002, 'learning_rate': 0.0003, 'epoch': 1.05}
{'loss': 0.7221, 'learning_rate': 0.0003, 'epoch': 1.05}
{'loss': 0.7395, 'learning_rate': 0.0003, 'epoch': 1.05}
{'loss': 0.7035, 'learning_rate': 0.0003, 'epoch': 1.05}
{'loss': 0.7356, 'learning_rate': 0.0003, 'epoch': 1.05}
{'loss': 0.7441, 'learning_rate': 0.0003, 'epoch': 1.05}
{'loss': 0.73, 'learning_rate': 0.0003, 'epoch': 1.05}
{'loss': 0.7284, 'learning_rate': 0.0003, 'epoch': 1.05}
{'loss': 0.7399, 'learning_rate': 0.0003, 'epoch': 1.05}
{'loss': 0.7369, 'learning_rate': 0.0003, 'epoch': 1.05}
{'loss': 0.6976, 'learning_rate': 0.0003, 'epoch': 1.05}
{'loss': 0.7317, 'learning_rate': 0.0003, 'epoch': 1.06}
{'loss': 0.7018, 'learning_rate': 0.0003, 'epoch': 1.06}
{'loss': 0.7345, 'learning_rate': 0.0003, 'epoch': 1.06}
{'loss': 0.7338, 'learning_rate': 0.0003, 'epoch': 1.06}
{'loss': 0.736, 'learning_rate': 0.0003, 'epoch': 1.06}
{'loss': 0.7363, 'learning_rate': 0.0003, 'epoch': 1.06}
{'loss': 0.7398, 'learning_rate': 0.0003, 'epoch': 1.06}
{'loss': 0.7097, 'learning_rate': 0.0003, 'epoch': 1.06}
{'loss': 0.7058, 'learning_rate': 0.0003, 'epoch': 1.06}
{'loss': 0.7438, 'learning_rate': 0.0003, 'epoch': 1.06}
{'loss': 0.7369, 'learning_rate': 0.0003, 'epoch': 1.06}
{'loss': 0.7327, 'learning_rate': 0.0003, 'epoch': 1.06}
{'loss': 0.7378, 'learning_rate': 0.0003, 'epoch': 1.06}
{'loss': 0.7618, 'learning_rate': 0.0003, 'epoch': 1.07}
{'loss': 0.7257, 'learning_rate': 0.0003, 'epoch': 1.07}
{'loss': 0.753, 'learning_rate': 0.0003, 'epoch': 1.07}
{'loss': 0.7266, 'learning_rate': 0.0003, 'epoch': 1.07}
{'loss': 0.742, 'learning_rate': 0.0003, 'epoch': 1.07}
{'loss': 0.7224, 'learning_rate': 0.0003, 'epoch': 1.07}
{'loss': 0.7486, 'learning_rate': 0.0003, 'epoch': 1.07}
{'loss': 0.7306, 'learning_rate': 0.0003, 'epoch': 1.07}
{'loss': 0.7255, 'learning_rate': 0.0003, 'epoch': 1.07}
{'loss': 0.7329, 'learning_rate': 0.0003, 'epoch': 1.07}
{'loss': 0.7463, 'learning_rate': 0.0003, 'epoch': 1.07}
{'loss': 0.7405, 'learning_rate': 0.0003, 'epoch': 1.07}
{'loss': 0.7288, 'learning_rate': 0.0003, 'epoch': 1.07}
{'loss': 0.7671, 'learning_rate': 0.0003, 'epoch': 1.08}
{'loss': 0.7572, 'learning_rate': 0.0003, 'epoch': 1.08}
{'loss': 0.723, 'learning_rate': 0.0003, 'epoch': 1.08}
{'loss': 0.7237, 'learning_rate': 0.0003, 'epoch': 1.08}
{'loss': 0.7346, 'learning_rate': 0.0003, 'epoch': 1.08}
{'loss': 0.7296, 'learning_rate': 0.0003, 'epoch': 1.08}
{'loss': 0.7367, 'learning_rate': 0.0003, 'epoch': 1.08}
{'loss': 0.7244, 'learning_rate': 0.0003, 'epoch': 1.08}
{'loss': 0.7264, 'learning_rate': 0.0003, 'epoch': 1.08}
{'loss': 0.7461, 'learning_rate': 0.0003, 'epoch': 1.08}
{'loss': 0.7265, 'learning_rate': 0.0003, 'epoch': 1.08}
{'loss': 0.7424, 'learning_rate': 0.0003, 'epoch': 1.08}
{'loss': 0.7327, 'learning_rate': 0.0003, 'epoch': 1.08}
{'loss': 0.7528, 'learning_rate': 0.0003, 'epoch': 1.09}
{'loss': 0.7275, 'learning_rate': 0.0003, 'epoch': 1.09}
{'loss': 0.7376, 'learning_rate': 0.0003, 'epoch': 1.09}
{'loss': 0.7446, 'learning_rate': 0.0003, 'epoch': 1.09}
{'loss': 0.7258, 'learning_rate': 0.0003, 'epoch': 1.09}
{'loss': 0.7161, 'learning_rate': 0.0003, 'epoch': 1.09}
{'loss': 0.7233, 'learning_rate': 0.0003, 'epoch': 1.09}
{'loss': 0.7333, 'learning_rate': 0.0003, 'epoch': 1.09}
{'loss': 0.7231, 'learning_rate': 0.0003, 'epoch': 1.09}
{'loss': 0.7375, 'learning_rate': 0.0003, 'epoch': 1.09}
{'loss': 0.751, 'learning_rate': 0.0003, 'epoch': 1.09}
{'loss': 0.7498, 'learning_rate': 0.0003, 'epoch': 1.09}
{'loss': 0.7498, 'learning_rate': 0.0003, 'epoch': 1.09}
{'loss': 0.7281, 'learning_rate': 0.0003, 'epoch': 1.1}
{'loss': 0.7285, 'learning_rate': 0.0003, 'epoch': 1.1}
{'loss': 0.7238, 'learning_rate': 0.0003, 'epoch': 1.1}
{'loss': 0.7448, 'learning_rate': 0.0003, 'epoch': 1.1}
{'loss': 0.7277, 'learning_rate': 0.0003, 'epoch': 1.1}
{'loss': 0.7288, 'learning_rate': 0.0003, 'epoch': 1.1}
{'loss': 0.732, 'learning_rate': 0.0003, 'epoch': 1.1}
{'loss': 0.731, 'learning_rate': 0.0003, 'epoch': 1.1}
{'loss': 0.721, 'learning_rate': 0.0003, 'epoch': 1.1}
{'loss': 0.7439, 'learning_rate': 0.0003, 'epoch': 1.1}
{'loss': 0.7135, 'learning_rate': 0.0003, 'epoch': 1.1}
{'loss': 0.7177, 'learning_rate': 0.0003, 'epoch': 1.1}
{'loss': 0.7435, 'learning_rate': 0.0003, 'epoch': 1.1}
{'loss': 0.7371, 'learning_rate': 0.0003, 'epoch': 1.11}
{'loss': 0.7405, 'learning_rate': 0.0003, 'epoch': 1.11}
{'loss': 0.7455, 'learning_rate': 0.0003, 'epoch': 1.11}
{'loss': 0.7323, 'learning_rate': 0.0003, 'epoch': 1.11}
{'loss': 0.7254, 'learning_rate': 0.0003, 'epoch': 1.11}
{'loss': 0.7327, 'learning_rate': 0.0003, 'epoch': 1.11}
{'loss': 0.7485, 'learning_rate': 0.0003, 'epoch': 1.11}
{'train_runtime': 31341.7048, 'train_samples_per_second': 3.303, 'train_steps_per_second': 0.826, 'train_loss': 0.7532322735478533, 'epoch': 1.11}
