trainable params: 633,821,760 || all params: 7,372,237,376 || trainable%: 8.597413887721242
base_model.model.model.layers.0.self_attn.q_proj.lora_A.default
base_model.model.model.layers.0.self_attn.q_proj.lora_B.default
base_model.model.model.layers.0.self_attn.q_proj.lora_router.default.weight
base_model.model.model.layers.0.self_attn.q_proj.lora_router.default.bias
base_model.model.model.layers.0.self_attn.k_proj.lora_A.default
base_model.model.model.layers.0.self_attn.k_proj.lora_B.default
base_model.model.model.layers.0.self_attn.k_proj.lora_router.default.weight
base_model.model.model.layers.0.self_attn.k_proj.lora_router.default.bias
base_model.model.model.layers.0.self_attn.v_proj.lora_A.default
base_model.model.model.layers.0.self_attn.v_proj.lora_B.default
base_model.model.model.layers.0.self_attn.v_proj.lora_router.default.weight
base_model.model.model.layers.0.self_attn.v_proj.lora_router.default.bias
base_model.model.model.layers.0.self_attn.o_proj.lora_A.default
base_model.model.model.layers.0.self_attn.o_proj.lora_B.default
base_model.model.model.layers.0.self_attn.o_proj.lora_router.default.weight
base_model.model.model.layers.0.self_attn.o_proj.lora_router.default.bias
base_model.model.model.layers.0.mlp.gate_proj.lora_A.default
base_model.model.model.layers.0.mlp.gate_proj.lora_B.default
base_model.model.model.layers.0.mlp.gate_proj.lora_router.default.weight
base_model.model.model.layers.0.mlp.gate_proj.lora_router.default.bias
base_model.model.model.layers.0.mlp.up_proj.lora_A.default
base_model.model.model.layers.0.mlp.up_proj.lora_B.default
base_model.model.model.layers.0.mlp.up_proj.lora_router.default.weight
base_model.model.model.layers.0.mlp.up_proj.lora_router.default.bias
base_model.model.model.layers.0.mlp.down_proj.lora_A.default
base_model.model.model.layers.0.mlp.down_proj.lora_B.default
base_model.model.model.layers.0.mlp.down_proj.lora_router.default.weight
base_model.model.model.layers.0.mlp.down_proj.lora_router.default.bias
base_model.model.model.layers.1.self_attn.q_proj.lora_A.default
base_model.model.model.layers.1.self_attn.q_proj.lora_B.default
base_model.model.model.layers.1.self_attn.q_proj.lora_router.default.weight
base_model.model.model.layers.1.self_attn.q_proj.lora_router.default.bias
base_model.model.model.layers.1.self_attn.k_proj.lora_A.default
base_model.model.model.layers.1.self_attn.k_proj.lora_B.default
base_model.model.model.layers.1.self_attn.k_proj.lora_router.default.weight
base_model.model.model.layers.1.self_attn.k_proj.lora_router.default.bias
base_model.model.model.layers.1.self_attn.v_proj.lora_A.default
base_model.model.model.layers.1.self_attn.v_proj.lora_B.default
base_model.model.model.layers.1.self_attn.v_proj.lora_router.default.weight
base_model.model.model.layers.1.self_attn.v_proj.lora_router.default.bias
base_model.model.model.layers.1.self_attn.o_proj.lora_A.default
base_model.model.model.layers.1.self_attn.o_proj.lora_B.default
base_model.model.model.layers.1.self_attn.o_proj.lora_router.default.weight
base_model.model.model.layers.1.self_attn.o_proj.lora_router.default.bias
base_model.model.model.layers.1.mlp.gate_proj.lora_A.default
base_model.model.model.layers.1.mlp.gate_proj.lora_B.default
base_model.model.model.layers.1.mlp.gate_proj.lora_router.default.weight
base_model.model.model.layers.1.mlp.gate_proj.lora_router.default.bias
base_model.model.model.layers.1.mlp.up_proj.lora_A.default
base_model.model.model.layers.1.mlp.up_proj.lora_B.default
base_model.model.model.layers.1.mlp.up_proj.lora_router.default.weight
base_model.model.model.layers.1.mlp.up_proj.lora_router.default.bias
base_model.model.model.layers.1.mlp.down_proj.lora_A.default
base_model.model.model.layers.1.mlp.down_proj.lora_B.default
base_model.model.model.layers.1.mlp.down_proj.lora_router.default.weight
base_model.model.model.layers.1.mlp.down_proj.lora_router.default.bias
base_model.model.model.layers.2.self_attn.q_proj.lora_A.default
base_model.model.model.layers.2.self_attn.q_proj.lora_B.default
base_model.model.model.layers.2.self_attn.q_proj.lora_router.default.weight
base_model.model.model.layers.2.self_attn.q_proj.lora_router.default.bias
base_model.model.model.layers.2.self_attn.k_proj.lora_A.default
base_model.model.model.layers.2.self_attn.k_proj.lora_B.default
base_model.model.model.layers.2.self_attn.k_proj.lora_router.default.weight
base_model.model.model.layers.2.self_attn.k_proj.lora_router.default.bias
base_model.model.model.layers.2.self_attn.v_proj.lora_A.default
base_model.model.model.layers.2.self_attn.v_proj.lora_B.default
base_model.model.model.layers.2.self_attn.v_proj.lora_router.default.weight
base_model.model.model.layers.2.self_attn.v_proj.lora_router.default.bias
base_model.model.model.layers.2.self_attn.o_proj.lora_A.default
base_model.model.model.layers.2.self_attn.o_proj.lora_B.default
base_model.model.model.layers.2.self_attn.o_proj.lora_router.default.weight
base_model.model.model.layers.2.self_attn.o_proj.lora_router.default.bias
base_model.model.model.layers.2.mlp.gate_proj.lora_A.default
base_model.model.model.layers.2.mlp.gate_proj.lora_B.default
base_model.model.model.layers.2.mlp.gate_proj.lora_router.default.weight
base_model.model.model.layers.2.mlp.gate_proj.lora_router.default.bias
base_model.model.model.layers.2.mlp.up_proj.lora_A.default
base_model.model.model.layers.2.mlp.up_proj.lora_B.default
base_model.model.model.layers.2.mlp.up_proj.lora_router.default.weight
base_model.model.model.layers.2.mlp.up_proj.lora_router.default.bias
base_model.model.model.layers.2.mlp.down_proj.lora_A.default
base_model.model.model.layers.2.mlp.down_proj.lora_B.default
base_model.model.model.layers.2.mlp.down_proj.lora_router.default.weight
base_model.model.model.layers.2.mlp.down_proj.lora_router.default.bias
base_model.model.model.layers.3.self_attn.q_proj.lora_A.default
base_model.model.model.layers.3.self_attn.q_proj.lora_B.default
base_model.model.model.layers.3.self_attn.q_proj.lora_router.default.weight
base_model.model.model.layers.3.self_attn.q_proj.lora_router.default.bias
base_model.model.model.layers.3.self_attn.k_proj.lora_A.default
base_model.model.model.layers.3.self_attn.k_proj.lora_B.default
base_model.model.model.layers.3.self_attn.k_proj.lora_router.default.weight
base_model.model.model.layers.3.self_attn.k_proj.lora_router.default.bias
base_model.model.model.layers.3.self_attn.v_proj.lora_A.default
base_model.model.model.layers.3.self_attn.v_proj.lora_B.default
base_model.model.model.layers.3.self_attn.v_proj.lora_router.default.weight
base_model.model.model.layers.3.self_attn.v_proj.lora_router.default.bias
base_model.model.model.layers.3.self_attn.o_proj.lora_A.default
base_model.model.model.layers.3.self_attn.o_proj.lora_B.default
base_model.model.model.layers.3.self_attn.o_proj.lora_router.default.weight
base_model.model.model.layers.3.self_attn.o_proj.lora_router.default.bias
base_model.model.model.layers.3.mlp.gate_proj.lora_A.default
base_model.model.model.layers.3.mlp.gate_proj.lora_B.default
base_model.model.model.layers.3.mlp.gate_proj.lora_router.default.weight
base_model.model.model.layers.3.mlp.gate_proj.lora_router.default.bias
base_model.model.model.layers.3.mlp.up_proj.lora_A.default
base_model.model.model.layers.3.mlp.up_proj.lora_B.default
base_model.model.model.layers.3.mlp.up_proj.lora_router.default.weight
base_model.model.model.layers.3.mlp.up_proj.lora_router.default.bias
base_model.model.model.layers.3.mlp.down_proj.lora_A.default
base_model.model.model.layers.3.mlp.down_proj.lora_B.default
base_model.model.model.layers.3.mlp.down_proj.lora_router.default.weight
base_model.model.model.layers.3.mlp.down_proj.lora_router.default.bias
base_model.model.model.layers.4.self_attn.q_proj.lora_A.default
base_model.model.model.layers.4.self_attn.q_proj.lora_B.default
base_model.model.model.layers.4.self_attn.q_proj.lora_router.default.weight
base_model.model.model.layers.4.self_attn.q_proj.lora_router.default.bias
base_model.model.model.layers.4.self_attn.k_proj.lora_A.default
base_model.model.model.layers.4.self_attn.k_proj.lora_B.default
base_model.model.model.layers.4.self_attn.k_proj.lora_router.default.weight
base_model.model.model.layers.4.self_attn.k_proj.lora_router.default.bias
base_model.model.model.layers.4.self_attn.v_proj.lora_A.default
base_model.model.model.layers.4.self_attn.v_proj.lora_B.default
base_model.model.model.layers.4.self_attn.v_proj.lora_router.default.weight
base_model.model.model.layers.4.self_attn.v_proj.lora_router.default.bias
base_model.model.model.layers.4.self_attn.o_proj.lora_A.default
base_model.model.model.layers.4.self_attn.o_proj.lora_B.default
base_model.model.model.layers.4.self_attn.o_proj.lora_router.default.weight
base_model.model.model.layers.4.self_attn.o_proj.lora_router.default.bias
base_model.model.model.layers.4.mlp.gate_proj.lora_A.default
base_model.model.model.layers.4.mlp.gate_proj.lora_B.default
base_model.model.model.layers.4.mlp.gate_proj.lora_router.default.weight
base_model.model.model.layers.4.mlp.gate_proj.lora_router.default.bias
base_model.model.model.layers.4.mlp.up_proj.lora_A.default
base_model.model.model.layers.4.mlp.up_proj.lora_B.default
base_model.model.model.layers.4.mlp.up_proj.lora_router.default.weight
base_model.model.model.layers.4.mlp.up_proj.lora_router.default.bias
base_model.model.model.layers.4.mlp.down_proj.lora_A.default
base_model.model.model.layers.4.mlp.down_proj.lora_B.default
base_model.model.model.layers.4.mlp.down_proj.lora_router.default.weight
base_model.model.model.layers.4.mlp.down_proj.lora_router.default.bias
base_model.model.model.layers.5.self_attn.q_proj.lora_A.default
base_model.model.model.layers.5.self_attn.q_proj.lora_B.default
base_model.model.model.layers.5.self_attn.q_proj.lora_router.default.weight
base_model.model.model.layers.5.self_attn.q_proj.lora_router.default.bias
base_model.model.model.layers.5.self_attn.k_proj.lora_A.default
base_model.model.model.layers.5.self_attn.k_proj.lora_B.default
base_model.model.model.layers.5.self_attn.k_proj.lora_router.default.weight
base_model.model.model.layers.5.self_attn.k_proj.lora_router.default.bias
base_model.model.model.layers.5.self_attn.v_proj.lora_A.default
base_model.model.model.layers.5.self_attn.v_proj.lora_B.default
base_model.model.model.layers.5.self_attn.v_proj.lora_router.default.weight
base_model.model.model.layers.5.self_attn.v_proj.lora_router.default.bias
base_model.model.model.layers.5.self_attn.o_proj.lora_A.default
base_model.model.model.layers.5.self_attn.o_proj.lora_B.default
base_model.model.model.layers.5.self_attn.o_proj.lora_router.default.weight
base_model.model.model.layers.5.self_attn.o_proj.lora_router.default.bias
base_model.model.model.layers.5.mlp.gate_proj.lora_A.default
base_model.model.model.layers.5.mlp.gate_proj.lora_B.default
base_model.model.model.layers.5.mlp.gate_proj.lora_router.default.weight
base_model.model.model.layers.5.mlp.gate_proj.lora_router.default.bias
base_model.model.model.layers.5.mlp.up_proj.lora_A.default
base_model.model.model.layers.5.mlp.up_proj.lora_B.default
base_model.model.model.layers.5.mlp.up_proj.lora_router.default.weight
base_model.model.model.layers.5.mlp.up_proj.lora_router.default.bias
base_model.model.model.layers.5.mlp.down_proj.lora_A.default
base_model.model.model.layers.5.mlp.down_proj.lora_B.default
base_model.model.model.layers.5.mlp.down_proj.lora_router.default.weight
base_model.model.model.layers.5.mlp.down_proj.lora_router.default.bias
base_model.model.model.layers.6.self_attn.q_proj.lora_A.default
base_model.model.model.layers.6.self_attn.q_proj.lora_B.default
base_model.model.model.layers.6.self_attn.q_proj.lora_router.default.weight
base_model.model.model.layers.6.self_attn.q_proj.lora_router.default.bias
base_model.model.model.layers.6.self_attn.k_proj.lora_A.default
base_model.model.model.layers.6.self_attn.k_proj.lora_B.default
base_model.model.model.layers.6.self_attn.k_proj.lora_router.default.weight
base_model.model.model.layers.6.self_attn.k_proj.lora_router.default.bias
base_model.model.model.layers.6.self_attn.v_proj.lora_A.default
base_model.model.model.layers.6.self_attn.v_proj.lora_B.default
base_model.model.model.layers.6.self_attn.v_proj.lora_router.default.weight
base_model.model.model.layers.6.self_attn.v_proj.lora_router.default.bias
base_model.model.model.layers.6.self_attn.o_proj.lora_A.default
base_model.model.model.layers.6.self_attn.o_proj.lora_B.default
base_model.model.model.layers.6.self_attn.o_proj.lora_router.default.weight
base_model.model.model.layers.6.self_attn.o_proj.lora_router.default.bias
base_model.model.model.layers.6.mlp.gate_proj.lora_A.default
base_model.model.model.layers.6.mlp.gate_proj.lora_B.default
base_model.model.model.layers.6.mlp.gate_proj.lora_router.default.weight
base_model.model.model.layers.6.mlp.gate_proj.lora_router.default.bias
base_model.model.model.layers.6.mlp.up_proj.lora_A.default
base_model.model.model.layers.6.mlp.up_proj.lora_B.default
base_model.model.model.layers.6.mlp.up_proj.lora_router.default.weight
base_model.model.model.layers.6.mlp.up_proj.lora_router.default.bias
base_model.model.model.layers.6.mlp.down_proj.lora_A.default
base_model.model.model.layers.6.mlp.down_proj.lora_B.default
base_model.model.model.layers.6.mlp.down_proj.lora_router.default.weight
base_model.model.model.layers.6.mlp.down_proj.lora_router.default.bias
base_model.model.model.layers.7.self_attn.q_proj.lora_A.default
base_model.model.model.layers.7.self_attn.q_proj.lora_B.default
base_model.model.model.layers.7.self_attn.q_proj.lora_router.default.weight
base_model.model.model.layers.7.self_attn.q_proj.lora_router.default.bias
base_model.model.model.layers.7.self_attn.k_proj.lora_A.default
base_model.model.model.layers.7.self_attn.k_proj.lora_B.default
base_model.model.model.layers.7.self_attn.k_proj.lora_router.default.weight
base_model.model.model.layers.7.self_attn.k_proj.lora_router.default.bias
base_model.model.model.layers.7.self_attn.v_proj.lora_A.default
base_model.model.model.layers.7.self_attn.v_proj.lora_B.default
base_model.model.model.layers.7.self_attn.v_proj.lora_router.default.weight
base_model.model.model.layers.7.self_attn.v_proj.lora_router.default.bias
base_model.model.model.layers.7.self_attn.o_proj.lora_A.default
base_model.model.model.layers.7.self_attn.o_proj.lora_B.default
base_model.model.model.layers.7.self_attn.o_proj.lora_router.default.weight
base_model.model.model.layers.7.self_attn.o_proj.lora_router.default.bias
base_model.model.model.layers.7.mlp.gate_proj.lora_A.default
base_model.model.model.layers.7.mlp.gate_proj.lora_B.default
base_model.model.model.layers.7.mlp.gate_proj.lora_router.default.weight
base_model.model.model.layers.7.mlp.gate_proj.lora_router.default.bias
base_model.model.model.layers.7.mlp.up_proj.lora_A.default
base_model.model.model.layers.7.mlp.up_proj.lora_B.default
base_model.model.model.layers.7.mlp.up_proj.lora_router.default.weight
base_model.model.model.layers.7.mlp.up_proj.lora_router.default.bias
base_model.model.model.layers.7.mlp.down_proj.lora_A.default
base_model.model.model.layers.7.mlp.down_proj.lora_B.default
base_model.model.model.layers.7.mlp.down_proj.lora_router.default.weight
base_model.model.model.layers.7.mlp.down_proj.lora_router.default.bias
base_model.model.model.layers.8.self_attn.q_proj.lora_A.default
base_model.model.model.layers.8.self_attn.q_proj.lora_B.default
base_model.model.model.layers.8.self_attn.q_proj.lora_router.default.weight
base_model.model.model.layers.8.self_attn.q_proj.lora_router.default.bias
base_model.model.model.layers.8.self_attn.k_proj.lora_A.default
base_model.model.model.layers.8.self_attn.k_proj.lora_B.default
base_model.model.model.layers.8.self_attn.k_proj.lora_router.default.weight
base_model.model.model.layers.8.self_attn.k_proj.lora_router.default.bias
base_model.model.model.layers.8.self_attn.v_proj.lora_A.default
base_model.model.model.layers.8.self_attn.v_proj.lora_B.default
base_model.model.model.layers.8.self_attn.v_proj.lora_router.default.weight
base_model.model.model.layers.8.self_attn.v_proj.lora_router.default.bias
base_model.model.model.layers.8.self_attn.o_proj.lora_A.default
base_model.model.model.layers.8.self_attn.o_proj.lora_B.default
base_model.model.model.layers.8.self_attn.o_proj.lora_router.default.weight
base_model.model.model.layers.8.self_attn.o_proj.lora_router.default.bias
base_model.model.model.layers.8.mlp.gate_proj.lora_A.default
base_model.model.model.layers.8.mlp.gate_proj.lora_B.default
base_model.model.model.layers.8.mlp.gate_proj.lora_router.default.weight
base_model.model.model.layers.8.mlp.gate_proj.lora_router.default.bias
base_model.model.model.layers.8.mlp.up_proj.lora_A.default
base_model.model.model.layers.8.mlp.up_proj.lora_B.default
base_model.model.model.layers.8.mlp.up_proj.lora_router.default.weight
base_model.model.model.layers.8.mlp.up_proj.lora_router.default.bias
base_model.model.model.layers.8.mlp.down_proj.lora_A.default
base_model.model.model.layers.8.mlp.down_proj.lora_B.default
base_model.model.model.layers.8.mlp.down_proj.lora_router.default.weight
base_model.model.model.layers.8.mlp.down_proj.lora_router.default.bias
base_model.model.model.layers.9.self_attn.q_proj.lora_A.default
base_model.model.model.layers.9.self_attn.q_proj.lora_B.default
base_model.model.model.layers.9.self_attn.q_proj.lora_router.default.weight
base_model.model.model.layers.9.self_attn.q_proj.lora_router.default.bias
base_model.model.model.layers.9.self_attn.k_proj.lora_A.default
base_model.model.model.layers.9.self_attn.k_proj.lora_B.default
base_model.model.model.layers.9.self_attn.k_proj.lora_router.default.weight
base_model.model.model.layers.9.self_attn.k_proj.lora_router.default.bias
base_model.model.model.layers.9.self_attn.v_proj.lora_A.default
base_model.model.model.layers.9.self_attn.v_proj.lora_B.default
base_model.model.model.layers.9.self_attn.v_proj.lora_router.default.weight
base_model.model.model.layers.9.self_attn.v_proj.lora_router.default.bias
base_model.model.model.layers.9.self_attn.o_proj.lora_A.default
base_model.model.model.layers.9.self_attn.o_proj.lora_B.default
base_model.model.model.layers.9.self_attn.o_proj.lora_router.default.weight
base_model.model.model.layers.9.self_attn.o_proj.lora_router.default.bias
base_model.model.model.layers.9.mlp.gate_proj.lora_A.default
base_model.model.model.layers.9.mlp.gate_proj.lora_B.default
base_model.model.model.layers.9.mlp.gate_proj.lora_router.default.weight
base_model.model.model.layers.9.mlp.gate_proj.lora_router.default.bias
base_model.model.model.layers.9.mlp.up_proj.lora_A.default
base_model.model.model.layers.9.mlp.up_proj.lora_B.default
base_model.model.model.layers.9.mlp.up_proj.lora_router.default.weight
base_model.model.model.layers.9.mlp.up_proj.lora_router.default.bias
base_model.model.model.layers.9.mlp.down_proj.lora_A.default
base_model.model.model.layers.9.mlp.down_proj.lora_B.default
base_model.model.model.layers.9.mlp.down_proj.lora_router.default.weight
base_model.model.model.layers.9.mlp.down_proj.lora_router.default.bias
base_model.model.model.layers.10.self_attn.q_proj.lora_A.default
base_model.model.model.layers.10.self_attn.q_proj.lora_B.default
base_model.model.model.layers.10.self_attn.q_proj.lora_router.default.weight
base_model.model.model.layers.10.self_attn.q_proj.lora_router.default.bias
base_model.model.model.layers.10.self_attn.k_proj.lora_A.default
base_model.model.model.layers.10.self_attn.k_proj.lora_B.default
base_model.model.model.layers.10.self_attn.k_proj.lora_router.default.weight
base_model.model.model.layers.10.self_attn.k_proj.lora_router.default.bias
base_model.model.model.layers.10.self_attn.v_proj.lora_A.default
base_model.model.model.layers.10.self_attn.v_proj.lora_B.default
base_model.model.model.layers.10.self_attn.v_proj.lora_router.default.weight
base_model.model.model.layers.10.self_attn.v_proj.lora_router.default.bias
base_model.model.model.layers.10.self_attn.o_proj.lora_A.default
base_model.model.model.layers.10.self_attn.o_proj.lora_B.default
base_model.model.model.layers.10.self_attn.o_proj.lora_router.default.weight
base_model.model.model.layers.10.self_attn.o_proj.lora_router.default.bias
base_model.model.model.layers.10.mlp.gate_proj.lora_A.default
base_model.model.model.layers.10.mlp.gate_proj.lora_B.default
base_model.model.model.layers.10.mlp.gate_proj.lora_router.default.weight
base_model.model.model.layers.10.mlp.gate_proj.lora_router.default.bias
base_model.model.model.layers.10.mlp.up_proj.lora_A.default
base_model.model.model.layers.10.mlp.up_proj.lora_B.default
base_model.model.model.layers.10.mlp.up_proj.lora_router.default.weight
base_model.model.model.layers.10.mlp.up_proj.lora_router.default.bias
base_model.model.model.layers.10.mlp.down_proj.lora_A.default
base_model.model.model.layers.10.mlp.down_proj.lora_B.default
base_model.model.model.layers.10.mlp.down_proj.lora_router.default.weight
base_model.model.model.layers.10.mlp.down_proj.lora_router.default.bias
base_model.model.model.layers.11.self_attn.q_proj.lora_A.default
base_model.model.model.layers.11.self_attn.q_proj.lora_B.default
base_model.model.model.layers.11.self_attn.q_proj.lora_router.default.weight
base_model.model.model.layers.11.self_attn.q_proj.lora_router.default.bias
base_model.model.model.layers.11.self_attn.k_proj.lora_A.default
base_model.model.model.layers.11.self_attn.k_proj.lora_B.default
base_model.model.model.layers.11.self_attn.k_proj.lora_router.default.weight
base_model.model.model.layers.11.self_attn.k_proj.lora_router.default.bias
base_model.model.model.layers.11.self_attn.v_proj.lora_A.default
base_model.model.model.layers.11.self_attn.v_proj.lora_B.default
base_model.model.model.layers.11.self_attn.v_proj.lora_router.default.weight
base_model.model.model.layers.11.self_attn.v_proj.lora_router.default.bias
base_model.model.model.layers.11.self_attn.o_proj.lora_A.default
base_model.model.model.layers.11.self_attn.o_proj.lora_B.default
base_model.model.model.layers.11.self_attn.o_proj.lora_router.default.weight
base_model.model.model.layers.11.self_attn.o_proj.lora_router.default.bias
base_model.model.model.layers.11.mlp.gate_proj.lora_A.default
base_model.model.model.layers.11.mlp.gate_proj.lora_B.default
base_model.model.model.layers.11.mlp.gate_proj.lora_router.default.weight
base_model.model.model.layers.11.mlp.gate_proj.lora_router.default.bias
base_model.model.model.layers.11.mlp.up_proj.lora_A.default
base_model.model.model.layers.11.mlp.up_proj.lora_B.default
base_model.model.model.layers.11.mlp.up_proj.lora_router.default.weight
base_model.model.model.layers.11.mlp.up_proj.lora_router.default.bias
base_model.model.model.layers.11.mlp.down_proj.lora_A.default
base_model.model.model.layers.11.mlp.down_proj.lora_B.default
base_model.model.model.layers.11.mlp.down_proj.lora_router.default.weight
base_model.model.model.layers.11.mlp.down_proj.lora_router.default.bias
base_model.model.model.layers.12.self_attn.q_proj.lora_A.default
base_model.model.model.layers.12.self_attn.q_proj.lora_B.default
base_model.model.model.layers.12.self_attn.q_proj.lora_router.default.weight
base_model.model.model.layers.12.self_attn.q_proj.lora_router.default.bias
base_model.model.model.layers.12.self_attn.k_proj.lora_A.default
base_model.model.model.layers.12.self_attn.k_proj.lora_B.default
base_model.model.model.layers.12.self_attn.k_proj.lora_router.default.weight
base_model.model.model.layers.12.self_attn.k_proj.lora_router.default.bias
base_model.model.model.layers.12.self_attn.v_proj.lora_A.default
base_model.model.model.layers.12.self_attn.v_proj.lora_B.default
base_model.model.model.layers.12.self_attn.v_proj.lora_router.default.weight
base_model.model.model.layers.12.self_attn.v_proj.lora_router.default.bias
base_model.model.model.layers.12.self_attn.o_proj.lora_A.default
base_model.model.model.layers.12.self_attn.o_proj.lora_B.default
base_model.model.model.layers.12.self_attn.o_proj.lora_router.default.weight
base_model.model.model.layers.12.self_attn.o_proj.lora_router.default.bias
base_model.model.model.layers.12.mlp.gate_proj.lora_A.default
base_model.model.model.layers.12.mlp.gate_proj.lora_B.default
base_model.model.model.layers.12.mlp.gate_proj.lora_router.default.weight
base_model.model.model.layers.12.mlp.gate_proj.lora_router.default.bias
base_model.model.model.layers.12.mlp.up_proj.lora_A.default
base_model.model.model.layers.12.mlp.up_proj.lora_B.default
base_model.model.model.layers.12.mlp.up_proj.lora_router.default.weight
base_model.model.model.layers.12.mlp.up_proj.lora_router.default.bias
base_model.model.model.layers.12.mlp.down_proj.lora_A.default
base_model.model.model.layers.12.mlp.down_proj.lora_B.default
base_model.model.model.layers.12.mlp.down_proj.lora_router.default.weight
base_model.model.model.layers.12.mlp.down_proj.lora_router.default.bias
base_model.model.model.layers.13.self_attn.q_proj.lora_A.default
base_model.model.model.layers.13.self_attn.q_proj.lora_B.default
base_model.model.model.layers.13.self_attn.q_proj.lora_router.default.weight
base_model.model.model.layers.13.self_attn.q_proj.lora_router.default.bias
base_model.model.model.layers.13.self_attn.k_proj.lora_A.default
base_model.model.model.layers.13.self_attn.k_proj.lora_B.default
base_model.model.model.layers.13.self_attn.k_proj.lora_router.default.weight
base_model.model.model.layers.13.self_attn.k_proj.lora_router.default.bias
base_model.model.model.layers.13.self_attn.v_proj.lora_A.default
base_model.model.model.layers.13.self_attn.v_proj.lora_B.default
base_model.model.model.layers.13.self_attn.v_proj.lora_router.default.weight
base_model.model.model.layers.13.self_attn.v_proj.lora_router.default.bias
base_model.model.model.layers.13.self_attn.o_proj.lora_A.default
base_model.model.model.layers.13.self_attn.o_proj.lora_B.default
base_model.model.model.layers.13.self_attn.o_proj.lora_router.default.weight
base_model.model.model.layers.13.self_attn.o_proj.lora_router.default.bias
base_model.model.model.layers.13.mlp.gate_proj.lora_A.default
base_model.model.model.layers.13.mlp.gate_proj.lora_B.default
base_model.model.model.layers.13.mlp.gate_proj.lora_router.default.weight
base_model.model.model.layers.13.mlp.gate_proj.lora_router.default.bias
base_model.model.model.layers.13.mlp.up_proj.lora_A.default
base_model.model.model.layers.13.mlp.up_proj.lora_B.default
base_model.model.model.layers.13.mlp.up_proj.lora_router.default.weight
base_model.model.model.layers.13.mlp.up_proj.lora_router.default.bias
base_model.model.model.layers.13.mlp.down_proj.lora_A.default
base_model.model.model.layers.13.mlp.down_proj.lora_B.default
base_model.model.model.layers.13.mlp.down_proj.lora_router.default.weight
base_model.model.model.layers.13.mlp.down_proj.lora_router.default.bias
base_model.model.model.layers.14.self_attn.q_proj.lora_A.default
base_model.model.model.layers.14.self_attn.q_proj.lora_B.default
base_model.model.model.layers.14.self_attn.q_proj.lora_router.default.weight
base_model.model.model.layers.14.self_attn.q_proj.lora_router.default.bias
base_model.model.model.layers.14.self_attn.k_proj.lora_A.default
base_model.model.model.layers.14.self_attn.k_proj.lora_B.default
base_model.model.model.layers.14.self_attn.k_proj.lora_router.default.weight
base_model.model.model.layers.14.self_attn.k_proj.lora_router.default.bias
base_model.model.model.layers.14.self_attn.v_proj.lora_A.default
base_model.model.model.layers.14.self_attn.v_proj.lora_B.default
base_model.model.model.layers.14.self_attn.v_proj.lora_router.default.weight
base_model.model.model.layers.14.self_attn.v_proj.lora_router.default.bias
base_model.model.model.layers.14.self_attn.o_proj.lora_A.default
base_model.model.model.layers.14.self_attn.o_proj.lora_B.default
base_model.model.model.layers.14.self_attn.o_proj.lora_router.default.weight
base_model.model.model.layers.14.self_attn.o_proj.lora_router.default.bias
base_model.model.model.layers.14.mlp.gate_proj.lora_A.default
base_model.model.model.layers.14.mlp.gate_proj.lora_B.default
base_model.model.model.layers.14.mlp.gate_proj.lora_router.default.weight
base_model.model.model.layers.14.mlp.gate_proj.lora_router.default.bias
base_model.model.model.layers.14.mlp.up_proj.lora_A.default
base_model.model.model.layers.14.mlp.up_proj.lora_B.default
base_model.model.model.layers.14.mlp.up_proj.lora_router.default.weight
base_model.model.model.layers.14.mlp.up_proj.lora_router.default.bias
base_model.model.model.layers.14.mlp.down_proj.lora_A.default
base_model.model.model.layers.14.mlp.down_proj.lora_B.default
base_model.model.model.layers.14.mlp.down_proj.lora_router.default.weight
base_model.model.model.layers.14.mlp.down_proj.lora_router.default.bias
base_model.model.model.layers.15.self_attn.q_proj.lora_A.default
base_model.model.model.layers.15.self_attn.q_proj.lora_B.default
base_model.model.model.layers.15.self_attn.q_proj.lora_router.default.weight
base_model.model.model.layers.15.self_attn.q_proj.lora_router.default.bias
base_model.model.model.layers.15.self_attn.k_proj.lora_A.default
base_model.model.model.layers.15.self_attn.k_proj.lora_B.default
base_model.model.model.layers.15.self_attn.k_proj.lora_router.default.weight
base_model.model.model.layers.15.self_attn.k_proj.lora_router.default.bias
base_model.model.model.layers.15.self_attn.v_proj.lora_A.default
base_model.model.model.layers.15.self_attn.v_proj.lora_B.default
base_model.model.model.layers.15.self_attn.v_proj.lora_router.default.weight
base_model.model.model.layers.15.self_attn.v_proj.lora_router.default.bias
base_model.model.model.layers.15.self_attn.o_proj.lora_A.default
base_model.model.model.layers.15.self_attn.o_proj.lora_B.default
base_model.model.model.layers.15.self_attn.o_proj.lora_router.default.weight
base_model.model.model.layers.15.self_attn.o_proj.lora_router.default.bias
base_model.model.model.layers.15.mlp.gate_proj.lora_A.default
base_model.model.model.layers.15.mlp.gate_proj.lora_B.default
base_model.model.model.layers.15.mlp.gate_proj.lora_router.default.weight
base_model.model.model.layers.15.mlp.gate_proj.lora_router.default.bias
base_model.model.model.layers.15.mlp.up_proj.lora_A.default
base_model.model.model.layers.15.mlp.up_proj.lora_B.default
base_model.model.model.layers.15.mlp.up_proj.lora_router.default.weight
base_model.model.model.layers.15.mlp.up_proj.lora_router.default.bias
base_model.model.model.layers.15.mlp.down_proj.lora_A.default
base_model.model.model.layers.15.mlp.down_proj.lora_B.default
base_model.model.model.layers.15.mlp.down_proj.lora_router.default.weight
base_model.model.model.layers.15.mlp.down_proj.lora_router.default.bias
base_model.model.model.layers.16.self_attn.q_proj.lora_A.default
base_model.model.model.layers.16.self_attn.q_proj.lora_B.default
base_model.model.model.layers.16.self_attn.q_proj.lora_router.default.weight
base_model.model.model.layers.16.self_attn.q_proj.lora_router.default.bias
base_model.model.model.layers.16.self_attn.k_proj.lora_A.default
base_model.model.model.layers.16.self_attn.k_proj.lora_B.default
base_model.model.model.layers.16.self_attn.k_proj.lora_router.default.weight
base_model.model.model.layers.16.self_attn.k_proj.lora_router.default.bias
base_model.model.model.layers.16.self_attn.v_proj.lora_A.default
base_model.model.model.layers.16.self_attn.v_proj.lora_B.default
base_model.model.model.layers.16.self_attn.v_proj.lora_router.default.weight
base_model.model.model.layers.16.self_attn.v_proj.lora_router.default.bias
base_model.model.model.layers.16.self_attn.o_proj.lora_A.default
base_model.model.model.layers.16.self_attn.o_proj.lora_B.default
base_model.model.model.layers.16.self_attn.o_proj.lora_router.default.weight
base_model.model.model.layers.16.self_attn.o_proj.lora_router.default.bias
base_model.model.model.layers.16.mlp.gate_proj.lora_A.default
base_model.model.model.layers.16.mlp.gate_proj.lora_B.default
base_model.model.model.layers.16.mlp.gate_proj.lora_router.default.weight
base_model.model.model.layers.16.mlp.gate_proj.lora_router.default.bias
base_model.model.model.layers.16.mlp.up_proj.lora_A.default
base_model.model.model.layers.16.mlp.up_proj.lora_B.default
base_model.model.model.layers.16.mlp.up_proj.lora_router.default.weight
base_model.model.model.layers.16.mlp.up_proj.lora_router.default.bias
base_model.model.model.layers.16.mlp.down_proj.lora_A.default
base_model.model.model.layers.16.mlp.down_proj.lora_B.default
base_model.model.model.layers.16.mlp.down_proj.lora_router.default.weight
base_model.model.model.layers.16.mlp.down_proj.lora_router.default.bias
base_model.model.model.layers.17.self_attn.q_proj.lora_A.default
base_model.model.model.layers.17.self_attn.q_proj.lora_B.default
base_model.model.model.layers.17.self_attn.q_proj.lora_router.default.weight
base_model.model.model.layers.17.self_attn.q_proj.lora_router.default.bias
base_model.model.model.layers.17.self_attn.k_proj.lora_A.default
base_model.model.model.layers.17.self_attn.k_proj.lora_B.default
base_model.model.model.layers.17.self_attn.k_proj.lora_router.default.weight
base_model.model.model.layers.17.self_attn.k_proj.lora_router.default.bias
base_model.model.model.layers.17.self_attn.v_proj.lora_A.default
base_model.model.model.layers.17.self_attn.v_proj.lora_B.default
base_model.model.model.layers.17.self_attn.v_proj.lora_router.default.weight
base_model.model.model.layers.17.self_attn.v_proj.lora_router.default.bias
base_model.model.model.layers.17.self_attn.o_proj.lora_A.default
base_model.model.model.layers.17.self_attn.o_proj.lora_B.default
base_model.model.model.layers.17.self_attn.o_proj.lora_router.default.weight
base_model.model.model.layers.17.self_attn.o_proj.lora_router.default.bias
base_model.model.model.layers.17.mlp.gate_proj.lora_A.default
base_model.model.model.layers.17.mlp.gate_proj.lora_B.default
base_model.model.model.layers.17.mlp.gate_proj.lora_router.default.weight
base_model.model.model.layers.17.mlp.gate_proj.lora_router.default.bias
base_model.model.model.layers.17.mlp.up_proj.lora_A.default
base_model.model.model.layers.17.mlp.up_proj.lora_B.default
base_model.model.model.layers.17.mlp.up_proj.lora_router.default.weight
base_model.model.model.layers.17.mlp.up_proj.lora_router.default.bias
base_model.model.model.layers.17.mlp.down_proj.lora_A.default
base_model.model.model.layers.17.mlp.down_proj.lora_B.default
base_model.model.model.layers.17.mlp.down_proj.lora_router.default.weight
base_model.model.model.layers.17.mlp.down_proj.lora_router.default.bias
base_model.model.model.layers.18.self_attn.q_proj.lora_A.default
base_model.model.model.layers.18.self_attn.q_proj.lora_B.default
base_model.model.model.layers.18.self_attn.q_proj.lora_router.default.weight
base_model.model.model.layers.18.self_attn.q_proj.lora_router.default.bias
base_model.model.model.layers.18.self_attn.k_proj.lora_A.default
base_model.model.model.layers.18.self_attn.k_proj.lora_B.default
base_model.model.model.layers.18.self_attn.k_proj.lora_router.default.weight
base_model.model.model.layers.18.self_attn.k_proj.lora_router.default.bias
base_model.model.model.layers.18.self_attn.v_proj.lora_A.default
base_model.model.model.layers.18.self_attn.v_proj.lora_B.default
base_model.model.model.layers.18.self_attn.v_proj.lora_router.default.weight
base_model.model.model.layers.18.self_attn.v_proj.lora_router.default.bias
base_model.model.model.layers.18.self_attn.o_proj.lora_A.default
base_model.model.model.layers.18.self_attn.o_proj.lora_B.default
base_model.model.model.layers.18.self_attn.o_proj.lora_router.default.weight
base_model.model.model.layers.18.self_attn.o_proj.lora_router.default.bias
base_model.model.model.layers.18.mlp.gate_proj.lora_A.default
base_model.model.model.layers.18.mlp.gate_proj.lora_B.default
base_model.model.model.layers.18.mlp.gate_proj.lora_router.default.weight
base_model.model.model.layers.18.mlp.gate_proj.lora_router.default.bias
base_model.model.model.layers.18.mlp.up_proj.lora_A.default
base_model.model.model.layers.18.mlp.up_proj.lora_B.default
base_model.model.model.layers.18.mlp.up_proj.lora_router.default.weight
base_model.model.model.layers.18.mlp.up_proj.lora_router.default.bias
base_model.model.model.layers.18.mlp.down_proj.lora_A.default
base_model.model.model.layers.18.mlp.down_proj.lora_B.default
base_model.model.model.layers.18.mlp.down_proj.lora_router.default.weight
base_model.model.model.layers.18.mlp.down_proj.lora_router.default.bias
base_model.model.model.layers.19.self_attn.q_proj.lora_A.default
base_model.model.model.layers.19.self_attn.q_proj.lora_B.default
base_model.model.model.layers.19.self_attn.q_proj.lora_router.default.weight
base_model.model.model.layers.19.self_attn.q_proj.lora_router.default.bias
base_model.model.model.layers.19.self_attn.k_proj.lora_A.default
base_model.model.model.layers.19.self_attn.k_proj.lora_B.default
base_model.model.model.layers.19.self_attn.k_proj.lora_router.default.weight
base_model.model.model.layers.19.self_attn.k_proj.lora_router.default.bias
base_model.model.model.layers.19.self_attn.v_proj.lora_A.default
base_model.model.model.layers.19.self_attn.v_proj.lora_B.default
base_model.model.model.layers.19.self_attn.v_proj.lora_router.default.weight
base_model.model.model.layers.19.self_attn.v_proj.lora_router.default.bias
base_model.model.model.layers.19.self_attn.o_proj.lora_A.default
base_model.model.model.layers.19.self_attn.o_proj.lora_B.default
base_model.model.model.layers.19.self_attn.o_proj.lora_router.default.weight
base_model.model.model.layers.19.self_attn.o_proj.lora_router.default.bias
base_model.model.model.layers.19.mlp.gate_proj.lora_A.default
base_model.model.model.layers.19.mlp.gate_proj.lora_B.default
base_model.model.model.layers.19.mlp.gate_proj.lora_router.default.weight
base_model.model.model.layers.19.mlp.gate_proj.lora_router.default.bias
base_model.model.model.layers.19.mlp.up_proj.lora_A.default
base_model.model.model.layers.19.mlp.up_proj.lora_B.default
base_model.model.model.layers.19.mlp.up_proj.lora_router.default.weight
base_model.model.model.layers.19.mlp.up_proj.lora_router.default.bias
base_model.model.model.layers.19.mlp.down_proj.lora_A.default
base_model.model.model.layers.19.mlp.down_proj.lora_B.default
base_model.model.model.layers.19.mlp.down_proj.lora_router.default.weight
base_model.model.model.layers.19.mlp.down_proj.lora_router.default.bias
base_model.model.model.layers.20.self_attn.q_proj.lora_A.default
base_model.model.model.layers.20.self_attn.q_proj.lora_B.default
base_model.model.model.layers.20.self_attn.q_proj.lora_router.default.weight
base_model.model.model.layers.20.self_attn.q_proj.lora_router.default.bias
base_model.model.model.layers.20.self_attn.k_proj.lora_A.default
base_model.model.model.layers.20.self_attn.k_proj.lora_B.default
base_model.model.model.layers.20.self_attn.k_proj.lora_router.default.weight
base_model.model.model.layers.20.self_attn.k_proj.lora_router.default.bias
base_model.model.model.layers.20.self_attn.v_proj.lora_A.default
base_model.model.model.layers.20.self_attn.v_proj.lora_B.default
base_model.model.model.layers.20.self_attn.v_proj.lora_router.default.weight
base_model.model.model.layers.20.self_attn.v_proj.lora_router.default.bias
base_model.model.model.layers.20.self_attn.o_proj.lora_A.default
base_model.model.model.layers.20.self_attn.o_proj.lora_B.default
base_model.model.model.layers.20.self_attn.o_proj.lora_router.default.weight
base_model.model.model.layers.20.self_attn.o_proj.lora_router.default.bias
base_model.model.model.layers.20.mlp.gate_proj.lora_A.default
base_model.model.model.layers.20.mlp.gate_proj.lora_B.default
base_model.model.model.layers.20.mlp.gate_proj.lora_router.default.weight
base_model.model.model.layers.20.mlp.gate_proj.lora_router.default.bias
base_model.model.model.layers.20.mlp.up_proj.lora_A.default
base_model.model.model.layers.20.mlp.up_proj.lora_B.default
base_model.model.model.layers.20.mlp.up_proj.lora_router.default.weight
base_model.model.model.layers.20.mlp.up_proj.lora_router.default.bias
base_model.model.model.layers.20.mlp.down_proj.lora_A.default
base_model.model.model.layers.20.mlp.down_proj.lora_B.default
base_model.model.model.layers.20.mlp.down_proj.lora_router.default.weight
base_model.model.model.layers.20.mlp.down_proj.lora_router.default.bias
base_model.model.model.layers.21.self_attn.q_proj.lora_A.default
base_model.model.model.layers.21.self_attn.q_proj.lora_B.default
base_model.model.model.layers.21.self_attn.q_proj.lora_router.default.weight
base_model.model.model.layers.21.self_attn.q_proj.lora_router.default.bias
base_model.model.model.layers.21.self_attn.k_proj.lora_A.default
base_model.model.model.layers.21.self_attn.k_proj.lora_B.default
base_model.model.model.layers.21.self_attn.k_proj.lora_router.default.weight
base_model.model.model.layers.21.self_attn.k_proj.lora_router.default.bias
base_model.model.model.layers.21.self_attn.v_proj.lora_A.default
base_model.model.model.layers.21.self_attn.v_proj.lora_B.default
base_model.model.model.layers.21.self_attn.v_proj.lora_router.default.weight
base_model.model.model.layers.21.self_attn.v_proj.lora_router.default.bias
base_model.model.model.layers.21.self_attn.o_proj.lora_A.default
base_model.model.model.layers.21.self_attn.o_proj.lora_B.default
base_model.model.model.layers.21.self_attn.o_proj.lora_router.default.weight
base_model.model.model.layers.21.self_attn.o_proj.lora_router.default.bias
base_model.model.model.layers.21.mlp.gate_proj.lora_A.default
base_model.model.model.layers.21.mlp.gate_proj.lora_B.default
base_model.model.model.layers.21.mlp.gate_proj.lora_router.default.weight
base_model.model.model.layers.21.mlp.gate_proj.lora_router.default.bias
base_model.model.model.layers.21.mlp.up_proj.lora_A.default
base_model.model.model.layers.21.mlp.up_proj.lora_B.default
base_model.model.model.layers.21.mlp.up_proj.lora_router.default.weight
base_model.model.model.layers.21.mlp.up_proj.lora_router.default.bias
base_model.model.model.layers.21.mlp.down_proj.lora_A.default
base_model.model.model.layers.21.mlp.down_proj.lora_B.default
base_model.model.model.layers.21.mlp.down_proj.lora_router.default.weight
base_model.model.model.layers.21.mlp.down_proj.lora_router.default.bias
base_model.model.model.layers.22.self_attn.q_proj.lora_A.default
base_model.model.model.layers.22.self_attn.q_proj.lora_B.default
base_model.model.model.layers.22.self_attn.q_proj.lora_router.default.weight
base_model.model.model.layers.22.self_attn.q_proj.lora_router.default.bias
base_model.model.model.layers.22.self_attn.k_proj.lora_A.default
base_model.model.model.layers.22.self_attn.k_proj.lora_B.default
base_model.model.model.layers.22.self_attn.k_proj.lora_router.default.weight
base_model.model.model.layers.22.self_attn.k_proj.lora_router.default.bias
base_model.model.model.layers.22.self_attn.v_proj.lora_A.default
base_model.model.model.layers.22.self_attn.v_proj.lora_B.default
base_model.model.model.layers.22.self_attn.v_proj.lora_router.default.weight
base_model.model.model.layers.22.self_attn.v_proj.lora_router.default.bias
base_model.model.model.layers.22.self_attn.o_proj.lora_A.default
base_model.model.model.layers.22.self_attn.o_proj.lora_B.default
base_model.model.model.layers.22.self_attn.o_proj.lora_router.default.weight
base_model.model.model.layers.22.self_attn.o_proj.lora_router.default.bias
base_model.model.model.layers.22.mlp.gate_proj.lora_A.default
base_model.model.model.layers.22.mlp.gate_proj.lora_B.default
base_model.model.model.layers.22.mlp.gate_proj.lora_router.default.weight
base_model.model.model.layers.22.mlp.gate_proj.lora_router.default.bias
base_model.model.model.layers.22.mlp.up_proj.lora_A.default
base_model.model.model.layers.22.mlp.up_proj.lora_B.default
base_model.model.model.layers.22.mlp.up_proj.lora_router.default.weight
base_model.model.model.layers.22.mlp.up_proj.lora_router.default.bias
base_model.model.model.layers.22.mlp.down_proj.lora_A.default
base_model.model.model.layers.22.mlp.down_proj.lora_B.default
base_model.model.model.layers.22.mlp.down_proj.lora_router.default.weight
base_model.model.model.layers.22.mlp.down_proj.lora_router.default.bias
base_model.model.model.layers.23.self_attn.q_proj.lora_A.default
base_model.model.model.layers.23.self_attn.q_proj.lora_B.default
base_model.model.model.layers.23.self_attn.q_proj.lora_router.default.weight
base_model.model.model.layers.23.self_attn.q_proj.lora_router.default.bias
base_model.model.model.layers.23.self_attn.k_proj.lora_A.default
base_model.model.model.layers.23.self_attn.k_proj.lora_B.default
base_model.model.model.layers.23.self_attn.k_proj.lora_router.default.weight
base_model.model.model.layers.23.self_attn.k_proj.lora_router.default.bias
base_model.model.model.layers.23.self_attn.v_proj.lora_A.default
base_model.model.model.layers.23.self_attn.v_proj.lora_B.default
base_model.model.model.layers.23.self_attn.v_proj.lora_router.default.weight
base_model.model.model.layers.23.self_attn.v_proj.lora_router.default.bias
base_model.model.model.layers.23.self_attn.o_proj.lora_A.default
base_model.model.model.layers.23.self_attn.o_proj.lora_B.default
base_model.model.model.layers.23.self_attn.o_proj.lora_router.default.weight
base_model.model.model.layers.23.self_attn.o_proj.lora_router.default.bias
base_model.model.model.layers.23.mlp.gate_proj.lora_A.default
base_model.model.model.layers.23.mlp.gate_proj.lora_B.default
base_model.model.model.layers.23.mlp.gate_proj.lora_router.default.weight
base_model.model.model.layers.23.mlp.gate_proj.lora_router.default.bias
base_model.model.model.layers.23.mlp.up_proj.lora_A.default
base_model.model.model.layers.23.mlp.up_proj.lora_B.default
base_model.model.model.layers.23.mlp.up_proj.lora_router.default.weight
base_model.model.model.layers.23.mlp.up_proj.lora_router.default.bias
base_model.model.model.layers.23.mlp.down_proj.lora_A.default
base_model.model.model.layers.23.mlp.down_proj.lora_B.default
base_model.model.model.layers.23.mlp.down_proj.lora_router.default.weight
base_model.model.model.layers.23.mlp.down_proj.lora_router.default.bias
base_model.model.model.layers.24.self_attn.q_proj.lora_A.default
base_model.model.model.layers.24.self_attn.q_proj.lora_B.default
base_model.model.model.layers.24.self_attn.q_proj.lora_router.default.weight
base_model.model.model.layers.24.self_attn.q_proj.lora_router.default.bias
base_model.model.model.layers.24.self_attn.k_proj.lora_A.default
base_model.model.model.layers.24.self_attn.k_proj.lora_B.default
base_model.model.model.layers.24.self_attn.k_proj.lora_router.default.weight
base_model.model.model.layers.24.self_attn.k_proj.lora_router.default.bias
base_model.model.model.layers.24.self_attn.v_proj.lora_A.default
base_model.model.model.layers.24.self_attn.v_proj.lora_B.default
base_model.model.model.layers.24.self_attn.v_proj.lora_router.default.weight
base_model.model.model.layers.24.self_attn.v_proj.lora_router.default.bias
base_model.model.model.layers.24.self_attn.o_proj.lora_A.default
base_model.model.model.layers.24.self_attn.o_proj.lora_B.default
base_model.model.model.layers.24.self_attn.o_proj.lora_router.default.weight
base_model.model.model.layers.24.self_attn.o_proj.lora_router.default.bias
base_model.model.model.layers.24.mlp.gate_proj.lora_A.default
base_model.model.model.layers.24.mlp.gate_proj.lora_B.default
base_model.model.model.layers.24.mlp.gate_proj.lora_router.default.weight
base_model.model.model.layers.24.mlp.gate_proj.lora_router.default.bias
base_model.model.model.layers.24.mlp.up_proj.lora_A.default
base_model.model.model.layers.24.mlp.up_proj.lora_B.default
base_model.model.model.layers.24.mlp.up_proj.lora_router.default.weight
base_model.model.model.layers.24.mlp.up_proj.lora_router.default.bias
base_model.model.model.layers.24.mlp.down_proj.lora_A.default
base_model.model.model.layers.24.mlp.down_proj.lora_B.default
base_model.model.model.layers.24.mlp.down_proj.lora_router.default.weight
base_model.model.model.layers.24.mlp.down_proj.lora_router.default.bias
base_model.model.model.layers.25.self_attn.q_proj.lora_A.default
base_model.model.model.layers.25.self_attn.q_proj.lora_B.default
base_model.model.model.layers.25.self_attn.q_proj.lora_router.default.weight
base_model.model.model.layers.25.self_attn.q_proj.lora_router.default.bias
base_model.model.model.layers.25.self_attn.k_proj.lora_A.default
base_model.model.model.layers.25.self_attn.k_proj.lora_B.default
base_model.model.model.layers.25.self_attn.k_proj.lora_router.default.weight
base_model.model.model.layers.25.self_attn.k_proj.lora_router.default.bias
base_model.model.model.layers.25.self_attn.v_proj.lora_A.default
base_model.model.model.layers.25.self_attn.v_proj.lora_B.default
base_model.model.model.layers.25.self_attn.v_proj.lora_router.default.weight
base_model.model.model.layers.25.self_attn.v_proj.lora_router.default.bias
base_model.model.model.layers.25.self_attn.o_proj.lora_A.default
base_model.model.model.layers.25.self_attn.o_proj.lora_B.default
base_model.model.model.layers.25.self_attn.o_proj.lora_router.default.weight
base_model.model.model.layers.25.self_attn.o_proj.lora_router.default.bias
base_model.model.model.layers.25.mlp.gate_proj.lora_A.default
base_model.model.model.layers.25.mlp.gate_proj.lora_B.default
base_model.model.model.layers.25.mlp.gate_proj.lora_router.default.weight
base_model.model.model.layers.25.mlp.gate_proj.lora_router.default.bias
base_model.model.model.layers.25.mlp.up_proj.lora_A.default
base_model.model.model.layers.25.mlp.up_proj.lora_B.default
base_model.model.model.layers.25.mlp.up_proj.lora_router.default.weight
base_model.model.model.layers.25.mlp.up_proj.lora_router.default.bias
base_model.model.model.layers.25.mlp.down_proj.lora_A.default
base_model.model.model.layers.25.mlp.down_proj.lora_B.default
base_model.model.model.layers.25.mlp.down_proj.lora_router.default.weight
base_model.model.model.layers.25.mlp.down_proj.lora_router.default.bias
base_model.model.model.layers.26.self_attn.q_proj.lora_A.default
base_model.model.model.layers.26.self_attn.q_proj.lora_B.default
base_model.model.model.layers.26.self_attn.q_proj.lora_router.default.weight
base_model.model.model.layers.26.self_attn.q_proj.lora_router.default.bias
base_model.model.model.layers.26.self_attn.k_proj.lora_A.default
base_model.model.model.layers.26.self_attn.k_proj.lora_B.default
base_model.model.model.layers.26.self_attn.k_proj.lora_router.default.weight
base_model.model.model.layers.26.self_attn.k_proj.lora_router.default.bias
base_model.model.model.layers.26.self_attn.v_proj.lora_A.default
base_model.model.model.layers.26.self_attn.v_proj.lora_B.default
base_model.model.model.layers.26.self_attn.v_proj.lora_router.default.weight
base_model.model.model.layers.26.self_attn.v_proj.lora_router.default.bias
base_model.model.model.layers.26.self_attn.o_proj.lora_A.default
base_model.model.model.layers.26.self_attn.o_proj.lora_B.default
base_model.model.model.layers.26.self_attn.o_proj.lora_router.default.weight
base_model.model.model.layers.26.self_attn.o_proj.lora_router.default.bias
base_model.model.model.layers.26.mlp.gate_proj.lora_A.default
base_model.model.model.layers.26.mlp.gate_proj.lora_B.default
base_model.model.model.layers.26.mlp.gate_proj.lora_router.default.weight
base_model.model.model.layers.26.mlp.gate_proj.lora_router.default.bias
base_model.model.model.layers.26.mlp.up_proj.lora_A.default
base_model.model.model.layers.26.mlp.up_proj.lora_B.default
base_model.model.model.layers.26.mlp.up_proj.lora_router.default.weight
base_model.model.model.layers.26.mlp.up_proj.lora_router.default.bias
base_model.model.model.layers.26.mlp.down_proj.lora_A.default
base_model.model.model.layers.26.mlp.down_proj.lora_B.default
base_model.model.model.layers.26.mlp.down_proj.lora_router.default.weight
base_model.model.model.layers.26.mlp.down_proj.lora_router.default.bias
base_model.model.model.layers.27.self_attn.q_proj.lora_A.default
base_model.model.model.layers.27.self_attn.q_proj.lora_B.default
base_model.model.model.layers.27.self_attn.q_proj.lora_router.default.weight
base_model.model.model.layers.27.self_attn.q_proj.lora_router.default.bias
base_model.model.model.layers.27.self_attn.k_proj.lora_A.default
base_model.model.model.layers.27.self_attn.k_proj.lora_B.default
base_model.model.model.layers.27.self_attn.k_proj.lora_router.default.weight
base_model.model.model.layers.27.self_attn.k_proj.lora_router.default.bias
base_model.model.model.layers.27.self_attn.v_proj.lora_A.default
base_model.model.model.layers.27.self_attn.v_proj.lora_B.default
base_model.model.model.layers.27.self_attn.v_proj.lora_router.default.weight
base_model.model.model.layers.27.self_attn.v_proj.lora_router.default.bias
base_model.model.model.layers.27.self_attn.o_proj.lora_A.default
base_model.model.model.layers.27.self_attn.o_proj.lora_B.default
base_model.model.model.layers.27.self_attn.o_proj.lora_router.default.weight
base_model.model.model.layers.27.self_attn.o_proj.lora_router.default.bias
base_model.model.model.layers.27.mlp.gate_proj.lora_A.default
base_model.model.model.layers.27.mlp.gate_proj.lora_B.default
base_model.model.model.layers.27.mlp.gate_proj.lora_router.default.weight
base_model.model.model.layers.27.mlp.gate_proj.lora_router.default.bias
base_model.model.model.layers.27.mlp.up_proj.lora_A.default
base_model.model.model.layers.27.mlp.up_proj.lora_B.default
base_model.model.model.layers.27.mlp.up_proj.lora_router.default.weight
base_model.model.model.layers.27.mlp.up_proj.lora_router.default.bias
base_model.model.model.layers.27.mlp.down_proj.lora_A.default
base_model.model.model.layers.27.mlp.down_proj.lora_B.default
base_model.model.model.layers.27.mlp.down_proj.lora_router.default.weight
base_model.model.model.layers.27.mlp.down_proj.lora_router.default.bias
base_model.model.model.layers.28.self_attn.q_proj.lora_A.default
base_model.model.model.layers.28.self_attn.q_proj.lora_B.default
base_model.model.model.layers.28.self_attn.q_proj.lora_router.default.weight
base_model.model.model.layers.28.self_attn.q_proj.lora_router.default.bias
base_model.model.model.layers.28.self_attn.k_proj.lora_A.default
base_model.model.model.layers.28.self_attn.k_proj.lora_B.default
base_model.model.model.layers.28.self_attn.k_proj.lora_router.default.weight
base_model.model.model.layers.28.self_attn.k_proj.lora_router.default.bias
base_model.model.model.layers.28.self_attn.v_proj.lora_A.default
base_model.model.model.layers.28.self_attn.v_proj.lora_B.default
base_model.model.model.layers.28.self_attn.v_proj.lora_router.default.weight
base_model.model.model.layers.28.self_attn.v_proj.lora_router.default.bias
base_model.model.model.layers.28.self_attn.o_proj.lora_A.default
base_model.model.model.layers.28.self_attn.o_proj.lora_B.default
base_model.model.model.layers.28.self_attn.o_proj.lora_router.default.weight
base_model.model.model.layers.28.self_attn.o_proj.lora_router.default.bias
base_model.model.model.layers.28.mlp.gate_proj.lora_A.default
base_model.model.model.layers.28.mlp.gate_proj.lora_B.default
base_model.model.model.layers.28.mlp.gate_proj.lora_router.default.weight
base_model.model.model.layers.28.mlp.gate_proj.lora_router.default.bias
base_model.model.model.layers.28.mlp.up_proj.lora_A.default
base_model.model.model.layers.28.mlp.up_proj.lora_B.default
base_model.model.model.layers.28.mlp.up_proj.lora_router.default.weight
base_model.model.model.layers.28.mlp.up_proj.lora_router.default.bias
base_model.model.model.layers.28.mlp.down_proj.lora_A.default
base_model.model.model.layers.28.mlp.down_proj.lora_B.default
base_model.model.model.layers.28.mlp.down_proj.lora_router.default.weight
base_model.model.model.layers.28.mlp.down_proj.lora_router.default.bias
base_model.model.model.layers.29.self_attn.q_proj.lora_A.default
base_model.model.model.layers.29.self_attn.q_proj.lora_B.default
base_model.model.model.layers.29.self_attn.q_proj.lora_router.default.weight
base_model.model.model.layers.29.self_attn.q_proj.lora_router.default.bias
base_model.model.model.layers.29.self_attn.k_proj.lora_A.default
base_model.model.model.layers.29.self_attn.k_proj.lora_B.default
base_model.model.model.layers.29.self_attn.k_proj.lora_router.default.weight
base_model.model.model.layers.29.self_attn.k_proj.lora_router.default.bias
base_model.model.model.layers.29.self_attn.v_proj.lora_A.default
base_model.model.model.layers.29.self_attn.v_proj.lora_B.default
base_model.model.model.layers.29.self_attn.v_proj.lora_router.default.weight
base_model.model.model.layers.29.self_attn.v_proj.lora_router.default.bias
base_model.model.model.layers.29.self_attn.o_proj.lora_A.default
base_model.model.model.layers.29.self_attn.o_proj.lora_B.default
base_model.model.model.layers.29.self_attn.o_proj.lora_router.default.weight
base_model.model.model.layers.29.self_attn.o_proj.lora_router.default.bias
base_model.model.model.layers.29.mlp.gate_proj.lora_A.default
base_model.model.model.layers.29.mlp.gate_proj.lora_B.default
base_model.model.model.layers.29.mlp.gate_proj.lora_router.default.weight
base_model.model.model.layers.29.mlp.gate_proj.lora_router.default.bias
base_model.model.model.layers.29.mlp.up_proj.lora_A.default
base_model.model.model.layers.29.mlp.up_proj.lora_B.default
base_model.model.model.layers.29.mlp.up_proj.lora_router.default.weight
base_model.model.model.layers.29.mlp.up_proj.lora_router.default.bias
base_model.model.model.layers.29.mlp.down_proj.lora_A.default
base_model.model.model.layers.29.mlp.down_proj.lora_B.default
base_model.model.model.layers.29.mlp.down_proj.lora_router.default.weight
base_model.model.model.layers.29.mlp.down_proj.lora_router.default.bias
base_model.model.model.layers.30.self_attn.q_proj.lora_A.default
base_model.model.model.layers.30.self_attn.q_proj.lora_B.default
base_model.model.model.layers.30.self_attn.q_proj.lora_router.default.weight
base_model.model.model.layers.30.self_attn.q_proj.lora_router.default.bias
base_model.model.model.layers.30.self_attn.k_proj.lora_A.default
base_model.model.model.layers.30.self_attn.k_proj.lora_B.default
base_model.model.model.layers.30.self_attn.k_proj.lora_router.default.weight
base_model.model.model.layers.30.self_attn.k_proj.lora_router.default.bias
base_model.model.model.layers.30.self_attn.v_proj.lora_A.default
base_model.model.model.layers.30.self_attn.v_proj.lora_B.default
base_model.model.model.layers.30.self_attn.v_proj.lora_router.default.weight
base_model.model.model.layers.30.self_attn.v_proj.lora_router.default.bias
base_model.model.model.layers.30.self_attn.o_proj.lora_A.default
base_model.model.model.layers.30.self_attn.o_proj.lora_B.default
base_model.model.model.layers.30.self_attn.o_proj.lora_router.default.weight
base_model.model.model.layers.30.self_attn.o_proj.lora_router.default.bias
base_model.model.model.layers.30.mlp.gate_proj.lora_A.default
base_model.model.model.layers.30.mlp.gate_proj.lora_B.default
base_model.model.model.layers.30.mlp.gate_proj.lora_router.default.weight
base_model.model.model.layers.30.mlp.gate_proj.lora_router.default.bias
base_model.model.model.layers.30.mlp.up_proj.lora_A.default
base_model.model.model.layers.30.mlp.up_proj.lora_B.default
base_model.model.model.layers.30.mlp.up_proj.lora_router.default.weight
base_model.model.model.layers.30.mlp.up_proj.lora_router.default.bias
base_model.model.model.layers.30.mlp.down_proj.lora_A.default
base_model.model.model.layers.30.mlp.down_proj.lora_B.default
base_model.model.model.layers.30.mlp.down_proj.lora_router.default.weight
base_model.model.model.layers.30.mlp.down_proj.lora_router.default.bias
base_model.model.model.layers.31.self_attn.q_proj.lora_A.default
base_model.model.model.layers.31.self_attn.q_proj.lora_B.default
base_model.model.model.layers.31.self_attn.q_proj.lora_router.default.weight
base_model.model.model.layers.31.self_attn.q_proj.lora_router.default.bias
base_model.model.model.layers.31.self_attn.k_proj.lora_A.default
base_model.model.model.layers.31.self_attn.k_proj.lora_B.default
base_model.model.model.layers.31.self_attn.k_proj.lora_router.default.weight
base_model.model.model.layers.31.self_attn.k_proj.lora_router.default.bias
base_model.model.model.layers.31.self_attn.v_proj.lora_A.default
base_model.model.model.layers.31.self_attn.v_proj.lora_B.default
base_model.model.model.layers.31.self_attn.v_proj.lora_router.default.weight
base_model.model.model.layers.31.self_attn.v_proj.lora_router.default.bias
base_model.model.model.layers.31.self_attn.o_proj.lora_A.default
base_model.model.model.layers.31.self_attn.o_proj.lora_B.default
base_model.model.model.layers.31.self_attn.o_proj.lora_router.default.weight
base_model.model.model.layers.31.self_attn.o_proj.lora_router.default.bias
base_model.model.model.layers.31.mlp.gate_proj.lora_A.default
base_model.model.model.layers.31.mlp.gate_proj.lora_B.default
base_model.model.model.layers.31.mlp.gate_proj.lora_router.default.weight
base_model.model.model.layers.31.mlp.gate_proj.lora_router.default.bias
base_model.model.model.layers.31.mlp.up_proj.lora_A.default
base_model.model.model.layers.31.mlp.up_proj.lora_B.default
base_model.model.model.layers.31.mlp.up_proj.lora_router.default.weight
base_model.model.model.layers.31.mlp.up_proj.lora_router.default.bias
base_model.model.model.layers.31.mlp.down_proj.lora_A.default
base_model.model.model.layers.31.mlp.down_proj.lora_B.default
base_model.model.model.layers.31.mlp.down_proj.lora_router.default.weight
base_model.model.model.layers.31.mlp.down_proj.lora_router.default.bias
{'loss': 0.9908, 'learning_rate': 0.0003, 'epoch': 0.0}
{'loss': 0.8799, 'learning_rate': 0.0003, 'epoch': 0.0}
{'loss': 0.8981, 'learning_rate': 0.0003, 'epoch': 0.0}
{'loss': 0.8843, 'learning_rate': 0.0003, 'epoch': 0.0}
{'loss': 0.905, 'learning_rate': 0.0003, 'epoch': 0.0}
{'loss': 0.8929, 'learning_rate': 0.0003, 'epoch': 0.0}
{'loss': 0.8547, 'learning_rate': 0.0003, 'epoch': 0.01}
{'loss': 0.8598, 'learning_rate': 0.0003, 'epoch': 0.01}
{'loss': 0.8707, 'learning_rate': 0.0003, 'epoch': 0.01}
{'loss': 0.8706, 'learning_rate': 0.0003, 'epoch': 0.01}
{'loss': 0.8897, 'learning_rate': 0.0003, 'epoch': 0.01}
{'loss': 0.8545, 'learning_rate': 0.0003, 'epoch': 0.01}
{'loss': 0.8823, 'learning_rate': 0.0003, 'epoch': 0.01}
{'loss': 0.8849, 'learning_rate': 0.0003, 'epoch': 0.01}
{'loss': 0.8689, 'learning_rate': 0.0003, 'epoch': 0.01}
{'loss': 0.8942, 'learning_rate': 0.0003, 'epoch': 0.01}
{'loss': 0.9066, 'learning_rate': 0.0003, 'epoch': 0.01}
{'loss': 0.8929, 'learning_rate': 0.0003, 'epoch': 0.01}
{'loss': 0.8948, 'learning_rate': 0.0003, 'epoch': 0.01}
{'loss': 0.8965, 'learning_rate': 0.0003, 'epoch': 0.02}
{'loss': 0.9101, 'learning_rate': 0.0003, 'epoch': 0.02}
{'loss': 0.9039, 'learning_rate': 0.0003, 'epoch': 0.02}
{'loss': 0.8839, 'learning_rate': 0.0003, 'epoch': 0.02}
{'loss': 0.8719, 'learning_rate': 0.0003, 'epoch': 0.02}
{'loss': 0.91, 'learning_rate': 0.0003, 'epoch': 0.02}
{'loss': 0.8841, 'learning_rate': 0.0003, 'epoch': 0.02}
{'loss': 0.8769, 'learning_rate': 0.0003, 'epoch': 0.02}
{'loss': 0.8709, 'learning_rate': 0.0003, 'epoch': 0.02}
{'loss': 0.9174, 'learning_rate': 0.0003, 'epoch': 0.02}
{'loss': 0.8955, 'learning_rate': 0.0003, 'epoch': 0.02}
{'loss': 0.8729, 'learning_rate': 0.0003, 'epoch': 0.02}
{'loss': 0.8994, 'learning_rate': 0.0003, 'epoch': 0.02}
{'loss': 0.887, 'learning_rate': 0.0003, 'epoch': 0.03}
{'loss': 0.8806, 'learning_rate': 0.0003, 'epoch': 0.03}
{'loss': 0.8589, 'learning_rate': 0.0003, 'epoch': 0.03}
{'loss': 0.8867, 'learning_rate': 0.0003, 'epoch': 0.03}
{'loss': 0.8773, 'learning_rate': 0.0003, 'epoch': 0.03}
{'loss': 0.8605, 'learning_rate': 0.0003, 'epoch': 0.03}
{'loss': 0.8737, 'learning_rate': 0.0003, 'epoch': 0.03}
{'loss': 0.8945, 'learning_rate': 0.0003, 'epoch': 0.03}
{'loss': 0.9005, 'learning_rate': 0.0003, 'epoch': 0.03}
{'loss': 0.8558, 'learning_rate': 0.0003, 'epoch': 0.03}
{'loss': 0.8539, 'learning_rate': 0.0003, 'epoch': 0.03}
{'loss': 0.8768, 'learning_rate': 0.0003, 'epoch': 0.03}
{'loss': 0.8723, 'learning_rate': 0.0003, 'epoch': 0.03}
{'loss': 0.8866, 'learning_rate': 0.0003, 'epoch': 0.04}
{'loss': 0.8781, 'learning_rate': 0.0003, 'epoch': 0.04}
{'loss': 0.8424, 'learning_rate': 0.0003, 'epoch': 0.04}
{'loss': 0.8738, 'learning_rate': 0.0003, 'epoch': 0.04}
{'loss': 0.8678, 'learning_rate': 0.0003, 'epoch': 0.04}
{'loss': 0.8604, 'learning_rate': 0.0003, 'epoch': 0.04}
{'loss': 0.8722, 'learning_rate': 0.0003, 'epoch': 0.04}
{'loss': 0.8551, 'learning_rate': 0.0003, 'epoch': 0.04}
{'loss': 0.8596, 'learning_rate': 0.0003, 'epoch': 0.04}
{'loss': 0.8707, 'learning_rate': 0.0003, 'epoch': 0.04}
{'loss': 0.8423, 'learning_rate': 0.0003, 'epoch': 0.04}
{'loss': 0.8938, 'learning_rate': 0.0003, 'epoch': 0.04}
{'loss': 0.8757, 'learning_rate': 0.0003, 'epoch': 0.04}
{'loss': 0.8501, 'learning_rate': 0.0003, 'epoch': 0.05}
{'loss': 0.8795, 'learning_rate': 0.0003, 'epoch': 0.05}
{'loss': 0.8668, 'learning_rate': 0.0003, 'epoch': 0.05}
{'loss': 0.8582, 'learning_rate': 0.0003, 'epoch': 0.05}
{'loss': 0.8635, 'learning_rate': 0.0003, 'epoch': 0.05}
{'loss': 0.8845, 'learning_rate': 0.0003, 'epoch': 0.05}
{'loss': 0.8709, 'learning_rate': 0.0003, 'epoch': 0.05}
{'loss': 0.8627, 'learning_rate': 0.0003, 'epoch': 0.05}
{'loss': 0.8771, 'learning_rate': 0.0003, 'epoch': 0.05}
{'loss': 0.8644, 'learning_rate': 0.0003, 'epoch': 0.05}
{'loss': 0.8593, 'learning_rate': 0.0003, 'epoch': 0.05}
{'loss': 0.9033, 'learning_rate': 0.0003, 'epoch': 0.05}
{'loss': 0.8521, 'learning_rate': 0.0003, 'epoch': 0.05}
{'loss': 0.857, 'learning_rate': 0.0003, 'epoch': 0.06}
{'loss': 0.8637, 'learning_rate': 0.0003, 'epoch': 0.06}
{'loss': 0.8618, 'learning_rate': 0.0003, 'epoch': 0.06}
{'loss': 0.874, 'learning_rate': 0.0003, 'epoch': 0.06}
{'loss': 0.8581, 'learning_rate': 0.0003, 'epoch': 0.06}
{'loss': 0.8787, 'learning_rate': 0.0003, 'epoch': 0.06}
{'loss': 0.868, 'learning_rate': 0.0003, 'epoch': 0.06}
{'loss': 0.8501, 'learning_rate': 0.0003, 'epoch': 0.06}
{'loss': 0.8732, 'learning_rate': 0.0003, 'epoch': 0.06}
{'loss': 0.8584, 'learning_rate': 0.0003, 'epoch': 0.06}
{'loss': 0.8738, 'learning_rate': 0.0003, 'epoch': 0.06}
{'loss': 0.8648, 'learning_rate': 0.0003, 'epoch': 0.06}
{'loss': 0.8686, 'learning_rate': 0.0003, 'epoch': 0.06}
{'loss': 0.8711, 'learning_rate': 0.0003, 'epoch': 0.07}
{'loss': 0.8637, 'learning_rate': 0.0003, 'epoch': 0.07}
{'loss': 0.8414, 'learning_rate': 0.0003, 'epoch': 0.07}
{'loss': 0.8691, 'learning_rate': 0.0003, 'epoch': 0.07}
{'loss': 0.884, 'learning_rate': 0.0003, 'epoch': 0.07}
{'loss': 0.873, 'learning_rate': 0.0003, 'epoch': 0.07}
{'loss': 0.8769, 'learning_rate': 0.0003, 'epoch': 0.07}
{'loss': 0.8435, 'learning_rate': 0.0003, 'epoch': 0.07}
{'loss': 0.8775, 'learning_rate': 0.0003, 'epoch': 0.07}
{'loss': 0.8655, 'learning_rate': 0.0003, 'epoch': 0.07}
{'loss': 0.8647, 'learning_rate': 0.0003, 'epoch': 0.07}
{'loss': 0.8895, 'learning_rate': 0.0003, 'epoch': 0.07}
{'loss': 0.8747, 'learning_rate': 0.0003, 'epoch': 0.07}
{'loss': 0.888, 'learning_rate': 0.0003, 'epoch': 0.08}
{'loss': 0.8921, 'learning_rate': 0.0003, 'epoch': 0.08}
{'loss': 0.8657, 'learning_rate': 0.0003, 'epoch': 0.08}
{'loss': 0.8834, 'learning_rate': 0.0003, 'epoch': 0.08}
{'loss': 0.8651, 'learning_rate': 0.0003, 'epoch': 0.08}
{'loss': 0.867, 'learning_rate': 0.0003, 'epoch': 0.08}
{'loss': 0.8463, 'learning_rate': 0.0003, 'epoch': 0.08}
{'loss': 0.8888, 'learning_rate': 0.0003, 'epoch': 0.08}
{'loss': 0.8656, 'learning_rate': 0.0003, 'epoch': 0.08}
{'loss': 0.881, 'learning_rate': 0.0003, 'epoch': 0.08}
{'loss': 0.8675, 'learning_rate': 0.0003, 'epoch': 0.08}
{'loss': 0.8725, 'learning_rate': 0.0003, 'epoch': 0.08}
{'loss': 0.8668, 'learning_rate': 0.0003, 'epoch': 0.09}
{'loss': 0.8435, 'learning_rate': 0.0003, 'epoch': 0.09}
{'loss': 0.8778, 'learning_rate': 0.0003, 'epoch': 0.09}
{'loss': 0.8825, 'learning_rate': 0.0003, 'epoch': 0.09}
{'loss': 0.8636, 'learning_rate': 0.0003, 'epoch': 0.09}
{'loss': 0.8902, 'learning_rate': 0.0003, 'epoch': 0.09}
{'loss': 0.8588, 'learning_rate': 0.0003, 'epoch': 0.09}
{'loss': 0.858, 'learning_rate': 0.0003, 'epoch': 0.09}
{'loss': 0.843, 'learning_rate': 0.0003, 'epoch': 0.09}
{'loss': 0.8597, 'learning_rate': 0.0003, 'epoch': 0.09}
{'loss': 0.8535, 'learning_rate': 0.0003, 'epoch': 0.09}
{'loss': 0.8828, 'learning_rate': 0.0003, 'epoch': 0.09}
{'loss': 0.8238, 'learning_rate': 0.0003, 'epoch': 0.09}
{'loss': 0.8438, 'learning_rate': 0.0003, 'epoch': 0.1}
{'loss': 0.8513, 'learning_rate': 0.0003, 'epoch': 0.1}
{'loss': 0.8769, 'learning_rate': 0.0003, 'epoch': 0.1}
{'loss': 0.8711, 'learning_rate': 0.0003, 'epoch': 0.1}
{'loss': 0.8741, 'learning_rate': 0.0003, 'epoch': 0.1}
{'loss': 0.8577, 'learning_rate': 0.0003, 'epoch': 0.1}
{'loss': 0.8718, 'learning_rate': 0.0003, 'epoch': 0.1}
{'loss': 0.8708, 'learning_rate': 0.0003, 'epoch': 0.1}
{'loss': 0.8819, 'learning_rate': 0.0003, 'epoch': 0.1}
{'loss': 0.9001, 'learning_rate': 0.0003, 'epoch': 0.1}
{'loss': 0.8548, 'learning_rate': 0.0003, 'epoch': 0.1}
{'loss': 0.8505, 'learning_rate': 0.0003, 'epoch': 0.1}
{'loss': 0.8567, 'learning_rate': 0.0003, 'epoch': 0.1}
{'loss': 0.8641, 'learning_rate': 0.0003, 'epoch': 0.11}
{'loss': 0.8549, 'learning_rate': 0.0003, 'epoch': 0.11}
{'loss': 0.8882, 'learning_rate': 0.0003, 'epoch': 0.11}
{'loss': 0.8845, 'learning_rate': 0.0003, 'epoch': 0.11}
{'loss': 0.8713, 'learning_rate': 0.0003, 'epoch': 0.11}
{'loss': 0.8586, 'learning_rate': 0.0003, 'epoch': 0.11}
{'loss': 0.8675, 'learning_rate': 0.0003, 'epoch': 0.11}
{'loss': 0.8552, 'learning_rate': 0.0003, 'epoch': 0.11}
{'loss': 0.6679, 'learning_rate': 0.0003, 'epoch': 1.0}
{'loss': 0.632, 'learning_rate': 0.0003, 'epoch': 1.0}
{'loss': 0.6177, 'learning_rate': 0.0003, 'epoch': 1.0}
{'loss': 0.6037, 'learning_rate': 0.0003, 'epoch': 1.0}
{'loss': 0.644, 'learning_rate': 0.0003, 'epoch': 1.0}
{'loss': 0.6011, 'learning_rate': 0.0003, 'epoch': 1.0}
{'loss': 0.6524, 'learning_rate': 0.0003, 'epoch': 1.01}
{'loss': 0.675, 'learning_rate': 0.0003, 'epoch': 1.01}
{'loss': 0.6445, 'learning_rate': 0.0003, 'epoch': 1.01}
{'loss': 0.6131, 'learning_rate': 0.0003, 'epoch': 1.01}
{'loss': 0.644, 'learning_rate': 0.0003, 'epoch': 1.01}
{'loss': 0.6066, 'learning_rate': 0.0003, 'epoch': 1.01}
{'loss': 0.6457, 'learning_rate': 0.0003, 'epoch': 1.01}
{'loss': 0.6423, 'learning_rate': 0.0003, 'epoch': 1.01}
{'loss': 0.6174, 'learning_rate': 0.0003, 'epoch': 1.01}
{'loss': 0.6505, 'learning_rate': 0.0003, 'epoch': 1.01}
{'loss': 0.6333, 'learning_rate': 0.0003, 'epoch': 1.01}
{'loss': 0.6084, 'learning_rate': 0.0003, 'epoch': 1.01}
{'loss': 0.585, 'learning_rate': 0.0003, 'epoch': 1.01}
{'loss': 0.6281, 'learning_rate': 0.0003, 'epoch': 1.02}
{'loss': 0.6263, 'learning_rate': 0.0003, 'epoch': 1.02}
{'loss': 0.5709, 'learning_rate': 0.0003, 'epoch': 1.02}
{'loss': 0.6194, 'learning_rate': 0.0003, 'epoch': 1.02}
{'loss': 0.5512, 'learning_rate': 0.0003, 'epoch': 1.02}
{'loss': 0.5269, 'learning_rate': 0.0003, 'epoch': 1.02}
{'loss': 0.5561, 'learning_rate': 0.0003, 'epoch': 1.02}
{'loss': 0.5406, 'learning_rate': 0.0003, 'epoch': 1.02}
{'loss': 0.5459, 'learning_rate': 0.0003, 'epoch': 1.02}
{'loss': 0.5382, 'learning_rate': 0.0003, 'epoch': 1.02}
{'loss': 0.5399, 'learning_rate': 0.0003, 'epoch': 1.02}
{'loss': 0.5368, 'learning_rate': 0.0003, 'epoch': 1.02}
{'loss': 0.557, 'learning_rate': 0.0003, 'epoch': 1.02}
{'loss': 0.5373, 'learning_rate': 0.0003, 'epoch': 1.03}
{'loss': 0.5425, 'learning_rate': 0.0003, 'epoch': 1.03}
{'loss': 0.5267, 'learning_rate': 0.0003, 'epoch': 1.03}
{'loss': 0.553, 'learning_rate': 0.0003, 'epoch': 1.03}
{'loss': 0.527, 'learning_rate': 0.0003, 'epoch': 1.03}
{'loss': 0.5431, 'learning_rate': 0.0003, 'epoch': 1.03}
{'loss': 0.5268, 'learning_rate': 0.0003, 'epoch': 1.03}
{'loss': 0.5434, 'learning_rate': 0.0003, 'epoch': 1.03}
{'loss': 0.528, 'learning_rate': 0.0003, 'epoch': 1.03}
{'loss': 0.614, 'learning_rate': 0.0003, 'epoch': 1.03}
{'loss': 0.5218, 'learning_rate': 0.0003, 'epoch': 1.03}
{'loss': 0.5414, 'learning_rate': 0.0003, 'epoch': 1.03}
{'loss': 0.5358, 'learning_rate': 0.0003, 'epoch': 1.03}
{'loss': 0.5598, 'learning_rate': 0.0003, 'epoch': 1.04}
{'loss': 0.5645, 'learning_rate': 0.0003, 'epoch': 1.04}
{'loss': 0.5507, 'learning_rate': 0.0003, 'epoch': 1.04}
{'loss': 0.5613, 'learning_rate': 0.0003, 'epoch': 1.04}
{'loss': 0.5417, 'learning_rate': 0.0003, 'epoch': 1.04}
{'loss': 0.5451, 'learning_rate': 0.0003, 'epoch': 1.04}
{'loss': 0.5327, 'learning_rate': 0.0003, 'epoch': 1.04}
{'loss': 0.5324, 'learning_rate': 0.0003, 'epoch': 1.04}
{'loss': 0.5643, 'learning_rate': 0.0003, 'epoch': 1.04}
{'loss': 0.5335, 'learning_rate': 0.0003, 'epoch': 1.04}
{'loss': 0.5448, 'learning_rate': 0.0003, 'epoch': 1.04}
{'loss': 0.5455, 'learning_rate': 0.0003, 'epoch': 1.04}
{'loss': 0.5507, 'learning_rate': 0.0003, 'epoch': 1.04}
{'loss': 0.5576, 'learning_rate': 0.0003, 'epoch': 1.05}
{'loss': 0.5552, 'learning_rate': 0.0003, 'epoch': 1.05}
{'loss': 0.5356, 'learning_rate': 0.0003, 'epoch': 1.05}
{'loss': 0.5472, 'learning_rate': 0.0003, 'epoch': 1.05}
{'loss': 0.5534, 'learning_rate': 0.0003, 'epoch': 1.05}
{'loss': 0.5387, 'learning_rate': 0.0003, 'epoch': 1.05}
{'loss': 0.5531, 'learning_rate': 0.0003, 'epoch': 1.05}
{'loss': 0.5559, 'learning_rate': 0.0003, 'epoch': 1.05}
{'loss': 0.5387, 'learning_rate': 0.0003, 'epoch': 1.05}
{'loss': 0.55, 'learning_rate': 0.0003, 'epoch': 1.05}
{'loss': 0.5823, 'learning_rate': 0.0003, 'epoch': 1.05}
{'loss': 0.5702, 'learning_rate': 0.0003, 'epoch': 1.05}
{'loss': 0.5408, 'learning_rate': 0.0003, 'epoch': 1.05}
{'loss': 0.5577, 'learning_rate': 0.0003, 'epoch': 1.06}
{'loss': 0.5431, 'learning_rate': 0.0003, 'epoch': 1.06}
{'loss': 0.5609, 'learning_rate': 0.0003, 'epoch': 1.06}
{'loss': 0.5394, 'learning_rate': 0.0003, 'epoch': 1.06}
{'loss': 0.5468, 'learning_rate': 0.0003, 'epoch': 1.06}
{'loss': 0.5518, 'learning_rate': 0.0003, 'epoch': 1.06}
{'loss': 0.5656, 'learning_rate': 0.0003, 'epoch': 1.06}
{'loss': 0.5465, 'learning_rate': 0.0003, 'epoch': 1.06}
{'loss': 0.5369, 'learning_rate': 0.0003, 'epoch': 1.06}
{'loss': 0.5788, 'learning_rate': 0.0003, 'epoch': 1.06}
{'loss': 0.5529, 'learning_rate': 0.0003, 'epoch': 1.06}
{'loss': 0.5425, 'learning_rate': 0.0003, 'epoch': 1.06}
{'loss': 0.5647, 'learning_rate': 0.0003, 'epoch': 1.06}
{'loss': 0.5659, 'learning_rate': 0.0003, 'epoch': 1.07}
{'loss': 0.5558, 'learning_rate': 0.0003, 'epoch': 1.07}
{'loss': 0.5617, 'learning_rate': 0.0003, 'epoch': 1.07}
{'loss': 0.5524, 'learning_rate': 0.0003, 'epoch': 1.07}
{'loss': 0.5666, 'learning_rate': 0.0003, 'epoch': 1.07}
{'loss': 0.5539, 'learning_rate': 0.0003, 'epoch': 1.07}
{'loss': 0.5822, 'learning_rate': 0.0003, 'epoch': 1.07}
{'loss': 0.5603, 'learning_rate': 0.0003, 'epoch': 1.07}
{'loss': 0.5567, 'learning_rate': 0.0003, 'epoch': 1.07}
{'loss': 0.5603, 'learning_rate': 0.0003, 'epoch': 1.07}
{'loss': 0.5735, 'learning_rate': 0.0003, 'epoch': 1.07}
{'loss': 0.5604, 'learning_rate': 0.0003, 'epoch': 1.07}
{'loss': 0.5573, 'learning_rate': 0.0003, 'epoch': 1.07}
{'loss': 0.5738, 'learning_rate': 0.0003, 'epoch': 1.08}
{'loss': 0.5525, 'learning_rate': 0.0003, 'epoch': 1.08}
{'loss': 0.5456, 'learning_rate': 0.0003, 'epoch': 1.08}
{'loss': 0.5567, 'learning_rate': 0.0003, 'epoch': 1.08}
{'loss': 0.5668, 'learning_rate': 0.0003, 'epoch': 1.08}
{'loss': 0.5577, 'learning_rate': 0.0003, 'epoch': 1.08}
{'loss': 0.5552, 'learning_rate': 0.0003, 'epoch': 1.08}
{'loss': 0.5456, 'learning_rate': 0.0003, 'epoch': 1.08}
{'loss': 0.5602, 'learning_rate': 0.0003, 'epoch': 1.08}
{'loss': 0.5581, 'learning_rate': 0.0003, 'epoch': 1.08}
{'loss': 0.5563, 'learning_rate': 0.0003, 'epoch': 1.08}
{'loss': 0.5579, 'learning_rate': 0.0003, 'epoch': 1.08}
{'loss': 0.5527, 'learning_rate': 0.0003, 'epoch': 1.08}
{'loss': 0.5679, 'learning_rate': 0.0003, 'epoch': 1.09}
{'loss': 0.5625, 'learning_rate': 0.0003, 'epoch': 1.09}
{'loss': 0.5632, 'learning_rate': 0.0003, 'epoch': 1.09}
{'loss': 0.5847, 'learning_rate': 0.0003, 'epoch': 1.09}
{'loss': 0.582, 'learning_rate': 0.0003, 'epoch': 1.09}
{'loss': 0.5704, 'learning_rate': 0.0003, 'epoch': 1.09}
{'loss': 0.5562, 'learning_rate': 0.0003, 'epoch': 1.09}
{'loss': 0.5628, 'learning_rate': 0.0003, 'epoch': 1.09}
{'loss': 0.5388, 'learning_rate': 0.0003, 'epoch': 1.09}
{'loss': 0.5554, 'learning_rate': 0.0003, 'epoch': 1.09}
{'loss': 0.5662, 'learning_rate': 0.0003, 'epoch': 1.09}
{'loss': 0.5622, 'learning_rate': 0.0003, 'epoch': 1.09}
{'loss': 0.5723, 'learning_rate': 0.0003, 'epoch': 1.09}
{'loss': 0.5508, 'learning_rate': 0.0003, 'epoch': 1.1}
{'loss': 0.5583, 'learning_rate': 0.0003, 'epoch': 1.1}
{'loss': 0.5488, 'learning_rate': 0.0003, 'epoch': 1.1}
{'loss': 0.5614, 'learning_rate': 0.0003, 'epoch': 1.1}
{'loss': 0.5616, 'learning_rate': 0.0003, 'epoch': 1.1}
{'loss': 0.5609, 'learning_rate': 0.0003, 'epoch': 1.1}
{'loss': 0.5647, 'learning_rate': 0.0003, 'epoch': 1.1}
{'loss': 0.5483, 'learning_rate': 0.0003, 'epoch': 1.1}
{'loss': 0.551, 'learning_rate': 0.0003, 'epoch': 1.1}
{'loss': 0.5715, 'learning_rate': 0.0003, 'epoch': 1.1}
{'loss': 0.5637, 'learning_rate': 0.0003, 'epoch': 1.1}
{'loss': 0.5571, 'learning_rate': 0.0003, 'epoch': 1.1}
{'loss': 0.5717, 'learning_rate': 0.0003, 'epoch': 1.1}
{'loss': 0.5809, 'learning_rate': 0.0003, 'epoch': 1.11}
{'loss': 0.5672, 'learning_rate': 0.0003, 'epoch': 1.11}
{'loss': 0.5649, 'learning_rate': 0.0003, 'epoch': 1.11}
{'loss': 0.5491, 'learning_rate': 0.0003, 'epoch': 1.11}
{'loss': 0.5484, 'learning_rate': 0.0003, 'epoch': 1.11}
{'loss': 0.5488, 'learning_rate': 0.0003, 'epoch': 1.11}
{'loss': 0.551, 'learning_rate': 0.0003, 'epoch': 1.11}
{'train_runtime': 33317.4554, 'train_samples_per_second': 3.107, 'train_steps_per_second': 0.777, 'train_loss': 0.7192407488198804, 'epoch': 1.11}
