MoloraConfig(peft_type=<PeftType.MOLORA: 'MOLORA'>, auto_mapping=None, base_model_name_or_path=None, revision=None, task_type='CAUSAL_LM', inference_mode=False, r=16, target_modules=['q_proj', 'v_proj'], lora_alpha=32, lora_dropout=0.1, fan_in_fan_out=False, bias='none', modules_to_save=None, init_lora_weights=True, layers_to_transform=None, layers_pattern=None, rank_pattern={}, alpha_pattern={}, num_experts=5, only_router=True, train_single_expert=False, experts_to_combine=['expert_0', 'expert_1', 'expert_2', 'expert_3', 'expert_4'], top_k=0, top_p=0.0, self_attn_router=True, self_attn_hidden_dim=4, self_attn_use_value=True, random_routing=False, uniform_routing=False, dot_product_routing=False)
PeftModelForCausalLM(
  (base_model): MoloraModel(
    (model): LlamaForCausalLM(
      (model): LlamaModel(
        (embed_tokens): Embedding(32000, 4096)
        (layers): ModuleList(
          (0-31): 32 x LlamaDecoderLayer(
            (self_attn): LlamaAttention(
              (q_proj): Linear4bit(
                in_features=4096, out_features=4096, bias=False
                (lora_dropout): ModuleDict(
                  (default): Dropout(p=0.1, inplace=False)
                )
                (lora_A): ParameterDict(  (default): Parameter containing: [torch.cuda.FloatTensor of size 5x4096x16 (GPU 0)])
                (lora_B): ParameterDict(  (default): Parameter containing: [torch.cuda.FloatTensor of size 5x16x4096 (GPU 0)])
                (lora_router): ModuleDict(
                  (default): SelfAttentionRouter(
                    (query): Linear(in_features=4096, out_features=4, bias=True)
                    (key): Linear(in_features=4096, out_features=4, bias=True)
                    (value): Linear(in_features=4096, out_features=4096, bias=True)
                  )
                )
              )
              (k_proj): Linear4bit(in_features=4096, out_features=4096, bias=False)
              (v_proj): Linear4bit(
                in_features=4096, out_features=4096, bias=False
                (lora_dropout): ModuleDict(
                  (default): Dropout(p=0.1, inplace=False)
                )
                (lora_A): ParameterDict(  (default): Parameter containing: [torch.cuda.FloatTensor of size 5x4096x16 (GPU 0)])
                (lora_B): ParameterDict(  (default): Parameter containing: [torch.cuda.FloatTensor of size 5x16x4096 (GPU 0)])
                (lora_router): ModuleDict(
                  (default): SelfAttentionRouter(
                    (query): Linear(in_features=4096, out_features=4, bias=True)
                    (key): Linear(in_features=4096, out_features=4, bias=True)
                    (value): Linear(in_features=4096, out_features=4096, bias=True)
                  )
                )
              )
              (o_proj): Linear4bit(in_features=4096, out_features=4096, bias=False)
              (rotary_emb): LlamaRotaryEmbedding()
            )
            (mlp): LlamaMLP(
              (gate_proj): Linear4bit(in_features=4096, out_features=11008, bias=False)
              (up_proj): Linear4bit(in_features=4096, out_features=11008, bias=False)
              (down_proj): Linear4bit(in_features=11008, out_features=4096, bias=False)
              (act_fn): SiLUActivation()
            )
            (input_layernorm): LlamaRMSNorm()
            (post_attention_layernorm): LlamaRMSNorm()
          )
        )
        (norm): LlamaRMSNorm()
      )
      (lm_head): Linear(in_features=4096, out_features=32000, bias=False)
    )
  )
)
trainable params: 1,076,101,632 || all params: 7,856,460,288 || trainable%: 13.697028846994154
base_model.model.model.layers.0.self_attn.q_proj.lora_router.default.query.weight
base_model.model.model.layers.0.self_attn.q_proj.lora_router.default.query.bias
base_model.model.model.layers.0.self_attn.q_proj.lora_router.default.key.weight
base_model.model.model.layers.0.self_attn.q_proj.lora_router.default.key.bias
base_model.model.model.layers.0.self_attn.q_proj.lora_router.default.value.weight
base_model.model.model.layers.0.self_attn.q_proj.lora_router.default.value.bias
base_model.model.model.layers.0.self_attn.v_proj.lora_router.default.query.weight
base_model.model.model.layers.0.self_attn.v_proj.lora_router.default.query.bias
base_model.model.model.layers.0.self_attn.v_proj.lora_router.default.key.weight
base_model.model.model.layers.0.self_attn.v_proj.lora_router.default.key.bias
base_model.model.model.layers.0.self_attn.v_proj.lora_router.default.value.weight
base_model.model.model.layers.0.self_attn.v_proj.lora_router.default.value.bias
base_model.model.model.layers.1.self_attn.q_proj.lora_router.default.query.weight
base_model.model.model.layers.1.self_attn.q_proj.lora_router.default.query.bias
base_model.model.model.layers.1.self_attn.q_proj.lora_router.default.key.weight
base_model.model.model.layers.1.self_attn.q_proj.lora_router.default.key.bias
base_model.model.model.layers.1.self_attn.q_proj.lora_router.default.value.weight
base_model.model.model.layers.1.self_attn.q_proj.lora_router.default.value.bias
base_model.model.model.layers.1.self_attn.v_proj.lora_router.default.query.weight
base_model.model.model.layers.1.self_attn.v_proj.lora_router.default.query.bias
base_model.model.model.layers.1.self_attn.v_proj.lora_router.default.key.weight
base_model.model.model.layers.1.self_attn.v_proj.lora_router.default.key.bias
base_model.model.model.layers.1.self_attn.v_proj.lora_router.default.value.weight
base_model.model.model.layers.1.self_attn.v_proj.lora_router.default.value.bias
base_model.model.model.layers.2.self_attn.q_proj.lora_router.default.query.weight
base_model.model.model.layers.2.self_attn.q_proj.lora_router.default.query.bias
base_model.model.model.layers.2.self_attn.q_proj.lora_router.default.key.weight
base_model.model.model.layers.2.self_attn.q_proj.lora_router.default.key.bias
base_model.model.model.layers.2.self_attn.q_proj.lora_router.default.value.weight
base_model.model.model.layers.2.self_attn.q_proj.lora_router.default.value.bias
base_model.model.model.layers.2.self_attn.v_proj.lora_router.default.query.weight
base_model.model.model.layers.2.self_attn.v_proj.lora_router.default.query.bias
base_model.model.model.layers.2.self_attn.v_proj.lora_router.default.key.weight
base_model.model.model.layers.2.self_attn.v_proj.lora_router.default.key.bias
base_model.model.model.layers.2.self_attn.v_proj.lora_router.default.value.weight
base_model.model.model.layers.2.self_attn.v_proj.lora_router.default.value.bias
base_model.model.model.layers.3.self_attn.q_proj.lora_router.default.query.weight
base_model.model.model.layers.3.self_attn.q_proj.lora_router.default.query.bias
base_model.model.model.layers.3.self_attn.q_proj.lora_router.default.key.weight
base_model.model.model.layers.3.self_attn.q_proj.lora_router.default.key.bias
base_model.model.model.layers.3.self_attn.q_proj.lora_router.default.value.weight
base_model.model.model.layers.3.self_attn.q_proj.lora_router.default.value.bias
base_model.model.model.layers.3.self_attn.v_proj.lora_router.default.query.weight
base_model.model.model.layers.3.self_attn.v_proj.lora_router.default.query.bias
base_model.model.model.layers.3.self_attn.v_proj.lora_router.default.key.weight
base_model.model.model.layers.3.self_attn.v_proj.lora_router.default.key.bias
base_model.model.model.layers.3.self_attn.v_proj.lora_router.default.value.weight
base_model.model.model.layers.3.self_attn.v_proj.lora_router.default.value.bias
base_model.model.model.layers.4.self_attn.q_proj.lora_router.default.query.weight
base_model.model.model.layers.4.self_attn.q_proj.lora_router.default.query.bias
base_model.model.model.layers.4.self_attn.q_proj.lora_router.default.key.weight
base_model.model.model.layers.4.self_attn.q_proj.lora_router.default.key.bias
base_model.model.model.layers.4.self_attn.q_proj.lora_router.default.value.weight
base_model.model.model.layers.4.self_attn.q_proj.lora_router.default.value.bias
base_model.model.model.layers.4.self_attn.v_proj.lora_router.default.query.weight
base_model.model.model.layers.4.self_attn.v_proj.lora_router.default.query.bias
base_model.model.model.layers.4.self_attn.v_proj.lora_router.default.key.weight
base_model.model.model.layers.4.self_attn.v_proj.lora_router.default.key.bias
base_model.model.model.layers.4.self_attn.v_proj.lora_router.default.value.weight
base_model.model.model.layers.4.self_attn.v_proj.lora_router.default.value.bias
base_model.model.model.layers.5.self_attn.q_proj.lora_router.default.query.weight
base_model.model.model.layers.5.self_attn.q_proj.lora_router.default.query.bias
base_model.model.model.layers.5.self_attn.q_proj.lora_router.default.key.weight
base_model.model.model.layers.5.self_attn.q_proj.lora_router.default.key.bias
base_model.model.model.layers.5.self_attn.q_proj.lora_router.default.value.weight
base_model.model.model.layers.5.self_attn.q_proj.lora_router.default.value.bias
base_model.model.model.layers.5.self_attn.v_proj.lora_router.default.query.weight
base_model.model.model.layers.5.self_attn.v_proj.lora_router.default.query.bias
base_model.model.model.layers.5.self_attn.v_proj.lora_router.default.key.weight
base_model.model.model.layers.5.self_attn.v_proj.lora_router.default.key.bias
base_model.model.model.layers.5.self_attn.v_proj.lora_router.default.value.weight
base_model.model.model.layers.5.self_attn.v_proj.lora_router.default.value.bias
base_model.model.model.layers.6.self_attn.q_proj.lora_router.default.query.weight
base_model.model.model.layers.6.self_attn.q_proj.lora_router.default.query.bias
base_model.model.model.layers.6.self_attn.q_proj.lora_router.default.key.weight
base_model.model.model.layers.6.self_attn.q_proj.lora_router.default.key.bias
base_model.model.model.layers.6.self_attn.q_proj.lora_router.default.value.weight
base_model.model.model.layers.6.self_attn.q_proj.lora_router.default.value.bias
base_model.model.model.layers.6.self_attn.v_proj.lora_router.default.query.weight
base_model.model.model.layers.6.self_attn.v_proj.lora_router.default.query.bias
base_model.model.model.layers.6.self_attn.v_proj.lora_router.default.key.weight
base_model.model.model.layers.6.self_attn.v_proj.lora_router.default.key.bias
base_model.model.model.layers.6.self_attn.v_proj.lora_router.default.value.weight
base_model.model.model.layers.6.self_attn.v_proj.lora_router.default.value.bias
base_model.model.model.layers.7.self_attn.q_proj.lora_router.default.query.weight
base_model.model.model.layers.7.self_attn.q_proj.lora_router.default.query.bias
base_model.model.model.layers.7.self_attn.q_proj.lora_router.default.key.weight
base_model.model.model.layers.7.self_attn.q_proj.lora_router.default.key.bias
base_model.model.model.layers.7.self_attn.q_proj.lora_router.default.value.weight
base_model.model.model.layers.7.self_attn.q_proj.lora_router.default.value.bias
base_model.model.model.layers.7.self_attn.v_proj.lora_router.default.query.weight
base_model.model.model.layers.7.self_attn.v_proj.lora_router.default.query.bias
base_model.model.model.layers.7.self_attn.v_proj.lora_router.default.key.weight
base_model.model.model.layers.7.self_attn.v_proj.lora_router.default.key.bias
base_model.model.model.layers.7.self_attn.v_proj.lora_router.default.value.weight
base_model.model.model.layers.7.self_attn.v_proj.lora_router.default.value.bias
base_model.model.model.layers.8.self_attn.q_proj.lora_router.default.query.weight
base_model.model.model.layers.8.self_attn.q_proj.lora_router.default.query.bias
base_model.model.model.layers.8.self_attn.q_proj.lora_router.default.key.weight
base_model.model.model.layers.8.self_attn.q_proj.lora_router.default.key.bias
base_model.model.model.layers.8.self_attn.q_proj.lora_router.default.value.weight
base_model.model.model.layers.8.self_attn.q_proj.lora_router.default.value.bias
base_model.model.model.layers.8.self_attn.v_proj.lora_router.default.query.weight
base_model.model.model.layers.8.self_attn.v_proj.lora_router.default.query.bias
base_model.model.model.layers.8.self_attn.v_proj.lora_router.default.key.weight
base_model.model.model.layers.8.self_attn.v_proj.lora_router.default.key.bias
base_model.model.model.layers.8.self_attn.v_proj.lora_router.default.value.weight
base_model.model.model.layers.8.self_attn.v_proj.lora_router.default.value.bias
base_model.model.model.layers.9.self_attn.q_proj.lora_router.default.query.weight
base_model.model.model.layers.9.self_attn.q_proj.lora_router.default.query.bias
base_model.model.model.layers.9.self_attn.q_proj.lora_router.default.key.weight
base_model.model.model.layers.9.self_attn.q_proj.lora_router.default.key.bias
base_model.model.model.layers.9.self_attn.q_proj.lora_router.default.value.weight
base_model.model.model.layers.9.self_attn.q_proj.lora_router.default.value.bias
base_model.model.model.layers.9.self_attn.v_proj.lora_router.default.query.weight
base_model.model.model.layers.9.self_attn.v_proj.lora_router.default.query.bias
base_model.model.model.layers.9.self_attn.v_proj.lora_router.default.key.weight
base_model.model.model.layers.9.self_attn.v_proj.lora_router.default.key.bias
base_model.model.model.layers.9.self_attn.v_proj.lora_router.default.value.weight
base_model.model.model.layers.9.self_attn.v_proj.lora_router.default.value.bias
base_model.model.model.layers.10.self_attn.q_proj.lora_router.default.query.weight
base_model.model.model.layers.10.self_attn.q_proj.lora_router.default.query.bias
base_model.model.model.layers.10.self_attn.q_proj.lora_router.default.key.weight
base_model.model.model.layers.10.self_attn.q_proj.lora_router.default.key.bias
base_model.model.model.layers.10.self_attn.q_proj.lora_router.default.value.weight
base_model.model.model.layers.10.self_attn.q_proj.lora_router.default.value.bias
base_model.model.model.layers.10.self_attn.v_proj.lora_router.default.query.weight
base_model.model.model.layers.10.self_attn.v_proj.lora_router.default.query.bias
base_model.model.model.layers.10.self_attn.v_proj.lora_router.default.key.weight
base_model.model.model.layers.10.self_attn.v_proj.lora_router.default.key.bias
base_model.model.model.layers.10.self_attn.v_proj.lora_router.default.value.weight
base_model.model.model.layers.10.self_attn.v_proj.lora_router.default.value.bias
base_model.model.model.layers.11.self_attn.q_proj.lora_router.default.query.weight
base_model.model.model.layers.11.self_attn.q_proj.lora_router.default.query.bias
base_model.model.model.layers.11.self_attn.q_proj.lora_router.default.key.weight
base_model.model.model.layers.11.self_attn.q_proj.lora_router.default.key.bias
base_model.model.model.layers.11.self_attn.q_proj.lora_router.default.value.weight
base_model.model.model.layers.11.self_attn.q_proj.lora_router.default.value.bias
base_model.model.model.layers.11.self_attn.v_proj.lora_router.default.query.weight
base_model.model.model.layers.11.self_attn.v_proj.lora_router.default.query.bias
base_model.model.model.layers.11.self_attn.v_proj.lora_router.default.key.weight
base_model.model.model.layers.11.self_attn.v_proj.lora_router.default.key.bias
base_model.model.model.layers.11.self_attn.v_proj.lora_router.default.value.weight
base_model.model.model.layers.11.self_attn.v_proj.lora_router.default.value.bias
base_model.model.model.layers.12.self_attn.q_proj.lora_router.default.query.weight
base_model.model.model.layers.12.self_attn.q_proj.lora_router.default.query.bias
base_model.model.model.layers.12.self_attn.q_proj.lora_router.default.key.weight
base_model.model.model.layers.12.self_attn.q_proj.lora_router.default.key.bias
base_model.model.model.layers.12.self_attn.q_proj.lora_router.default.value.weight
base_model.model.model.layers.12.self_attn.q_proj.lora_router.default.value.bias
base_model.model.model.layers.12.self_attn.v_proj.lora_router.default.query.weight
base_model.model.model.layers.12.self_attn.v_proj.lora_router.default.query.bias
base_model.model.model.layers.12.self_attn.v_proj.lora_router.default.key.weight
base_model.model.model.layers.12.self_attn.v_proj.lora_router.default.key.bias
base_model.model.model.layers.12.self_attn.v_proj.lora_router.default.value.weight
base_model.model.model.layers.12.self_attn.v_proj.lora_router.default.value.bias
base_model.model.model.layers.13.self_attn.q_proj.lora_router.default.query.weight
base_model.model.model.layers.13.self_attn.q_proj.lora_router.default.query.bias
base_model.model.model.layers.13.self_attn.q_proj.lora_router.default.key.weight
base_model.model.model.layers.13.self_attn.q_proj.lora_router.default.key.bias
base_model.model.model.layers.13.self_attn.q_proj.lora_router.default.value.weight
base_model.model.model.layers.13.self_attn.q_proj.lora_router.default.value.bias
base_model.model.model.layers.13.self_attn.v_proj.lora_router.default.query.weight
base_model.model.model.layers.13.self_attn.v_proj.lora_router.default.query.bias
base_model.model.model.layers.13.self_attn.v_proj.lora_router.default.key.weight
base_model.model.model.layers.13.self_attn.v_proj.lora_router.default.key.bias
base_model.model.model.layers.13.self_attn.v_proj.lora_router.default.value.weight
base_model.model.model.layers.13.self_attn.v_proj.lora_router.default.value.bias
base_model.model.model.layers.14.self_attn.q_proj.lora_router.default.query.weight
base_model.model.model.layers.14.self_attn.q_proj.lora_router.default.query.bias
base_model.model.model.layers.14.self_attn.q_proj.lora_router.default.key.weight
base_model.model.model.layers.14.self_attn.q_proj.lora_router.default.key.bias
base_model.model.model.layers.14.self_attn.q_proj.lora_router.default.value.weight
base_model.model.model.layers.14.self_attn.q_proj.lora_router.default.value.bias
base_model.model.model.layers.14.self_attn.v_proj.lora_router.default.query.weight
base_model.model.model.layers.14.self_attn.v_proj.lora_router.default.query.bias
base_model.model.model.layers.14.self_attn.v_proj.lora_router.default.key.weight
base_model.model.model.layers.14.self_attn.v_proj.lora_router.default.key.bias
base_model.model.model.layers.14.self_attn.v_proj.lora_router.default.value.weight
base_model.model.model.layers.14.self_attn.v_proj.lora_router.default.value.bias
base_model.model.model.layers.15.self_attn.q_proj.lora_router.default.query.weight
base_model.model.model.layers.15.self_attn.q_proj.lora_router.default.query.bias
base_model.model.model.layers.15.self_attn.q_proj.lora_router.default.key.weight
base_model.model.model.layers.15.self_attn.q_proj.lora_router.default.key.bias
base_model.model.model.layers.15.self_attn.q_proj.lora_router.default.value.weight
base_model.model.model.layers.15.self_attn.q_proj.lora_router.default.value.bias
base_model.model.model.layers.15.self_attn.v_proj.lora_router.default.query.weight
base_model.model.model.layers.15.self_attn.v_proj.lora_router.default.query.bias
base_model.model.model.layers.15.self_attn.v_proj.lora_router.default.key.weight
base_model.model.model.layers.15.self_attn.v_proj.lora_router.default.key.bias
base_model.model.model.layers.15.self_attn.v_proj.lora_router.default.value.weight
base_model.model.model.layers.15.self_attn.v_proj.lora_router.default.value.bias
base_model.model.model.layers.16.self_attn.q_proj.lora_router.default.query.weight
base_model.model.model.layers.16.self_attn.q_proj.lora_router.default.query.bias
base_model.model.model.layers.16.self_attn.q_proj.lora_router.default.key.weight
base_model.model.model.layers.16.self_attn.q_proj.lora_router.default.key.bias
base_model.model.model.layers.16.self_attn.q_proj.lora_router.default.value.weight
base_model.model.model.layers.16.self_attn.q_proj.lora_router.default.value.bias
base_model.model.model.layers.16.self_attn.v_proj.lora_router.default.query.weight
base_model.model.model.layers.16.self_attn.v_proj.lora_router.default.query.bias
base_model.model.model.layers.16.self_attn.v_proj.lora_router.default.key.weight
base_model.model.model.layers.16.self_attn.v_proj.lora_router.default.key.bias
base_model.model.model.layers.16.self_attn.v_proj.lora_router.default.value.weight
base_model.model.model.layers.16.self_attn.v_proj.lora_router.default.value.bias
base_model.model.model.layers.17.self_attn.q_proj.lora_router.default.query.weight
base_model.model.model.layers.17.self_attn.q_proj.lora_router.default.query.bias
base_model.model.model.layers.17.self_attn.q_proj.lora_router.default.key.weight
base_model.model.model.layers.17.self_attn.q_proj.lora_router.default.key.bias
base_model.model.model.layers.17.self_attn.q_proj.lora_router.default.value.weight
base_model.model.model.layers.17.self_attn.q_proj.lora_router.default.value.bias
base_model.model.model.layers.17.self_attn.v_proj.lora_router.default.query.weight
base_model.model.model.layers.17.self_attn.v_proj.lora_router.default.query.bias
base_model.model.model.layers.17.self_attn.v_proj.lora_router.default.key.weight
base_model.model.model.layers.17.self_attn.v_proj.lora_router.default.key.bias
base_model.model.model.layers.17.self_attn.v_proj.lora_router.default.value.weight
base_model.model.model.layers.17.self_attn.v_proj.lora_router.default.value.bias
base_model.model.model.layers.18.self_attn.q_proj.lora_router.default.query.weight
base_model.model.model.layers.18.self_attn.q_proj.lora_router.default.query.bias
base_model.model.model.layers.18.self_attn.q_proj.lora_router.default.key.weight
base_model.model.model.layers.18.self_attn.q_proj.lora_router.default.key.bias
base_model.model.model.layers.18.self_attn.q_proj.lora_router.default.value.weight
base_model.model.model.layers.18.self_attn.q_proj.lora_router.default.value.bias
base_model.model.model.layers.18.self_attn.v_proj.lora_router.default.query.weight
base_model.model.model.layers.18.self_attn.v_proj.lora_router.default.query.bias
base_model.model.model.layers.18.self_attn.v_proj.lora_router.default.key.weight
base_model.model.model.layers.18.self_attn.v_proj.lora_router.default.key.bias
base_model.model.model.layers.18.self_attn.v_proj.lora_router.default.value.weight
base_model.model.model.layers.18.self_attn.v_proj.lora_router.default.value.bias
base_model.model.model.layers.19.self_attn.q_proj.lora_router.default.query.weight
base_model.model.model.layers.19.self_attn.q_proj.lora_router.default.query.bias
base_model.model.model.layers.19.self_attn.q_proj.lora_router.default.key.weight
base_model.model.model.layers.19.self_attn.q_proj.lora_router.default.key.bias
base_model.model.model.layers.19.self_attn.q_proj.lora_router.default.value.weight
base_model.model.model.layers.19.self_attn.q_proj.lora_router.default.value.bias
base_model.model.model.layers.19.self_attn.v_proj.lora_router.default.query.weight
base_model.model.model.layers.19.self_attn.v_proj.lora_router.default.query.bias
base_model.model.model.layers.19.self_attn.v_proj.lora_router.default.key.weight
base_model.model.model.layers.19.self_attn.v_proj.lora_router.default.key.bias
base_model.model.model.layers.19.self_attn.v_proj.lora_router.default.value.weight
base_model.model.model.layers.19.self_attn.v_proj.lora_router.default.value.bias
base_model.model.model.layers.20.self_attn.q_proj.lora_router.default.query.weight
base_model.model.model.layers.20.self_attn.q_proj.lora_router.default.query.bias
base_model.model.model.layers.20.self_attn.q_proj.lora_router.default.key.weight
base_model.model.model.layers.20.self_attn.q_proj.lora_router.default.key.bias
base_model.model.model.layers.20.self_attn.q_proj.lora_router.default.value.weight
base_model.model.model.layers.20.self_attn.q_proj.lora_router.default.value.bias
base_model.model.model.layers.20.self_attn.v_proj.lora_router.default.query.weight
base_model.model.model.layers.20.self_attn.v_proj.lora_router.default.query.bias
base_model.model.model.layers.20.self_attn.v_proj.lora_router.default.key.weight
base_model.model.model.layers.20.self_attn.v_proj.lora_router.default.key.bias
base_model.model.model.layers.20.self_attn.v_proj.lora_router.default.value.weight
base_model.model.model.layers.20.self_attn.v_proj.lora_router.default.value.bias
base_model.model.model.layers.21.self_attn.q_proj.lora_router.default.query.weight
base_model.model.model.layers.21.self_attn.q_proj.lora_router.default.query.bias
base_model.model.model.layers.21.self_attn.q_proj.lora_router.default.key.weight
base_model.model.model.layers.21.self_attn.q_proj.lora_router.default.key.bias
base_model.model.model.layers.21.self_attn.q_proj.lora_router.default.value.weight
base_model.model.model.layers.21.self_attn.q_proj.lora_router.default.value.bias
base_model.model.model.layers.21.self_attn.v_proj.lora_router.default.query.weight
base_model.model.model.layers.21.self_attn.v_proj.lora_router.default.query.bias
base_model.model.model.layers.21.self_attn.v_proj.lora_router.default.key.weight
base_model.model.model.layers.21.self_attn.v_proj.lora_router.default.key.bias
base_model.model.model.layers.21.self_attn.v_proj.lora_router.default.value.weight
base_model.model.model.layers.21.self_attn.v_proj.lora_router.default.value.bias
base_model.model.model.layers.22.self_attn.q_proj.lora_router.default.query.weight
base_model.model.model.layers.22.self_attn.q_proj.lora_router.default.query.bias
base_model.model.model.layers.22.self_attn.q_proj.lora_router.default.key.weight
base_model.model.model.layers.22.self_attn.q_proj.lora_router.default.key.bias
base_model.model.model.layers.22.self_attn.q_proj.lora_router.default.value.weight
base_model.model.model.layers.22.self_attn.q_proj.lora_router.default.value.bias
base_model.model.model.layers.22.self_attn.v_proj.lora_router.default.query.weight
base_model.model.model.layers.22.self_attn.v_proj.lora_router.default.query.bias
base_model.model.model.layers.22.self_attn.v_proj.lora_router.default.key.weight
base_model.model.model.layers.22.self_attn.v_proj.lora_router.default.key.bias
base_model.model.model.layers.22.self_attn.v_proj.lora_router.default.value.weight
base_model.model.model.layers.22.self_attn.v_proj.lora_router.default.value.bias
base_model.model.model.layers.23.self_attn.q_proj.lora_router.default.query.weight
base_model.model.model.layers.23.self_attn.q_proj.lora_router.default.query.bias
base_model.model.model.layers.23.self_attn.q_proj.lora_router.default.key.weight
base_model.model.model.layers.23.self_attn.q_proj.lora_router.default.key.bias
base_model.model.model.layers.23.self_attn.q_proj.lora_router.default.value.weight
base_model.model.model.layers.23.self_attn.q_proj.lora_router.default.value.bias
base_model.model.model.layers.23.self_attn.v_proj.lora_router.default.query.weight
base_model.model.model.layers.23.self_attn.v_proj.lora_router.default.query.bias
base_model.model.model.layers.23.self_attn.v_proj.lora_router.default.key.weight
base_model.model.model.layers.23.self_attn.v_proj.lora_router.default.key.bias
base_model.model.model.layers.23.self_attn.v_proj.lora_router.default.value.weight
base_model.model.model.layers.23.self_attn.v_proj.lora_router.default.value.bias
base_model.model.model.layers.24.self_attn.q_proj.lora_router.default.query.weight
base_model.model.model.layers.24.self_attn.q_proj.lora_router.default.query.bias
base_model.model.model.layers.24.self_attn.q_proj.lora_router.default.key.weight
base_model.model.model.layers.24.self_attn.q_proj.lora_router.default.key.bias
base_model.model.model.layers.24.self_attn.q_proj.lora_router.default.value.weight
base_model.model.model.layers.24.self_attn.q_proj.lora_router.default.value.bias
base_model.model.model.layers.24.self_attn.v_proj.lora_router.default.query.weight
base_model.model.model.layers.24.self_attn.v_proj.lora_router.default.query.bias
base_model.model.model.layers.24.self_attn.v_proj.lora_router.default.key.weight
base_model.model.model.layers.24.self_attn.v_proj.lora_router.default.key.bias
base_model.model.model.layers.24.self_attn.v_proj.lora_router.default.value.weight
base_model.model.model.layers.24.self_attn.v_proj.lora_router.default.value.bias
base_model.model.model.layers.25.self_attn.q_proj.lora_router.default.query.weight
base_model.model.model.layers.25.self_attn.q_proj.lora_router.default.query.bias
base_model.model.model.layers.25.self_attn.q_proj.lora_router.default.key.weight
base_model.model.model.layers.25.self_attn.q_proj.lora_router.default.key.bias
base_model.model.model.layers.25.self_attn.q_proj.lora_router.default.value.weight
base_model.model.model.layers.25.self_attn.q_proj.lora_router.default.value.bias
base_model.model.model.layers.25.self_attn.v_proj.lora_router.default.query.weight
base_model.model.model.layers.25.self_attn.v_proj.lora_router.default.query.bias
base_model.model.model.layers.25.self_attn.v_proj.lora_router.default.key.weight
base_model.model.model.layers.25.self_attn.v_proj.lora_router.default.key.bias
base_model.model.model.layers.25.self_attn.v_proj.lora_router.default.value.weight
base_model.model.model.layers.25.self_attn.v_proj.lora_router.default.value.bias
base_model.model.model.layers.26.self_attn.q_proj.lora_router.default.query.weight
base_model.model.model.layers.26.self_attn.q_proj.lora_router.default.query.bias
base_model.model.model.layers.26.self_attn.q_proj.lora_router.default.key.weight
base_model.model.model.layers.26.self_attn.q_proj.lora_router.default.key.bias
base_model.model.model.layers.26.self_attn.q_proj.lora_router.default.value.weight
base_model.model.model.layers.26.self_attn.q_proj.lora_router.default.value.bias
base_model.model.model.layers.26.self_attn.v_proj.lora_router.default.query.weight
base_model.model.model.layers.26.self_attn.v_proj.lora_router.default.query.bias
base_model.model.model.layers.26.self_attn.v_proj.lora_router.default.key.weight
base_model.model.model.layers.26.self_attn.v_proj.lora_router.default.key.bias
base_model.model.model.layers.26.self_attn.v_proj.lora_router.default.value.weight
base_model.model.model.layers.26.self_attn.v_proj.lora_router.default.value.bias
base_model.model.model.layers.27.self_attn.q_proj.lora_router.default.query.weight
base_model.model.model.layers.27.self_attn.q_proj.lora_router.default.query.bias
base_model.model.model.layers.27.self_attn.q_proj.lora_router.default.key.weight
base_model.model.model.layers.27.self_attn.q_proj.lora_router.default.key.bias
base_model.model.model.layers.27.self_attn.q_proj.lora_router.default.value.weight
base_model.model.model.layers.27.self_attn.q_proj.lora_router.default.value.bias
base_model.model.model.layers.27.self_attn.v_proj.lora_router.default.query.weight
base_model.model.model.layers.27.self_attn.v_proj.lora_router.default.query.bias
base_model.model.model.layers.27.self_attn.v_proj.lora_router.default.key.weight
base_model.model.model.layers.27.self_attn.v_proj.lora_router.default.key.bias
base_model.model.model.layers.27.self_attn.v_proj.lora_router.default.value.weight
base_model.model.model.layers.27.self_attn.v_proj.lora_router.default.value.bias
base_model.model.model.layers.28.self_attn.q_proj.lora_router.default.query.weight
base_model.model.model.layers.28.self_attn.q_proj.lora_router.default.query.bias
base_model.model.model.layers.28.self_attn.q_proj.lora_router.default.key.weight
base_model.model.model.layers.28.self_attn.q_proj.lora_router.default.key.bias
base_model.model.model.layers.28.self_attn.q_proj.lora_router.default.value.weight
base_model.model.model.layers.28.self_attn.q_proj.lora_router.default.value.bias
base_model.model.model.layers.28.self_attn.v_proj.lora_router.default.query.weight
base_model.model.model.layers.28.self_attn.v_proj.lora_router.default.query.bias
base_model.model.model.layers.28.self_attn.v_proj.lora_router.default.key.weight
base_model.model.model.layers.28.self_attn.v_proj.lora_router.default.key.bias
base_model.model.model.layers.28.self_attn.v_proj.lora_router.default.value.weight
base_model.model.model.layers.28.self_attn.v_proj.lora_router.default.value.bias
base_model.model.model.layers.29.self_attn.q_proj.lora_router.default.query.weight
base_model.model.model.layers.29.self_attn.q_proj.lora_router.default.query.bias
base_model.model.model.layers.29.self_attn.q_proj.lora_router.default.key.weight
base_model.model.model.layers.29.self_attn.q_proj.lora_router.default.key.bias
base_model.model.model.layers.29.self_attn.q_proj.lora_router.default.value.weight
base_model.model.model.layers.29.self_attn.q_proj.lora_router.default.value.bias
base_model.model.model.layers.29.self_attn.v_proj.lora_router.default.query.weight
base_model.model.model.layers.29.self_attn.v_proj.lora_router.default.query.bias
base_model.model.model.layers.29.self_attn.v_proj.lora_router.default.key.weight
base_model.model.model.layers.29.self_attn.v_proj.lora_router.default.key.bias
base_model.model.model.layers.29.self_attn.v_proj.lora_router.default.value.weight
base_model.model.model.layers.29.self_attn.v_proj.lora_router.default.value.bias
base_model.model.model.layers.30.self_attn.q_proj.lora_router.default.query.weight
base_model.model.model.layers.30.self_attn.q_proj.lora_router.default.query.bias
base_model.model.model.layers.30.self_attn.q_proj.lora_router.default.key.weight
base_model.model.model.layers.30.self_attn.q_proj.lora_router.default.key.bias
base_model.model.model.layers.30.self_attn.q_proj.lora_router.default.value.weight
base_model.model.model.layers.30.self_attn.q_proj.lora_router.default.value.bias
base_model.model.model.layers.30.self_attn.v_proj.lora_router.default.query.weight
base_model.model.model.layers.30.self_attn.v_proj.lora_router.default.query.bias
base_model.model.model.layers.30.self_attn.v_proj.lora_router.default.key.weight
base_model.model.model.layers.30.self_attn.v_proj.lora_router.default.key.bias
base_model.model.model.layers.30.self_attn.v_proj.lora_router.default.value.weight
base_model.model.model.layers.30.self_attn.v_proj.lora_router.default.value.bias
base_model.model.model.layers.31.self_attn.q_proj.lora_router.default.query.weight
base_model.model.model.layers.31.self_attn.q_proj.lora_router.default.query.bias
base_model.model.model.layers.31.self_attn.q_proj.lora_router.default.key.weight
base_model.model.model.layers.31.self_attn.q_proj.lora_router.default.key.bias
base_model.model.model.layers.31.self_attn.q_proj.lora_router.default.value.weight
base_model.model.model.layers.31.self_attn.q_proj.lora_router.default.value.bias
base_model.model.model.layers.31.self_attn.v_proj.lora_router.default.query.weight
base_model.model.model.layers.31.self_attn.v_proj.lora_router.default.query.bias
base_model.model.model.layers.31.self_attn.v_proj.lora_router.default.key.weight
base_model.model.model.layers.31.self_attn.v_proj.lora_router.default.key.bias
base_model.model.model.layers.31.self_attn.v_proj.lora_router.default.value.weight
base_model.model.model.layers.31.self_attn.v_proj.lora_router.default.value.bias
{'loss': 1.3028, 'learning_rate': 0.0002, 'epoch': 0.0}
{'loss': 0.9399, 'learning_rate': 0.0002, 'epoch': 0.0}
{'loss': 0.9346, 'learning_rate': 0.0002, 'epoch': 0.0}
{'loss': 0.8922, 'learning_rate': 0.0002, 'epoch': 0.01}
{'loss': 0.9027, 'learning_rate': 0.0002, 'epoch': 0.01}
{'loss': 0.9062, 'learning_rate': 0.0002, 'epoch': 0.01}
{'loss': 0.9043, 'learning_rate': 0.0002, 'epoch': 0.01}
{'loss': 0.907, 'learning_rate': 0.0002, 'epoch': 0.01}
{'loss': 0.9154, 'learning_rate': 0.0002, 'epoch': 0.01}
{'loss': 0.9058, 'learning_rate': 0.0002, 'epoch': 0.02}
{'loss': 0.9123, 'learning_rate': 0.0002, 'epoch': 0.02}
{'loss': 0.8859, 'learning_rate': 0.0002, 'epoch': 0.02}
{'loss': 0.9123, 'learning_rate': 0.0002, 'epoch': 0.02}
{'loss': 0.8856, 'learning_rate': 0.0002, 'epoch': 0.02}
{'loss': 0.9228, 'learning_rate': 0.0002, 'epoch': 0.02}
{'loss': 0.9086, 'learning_rate': 0.0002, 'epoch': 0.02}
{'loss': 0.9037, 'learning_rate': 0.0002, 'epoch': 0.03}
{'loss': 0.8892, 'learning_rate': 0.0002, 'epoch': 0.03}
{'loss': 0.8905, 'learning_rate': 0.0002, 'epoch': 0.03}
{'loss': 0.9086, 'learning_rate': 0.0002, 'epoch': 0.03}
{'loss': 0.9004, 'learning_rate': 0.0002, 'epoch': 0.03}
{'loss': 0.8923, 'learning_rate': 0.0002, 'epoch': 0.03}
{'loss': 0.9074, 'learning_rate': 0.0002, 'epoch': 0.04}
{'loss': 0.884, 'learning_rate': 0.0002, 'epoch': 0.04}
{'loss': 0.8943, 'learning_rate': 0.0002, 'epoch': 0.04}
{'loss': 0.8918, 'learning_rate': 0.0002, 'epoch': 0.04}
{'loss': 0.8834, 'learning_rate': 0.0002, 'epoch': 0.04}
{'loss': 0.8846, 'learning_rate': 0.0002, 'epoch': 0.04}
{'loss': 0.9127, 'learning_rate': 0.0002, 'epoch': 0.04}
{'loss': 0.8968, 'learning_rate': 0.0002, 'epoch': 0.05}
{'loss': 0.894, 'learning_rate': 0.0002, 'epoch': 0.05}
{'loss': 0.9074, 'learning_rate': 0.0002, 'epoch': 0.05}
{'loss': 0.8991, 'learning_rate': 0.0002, 'epoch': 0.05}
{'loss': 0.9013, 'learning_rate': 0.0002, 'epoch': 0.05}
{'loss': 0.9096, 'learning_rate': 0.0002, 'epoch': 0.05}
{'loss': 0.8845, 'learning_rate': 0.0002, 'epoch': 0.06}
{'loss': 0.8925, 'learning_rate': 0.0002, 'epoch': 0.06}
{'loss': 0.9009, 'learning_rate': 0.0002, 'epoch': 0.06}
{'loss': 0.9055, 'learning_rate': 0.0002, 'epoch': 0.06}
{'loss': 0.8923, 'learning_rate': 0.0002, 'epoch': 0.06}
{'loss': 0.8986, 'learning_rate': 0.0002, 'epoch': 0.06}
{'loss': 0.8979, 'learning_rate': 0.0002, 'epoch': 0.06}
{'loss': 0.8995, 'learning_rate': 0.0002, 'epoch': 0.07}
{'loss': 0.8917, 'learning_rate': 0.0002, 'epoch': 0.07}
{'loss': 0.9135, 'learning_rate': 0.0002, 'epoch': 0.07}
{'loss': 0.8944, 'learning_rate': 0.0002, 'epoch': 0.07}
{'loss': 0.9107, 'learning_rate': 0.0002, 'epoch': 0.07}
{'loss': 0.9095, 'learning_rate': 0.0002, 'epoch': 0.07}
{'loss': 0.9195, 'learning_rate': 0.0002, 'epoch': 0.08}
{'loss': 0.9134, 'learning_rate': 0.0002, 'epoch': 0.08}
{'loss': 0.9091, 'learning_rate': 0.0002, 'epoch': 0.08}
{'loss': 0.893, 'learning_rate': 0.0002, 'epoch': 0.08}
{'loss': 0.9117, 'learning_rate': 0.0002, 'epoch': 0.08}
{'loss': 0.9095, 'learning_rate': 0.0002, 'epoch': 0.08}
{'loss': 0.9025, 'learning_rate': 0.0002, 'epoch': 0.09}
{'loss': 0.8983, 'learning_rate': 0.0002, 'epoch': 0.09}
{'loss': 0.906, 'learning_rate': 0.0002, 'epoch': 0.09}
{'loss': 0.9072, 'learning_rate': 0.0002, 'epoch': 0.09}
{'loss': 0.8842, 'learning_rate': 0.0002, 'epoch': 0.09}
{'loss': 0.8908, 'learning_rate': 0.0002, 'epoch': 0.09}
{'loss': 0.8882, 'learning_rate': 0.0002, 'epoch': 0.09}
{'loss': 0.879, 'learning_rate': 0.0002, 'epoch': 0.1}
{'loss': 0.9126, 'learning_rate': 0.0002, 'epoch': 0.1}
{'loss': 0.9056, 'learning_rate': 0.0002, 'epoch': 0.1}
{'loss': 0.9069, 'learning_rate': 0.0002, 'epoch': 0.1}
{'loss': 0.9262, 'learning_rate': 0.0002, 'epoch': 0.1}
{'loss': 0.8897, 'learning_rate': 0.0002, 'epoch': 0.1}
{'loss': 0.8937, 'learning_rate': 0.0002, 'epoch': 0.11}
{'loss': 0.9084, 'learning_rate': 0.0002, 'epoch': 0.11}
{'loss': 0.9153, 'learning_rate': 0.0002, 'epoch': 0.11}
{'loss': 0.8998, 'learning_rate': 0.0002, 'epoch': 0.11}
{'loss': 0.8714, 'learning_rate': 0.0002, 'epoch': 1.0}
{'loss': 0.8497, 'learning_rate': 0.0002, 'epoch': 1.0}
{'loss': 0.8553, 'learning_rate': 0.0002, 'epoch': 1.0}
{'loss': 0.8568, 'learning_rate': 0.0002, 'epoch': 1.01}
{'loss': 0.8747, 'learning_rate': 0.0002, 'epoch': 1.01}
{'loss': 0.8602, 'learning_rate': 0.0002, 'epoch': 1.01}
{'loss': 0.8545, 'learning_rate': 0.0002, 'epoch': 1.01}
{'loss': 0.8522, 'learning_rate': 0.0002, 'epoch': 1.01}
{'loss': 0.8747, 'learning_rate': 0.0002, 'epoch': 1.01}
{'loss': 0.8523, 'learning_rate': 0.0002, 'epoch': 1.01}
{'loss': 0.8534, 'learning_rate': 0.0002, 'epoch': 1.02}
{'loss': 0.8748, 'learning_rate': 0.0002, 'epoch': 1.02}
{'loss': 0.8425, 'learning_rate': 0.0002, 'epoch': 1.02}
{'loss': 0.8557, 'learning_rate': 0.0002, 'epoch': 1.02}
{'loss': 0.8603, 'learning_rate': 0.0002, 'epoch': 1.02}
{'loss': 0.8449, 'learning_rate': 0.0002, 'epoch': 1.02}
{'loss': 0.872, 'learning_rate': 0.0002, 'epoch': 1.03}
{'loss': 0.8665, 'learning_rate': 0.0002, 'epoch': 1.03}
{'loss': 0.8667, 'learning_rate': 0.0002, 'epoch': 1.03}
{'loss': 0.8605, 'learning_rate': 0.0002, 'epoch': 1.03}
{'loss': 0.8542, 'learning_rate': 0.0002, 'epoch': 1.03}
{'loss': 0.8491, 'learning_rate': 0.0002, 'epoch': 1.03}
{'loss': 0.8598, 'learning_rate': 0.0002, 'epoch': 1.03}
{'loss': 0.86, 'learning_rate': 0.0002, 'epoch': 1.04}
{'loss': 0.8643, 'learning_rate': 0.0002, 'epoch': 1.04}
{'loss': 0.8522, 'learning_rate': 0.0002, 'epoch': 1.04}
{'loss': 0.8413, 'learning_rate': 0.0002, 'epoch': 1.04}
{'loss': 0.8573, 'learning_rate': 0.0002, 'epoch': 1.04}
{'loss': 0.8649, 'learning_rate': 0.0002, 'epoch': 1.04}
{'loss': 0.8655, 'learning_rate': 0.0002, 'epoch': 1.05}
{'loss': 0.8553, 'learning_rate': 0.0002, 'epoch': 1.05}
{'loss': 0.8539, 'learning_rate': 0.0002, 'epoch': 1.05}
{'loss': 0.8571, 'learning_rate': 0.0002, 'epoch': 1.05}
{'loss': 0.8589, 'learning_rate': 0.0002, 'epoch': 1.05}
{'loss': 0.8593, 'learning_rate': 0.0002, 'epoch': 1.05}
{'loss': 0.8517, 'learning_rate': 0.0002, 'epoch': 1.05}
{'loss': 0.8521, 'learning_rate': 0.0002, 'epoch': 1.06}
{'loss': 0.8618, 'learning_rate': 0.0002, 'epoch': 1.06}
{'loss': 0.8703, 'learning_rate': 0.0002, 'epoch': 1.06}
{'loss': 0.8622, 'learning_rate': 0.0002, 'epoch': 1.06}
{'loss': 0.8668, 'learning_rate': 0.0002, 'epoch': 1.06}
{'loss': 0.8604, 'learning_rate': 0.0002, 'epoch': 1.06}
{'loss': 0.8798, 'learning_rate': 0.0002, 'epoch': 1.07}
{'loss': 0.8662, 'learning_rate': 0.0002, 'epoch': 1.07}
{'loss': 0.8683, 'learning_rate': 0.0002, 'epoch': 1.07}
{'loss': 0.8713, 'learning_rate': 0.0002, 'epoch': 1.07}
{'loss': 0.8641, 'learning_rate': 0.0002, 'epoch': 1.07}
{'loss': 0.874, 'learning_rate': 0.0002, 'epoch': 1.07}
{'loss': 0.8645, 'learning_rate': 0.0002, 'epoch': 1.07}
{'loss': 0.8846, 'learning_rate': 0.0002, 'epoch': 1.08}
{'loss': 0.8601, 'learning_rate': 0.0002, 'epoch': 1.08}
{'loss': 0.8703, 'learning_rate': 0.0002, 'epoch': 1.08}
{'loss': 0.867, 'learning_rate': 0.0002, 'epoch': 1.08}
{'loss': 0.8659, 'learning_rate': 0.0002, 'epoch': 1.08}
{'loss': 0.8679, 'learning_rate': 0.0002, 'epoch': 1.08}
{'loss': 0.8757, 'learning_rate': 0.0002, 'epoch': 1.09}
{'loss': 0.8733, 'learning_rate': 0.0002, 'epoch': 1.09}
{'loss': 0.8688, 'learning_rate': 0.0002, 'epoch': 1.09}
{'loss': 0.8568, 'learning_rate': 0.0002, 'epoch': 1.09}
{'loss': 0.8556, 'learning_rate': 0.0002, 'epoch': 1.09}
{'loss': 0.8734, 'learning_rate': 0.0002, 'epoch': 1.09}
{'loss': 0.8756, 'learning_rate': 0.0002, 'epoch': 1.09}
{'loss': 0.8634, 'learning_rate': 0.0002, 'epoch': 1.1}
{'loss': 0.8619, 'learning_rate': 0.0002, 'epoch': 1.1}
{'loss': 0.8615, 'learning_rate': 0.0002, 'epoch': 1.1}
{'loss': 0.8686, 'learning_rate': 0.0002, 'epoch': 1.1}
{'loss': 0.8563, 'learning_rate': 0.0002, 'epoch': 1.1}
{'loss': 0.8617, 'learning_rate': 0.0002, 'epoch': 1.1}
{'loss': 0.8812, 'learning_rate': 0.0002, 'epoch': 1.11}
{'loss': 0.8772, 'learning_rate': 0.0002, 'epoch': 1.11}
{'loss': 0.8601, 'learning_rate': 0.0002, 'epoch': 1.11}
{'loss': 0.865, 'learning_rate': 0.0002, 'epoch': 1.11}
{'loss': 0.8503, 'learning_rate': 0.0002, 'epoch': 2.0}
{'loss': 0.8362, 'learning_rate': 0.0002, 'epoch': 2.0}
{'loss': 0.8442, 'learning_rate': 0.0002, 'epoch': 2.0}
{'loss': 0.8413, 'learning_rate': 0.0002, 'epoch': 2.01}
{'loss': 0.8324, 'learning_rate': 0.0002, 'epoch': 2.01}
{'loss': 0.8335, 'learning_rate': 0.0002, 'epoch': 2.01}
{'loss': 0.8585, 'learning_rate': 0.0002, 'epoch': 2.01}
{'loss': 0.8259, 'learning_rate': 0.0002, 'epoch': 2.01}
{'loss': 0.8401, 'learning_rate': 0.0002, 'epoch': 2.01}
{'loss': 0.8243, 'learning_rate': 0.0002, 'epoch': 2.01}
{'loss': 0.8385, 'learning_rate': 0.0002, 'epoch': 2.02}
{'loss': 0.8304, 'learning_rate': 0.0002, 'epoch': 2.02}
{'loss': 0.844, 'learning_rate': 0.0002, 'epoch': 2.02}
{'loss': 0.834, 'learning_rate': 0.0002, 'epoch': 2.02}
{'loss': 0.839, 'learning_rate': 0.0002, 'epoch': 2.02}
{'loss': 0.8337, 'learning_rate': 0.0002, 'epoch': 2.02}
{'loss': 0.8552, 'learning_rate': 0.0002, 'epoch': 2.03}
{'loss': 0.8229, 'learning_rate': 0.0002, 'epoch': 2.03}
{'loss': 0.8411, 'learning_rate': 0.0002, 'epoch': 2.03}
{'loss': 0.8375, 'learning_rate': 0.0002, 'epoch': 2.03}
{'loss': 0.8125, 'learning_rate': 0.0002, 'epoch': 2.03}
{'loss': 0.8391, 'learning_rate': 0.0002, 'epoch': 2.03}
{'loss': 0.841, 'learning_rate': 0.0002, 'epoch': 2.04}
{'loss': 0.8325, 'learning_rate': 0.0002, 'epoch': 2.04}
{'loss': 0.8286, 'learning_rate': 0.0002, 'epoch': 2.04}
{'loss': 0.8273, 'learning_rate': 0.0002, 'epoch': 2.04}
{'loss': 0.8314, 'learning_rate': 0.0002, 'epoch': 2.04}
{'loss': 0.8246, 'learning_rate': 0.0002, 'epoch': 2.04}
{'loss': 0.82, 'learning_rate': 0.0002, 'epoch': 2.04}
{'loss': 0.8573, 'learning_rate': 0.0002, 'epoch': 2.05}
{'loss': 0.8276, 'learning_rate': 0.0002, 'epoch': 2.05}
{'loss': 0.837, 'learning_rate': 0.0002, 'epoch': 2.05}
{'loss': 0.8421, 'learning_rate': 0.0002, 'epoch': 2.05}
{'loss': 0.8367, 'learning_rate': 0.0002, 'epoch': 2.05}
{'loss': 0.8506, 'learning_rate': 0.0002, 'epoch': 2.05}
{'loss': 0.8381, 'learning_rate': 0.0002, 'epoch': 2.06}
{'loss': 0.8296, 'learning_rate': 0.0002, 'epoch': 2.06}
{'loss': 0.8327, 'learning_rate': 0.0002, 'epoch': 2.06}
{'loss': 0.8358, 'learning_rate': 0.0002, 'epoch': 2.06}
{'loss': 0.854, 'learning_rate': 0.0002, 'epoch': 2.06}
{'loss': 0.8267, 'learning_rate': 0.0002, 'epoch': 2.06}
{'loss': 0.8409, 'learning_rate': 0.0002, 'epoch': 2.06}
{'loss': 0.8318, 'learning_rate': 0.0002, 'epoch': 2.07}
{'loss': 0.8256, 'learning_rate': 0.0002, 'epoch': 2.07}
{'loss': 0.8446, 'learning_rate': 0.0002, 'epoch': 2.07}
{'loss': 0.8493, 'learning_rate': 0.0002, 'epoch': 2.07}
{'loss': 0.8583, 'learning_rate': 0.0002, 'epoch': 2.07}
{'loss': 0.8489, 'learning_rate': 0.0002, 'epoch': 2.07}
{'loss': 0.8375, 'learning_rate': 0.0002, 'epoch': 2.08}
{'loss': 0.8539, 'learning_rate': 0.0002, 'epoch': 2.08}
{'loss': 0.8455, 'learning_rate': 0.0002, 'epoch': 2.08}
{'loss': 0.8415, 'learning_rate': 0.0002, 'epoch': 2.08}
{'loss': 0.8547, 'learning_rate': 0.0002, 'epoch': 2.08}
{'loss': 0.8249, 'learning_rate': 0.0002, 'epoch': 2.08}
{'loss': 0.8482, 'learning_rate': 0.0002, 'epoch': 2.08}
{'loss': 0.8457, 'learning_rate': 0.0002, 'epoch': 2.09}
{'loss': 0.8449, 'learning_rate': 0.0002, 'epoch': 2.09}
{'loss': 0.8607, 'learning_rate': 0.0002, 'epoch': 2.09}
{'loss': 0.8363, 'learning_rate': 0.0002, 'epoch': 2.09}
{'loss': 0.8198, 'learning_rate': 0.0002, 'epoch': 2.09}
{'loss': 0.8442, 'learning_rate': 0.0002, 'epoch': 2.09}
{'loss': 0.8448, 'learning_rate': 0.0002, 'epoch': 2.1}
{'loss': 0.8349, 'learning_rate': 0.0002, 'epoch': 2.1}
{'loss': 0.8583, 'learning_rate': 0.0002, 'epoch': 2.1}
{'loss': 0.8376, 'learning_rate': 0.0002, 'epoch': 2.1}
{'loss': 0.8446, 'learning_rate': 0.0002, 'epoch': 2.1}
{'loss': 0.8315, 'learning_rate': 0.0002, 'epoch': 2.1}
{'loss': 0.8337, 'learning_rate': 0.0002, 'epoch': 2.1}
{'loss': 0.8486, 'learning_rate': 0.0002, 'epoch': 2.11}
{'loss': 0.8415, 'learning_rate': 0.0002, 'epoch': 2.11}
{'loss': 0.8338, 'learning_rate': 0.0002, 'epoch': 2.11}
{'train_runtime': 35222.1169, 'train_samples_per_second': 4.409, 'train_steps_per_second': 0.551, 'train_loss': 0.8698746173977574, 'epoch': 2.11}
