trainable params: 1,096,024,320 || all params: 7,834,439,936 || trainable%: 13.989823509446586
base_model.model.model.layers.0.self_attn.q_proj.lora_A.default
base_model.model.model.layers.0.self_attn.q_proj.lora_B.default
base_model.model.model.layers.0.self_attn.q_proj.lora_router.default.query.weight
base_model.model.model.layers.0.self_attn.q_proj.lora_router.default.query.bias
base_model.model.model.layers.0.self_attn.q_proj.lora_router.default.key.weight
base_model.model.model.layers.0.self_attn.q_proj.lora_router.default.key.bias
base_model.model.model.layers.0.self_attn.q_proj.lora_router.default.value.weight
base_model.model.model.layers.0.self_attn.q_proj.lora_router.default.value.bias
base_model.model.model.layers.0.self_attn.v_proj.lora_A.default
base_model.model.model.layers.0.self_attn.v_proj.lora_B.default
base_model.model.model.layers.0.self_attn.v_proj.lora_router.default.query.weight
base_model.model.model.layers.0.self_attn.v_proj.lora_router.default.query.bias
base_model.model.model.layers.0.self_attn.v_proj.lora_router.default.key.weight
base_model.model.model.layers.0.self_attn.v_proj.lora_router.default.key.bias
base_model.model.model.layers.0.self_attn.v_proj.lora_router.default.value.weight
base_model.model.model.layers.0.self_attn.v_proj.lora_router.default.value.bias
base_model.model.model.layers.1.self_attn.q_proj.lora_A.default
base_model.model.model.layers.1.self_attn.q_proj.lora_B.default
base_model.model.model.layers.1.self_attn.q_proj.lora_router.default.query.weight
base_model.model.model.layers.1.self_attn.q_proj.lora_router.default.query.bias
base_model.model.model.layers.1.self_attn.q_proj.lora_router.default.key.weight
base_model.model.model.layers.1.self_attn.q_proj.lora_router.default.key.bias
base_model.model.model.layers.1.self_attn.q_proj.lora_router.default.value.weight
base_model.model.model.layers.1.self_attn.q_proj.lora_router.default.value.bias
base_model.model.model.layers.1.self_attn.v_proj.lora_A.default
base_model.model.model.layers.1.self_attn.v_proj.lora_B.default
base_model.model.model.layers.1.self_attn.v_proj.lora_router.default.query.weight
base_model.model.model.layers.1.self_attn.v_proj.lora_router.default.query.bias
base_model.model.model.layers.1.self_attn.v_proj.lora_router.default.key.weight
base_model.model.model.layers.1.self_attn.v_proj.lora_router.default.key.bias
base_model.model.model.layers.1.self_attn.v_proj.lora_router.default.value.weight
base_model.model.model.layers.1.self_attn.v_proj.lora_router.default.value.bias
base_model.model.model.layers.2.self_attn.q_proj.lora_A.default
base_model.model.model.layers.2.self_attn.q_proj.lora_B.default
base_model.model.model.layers.2.self_attn.q_proj.lora_router.default.query.weight
base_model.model.model.layers.2.self_attn.q_proj.lora_router.default.query.bias
base_model.model.model.layers.2.self_attn.q_proj.lora_router.default.key.weight
base_model.model.model.layers.2.self_attn.q_proj.lora_router.default.key.bias
base_model.model.model.layers.2.self_attn.q_proj.lora_router.default.value.weight
base_model.model.model.layers.2.self_attn.q_proj.lora_router.default.value.bias
base_model.model.model.layers.2.self_attn.v_proj.lora_A.default
base_model.model.model.layers.2.self_attn.v_proj.lora_B.default
base_model.model.model.layers.2.self_attn.v_proj.lora_router.default.query.weight
base_model.model.model.layers.2.self_attn.v_proj.lora_router.default.query.bias
base_model.model.model.layers.2.self_attn.v_proj.lora_router.default.key.weight
base_model.model.model.layers.2.self_attn.v_proj.lora_router.default.key.bias
base_model.model.model.layers.2.self_attn.v_proj.lora_router.default.value.weight
base_model.model.model.layers.2.self_attn.v_proj.lora_router.default.value.bias
base_model.model.model.layers.3.self_attn.q_proj.lora_A.default
base_model.model.model.layers.3.self_attn.q_proj.lora_B.default
base_model.model.model.layers.3.self_attn.q_proj.lora_router.default.query.weight
base_model.model.model.layers.3.self_attn.q_proj.lora_router.default.query.bias
base_model.model.model.layers.3.self_attn.q_proj.lora_router.default.key.weight
base_model.model.model.layers.3.self_attn.q_proj.lora_router.default.key.bias
base_model.model.model.layers.3.self_attn.q_proj.lora_router.default.value.weight
base_model.model.model.layers.3.self_attn.q_proj.lora_router.default.value.bias
base_model.model.model.layers.3.self_attn.v_proj.lora_A.default
base_model.model.model.layers.3.self_attn.v_proj.lora_B.default
base_model.model.model.layers.3.self_attn.v_proj.lora_router.default.query.weight
base_model.model.model.layers.3.self_attn.v_proj.lora_router.default.query.bias
base_model.model.model.layers.3.self_attn.v_proj.lora_router.default.key.weight
base_model.model.model.layers.3.self_attn.v_proj.lora_router.default.key.bias
base_model.model.model.layers.3.self_attn.v_proj.lora_router.default.value.weight
base_model.model.model.layers.3.self_attn.v_proj.lora_router.default.value.bias
base_model.model.model.layers.4.self_attn.q_proj.lora_A.default
base_model.model.model.layers.4.self_attn.q_proj.lora_B.default
base_model.model.model.layers.4.self_attn.q_proj.lora_router.default.query.weight
base_model.model.model.layers.4.self_attn.q_proj.lora_router.default.query.bias
base_model.model.model.layers.4.self_attn.q_proj.lora_router.default.key.weight
base_model.model.model.layers.4.self_attn.q_proj.lora_router.default.key.bias
base_model.model.model.layers.4.self_attn.q_proj.lora_router.default.value.weight
base_model.model.model.layers.4.self_attn.q_proj.lora_router.default.value.bias
base_model.model.model.layers.4.self_attn.v_proj.lora_A.default
base_model.model.model.layers.4.self_attn.v_proj.lora_B.default
base_model.model.model.layers.4.self_attn.v_proj.lora_router.default.query.weight
base_model.model.model.layers.4.self_attn.v_proj.lora_router.default.query.bias
base_model.model.model.layers.4.self_attn.v_proj.lora_router.default.key.weight
base_model.model.model.layers.4.self_attn.v_proj.lora_router.default.key.bias
base_model.model.model.layers.4.self_attn.v_proj.lora_router.default.value.weight
base_model.model.model.layers.4.self_attn.v_proj.lora_router.default.value.bias
base_model.model.model.layers.5.self_attn.q_proj.lora_A.default
base_model.model.model.layers.5.self_attn.q_proj.lora_B.default
base_model.model.model.layers.5.self_attn.q_proj.lora_router.default.query.weight
base_model.model.model.layers.5.self_attn.q_proj.lora_router.default.query.bias
base_model.model.model.layers.5.self_attn.q_proj.lora_router.default.key.weight
base_model.model.model.layers.5.self_attn.q_proj.lora_router.default.key.bias
base_model.model.model.layers.5.self_attn.q_proj.lora_router.default.value.weight
base_model.model.model.layers.5.self_attn.q_proj.lora_router.default.value.bias
base_model.model.model.layers.5.self_attn.v_proj.lora_A.default
base_model.model.model.layers.5.self_attn.v_proj.lora_B.default
base_model.model.model.layers.5.self_attn.v_proj.lora_router.default.query.weight
base_model.model.model.layers.5.self_attn.v_proj.lora_router.default.query.bias
base_model.model.model.layers.5.self_attn.v_proj.lora_router.default.key.weight
base_model.model.model.layers.5.self_attn.v_proj.lora_router.default.key.bias
base_model.model.model.layers.5.self_attn.v_proj.lora_router.default.value.weight
base_model.model.model.layers.5.self_attn.v_proj.lora_router.default.value.bias
base_model.model.model.layers.6.self_attn.q_proj.lora_A.default
base_model.model.model.layers.6.self_attn.q_proj.lora_B.default
base_model.model.model.layers.6.self_attn.q_proj.lora_router.default.query.weight
base_model.model.model.layers.6.self_attn.q_proj.lora_router.default.query.bias
base_model.model.model.layers.6.self_attn.q_proj.lora_router.default.key.weight
base_model.model.model.layers.6.self_attn.q_proj.lora_router.default.key.bias
base_model.model.model.layers.6.self_attn.q_proj.lora_router.default.value.weight
base_model.model.model.layers.6.self_attn.q_proj.lora_router.default.value.bias
base_model.model.model.layers.6.self_attn.v_proj.lora_A.default
base_model.model.model.layers.6.self_attn.v_proj.lora_B.default
base_model.model.model.layers.6.self_attn.v_proj.lora_router.default.query.weight
base_model.model.model.layers.6.self_attn.v_proj.lora_router.default.query.bias
base_model.model.model.layers.6.self_attn.v_proj.lora_router.default.key.weight
base_model.model.model.layers.6.self_attn.v_proj.lora_router.default.key.bias
base_model.model.model.layers.6.self_attn.v_proj.lora_router.default.value.weight
base_model.model.model.layers.6.self_attn.v_proj.lora_router.default.value.bias
base_model.model.model.layers.7.self_attn.q_proj.lora_A.default
base_model.model.model.layers.7.self_attn.q_proj.lora_B.default
base_model.model.model.layers.7.self_attn.q_proj.lora_router.default.query.weight
base_model.model.model.layers.7.self_attn.q_proj.lora_router.default.query.bias
base_model.model.model.layers.7.self_attn.q_proj.lora_router.default.key.weight
base_model.model.model.layers.7.self_attn.q_proj.lora_router.default.key.bias
base_model.model.model.layers.7.self_attn.q_proj.lora_router.default.value.weight
base_model.model.model.layers.7.self_attn.q_proj.lora_router.default.value.bias
base_model.model.model.layers.7.self_attn.v_proj.lora_A.default
base_model.model.model.layers.7.self_attn.v_proj.lora_B.default
base_model.model.model.layers.7.self_attn.v_proj.lora_router.default.query.weight
base_model.model.model.layers.7.self_attn.v_proj.lora_router.default.query.bias
base_model.model.model.layers.7.self_attn.v_proj.lora_router.default.key.weight
base_model.model.model.layers.7.self_attn.v_proj.lora_router.default.key.bias
base_model.model.model.layers.7.self_attn.v_proj.lora_router.default.value.weight
base_model.model.model.layers.7.self_attn.v_proj.lora_router.default.value.bias
base_model.model.model.layers.8.self_attn.q_proj.lora_A.default
base_model.model.model.layers.8.self_attn.q_proj.lora_B.default
base_model.model.model.layers.8.self_attn.q_proj.lora_router.default.query.weight
base_model.model.model.layers.8.self_attn.q_proj.lora_router.default.query.bias
base_model.model.model.layers.8.self_attn.q_proj.lora_router.default.key.weight
base_model.model.model.layers.8.self_attn.q_proj.lora_router.default.key.bias
base_model.model.model.layers.8.self_attn.q_proj.lora_router.default.value.weight
base_model.model.model.layers.8.self_attn.q_proj.lora_router.default.value.bias
base_model.model.model.layers.8.self_attn.v_proj.lora_A.default
base_model.model.model.layers.8.self_attn.v_proj.lora_B.default
base_model.model.model.layers.8.self_attn.v_proj.lora_router.default.query.weight
base_model.model.model.layers.8.self_attn.v_proj.lora_router.default.query.bias
base_model.model.model.layers.8.self_attn.v_proj.lora_router.default.key.weight
base_model.model.model.layers.8.self_attn.v_proj.lora_router.default.key.bias
base_model.model.model.layers.8.self_attn.v_proj.lora_router.default.value.weight
base_model.model.model.layers.8.self_attn.v_proj.lora_router.default.value.bias
base_model.model.model.layers.9.self_attn.q_proj.lora_A.default
base_model.model.model.layers.9.self_attn.q_proj.lora_B.default
base_model.model.model.layers.9.self_attn.q_proj.lora_router.default.query.weight
base_model.model.model.layers.9.self_attn.q_proj.lora_router.default.query.bias
base_model.model.model.layers.9.self_attn.q_proj.lora_router.default.key.weight
base_model.model.model.layers.9.self_attn.q_proj.lora_router.default.key.bias
base_model.model.model.layers.9.self_attn.q_proj.lora_router.default.value.weight
base_model.model.model.layers.9.self_attn.q_proj.lora_router.default.value.bias
base_model.model.model.layers.9.self_attn.v_proj.lora_A.default
base_model.model.model.layers.9.self_attn.v_proj.lora_B.default
base_model.model.model.layers.9.self_attn.v_proj.lora_router.default.query.weight
base_model.model.model.layers.9.self_attn.v_proj.lora_router.default.query.bias
base_model.model.model.layers.9.self_attn.v_proj.lora_router.default.key.weight
base_model.model.model.layers.9.self_attn.v_proj.lora_router.default.key.bias
base_model.model.model.layers.9.self_attn.v_proj.lora_router.default.value.weight
base_model.model.model.layers.9.self_attn.v_proj.lora_router.default.value.bias
base_model.model.model.layers.10.self_attn.q_proj.lora_A.default
base_model.model.model.layers.10.self_attn.q_proj.lora_B.default
base_model.model.model.layers.10.self_attn.q_proj.lora_router.default.query.weight
base_model.model.model.layers.10.self_attn.q_proj.lora_router.default.query.bias
base_model.model.model.layers.10.self_attn.q_proj.lora_router.default.key.weight
base_model.model.model.layers.10.self_attn.q_proj.lora_router.default.key.bias
base_model.model.model.layers.10.self_attn.q_proj.lora_router.default.value.weight
base_model.model.model.layers.10.self_attn.q_proj.lora_router.default.value.bias
base_model.model.model.layers.10.self_attn.v_proj.lora_A.default
base_model.model.model.layers.10.self_attn.v_proj.lora_B.default
base_model.model.model.layers.10.self_attn.v_proj.lora_router.default.query.weight
base_model.model.model.layers.10.self_attn.v_proj.lora_router.default.query.bias
base_model.model.model.layers.10.self_attn.v_proj.lora_router.default.key.weight
base_model.model.model.layers.10.self_attn.v_proj.lora_router.default.key.bias
base_model.model.model.layers.10.self_attn.v_proj.lora_router.default.value.weight
base_model.model.model.layers.10.self_attn.v_proj.lora_router.default.value.bias
base_model.model.model.layers.11.self_attn.q_proj.lora_A.default
base_model.model.model.layers.11.self_attn.q_proj.lora_B.default
base_model.model.model.layers.11.self_attn.q_proj.lora_router.default.query.weight
base_model.model.model.layers.11.self_attn.q_proj.lora_router.default.query.bias
base_model.model.model.layers.11.self_attn.q_proj.lora_router.default.key.weight
base_model.model.model.layers.11.self_attn.q_proj.lora_router.default.key.bias
base_model.model.model.layers.11.self_attn.q_proj.lora_router.default.value.weight
base_model.model.model.layers.11.self_attn.q_proj.lora_router.default.value.bias
base_model.model.model.layers.11.self_attn.v_proj.lora_A.default
base_model.model.model.layers.11.self_attn.v_proj.lora_B.default
base_model.model.model.layers.11.self_attn.v_proj.lora_router.default.query.weight
base_model.model.model.layers.11.self_attn.v_proj.lora_router.default.query.bias
base_model.model.model.layers.11.self_attn.v_proj.lora_router.default.key.weight
base_model.model.model.layers.11.self_attn.v_proj.lora_router.default.key.bias
base_model.model.model.layers.11.self_attn.v_proj.lora_router.default.value.weight
base_model.model.model.layers.11.self_attn.v_proj.lora_router.default.value.bias
base_model.model.model.layers.12.self_attn.q_proj.lora_A.default
base_model.model.model.layers.12.self_attn.q_proj.lora_B.default
base_model.model.model.layers.12.self_attn.q_proj.lora_router.default.query.weight
base_model.model.model.layers.12.self_attn.q_proj.lora_router.default.query.bias
base_model.model.model.layers.12.self_attn.q_proj.lora_router.default.key.weight
base_model.model.model.layers.12.self_attn.q_proj.lora_router.default.key.bias
base_model.model.model.layers.12.self_attn.q_proj.lora_router.default.value.weight
base_model.model.model.layers.12.self_attn.q_proj.lora_router.default.value.bias
base_model.model.model.layers.12.self_attn.v_proj.lora_A.default
base_model.model.model.layers.12.self_attn.v_proj.lora_B.default
base_model.model.model.layers.12.self_attn.v_proj.lora_router.default.query.weight
base_model.model.model.layers.12.self_attn.v_proj.lora_router.default.query.bias
base_model.model.model.layers.12.self_attn.v_proj.lora_router.default.key.weight
base_model.model.model.layers.12.self_attn.v_proj.lora_router.default.key.bias
base_model.model.model.layers.12.self_attn.v_proj.lora_router.default.value.weight
base_model.model.model.layers.12.self_attn.v_proj.lora_router.default.value.bias
base_model.model.model.layers.13.self_attn.q_proj.lora_A.default
base_model.model.model.layers.13.self_attn.q_proj.lora_B.default
base_model.model.model.layers.13.self_attn.q_proj.lora_router.default.query.weight
base_model.model.model.layers.13.self_attn.q_proj.lora_router.default.query.bias
base_model.model.model.layers.13.self_attn.q_proj.lora_router.default.key.weight
base_model.model.model.layers.13.self_attn.q_proj.lora_router.default.key.bias
base_model.model.model.layers.13.self_attn.q_proj.lora_router.default.value.weight
base_model.model.model.layers.13.self_attn.q_proj.lora_router.default.value.bias
base_model.model.model.layers.13.self_attn.v_proj.lora_A.default
base_model.model.model.layers.13.self_attn.v_proj.lora_B.default
base_model.model.model.layers.13.self_attn.v_proj.lora_router.default.query.weight
base_model.model.model.layers.13.self_attn.v_proj.lora_router.default.query.bias
base_model.model.model.layers.13.self_attn.v_proj.lora_router.default.key.weight
base_model.model.model.layers.13.self_attn.v_proj.lora_router.default.key.bias
base_model.model.model.layers.13.self_attn.v_proj.lora_router.default.value.weight
base_model.model.model.layers.13.self_attn.v_proj.lora_router.default.value.bias
base_model.model.model.layers.14.self_attn.q_proj.lora_A.default
base_model.model.model.layers.14.self_attn.q_proj.lora_B.default
base_model.model.model.layers.14.self_attn.q_proj.lora_router.default.query.weight
base_model.model.model.layers.14.self_attn.q_proj.lora_router.default.query.bias
base_model.model.model.layers.14.self_attn.q_proj.lora_router.default.key.weight
base_model.model.model.layers.14.self_attn.q_proj.lora_router.default.key.bias
base_model.model.model.layers.14.self_attn.q_proj.lora_router.default.value.weight
base_model.model.model.layers.14.self_attn.q_proj.lora_router.default.value.bias
base_model.model.model.layers.14.self_attn.v_proj.lora_A.default
base_model.model.model.layers.14.self_attn.v_proj.lora_B.default
base_model.model.model.layers.14.self_attn.v_proj.lora_router.default.query.weight
base_model.model.model.layers.14.self_attn.v_proj.lora_router.default.query.bias
base_model.model.model.layers.14.self_attn.v_proj.lora_router.default.key.weight
base_model.model.model.layers.14.self_attn.v_proj.lora_router.default.key.bias
base_model.model.model.layers.14.self_attn.v_proj.lora_router.default.value.weight
base_model.model.model.layers.14.self_attn.v_proj.lora_router.default.value.bias
base_model.model.model.layers.15.self_attn.q_proj.lora_A.default
base_model.model.model.layers.15.self_attn.q_proj.lora_B.default
base_model.model.model.layers.15.self_attn.q_proj.lora_router.default.query.weight
base_model.model.model.layers.15.self_attn.q_proj.lora_router.default.query.bias
base_model.model.model.layers.15.self_attn.q_proj.lora_router.default.key.weight
base_model.model.model.layers.15.self_attn.q_proj.lora_router.default.key.bias
base_model.model.model.layers.15.self_attn.q_proj.lora_router.default.value.weight
base_model.model.model.layers.15.self_attn.q_proj.lora_router.default.value.bias
base_model.model.model.layers.15.self_attn.v_proj.lora_A.default
base_model.model.model.layers.15.self_attn.v_proj.lora_B.default
base_model.model.model.layers.15.self_attn.v_proj.lora_router.default.query.weight
base_model.model.model.layers.15.self_attn.v_proj.lora_router.default.query.bias
base_model.model.model.layers.15.self_attn.v_proj.lora_router.default.key.weight
base_model.model.model.layers.15.self_attn.v_proj.lora_router.default.key.bias
base_model.model.model.layers.15.self_attn.v_proj.lora_router.default.value.weight
base_model.model.model.layers.15.self_attn.v_proj.lora_router.default.value.bias
base_model.model.model.layers.16.self_attn.q_proj.lora_A.default
base_model.model.model.layers.16.self_attn.q_proj.lora_B.default
base_model.model.model.layers.16.self_attn.q_proj.lora_router.default.query.weight
base_model.model.model.layers.16.self_attn.q_proj.lora_router.default.query.bias
base_model.model.model.layers.16.self_attn.q_proj.lora_router.default.key.weight
base_model.model.model.layers.16.self_attn.q_proj.lora_router.default.key.bias
base_model.model.model.layers.16.self_attn.q_proj.lora_router.default.value.weight
base_model.model.model.layers.16.self_attn.q_proj.lora_router.default.value.bias
base_model.model.model.layers.16.self_attn.v_proj.lora_A.default
base_model.model.model.layers.16.self_attn.v_proj.lora_B.default
base_model.model.model.layers.16.self_attn.v_proj.lora_router.default.query.weight
base_model.model.model.layers.16.self_attn.v_proj.lora_router.default.query.bias
base_model.model.model.layers.16.self_attn.v_proj.lora_router.default.key.weight
base_model.model.model.layers.16.self_attn.v_proj.lora_router.default.key.bias
base_model.model.model.layers.16.self_attn.v_proj.lora_router.default.value.weight
base_model.model.model.layers.16.self_attn.v_proj.lora_router.default.value.bias
base_model.model.model.layers.17.self_attn.q_proj.lora_A.default
base_model.model.model.layers.17.self_attn.q_proj.lora_B.default
base_model.model.model.layers.17.self_attn.q_proj.lora_router.default.query.weight
base_model.model.model.layers.17.self_attn.q_proj.lora_router.default.query.bias
base_model.model.model.layers.17.self_attn.q_proj.lora_router.default.key.weight
base_model.model.model.layers.17.self_attn.q_proj.lora_router.default.key.bias
base_model.model.model.layers.17.self_attn.q_proj.lora_router.default.value.weight
base_model.model.model.layers.17.self_attn.q_proj.lora_router.default.value.bias
base_model.model.model.layers.17.self_attn.v_proj.lora_A.default
base_model.model.model.layers.17.self_attn.v_proj.lora_B.default
base_model.model.model.layers.17.self_attn.v_proj.lora_router.default.query.weight
base_model.model.model.layers.17.self_attn.v_proj.lora_router.default.query.bias
base_model.model.model.layers.17.self_attn.v_proj.lora_router.default.key.weight
base_model.model.model.layers.17.self_attn.v_proj.lora_router.default.key.bias
base_model.model.model.layers.17.self_attn.v_proj.lora_router.default.value.weight
base_model.model.model.layers.17.self_attn.v_proj.lora_router.default.value.bias
base_model.model.model.layers.18.self_attn.q_proj.lora_A.default
base_model.model.model.layers.18.self_attn.q_proj.lora_B.default
base_model.model.model.layers.18.self_attn.q_proj.lora_router.default.query.weight
base_model.model.model.layers.18.self_attn.q_proj.lora_router.default.query.bias
base_model.model.model.layers.18.self_attn.q_proj.lora_router.default.key.weight
base_model.model.model.layers.18.self_attn.q_proj.lora_router.default.key.bias
base_model.model.model.layers.18.self_attn.q_proj.lora_router.default.value.weight
base_model.model.model.layers.18.self_attn.q_proj.lora_router.default.value.bias
base_model.model.model.layers.18.self_attn.v_proj.lora_A.default
base_model.model.model.layers.18.self_attn.v_proj.lora_B.default
base_model.model.model.layers.18.self_attn.v_proj.lora_router.default.query.weight
base_model.model.model.layers.18.self_attn.v_proj.lora_router.default.query.bias
base_model.model.model.layers.18.self_attn.v_proj.lora_router.default.key.weight
base_model.model.model.layers.18.self_attn.v_proj.lora_router.default.key.bias
base_model.model.model.layers.18.self_attn.v_proj.lora_router.default.value.weight
base_model.model.model.layers.18.self_attn.v_proj.lora_router.default.value.bias
base_model.model.model.layers.19.self_attn.q_proj.lora_A.default
base_model.model.model.layers.19.self_attn.q_proj.lora_B.default
base_model.model.model.layers.19.self_attn.q_proj.lora_router.default.query.weight
base_model.model.model.layers.19.self_attn.q_proj.lora_router.default.query.bias
base_model.model.model.layers.19.self_attn.q_proj.lora_router.default.key.weight
base_model.model.model.layers.19.self_attn.q_proj.lora_router.default.key.bias
base_model.model.model.layers.19.self_attn.q_proj.lora_router.default.value.weight
base_model.model.model.layers.19.self_attn.q_proj.lora_router.default.value.bias
base_model.model.model.layers.19.self_attn.v_proj.lora_A.default
base_model.model.model.layers.19.self_attn.v_proj.lora_B.default
base_model.model.model.layers.19.self_attn.v_proj.lora_router.default.query.weight
base_model.model.model.layers.19.self_attn.v_proj.lora_router.default.query.bias
base_model.model.model.layers.19.self_attn.v_proj.lora_router.default.key.weight
base_model.model.model.layers.19.self_attn.v_proj.lora_router.default.key.bias
base_model.model.model.layers.19.self_attn.v_proj.lora_router.default.value.weight
base_model.model.model.layers.19.self_attn.v_proj.lora_router.default.value.bias
base_model.model.model.layers.20.self_attn.q_proj.lora_A.default
base_model.model.model.layers.20.self_attn.q_proj.lora_B.default
base_model.model.model.layers.20.self_attn.q_proj.lora_router.default.query.weight
base_model.model.model.layers.20.self_attn.q_proj.lora_router.default.query.bias
base_model.model.model.layers.20.self_attn.q_proj.lora_router.default.key.weight
base_model.model.model.layers.20.self_attn.q_proj.lora_router.default.key.bias
base_model.model.model.layers.20.self_attn.q_proj.lora_router.default.value.weight
base_model.model.model.layers.20.self_attn.q_proj.lora_router.default.value.bias
base_model.model.model.layers.20.self_attn.v_proj.lora_A.default
base_model.model.model.layers.20.self_attn.v_proj.lora_B.default
base_model.model.model.layers.20.self_attn.v_proj.lora_router.default.query.weight
base_model.model.model.layers.20.self_attn.v_proj.lora_router.default.query.bias
base_model.model.model.layers.20.self_attn.v_proj.lora_router.default.key.weight
base_model.model.model.layers.20.self_attn.v_proj.lora_router.default.key.bias
base_model.model.model.layers.20.self_attn.v_proj.lora_router.default.value.weight
base_model.model.model.layers.20.self_attn.v_proj.lora_router.default.value.bias
base_model.model.model.layers.21.self_attn.q_proj.lora_A.default
base_model.model.model.layers.21.self_attn.q_proj.lora_B.default
base_model.model.model.layers.21.self_attn.q_proj.lora_router.default.query.weight
base_model.model.model.layers.21.self_attn.q_proj.lora_router.default.query.bias
base_model.model.model.layers.21.self_attn.q_proj.lora_router.default.key.weight
base_model.model.model.layers.21.self_attn.q_proj.lora_router.default.key.bias
base_model.model.model.layers.21.self_attn.q_proj.lora_router.default.value.weight
base_model.model.model.layers.21.self_attn.q_proj.lora_router.default.value.bias
base_model.model.model.layers.21.self_attn.v_proj.lora_A.default
base_model.model.model.layers.21.self_attn.v_proj.lora_B.default
base_model.model.model.layers.21.self_attn.v_proj.lora_router.default.query.weight
base_model.model.model.layers.21.self_attn.v_proj.lora_router.default.query.bias
base_model.model.model.layers.21.self_attn.v_proj.lora_router.default.key.weight
base_model.model.model.layers.21.self_attn.v_proj.lora_router.default.key.bias
base_model.model.model.layers.21.self_attn.v_proj.lora_router.default.value.weight
base_model.model.model.layers.21.self_attn.v_proj.lora_router.default.value.bias
base_model.model.model.layers.22.self_attn.q_proj.lora_A.default
base_model.model.model.layers.22.self_attn.q_proj.lora_B.default
base_model.model.model.layers.22.self_attn.q_proj.lora_router.default.query.weight
base_model.model.model.layers.22.self_attn.q_proj.lora_router.default.query.bias
base_model.model.model.layers.22.self_attn.q_proj.lora_router.default.key.weight
base_model.model.model.layers.22.self_attn.q_proj.lora_router.default.key.bias
base_model.model.model.layers.22.self_attn.q_proj.lora_router.default.value.weight
base_model.model.model.layers.22.self_attn.q_proj.lora_router.default.value.bias
base_model.model.model.layers.22.self_attn.v_proj.lora_A.default
base_model.model.model.layers.22.self_attn.v_proj.lora_B.default
base_model.model.model.layers.22.self_attn.v_proj.lora_router.default.query.weight
base_model.model.model.layers.22.self_attn.v_proj.lora_router.default.query.bias
base_model.model.model.layers.22.self_attn.v_proj.lora_router.default.key.weight
base_model.model.model.layers.22.self_attn.v_proj.lora_router.default.key.bias
base_model.model.model.layers.22.self_attn.v_proj.lora_router.default.value.weight
base_model.model.model.layers.22.self_attn.v_proj.lora_router.default.value.bias
base_model.model.model.layers.23.self_attn.q_proj.lora_A.default
base_model.model.model.layers.23.self_attn.q_proj.lora_B.default
base_model.model.model.layers.23.self_attn.q_proj.lora_router.default.query.weight
base_model.model.model.layers.23.self_attn.q_proj.lora_router.default.query.bias
base_model.model.model.layers.23.self_attn.q_proj.lora_router.default.key.weight
base_model.model.model.layers.23.self_attn.q_proj.lora_router.default.key.bias
base_model.model.model.layers.23.self_attn.q_proj.lora_router.default.value.weight
base_model.model.model.layers.23.self_attn.q_proj.lora_router.default.value.bias
base_model.model.model.layers.23.self_attn.v_proj.lora_A.default
base_model.model.model.layers.23.self_attn.v_proj.lora_B.default
base_model.model.model.layers.23.self_attn.v_proj.lora_router.default.query.weight
base_model.model.model.layers.23.self_attn.v_proj.lora_router.default.query.bias
base_model.model.model.layers.23.self_attn.v_proj.lora_router.default.key.weight
base_model.model.model.layers.23.self_attn.v_proj.lora_router.default.key.bias
base_model.model.model.layers.23.self_attn.v_proj.lora_router.default.value.weight
base_model.model.model.layers.23.self_attn.v_proj.lora_router.default.value.bias
base_model.model.model.layers.24.self_attn.q_proj.lora_A.default
base_model.model.model.layers.24.self_attn.q_proj.lora_B.default
base_model.model.model.layers.24.self_attn.q_proj.lora_router.default.query.weight
base_model.model.model.layers.24.self_attn.q_proj.lora_router.default.query.bias
base_model.model.model.layers.24.self_attn.q_proj.lora_router.default.key.weight
base_model.model.model.layers.24.self_attn.q_proj.lora_router.default.key.bias
base_model.model.model.layers.24.self_attn.q_proj.lora_router.default.value.weight
base_model.model.model.layers.24.self_attn.q_proj.lora_router.default.value.bias
base_model.model.model.layers.24.self_attn.v_proj.lora_A.default
base_model.model.model.layers.24.self_attn.v_proj.lora_B.default
base_model.model.model.layers.24.self_attn.v_proj.lora_router.default.query.weight
base_model.model.model.layers.24.self_attn.v_proj.lora_router.default.query.bias
base_model.model.model.layers.24.self_attn.v_proj.lora_router.default.key.weight
base_model.model.model.layers.24.self_attn.v_proj.lora_router.default.key.bias
base_model.model.model.layers.24.self_attn.v_proj.lora_router.default.value.weight
base_model.model.model.layers.24.self_attn.v_proj.lora_router.default.value.bias
base_model.model.model.layers.25.self_attn.q_proj.lora_A.default
base_model.model.model.layers.25.self_attn.q_proj.lora_B.default
base_model.model.model.layers.25.self_attn.q_proj.lora_router.default.query.weight
base_model.model.model.layers.25.self_attn.q_proj.lora_router.default.query.bias
base_model.model.model.layers.25.self_attn.q_proj.lora_router.default.key.weight
base_model.model.model.layers.25.self_attn.q_proj.lora_router.default.key.bias
base_model.model.model.layers.25.self_attn.q_proj.lora_router.default.value.weight
base_model.model.model.layers.25.self_attn.q_proj.lora_router.default.value.bias
base_model.model.model.layers.25.self_attn.v_proj.lora_A.default
base_model.model.model.layers.25.self_attn.v_proj.lora_B.default
base_model.model.model.layers.25.self_attn.v_proj.lora_router.default.query.weight
base_model.model.model.layers.25.self_attn.v_proj.lora_router.default.query.bias
base_model.model.model.layers.25.self_attn.v_proj.lora_router.default.key.weight
base_model.model.model.layers.25.self_attn.v_proj.lora_router.default.key.bias
base_model.model.model.layers.25.self_attn.v_proj.lora_router.default.value.weight
base_model.model.model.layers.25.self_attn.v_proj.lora_router.default.value.bias
base_model.model.model.layers.26.self_attn.q_proj.lora_A.default
base_model.model.model.layers.26.self_attn.q_proj.lora_B.default
base_model.model.model.layers.26.self_attn.q_proj.lora_router.default.query.weight
base_model.model.model.layers.26.self_attn.q_proj.lora_router.default.query.bias
base_model.model.model.layers.26.self_attn.q_proj.lora_router.default.key.weight
base_model.model.model.layers.26.self_attn.q_proj.lora_router.default.key.bias
base_model.model.model.layers.26.self_attn.q_proj.lora_router.default.value.weight
base_model.model.model.layers.26.self_attn.q_proj.lora_router.default.value.bias
base_model.model.model.layers.26.self_attn.v_proj.lora_A.default
base_model.model.model.layers.26.self_attn.v_proj.lora_B.default
base_model.model.model.layers.26.self_attn.v_proj.lora_router.default.query.weight
base_model.model.model.layers.26.self_attn.v_proj.lora_router.default.query.bias
base_model.model.model.layers.26.self_attn.v_proj.lora_router.default.key.weight
base_model.model.model.layers.26.self_attn.v_proj.lora_router.default.key.bias
base_model.model.model.layers.26.self_attn.v_proj.lora_router.default.value.weight
base_model.model.model.layers.26.self_attn.v_proj.lora_router.default.value.bias
base_model.model.model.layers.27.self_attn.q_proj.lora_A.default
base_model.model.model.layers.27.self_attn.q_proj.lora_B.default
base_model.model.model.layers.27.self_attn.q_proj.lora_router.default.query.weight
base_model.model.model.layers.27.self_attn.q_proj.lora_router.default.query.bias
base_model.model.model.layers.27.self_attn.q_proj.lora_router.default.key.weight
base_model.model.model.layers.27.self_attn.q_proj.lora_router.default.key.bias
base_model.model.model.layers.27.self_attn.q_proj.lora_router.default.value.weight
base_model.model.model.layers.27.self_attn.q_proj.lora_router.default.value.bias
base_model.model.model.layers.27.self_attn.v_proj.lora_A.default
base_model.model.model.layers.27.self_attn.v_proj.lora_B.default
base_model.model.model.layers.27.self_attn.v_proj.lora_router.default.query.weight
base_model.model.model.layers.27.self_attn.v_proj.lora_router.default.query.bias
base_model.model.model.layers.27.self_attn.v_proj.lora_router.default.key.weight
base_model.model.model.layers.27.self_attn.v_proj.lora_router.default.key.bias
base_model.model.model.layers.27.self_attn.v_proj.lora_router.default.value.weight
base_model.model.model.layers.27.self_attn.v_proj.lora_router.default.value.bias
base_model.model.model.layers.28.self_attn.q_proj.lora_A.default
base_model.model.model.layers.28.self_attn.q_proj.lora_B.default
base_model.model.model.layers.28.self_attn.q_proj.lora_router.default.query.weight
base_model.model.model.layers.28.self_attn.q_proj.lora_router.default.query.bias
base_model.model.model.layers.28.self_attn.q_proj.lora_router.default.key.weight
base_model.model.model.layers.28.self_attn.q_proj.lora_router.default.key.bias
base_model.model.model.layers.28.self_attn.q_proj.lora_router.default.value.weight
base_model.model.model.layers.28.self_attn.q_proj.lora_router.default.value.bias
base_model.model.model.layers.28.self_attn.v_proj.lora_A.default
base_model.model.model.layers.28.self_attn.v_proj.lora_B.default
base_model.model.model.layers.28.self_attn.v_proj.lora_router.default.query.weight
base_model.model.model.layers.28.self_attn.v_proj.lora_router.default.query.bias
base_model.model.model.layers.28.self_attn.v_proj.lora_router.default.key.weight
base_model.model.model.layers.28.self_attn.v_proj.lora_router.default.key.bias
base_model.model.model.layers.28.self_attn.v_proj.lora_router.default.value.weight
base_model.model.model.layers.28.self_attn.v_proj.lora_router.default.value.bias
base_model.model.model.layers.29.self_attn.q_proj.lora_A.default
base_model.model.model.layers.29.self_attn.q_proj.lora_B.default
base_model.model.model.layers.29.self_attn.q_proj.lora_router.default.query.weight
base_model.model.model.layers.29.self_attn.q_proj.lora_router.default.query.bias
base_model.model.model.layers.29.self_attn.q_proj.lora_router.default.key.weight
base_model.model.model.layers.29.self_attn.q_proj.lora_router.default.key.bias
base_model.model.model.layers.29.self_attn.q_proj.lora_router.default.value.weight
base_model.model.model.layers.29.self_attn.q_proj.lora_router.default.value.bias
base_model.model.model.layers.29.self_attn.v_proj.lora_A.default
base_model.model.model.layers.29.self_attn.v_proj.lora_B.default
base_model.model.model.layers.29.self_attn.v_proj.lora_router.default.query.weight
base_model.model.model.layers.29.self_attn.v_proj.lora_router.default.query.bias
base_model.model.model.layers.29.self_attn.v_proj.lora_router.default.key.weight
base_model.model.model.layers.29.self_attn.v_proj.lora_router.default.key.bias
base_model.model.model.layers.29.self_attn.v_proj.lora_router.default.value.weight
base_model.model.model.layers.29.self_attn.v_proj.lora_router.default.value.bias
base_model.model.model.layers.30.self_attn.q_proj.lora_A.default
base_model.model.model.layers.30.self_attn.q_proj.lora_B.default
base_model.model.model.layers.30.self_attn.q_proj.lora_router.default.query.weight
base_model.model.model.layers.30.self_attn.q_proj.lora_router.default.query.bias
base_model.model.model.layers.30.self_attn.q_proj.lora_router.default.key.weight
base_model.model.model.layers.30.self_attn.q_proj.lora_router.default.key.bias
base_model.model.model.layers.30.self_attn.q_proj.lora_router.default.value.weight
base_model.model.model.layers.30.self_attn.q_proj.lora_router.default.value.bias
base_model.model.model.layers.30.self_attn.v_proj.lora_A.default
base_model.model.model.layers.30.self_attn.v_proj.lora_B.default
base_model.model.model.layers.30.self_attn.v_proj.lora_router.default.query.weight
base_model.model.model.layers.30.self_attn.v_proj.lora_router.default.query.bias
base_model.model.model.layers.30.self_attn.v_proj.lora_router.default.key.weight
base_model.model.model.layers.30.self_attn.v_proj.lora_router.default.key.bias
base_model.model.model.layers.30.self_attn.v_proj.lora_router.default.value.weight
base_model.model.model.layers.30.self_attn.v_proj.lora_router.default.value.bias
base_model.model.model.layers.31.self_attn.q_proj.lora_A.default
base_model.model.model.layers.31.self_attn.q_proj.lora_B.default
base_model.model.model.layers.31.self_attn.q_proj.lora_router.default.query.weight
base_model.model.model.layers.31.self_attn.q_proj.lora_router.default.query.bias
base_model.model.model.layers.31.self_attn.q_proj.lora_router.default.key.weight
base_model.model.model.layers.31.self_attn.q_proj.lora_router.default.key.bias
base_model.model.model.layers.31.self_attn.q_proj.lora_router.default.value.weight
base_model.model.model.layers.31.self_attn.q_proj.lora_router.default.value.bias
base_model.model.model.layers.31.self_attn.v_proj.lora_A.default
base_model.model.model.layers.31.self_attn.v_proj.lora_B.default
base_model.model.model.layers.31.self_attn.v_proj.lora_router.default.query.weight
base_model.model.model.layers.31.self_attn.v_proj.lora_router.default.query.bias
base_model.model.model.layers.31.self_attn.v_proj.lora_router.default.key.weight
base_model.model.model.layers.31.self_attn.v_proj.lora_router.default.key.bias
base_model.model.model.layers.31.self_attn.v_proj.lora_router.default.value.weight
base_model.model.model.layers.31.self_attn.v_proj.lora_router.default.value.bias
{'loss': 1.0383, 'learning_rate': 0.0003, 'epoch': 0.0}
{'loss': 0.9002, 'learning_rate': 0.0003, 'epoch': 0.0}
{'loss': 0.8923, 'learning_rate': 0.0003, 'epoch': 0.0}
{'loss': 0.8513, 'learning_rate': 0.0003, 'epoch': 0.01}
{'loss': 0.8605, 'learning_rate': 0.0003, 'epoch': 0.01}
{'loss': 0.8631, 'learning_rate': 0.0003, 'epoch': 0.01}
{'loss': 0.8649, 'learning_rate': 0.0003, 'epoch': 0.01}
{'loss': 0.8643, 'learning_rate': 0.0003, 'epoch': 0.01}
{'loss': 0.8748, 'learning_rate': 0.0003, 'epoch': 0.01}
{'loss': 0.8618, 'learning_rate': 0.0003, 'epoch': 0.02}
{'loss': 0.8684, 'learning_rate': 0.0003, 'epoch': 0.02}
{'loss': 0.8384, 'learning_rate': 0.0003, 'epoch': 0.02}
{'loss': 0.863, 'learning_rate': 0.0003, 'epoch': 0.02}
{'loss': 0.8416, 'learning_rate': 0.0003, 'epoch': 0.02}
{'loss': 0.8745, 'learning_rate': 0.0003, 'epoch': 0.02}
{'loss': 0.8589, 'learning_rate': 0.0003, 'epoch': 0.02}
{'loss': 0.8541, 'learning_rate': 0.0003, 'epoch': 0.03}
{'loss': 0.8429, 'learning_rate': 0.0003, 'epoch': 0.03}
{'loss': 0.8405, 'learning_rate': 0.0003, 'epoch': 0.03}
{'loss': 0.8571, 'learning_rate': 0.0003, 'epoch': 0.03}
{'loss': 0.8509, 'learning_rate': 0.0003, 'epoch': 0.03}
{'loss': 0.8443, 'learning_rate': 0.0003, 'epoch': 0.03}
{'loss': 0.8578, 'learning_rate': 0.0003, 'epoch': 0.04}
{'loss': 0.835, 'learning_rate': 0.0003, 'epoch': 0.04}
{'loss': 0.847, 'learning_rate': 0.0003, 'epoch': 0.04}
{'loss': 0.8431, 'learning_rate': 0.0003, 'epoch': 0.04}
{'loss': 0.8369, 'learning_rate': 0.0003, 'epoch': 0.04}
{'loss': 0.8365, 'learning_rate': 0.0003, 'epoch': 0.04}
{'loss': 0.8611, 'learning_rate': 0.0003, 'epoch': 0.04}
{'loss': 0.8446, 'learning_rate': 0.0003, 'epoch': 0.05}
{'loss': 0.8417, 'learning_rate': 0.0003, 'epoch': 0.05}
{'loss': 0.8556, 'learning_rate': 0.0003, 'epoch': 0.05}
{'loss': 0.847, 'learning_rate': 0.0003, 'epoch': 0.05}
{'loss': 0.8522, 'learning_rate': 0.0003, 'epoch': 0.05}
{'loss': 0.8632, 'learning_rate': 0.0003, 'epoch': 0.05}
{'loss': 0.8372, 'learning_rate': 0.0003, 'epoch': 0.06}
{'loss': 0.8436, 'learning_rate': 0.0003, 'epoch': 0.06}
{'loss': 0.8477, 'learning_rate': 0.0003, 'epoch': 0.06}
{'loss': 0.8572, 'learning_rate': 0.0003, 'epoch': 0.06}
{'loss': 0.8422, 'learning_rate': 0.0003, 'epoch': 0.06}
{'loss': 0.849, 'learning_rate': 0.0003, 'epoch': 0.06}
{'loss': 0.8473, 'learning_rate': 0.0003, 'epoch': 0.06}
{'loss': 0.8494, 'learning_rate': 0.0003, 'epoch': 0.07}
{'loss': 0.8372, 'learning_rate': 0.0003, 'epoch': 0.07}
{'loss': 0.8609, 'learning_rate': 0.0003, 'epoch': 0.07}
{'loss': 0.843, 'learning_rate': 0.0003, 'epoch': 0.07}
{'loss': 0.8553, 'learning_rate': 0.0003, 'epoch': 0.07}
{'loss': 0.8591, 'learning_rate': 0.0003, 'epoch': 0.07}
{'loss': 0.8647, 'learning_rate': 0.0003, 'epoch': 0.08}
{'loss': 0.8628, 'learning_rate': 0.0003, 'epoch': 0.08}
{'loss': 0.8575, 'learning_rate': 0.0003, 'epoch': 0.08}
{'loss': 0.8397, 'learning_rate': 0.0003, 'epoch': 0.08}
{'loss': 0.8618, 'learning_rate': 0.0003, 'epoch': 0.08}
{'loss': 0.8564, 'learning_rate': 0.0003, 'epoch': 0.08}
{'loss': 0.851, 'learning_rate': 0.0003, 'epoch': 0.09}
{'loss': 0.8469, 'learning_rate': 0.0003, 'epoch': 0.09}
{'loss': 0.8552, 'learning_rate': 0.0003, 'epoch': 0.09}
{'loss': 0.855, 'learning_rate': 0.0003, 'epoch': 0.09}
{'loss': 0.833, 'learning_rate': 0.0003, 'epoch': 0.09}
{'loss': 0.841, 'learning_rate': 0.0003, 'epoch': 0.09}
{'loss': 0.8375, 'learning_rate': 0.0003, 'epoch': 0.09}
{'loss': 0.8308, 'learning_rate': 0.0003, 'epoch': 0.1}
{'loss': 0.8581, 'learning_rate': 0.0003, 'epoch': 0.1}
{'loss': 0.8537, 'learning_rate': 0.0003, 'epoch': 0.1}
{'loss': 0.8548, 'learning_rate': 0.0003, 'epoch': 0.1}
{'loss': 0.8734, 'learning_rate': 0.0003, 'epoch': 0.1}
{'loss': 0.8392, 'learning_rate': 0.0003, 'epoch': 0.1}
{'loss': 0.8428, 'learning_rate': 0.0003, 'epoch': 0.11}
{'loss': 0.8556, 'learning_rate': 0.0003, 'epoch': 0.11}
{'loss': 0.861, 'learning_rate': 0.0003, 'epoch': 0.11}
{'loss': 0.8451, 'learning_rate': 0.0003, 'epoch': 0.11}
{'loss': 0.824, 'learning_rate': 0.0003, 'epoch': 1.0}
{'loss': 0.8134, 'learning_rate': 0.0003, 'epoch': 1.0}
{'loss': 0.8137, 'learning_rate': 0.0003, 'epoch': 1.0}
{'loss': 0.8119, 'learning_rate': 0.0003, 'epoch': 1.01}
{'loss': 0.8324, 'learning_rate': 0.0003, 'epoch': 1.01}
{'loss': 0.8148, 'learning_rate': 0.0003, 'epoch': 1.01}
{'loss': 0.8095, 'learning_rate': 0.0003, 'epoch': 1.01}
{'loss': 0.8084, 'learning_rate': 0.0003, 'epoch': 1.01}
{'loss': 0.8265, 'learning_rate': 0.0003, 'epoch': 1.01}
{'loss': 0.8053, 'learning_rate': 0.0003, 'epoch': 1.01}
{'loss': 0.8029, 'learning_rate': 0.0003, 'epoch': 1.02}
{'loss': 0.827, 'learning_rate': 0.0003, 'epoch': 1.02}
{'loss': 0.7902, 'learning_rate': 0.0003, 'epoch': 1.02}
{'loss': 0.8021, 'learning_rate': 0.0003, 'epoch': 1.02}
{'loss': 0.8042, 'learning_rate': 0.0003, 'epoch': 1.02}
{'loss': 0.7894, 'learning_rate': 0.0003, 'epoch': 1.02}
{'loss': 0.8113, 'learning_rate': 0.0003, 'epoch': 1.03}
{'loss': 0.8024, 'learning_rate': 0.0003, 'epoch': 1.03}
{'loss': 0.8069, 'learning_rate': 0.0003, 'epoch': 1.03}
{'loss': 0.7968, 'learning_rate': 0.0003, 'epoch': 1.03}
{'loss': 0.7909, 'learning_rate': 0.0003, 'epoch': 1.03}
{'loss': 0.7868, 'learning_rate': 0.0003, 'epoch': 1.03}
{'loss': 0.7971, 'learning_rate': 0.0003, 'epoch': 1.03}
{'loss': 0.8074, 'learning_rate': 0.0003, 'epoch': 1.04}
{'loss': 0.8099, 'learning_rate': 0.0003, 'epoch': 1.04}
{'loss': 0.7928, 'learning_rate': 0.0003, 'epoch': 1.04}
{'loss': 0.7812, 'learning_rate': 0.0003, 'epoch': 1.04}
{'loss': 0.7973, 'learning_rate': 0.0003, 'epoch': 1.04}
{'loss': 0.8033, 'learning_rate': 0.0003, 'epoch': 1.04}
{'loss': 0.8046, 'learning_rate': 0.0003, 'epoch': 1.05}
{'loss': 0.7922, 'learning_rate': 0.0003, 'epoch': 1.05}
{'loss': 0.7915, 'learning_rate': 0.0003, 'epoch': 1.05}
{'loss': 0.7941, 'learning_rate': 0.0003, 'epoch': 1.05}
{'loss': 0.7926, 'learning_rate': 0.0003, 'epoch': 1.05}
{'loss': 0.8057, 'learning_rate': 0.0003, 'epoch': 1.05}
{'loss': 0.7989, 'learning_rate': 0.0003, 'epoch': 1.05}
{'loss': 0.7992, 'learning_rate': 0.0003, 'epoch': 1.06}
{'loss': 0.8017, 'learning_rate': 0.0003, 'epoch': 1.06}
{'loss': 0.8057, 'learning_rate': 0.0003, 'epoch': 1.06}
{'loss': 0.8007, 'learning_rate': 0.0003, 'epoch': 1.06}
{'loss': 0.8012, 'learning_rate': 0.0003, 'epoch': 1.06}
{'loss': 0.7981, 'learning_rate': 0.0003, 'epoch': 1.06}
{'loss': 0.8124, 'learning_rate': 0.0003, 'epoch': 1.07}
{'loss': 0.8008, 'learning_rate': 0.0003, 'epoch': 1.07}
{'loss': 0.7983, 'learning_rate': 0.0003, 'epoch': 1.07}
{'loss': 0.8122, 'learning_rate': 0.0003, 'epoch': 1.07}
{'loss': 0.806, 'learning_rate': 0.0003, 'epoch': 1.07}
{'loss': 0.8147, 'learning_rate': 0.0003, 'epoch': 1.07}
{'loss': 0.8088, 'learning_rate': 0.0003, 'epoch': 1.07}
{'loss': 0.8217, 'learning_rate': 0.0003, 'epoch': 1.08}
{'loss': 0.798, 'learning_rate': 0.0003, 'epoch': 1.08}
{'loss': 0.8056, 'learning_rate': 0.0003, 'epoch': 1.08}
{'loss': 0.8011, 'learning_rate': 0.0003, 'epoch': 1.08}
{'loss': 0.8, 'learning_rate': 0.0003, 'epoch': 1.08}
{'loss': 0.798, 'learning_rate': 0.0003, 'epoch': 1.08}
{'loss': 0.8057, 'learning_rate': 0.0003, 'epoch': 1.09}
{'loss': 0.8081, 'learning_rate': 0.0003, 'epoch': 1.09}
{'loss': 0.8198, 'learning_rate': 0.0003, 'epoch': 1.09}
{'loss': 0.8065, 'learning_rate': 0.0003, 'epoch': 1.09}
{'loss': 0.7977, 'learning_rate': 0.0003, 'epoch': 1.09}
{'loss': 0.8098, 'learning_rate': 0.0003, 'epoch': 1.09}
{'loss': 0.8134, 'learning_rate': 0.0003, 'epoch': 1.09}
{'loss': 0.7995, 'learning_rate': 0.0003, 'epoch': 1.1}
{'loss': 0.7972, 'learning_rate': 0.0003, 'epoch': 1.1}
{'loss': 0.798, 'learning_rate': 0.0003, 'epoch': 1.1}
{'loss': 0.8024, 'learning_rate': 0.0003, 'epoch': 1.1}
{'loss': 0.7916, 'learning_rate': 0.0003, 'epoch': 1.1}
{'loss': 0.7955, 'learning_rate': 0.0003, 'epoch': 1.1}
{'loss': 0.8204, 'learning_rate': 0.0003, 'epoch': 1.11}
{'loss': 0.8134, 'learning_rate': 0.0003, 'epoch': 1.11}
{'loss': 0.7969, 'learning_rate': 0.0003, 'epoch': 1.11}
{'loss': 0.7984, 'learning_rate': 0.0003, 'epoch': 1.11}
{'train_runtime': 30433.2447, 'train_samples_per_second': 3.402, 'train_steps_per_second': 0.425, 'train_loss': 0.8295534785111635, 'epoch': 1.11}
