MoloraConfig(peft_type=<PeftType.MOLORA: 'MOLORA'>, auto_mapping=None, base_model_name_or_path=None, revision=None, task_type='CAUSAL_LM', inference_mode=False, r=16, target_modules=['q_proj', 'v_proj'], lora_alpha=32, lora_dropout=0.1, fan_in_fan_out=False, bias='none', modules_to_save=None, init_lora_weights=True, layers_to_transform=None, layers_pattern=None, rank_pattern={}, alpha_pattern={}, num_experts=5, only_router=True, train_single_expert=False, experts_to_combine=['expert_0', 'expert_1', 'expert_2', 'expert_3', 'expert_4'], top_k=0, top_p=0.0, self_attn_router=True, self_attn_hidden_dim=4, self_attn_use_value=True, random_routing=False, uniform_routing=False, dot_product_routing=False)
PeftModelForCausalLM(
  (base_model): MoloraModel(
    (model): LlamaForCausalLM(
      (model): LlamaModel(
        (embed_tokens): Embedding(32000, 4096)
        (layers): ModuleList(
          (0-31): 32 x LlamaDecoderLayer(
            (self_attn): LlamaAttention(
              (q_proj): Linear4bit(
                in_features=4096, out_features=4096, bias=False
                (lora_dropout): ModuleDict(
                  (default): Dropout(p=0.1, inplace=False)
                )
                (lora_A): ParameterDict(  (default): Parameter containing: [torch.cuda.FloatTensor of size 5x4096x16 (GPU 0)])
                (lora_B): ParameterDict(  (default): Parameter containing: [torch.cuda.FloatTensor of size 5x16x4096 (GPU 0)])
                (lora_router): ModuleDict(
                  (default): SelfAttentionRouter(
                    (query): Linear(in_features=4096, out_features=4, bias=True)
                    (key): Linear(in_features=4096, out_features=4, bias=True)
                    (value): Linear(in_features=4096, out_features=4096, bias=True)
                  )
                )
              )
              (k_proj): Linear4bit(in_features=4096, out_features=4096, bias=False)
              (v_proj): Linear4bit(
                in_features=4096, out_features=4096, bias=False
                (lora_dropout): ModuleDict(
                  (default): Dropout(p=0.1, inplace=False)
                )
                (lora_A): ParameterDict(  (default): Parameter containing: [torch.cuda.FloatTensor of size 5x4096x16 (GPU 0)])
                (lora_B): ParameterDict(  (default): Parameter containing: [torch.cuda.FloatTensor of size 5x16x4096 (GPU 0)])
                (lora_router): ModuleDict(
                  (default): SelfAttentionRouter(
                    (query): Linear(in_features=4096, out_features=4, bias=True)
                    (key): Linear(in_features=4096, out_features=4, bias=True)
                    (value): Linear(in_features=4096, out_features=4096, bias=True)
                  )
                )
              )
              (o_proj): Linear4bit(in_features=4096, out_features=4096, bias=False)
              (rotary_emb): LlamaRotaryEmbedding()
            )
            (mlp): LlamaMLP(
              (gate_proj): Linear4bit(in_features=4096, out_features=11008, bias=False)
              (up_proj): Linear4bit(in_features=4096, out_features=11008, bias=False)
              (down_proj): Linear4bit(in_features=11008, out_features=4096, bias=False)
              (act_fn): SiLUActivation()
            )
            (input_layernorm): LlamaRMSNorm()
            (post_attention_layernorm): LlamaRMSNorm()
          )
        )
        (norm): LlamaRMSNorm()
      )
      (lm_head): Linear(in_features=4096, out_features=32000, bias=False)
    )
  )
)
trainable params: 1,076,101,632 || all params: 7,856,460,288 || trainable%: 13.697028846994154
base_model.model.model.layers.0.self_attn.q_proj.lora_router.default.query.weight
base_model.model.model.layers.0.self_attn.q_proj.lora_router.default.query.bias
base_model.model.model.layers.0.self_attn.q_proj.lora_router.default.key.weight
base_model.model.model.layers.0.self_attn.q_proj.lora_router.default.key.bias
base_model.model.model.layers.0.self_attn.q_proj.lora_router.default.value.weight
base_model.model.model.layers.0.self_attn.q_proj.lora_router.default.value.bias
base_model.model.model.layers.0.self_attn.v_proj.lora_router.default.query.weight
base_model.model.model.layers.0.self_attn.v_proj.lora_router.default.query.bias
base_model.model.model.layers.0.self_attn.v_proj.lora_router.default.key.weight
base_model.model.model.layers.0.self_attn.v_proj.lora_router.default.key.bias
base_model.model.model.layers.0.self_attn.v_proj.lora_router.default.value.weight
base_model.model.model.layers.0.self_attn.v_proj.lora_router.default.value.bias
base_model.model.model.layers.1.self_attn.q_proj.lora_router.default.query.weight
base_model.model.model.layers.1.self_attn.q_proj.lora_router.default.query.bias
base_model.model.model.layers.1.self_attn.q_proj.lora_router.default.key.weight
base_model.model.model.layers.1.self_attn.q_proj.lora_router.default.key.bias
base_model.model.model.layers.1.self_attn.q_proj.lora_router.default.value.weight
base_model.model.model.layers.1.self_attn.q_proj.lora_router.default.value.bias
base_model.model.model.layers.1.self_attn.v_proj.lora_router.default.query.weight
base_model.model.model.layers.1.self_attn.v_proj.lora_router.default.query.bias
base_model.model.model.layers.1.self_attn.v_proj.lora_router.default.key.weight
base_model.model.model.layers.1.self_attn.v_proj.lora_router.default.key.bias
base_model.model.model.layers.1.self_attn.v_proj.lora_router.default.value.weight
base_model.model.model.layers.1.self_attn.v_proj.lora_router.default.value.bias
base_model.model.model.layers.2.self_attn.q_proj.lora_router.default.query.weight
base_model.model.model.layers.2.self_attn.q_proj.lora_router.default.query.bias
base_model.model.model.layers.2.self_attn.q_proj.lora_router.default.key.weight
base_model.model.model.layers.2.self_attn.q_proj.lora_router.default.key.bias
base_model.model.model.layers.2.self_attn.q_proj.lora_router.default.value.weight
base_model.model.model.layers.2.self_attn.q_proj.lora_router.default.value.bias
base_model.model.model.layers.2.self_attn.v_proj.lora_router.default.query.weight
base_model.model.model.layers.2.self_attn.v_proj.lora_router.default.query.bias
base_model.model.model.layers.2.self_attn.v_proj.lora_router.default.key.weight
base_model.model.model.layers.2.self_attn.v_proj.lora_router.default.key.bias
base_model.model.model.layers.2.self_attn.v_proj.lora_router.default.value.weight
base_model.model.model.layers.2.self_attn.v_proj.lora_router.default.value.bias
base_model.model.model.layers.3.self_attn.q_proj.lora_router.default.query.weight
base_model.model.model.layers.3.self_attn.q_proj.lora_router.default.query.bias
base_model.model.model.layers.3.self_attn.q_proj.lora_router.default.key.weight
base_model.model.model.layers.3.self_attn.q_proj.lora_router.default.key.bias
base_model.model.model.layers.3.self_attn.q_proj.lora_router.default.value.weight
base_model.model.model.layers.3.self_attn.q_proj.lora_router.default.value.bias
base_model.model.model.layers.3.self_attn.v_proj.lora_router.default.query.weight
base_model.model.model.layers.3.self_attn.v_proj.lora_router.default.query.bias
base_model.model.model.layers.3.self_attn.v_proj.lora_router.default.key.weight
base_model.model.model.layers.3.self_attn.v_proj.lora_router.default.key.bias
base_model.model.model.layers.3.self_attn.v_proj.lora_router.default.value.weight
base_model.model.model.layers.3.self_attn.v_proj.lora_router.default.value.bias
base_model.model.model.layers.4.self_attn.q_proj.lora_router.default.query.weight
base_model.model.model.layers.4.self_attn.q_proj.lora_router.default.query.bias
base_model.model.model.layers.4.self_attn.q_proj.lora_router.default.key.weight
base_model.model.model.layers.4.self_attn.q_proj.lora_router.default.key.bias
base_model.model.model.layers.4.self_attn.q_proj.lora_router.default.value.weight
base_model.model.model.layers.4.self_attn.q_proj.lora_router.default.value.bias
base_model.model.model.layers.4.self_attn.v_proj.lora_router.default.query.weight
base_model.model.model.layers.4.self_attn.v_proj.lora_router.default.query.bias
base_model.model.model.layers.4.self_attn.v_proj.lora_router.default.key.weight
base_model.model.model.layers.4.self_attn.v_proj.lora_router.default.key.bias
base_model.model.model.layers.4.self_attn.v_proj.lora_router.default.value.weight
base_model.model.model.layers.4.self_attn.v_proj.lora_router.default.value.bias
base_model.model.model.layers.5.self_attn.q_proj.lora_router.default.query.weight
base_model.model.model.layers.5.self_attn.q_proj.lora_router.default.query.bias
base_model.model.model.layers.5.self_attn.q_proj.lora_router.default.key.weight
base_model.model.model.layers.5.self_attn.q_proj.lora_router.default.key.bias
base_model.model.model.layers.5.self_attn.q_proj.lora_router.default.value.weight
base_model.model.model.layers.5.self_attn.q_proj.lora_router.default.value.bias
base_model.model.model.layers.5.self_attn.v_proj.lora_router.default.query.weight
base_model.model.model.layers.5.self_attn.v_proj.lora_router.default.query.bias
base_model.model.model.layers.5.self_attn.v_proj.lora_router.default.key.weight
base_model.model.model.layers.5.self_attn.v_proj.lora_router.default.key.bias
base_model.model.model.layers.5.self_attn.v_proj.lora_router.default.value.weight
base_model.model.model.layers.5.self_attn.v_proj.lora_router.default.value.bias
base_model.model.model.layers.6.self_attn.q_proj.lora_router.default.query.weight
base_model.model.model.layers.6.self_attn.q_proj.lora_router.default.query.bias
base_model.model.model.layers.6.self_attn.q_proj.lora_router.default.key.weight
base_model.model.model.layers.6.self_attn.q_proj.lora_router.default.key.bias
base_model.model.model.layers.6.self_attn.q_proj.lora_router.default.value.weight
base_model.model.model.layers.6.self_attn.q_proj.lora_router.default.value.bias
base_model.model.model.layers.6.self_attn.v_proj.lora_router.default.query.weight
base_model.model.model.layers.6.self_attn.v_proj.lora_router.default.query.bias
base_model.model.model.layers.6.self_attn.v_proj.lora_router.default.key.weight
base_model.model.model.layers.6.self_attn.v_proj.lora_router.default.key.bias
base_model.model.model.layers.6.self_attn.v_proj.lora_router.default.value.weight
base_model.model.model.layers.6.self_attn.v_proj.lora_router.default.value.bias
base_model.model.model.layers.7.self_attn.q_proj.lora_router.default.query.weight
base_model.model.model.layers.7.self_attn.q_proj.lora_router.default.query.bias
base_model.model.model.layers.7.self_attn.q_proj.lora_router.default.key.weight
base_model.model.model.layers.7.self_attn.q_proj.lora_router.default.key.bias
base_model.model.model.layers.7.self_attn.q_proj.lora_router.default.value.weight
base_model.model.model.layers.7.self_attn.q_proj.lora_router.default.value.bias
base_model.model.model.layers.7.self_attn.v_proj.lora_router.default.query.weight
base_model.model.model.layers.7.self_attn.v_proj.lora_router.default.query.bias
base_model.model.model.layers.7.self_attn.v_proj.lora_router.default.key.weight
base_model.model.model.layers.7.self_attn.v_proj.lora_router.default.key.bias
base_model.model.model.layers.7.self_attn.v_proj.lora_router.default.value.weight
base_model.model.model.layers.7.self_attn.v_proj.lora_router.default.value.bias
base_model.model.model.layers.8.self_attn.q_proj.lora_router.default.query.weight
base_model.model.model.layers.8.self_attn.q_proj.lora_router.default.query.bias
base_model.model.model.layers.8.self_attn.q_proj.lora_router.default.key.weight
base_model.model.model.layers.8.self_attn.q_proj.lora_router.default.key.bias
base_model.model.model.layers.8.self_attn.q_proj.lora_router.default.value.weight
base_model.model.model.layers.8.self_attn.q_proj.lora_router.default.value.bias
base_model.model.model.layers.8.self_attn.v_proj.lora_router.default.query.weight
base_model.model.model.layers.8.self_attn.v_proj.lora_router.default.query.bias
base_model.model.model.layers.8.self_attn.v_proj.lora_router.default.key.weight
base_model.model.model.layers.8.self_attn.v_proj.lora_router.default.key.bias
base_model.model.model.layers.8.self_attn.v_proj.lora_router.default.value.weight
base_model.model.model.layers.8.self_attn.v_proj.lora_router.default.value.bias
base_model.model.model.layers.9.self_attn.q_proj.lora_router.default.query.weight
base_model.model.model.layers.9.self_attn.q_proj.lora_router.default.query.bias
base_model.model.model.layers.9.self_attn.q_proj.lora_router.default.key.weight
base_model.model.model.layers.9.self_attn.q_proj.lora_router.default.key.bias
base_model.model.model.layers.9.self_attn.q_proj.lora_router.default.value.weight
base_model.model.model.layers.9.self_attn.q_proj.lora_router.default.value.bias
base_model.model.model.layers.9.self_attn.v_proj.lora_router.default.query.weight
base_model.model.model.layers.9.self_attn.v_proj.lora_router.default.query.bias
base_model.model.model.layers.9.self_attn.v_proj.lora_router.default.key.weight
base_model.model.model.layers.9.self_attn.v_proj.lora_router.default.key.bias
base_model.model.model.layers.9.self_attn.v_proj.lora_router.default.value.weight
base_model.model.model.layers.9.self_attn.v_proj.lora_router.default.value.bias
base_model.model.model.layers.10.self_attn.q_proj.lora_router.default.query.weight
base_model.model.model.layers.10.self_attn.q_proj.lora_router.default.query.bias
base_model.model.model.layers.10.self_attn.q_proj.lora_router.default.key.weight
base_model.model.model.layers.10.self_attn.q_proj.lora_router.default.key.bias
base_model.model.model.layers.10.self_attn.q_proj.lora_router.default.value.weight
base_model.model.model.layers.10.self_attn.q_proj.lora_router.default.value.bias
base_model.model.model.layers.10.self_attn.v_proj.lora_router.default.query.weight
base_model.model.model.layers.10.self_attn.v_proj.lora_router.default.query.bias
base_model.model.model.layers.10.self_attn.v_proj.lora_router.default.key.weight
base_model.model.model.layers.10.self_attn.v_proj.lora_router.default.key.bias
base_model.model.model.layers.10.self_attn.v_proj.lora_router.default.value.weight
base_model.model.model.layers.10.self_attn.v_proj.lora_router.default.value.bias
base_model.model.model.layers.11.self_attn.q_proj.lora_router.default.query.weight
base_model.model.model.layers.11.self_attn.q_proj.lora_router.default.query.bias
base_model.model.model.layers.11.self_attn.q_proj.lora_router.default.key.weight
base_model.model.model.layers.11.self_attn.q_proj.lora_router.default.key.bias
base_model.model.model.layers.11.self_attn.q_proj.lora_router.default.value.weight
base_model.model.model.layers.11.self_attn.q_proj.lora_router.default.value.bias
base_model.model.model.layers.11.self_attn.v_proj.lora_router.default.query.weight
base_model.model.model.layers.11.self_attn.v_proj.lora_router.default.query.bias
base_model.model.model.layers.11.self_attn.v_proj.lora_router.default.key.weight
base_model.model.model.layers.11.self_attn.v_proj.lora_router.default.key.bias
base_model.model.model.layers.11.self_attn.v_proj.lora_router.default.value.weight
base_model.model.model.layers.11.self_attn.v_proj.lora_router.default.value.bias
base_model.model.model.layers.12.self_attn.q_proj.lora_router.default.query.weight
base_model.model.model.layers.12.self_attn.q_proj.lora_router.default.query.bias
base_model.model.model.layers.12.self_attn.q_proj.lora_router.default.key.weight
base_model.model.model.layers.12.self_attn.q_proj.lora_router.default.key.bias
base_model.model.model.layers.12.self_attn.q_proj.lora_router.default.value.weight
base_model.model.model.layers.12.self_attn.q_proj.lora_router.default.value.bias
base_model.model.model.layers.12.self_attn.v_proj.lora_router.default.query.weight
base_model.model.model.layers.12.self_attn.v_proj.lora_router.default.query.bias
base_model.model.model.layers.12.self_attn.v_proj.lora_router.default.key.weight
base_model.model.model.layers.12.self_attn.v_proj.lora_router.default.key.bias
base_model.model.model.layers.12.self_attn.v_proj.lora_router.default.value.weight
base_model.model.model.layers.12.self_attn.v_proj.lora_router.default.value.bias
base_model.model.model.layers.13.self_attn.q_proj.lora_router.default.query.weight
base_model.model.model.layers.13.self_attn.q_proj.lora_router.default.query.bias
base_model.model.model.layers.13.self_attn.q_proj.lora_router.default.key.weight
base_model.model.model.layers.13.self_attn.q_proj.lora_router.default.key.bias
base_model.model.model.layers.13.self_attn.q_proj.lora_router.default.value.weight
base_model.model.model.layers.13.self_attn.q_proj.lora_router.default.value.bias
base_model.model.model.layers.13.self_attn.v_proj.lora_router.default.query.weight
base_model.model.model.layers.13.self_attn.v_proj.lora_router.default.query.bias
base_model.model.model.layers.13.self_attn.v_proj.lora_router.default.key.weight
base_model.model.model.layers.13.self_attn.v_proj.lora_router.default.key.bias
base_model.model.model.layers.13.self_attn.v_proj.lora_router.default.value.weight
base_model.model.model.layers.13.self_attn.v_proj.lora_router.default.value.bias
base_model.model.model.layers.14.self_attn.q_proj.lora_router.default.query.weight
base_model.model.model.layers.14.self_attn.q_proj.lora_router.default.query.bias
base_model.model.model.layers.14.self_attn.q_proj.lora_router.default.key.weight
base_model.model.model.layers.14.self_attn.q_proj.lora_router.default.key.bias
base_model.model.model.layers.14.self_attn.q_proj.lora_router.default.value.weight
base_model.model.model.layers.14.self_attn.q_proj.lora_router.default.value.bias
base_model.model.model.layers.14.self_attn.v_proj.lora_router.default.query.weight
base_model.model.model.layers.14.self_attn.v_proj.lora_router.default.query.bias
base_model.model.model.layers.14.self_attn.v_proj.lora_router.default.key.weight
base_model.model.model.layers.14.self_attn.v_proj.lora_router.default.key.bias
base_model.model.model.layers.14.self_attn.v_proj.lora_router.default.value.weight
base_model.model.model.layers.14.self_attn.v_proj.lora_router.default.value.bias
base_model.model.model.layers.15.self_attn.q_proj.lora_router.default.query.weight
base_model.model.model.layers.15.self_attn.q_proj.lora_router.default.query.bias
base_model.model.model.layers.15.self_attn.q_proj.lora_router.default.key.weight
base_model.model.model.layers.15.self_attn.q_proj.lora_router.default.key.bias
base_model.model.model.layers.15.self_attn.q_proj.lora_router.default.value.weight
base_model.model.model.layers.15.self_attn.q_proj.lora_router.default.value.bias
base_model.model.model.layers.15.self_attn.v_proj.lora_router.default.query.weight
base_model.model.model.layers.15.self_attn.v_proj.lora_router.default.query.bias
base_model.model.model.layers.15.self_attn.v_proj.lora_router.default.key.weight
base_model.model.model.layers.15.self_attn.v_proj.lora_router.default.key.bias
base_model.model.model.layers.15.self_attn.v_proj.lora_router.default.value.weight
base_model.model.model.layers.15.self_attn.v_proj.lora_router.default.value.bias
base_model.model.model.layers.16.self_attn.q_proj.lora_router.default.query.weight
base_model.model.model.layers.16.self_attn.q_proj.lora_router.default.query.bias
base_model.model.model.layers.16.self_attn.q_proj.lora_router.default.key.weight
base_model.model.model.layers.16.self_attn.q_proj.lora_router.default.key.bias
base_model.model.model.layers.16.self_attn.q_proj.lora_router.default.value.weight
base_model.model.model.layers.16.self_attn.q_proj.lora_router.default.value.bias
base_model.model.model.layers.16.self_attn.v_proj.lora_router.default.query.weight
base_model.model.model.layers.16.self_attn.v_proj.lora_router.default.query.bias
base_model.model.model.layers.16.self_attn.v_proj.lora_router.default.key.weight
base_model.model.model.layers.16.self_attn.v_proj.lora_router.default.key.bias
base_model.model.model.layers.16.self_attn.v_proj.lora_router.default.value.weight
base_model.model.model.layers.16.self_attn.v_proj.lora_router.default.value.bias
base_model.model.model.layers.17.self_attn.q_proj.lora_router.default.query.weight
base_model.model.model.layers.17.self_attn.q_proj.lora_router.default.query.bias
base_model.model.model.layers.17.self_attn.q_proj.lora_router.default.key.weight
base_model.model.model.layers.17.self_attn.q_proj.lora_router.default.key.bias
base_model.model.model.layers.17.self_attn.q_proj.lora_router.default.value.weight
base_model.model.model.layers.17.self_attn.q_proj.lora_router.default.value.bias
base_model.model.model.layers.17.self_attn.v_proj.lora_router.default.query.weight
base_model.model.model.layers.17.self_attn.v_proj.lora_router.default.query.bias
base_model.model.model.layers.17.self_attn.v_proj.lora_router.default.key.weight
base_model.model.model.layers.17.self_attn.v_proj.lora_router.default.key.bias
base_model.model.model.layers.17.self_attn.v_proj.lora_router.default.value.weight
base_model.model.model.layers.17.self_attn.v_proj.lora_router.default.value.bias
base_model.model.model.layers.18.self_attn.q_proj.lora_router.default.query.weight
base_model.model.model.layers.18.self_attn.q_proj.lora_router.default.query.bias
base_model.model.model.layers.18.self_attn.q_proj.lora_router.default.key.weight
base_model.model.model.layers.18.self_attn.q_proj.lora_router.default.key.bias
base_model.model.model.layers.18.self_attn.q_proj.lora_router.default.value.weight
base_model.model.model.layers.18.self_attn.q_proj.lora_router.default.value.bias
base_model.model.model.layers.18.self_attn.v_proj.lora_router.default.query.weight
base_model.model.model.layers.18.self_attn.v_proj.lora_router.default.query.bias
base_model.model.model.layers.18.self_attn.v_proj.lora_router.default.key.weight
base_model.model.model.layers.18.self_attn.v_proj.lora_router.default.key.bias
base_model.model.model.layers.18.self_attn.v_proj.lora_router.default.value.weight
base_model.model.model.layers.18.self_attn.v_proj.lora_router.default.value.bias
base_model.model.model.layers.19.self_attn.q_proj.lora_router.default.query.weight
base_model.model.model.layers.19.self_attn.q_proj.lora_router.default.query.bias
base_model.model.model.layers.19.self_attn.q_proj.lora_router.default.key.weight
base_model.model.model.layers.19.self_attn.q_proj.lora_router.default.key.bias
base_model.model.model.layers.19.self_attn.q_proj.lora_router.default.value.weight
base_model.model.model.layers.19.self_attn.q_proj.lora_router.default.value.bias
base_model.model.model.layers.19.self_attn.v_proj.lora_router.default.query.weight
base_model.model.model.layers.19.self_attn.v_proj.lora_router.default.query.bias
base_model.model.model.layers.19.self_attn.v_proj.lora_router.default.key.weight
base_model.model.model.layers.19.self_attn.v_proj.lora_router.default.key.bias
base_model.model.model.layers.19.self_attn.v_proj.lora_router.default.value.weight
base_model.model.model.layers.19.self_attn.v_proj.lora_router.default.value.bias
base_model.model.model.layers.20.self_attn.q_proj.lora_router.default.query.weight
base_model.model.model.layers.20.self_attn.q_proj.lora_router.default.query.bias
base_model.model.model.layers.20.self_attn.q_proj.lora_router.default.key.weight
base_model.model.model.layers.20.self_attn.q_proj.lora_router.default.key.bias
base_model.model.model.layers.20.self_attn.q_proj.lora_router.default.value.weight
base_model.model.model.layers.20.self_attn.q_proj.lora_router.default.value.bias
base_model.model.model.layers.20.self_attn.v_proj.lora_router.default.query.weight
base_model.model.model.layers.20.self_attn.v_proj.lora_router.default.query.bias
base_model.model.model.layers.20.self_attn.v_proj.lora_router.default.key.weight
base_model.model.model.layers.20.self_attn.v_proj.lora_router.default.key.bias
base_model.model.model.layers.20.self_attn.v_proj.lora_router.default.value.weight
base_model.model.model.layers.20.self_attn.v_proj.lora_router.default.value.bias
base_model.model.model.layers.21.self_attn.q_proj.lora_router.default.query.weight
base_model.model.model.layers.21.self_attn.q_proj.lora_router.default.query.bias
base_model.model.model.layers.21.self_attn.q_proj.lora_router.default.key.weight
base_model.model.model.layers.21.self_attn.q_proj.lora_router.default.key.bias
base_model.model.model.layers.21.self_attn.q_proj.lora_router.default.value.weight
base_model.model.model.layers.21.self_attn.q_proj.lora_router.default.value.bias
base_model.model.model.layers.21.self_attn.v_proj.lora_router.default.query.weight
base_model.model.model.layers.21.self_attn.v_proj.lora_router.default.query.bias
base_model.model.model.layers.21.self_attn.v_proj.lora_router.default.key.weight
base_model.model.model.layers.21.self_attn.v_proj.lora_router.default.key.bias
base_model.model.model.layers.21.self_attn.v_proj.lora_router.default.value.weight
base_model.model.model.layers.21.self_attn.v_proj.lora_router.default.value.bias
base_model.model.model.layers.22.self_attn.q_proj.lora_router.default.query.weight
base_model.model.model.layers.22.self_attn.q_proj.lora_router.default.query.bias
base_model.model.model.layers.22.self_attn.q_proj.lora_router.default.key.weight
base_model.model.model.layers.22.self_attn.q_proj.lora_router.default.key.bias
base_model.model.model.layers.22.self_attn.q_proj.lora_router.default.value.weight
base_model.model.model.layers.22.self_attn.q_proj.lora_router.default.value.bias
base_model.model.model.layers.22.self_attn.v_proj.lora_router.default.query.weight
base_model.model.model.layers.22.self_attn.v_proj.lora_router.default.query.bias
base_model.model.model.layers.22.self_attn.v_proj.lora_router.default.key.weight
base_model.model.model.layers.22.self_attn.v_proj.lora_router.default.key.bias
base_model.model.model.layers.22.self_attn.v_proj.lora_router.default.value.weight
base_model.model.model.layers.22.self_attn.v_proj.lora_router.default.value.bias
base_model.model.model.layers.23.self_attn.q_proj.lora_router.default.query.weight
base_model.model.model.layers.23.self_attn.q_proj.lora_router.default.query.bias
base_model.model.model.layers.23.self_attn.q_proj.lora_router.default.key.weight
base_model.model.model.layers.23.self_attn.q_proj.lora_router.default.key.bias
base_model.model.model.layers.23.self_attn.q_proj.lora_router.default.value.weight
base_model.model.model.layers.23.self_attn.q_proj.lora_router.default.value.bias
base_model.model.model.layers.23.self_attn.v_proj.lora_router.default.query.weight
base_model.model.model.layers.23.self_attn.v_proj.lora_router.default.query.bias
base_model.model.model.layers.23.self_attn.v_proj.lora_router.default.key.weight
base_model.model.model.layers.23.self_attn.v_proj.lora_router.default.key.bias
base_model.model.model.layers.23.self_attn.v_proj.lora_router.default.value.weight
base_model.model.model.layers.23.self_attn.v_proj.lora_router.default.value.bias
base_model.model.model.layers.24.self_attn.q_proj.lora_router.default.query.weight
base_model.model.model.layers.24.self_attn.q_proj.lora_router.default.query.bias
base_model.model.model.layers.24.self_attn.q_proj.lora_router.default.key.weight
base_model.model.model.layers.24.self_attn.q_proj.lora_router.default.key.bias
base_model.model.model.layers.24.self_attn.q_proj.lora_router.default.value.weight
base_model.model.model.layers.24.self_attn.q_proj.lora_router.default.value.bias
base_model.model.model.layers.24.self_attn.v_proj.lora_router.default.query.weight
base_model.model.model.layers.24.self_attn.v_proj.lora_router.default.query.bias
base_model.model.model.layers.24.self_attn.v_proj.lora_router.default.key.weight
base_model.model.model.layers.24.self_attn.v_proj.lora_router.default.key.bias
base_model.model.model.layers.24.self_attn.v_proj.lora_router.default.value.weight
base_model.model.model.layers.24.self_attn.v_proj.lora_router.default.value.bias
base_model.model.model.layers.25.self_attn.q_proj.lora_router.default.query.weight
base_model.model.model.layers.25.self_attn.q_proj.lora_router.default.query.bias
base_model.model.model.layers.25.self_attn.q_proj.lora_router.default.key.weight
base_model.model.model.layers.25.self_attn.q_proj.lora_router.default.key.bias
base_model.model.model.layers.25.self_attn.q_proj.lora_router.default.value.weight
base_model.model.model.layers.25.self_attn.q_proj.lora_router.default.value.bias
base_model.model.model.layers.25.self_attn.v_proj.lora_router.default.query.weight
base_model.model.model.layers.25.self_attn.v_proj.lora_router.default.query.bias
base_model.model.model.layers.25.self_attn.v_proj.lora_router.default.key.weight
base_model.model.model.layers.25.self_attn.v_proj.lora_router.default.key.bias
base_model.model.model.layers.25.self_attn.v_proj.lora_router.default.value.weight
base_model.model.model.layers.25.self_attn.v_proj.lora_router.default.value.bias
base_model.model.model.layers.26.self_attn.q_proj.lora_router.default.query.weight
base_model.model.model.layers.26.self_attn.q_proj.lora_router.default.query.bias
base_model.model.model.layers.26.self_attn.q_proj.lora_router.default.key.weight
base_model.model.model.layers.26.self_attn.q_proj.lora_router.default.key.bias
base_model.model.model.layers.26.self_attn.q_proj.lora_router.default.value.weight
base_model.model.model.layers.26.self_attn.q_proj.lora_router.default.value.bias
base_model.model.model.layers.26.self_attn.v_proj.lora_router.default.query.weight
base_model.model.model.layers.26.self_attn.v_proj.lora_router.default.query.bias
base_model.model.model.layers.26.self_attn.v_proj.lora_router.default.key.weight
base_model.model.model.layers.26.self_attn.v_proj.lora_router.default.key.bias
base_model.model.model.layers.26.self_attn.v_proj.lora_router.default.value.weight
base_model.model.model.layers.26.self_attn.v_proj.lora_router.default.value.bias
base_model.model.model.layers.27.self_attn.q_proj.lora_router.default.query.weight
base_model.model.model.layers.27.self_attn.q_proj.lora_router.default.query.bias
base_model.model.model.layers.27.self_attn.q_proj.lora_router.default.key.weight
base_model.model.model.layers.27.self_attn.q_proj.lora_router.default.key.bias
base_model.model.model.layers.27.self_attn.q_proj.lora_router.default.value.weight
base_model.model.model.layers.27.self_attn.q_proj.lora_router.default.value.bias
base_model.model.model.layers.27.self_attn.v_proj.lora_router.default.query.weight
base_model.model.model.layers.27.self_attn.v_proj.lora_router.default.query.bias
base_model.model.model.layers.27.self_attn.v_proj.lora_router.default.key.weight
base_model.model.model.layers.27.self_attn.v_proj.lora_router.default.key.bias
base_model.model.model.layers.27.self_attn.v_proj.lora_router.default.value.weight
base_model.model.model.layers.27.self_attn.v_proj.lora_router.default.value.bias
base_model.model.model.layers.28.self_attn.q_proj.lora_router.default.query.weight
base_model.model.model.layers.28.self_attn.q_proj.lora_router.default.query.bias
base_model.model.model.layers.28.self_attn.q_proj.lora_router.default.key.weight
base_model.model.model.layers.28.self_attn.q_proj.lora_router.default.key.bias
base_model.model.model.layers.28.self_attn.q_proj.lora_router.default.value.weight
base_model.model.model.layers.28.self_attn.q_proj.lora_router.default.value.bias
base_model.model.model.layers.28.self_attn.v_proj.lora_router.default.query.weight
base_model.model.model.layers.28.self_attn.v_proj.lora_router.default.query.bias
base_model.model.model.layers.28.self_attn.v_proj.lora_router.default.key.weight
base_model.model.model.layers.28.self_attn.v_proj.lora_router.default.key.bias
base_model.model.model.layers.28.self_attn.v_proj.lora_router.default.value.weight
base_model.model.model.layers.28.self_attn.v_proj.lora_router.default.value.bias
base_model.model.model.layers.29.self_attn.q_proj.lora_router.default.query.weight
base_model.model.model.layers.29.self_attn.q_proj.lora_router.default.query.bias
base_model.model.model.layers.29.self_attn.q_proj.lora_router.default.key.weight
base_model.model.model.layers.29.self_attn.q_proj.lora_router.default.key.bias
base_model.model.model.layers.29.self_attn.q_proj.lora_router.default.value.weight
base_model.model.model.layers.29.self_attn.q_proj.lora_router.default.value.bias
base_model.model.model.layers.29.self_attn.v_proj.lora_router.default.query.weight
base_model.model.model.layers.29.self_attn.v_proj.lora_router.default.query.bias
base_model.model.model.layers.29.self_attn.v_proj.lora_router.default.key.weight
base_model.model.model.layers.29.self_attn.v_proj.lora_router.default.key.bias
base_model.model.model.layers.29.self_attn.v_proj.lora_router.default.value.weight
base_model.model.model.layers.29.self_attn.v_proj.lora_router.default.value.bias
base_model.model.model.layers.30.self_attn.q_proj.lora_router.default.query.weight
base_model.model.model.layers.30.self_attn.q_proj.lora_router.default.query.bias
base_model.model.model.layers.30.self_attn.q_proj.lora_router.default.key.weight
base_model.model.model.layers.30.self_attn.q_proj.lora_router.default.key.bias
base_model.model.model.layers.30.self_attn.q_proj.lora_router.default.value.weight
base_model.model.model.layers.30.self_attn.q_proj.lora_router.default.value.bias
base_model.model.model.layers.30.self_attn.v_proj.lora_router.default.query.weight
base_model.model.model.layers.30.self_attn.v_proj.lora_router.default.query.bias
base_model.model.model.layers.30.self_attn.v_proj.lora_router.default.key.weight
base_model.model.model.layers.30.self_attn.v_proj.lora_router.default.key.bias
base_model.model.model.layers.30.self_attn.v_proj.lora_router.default.value.weight
base_model.model.model.layers.30.self_attn.v_proj.lora_router.default.value.bias
base_model.model.model.layers.31.self_attn.q_proj.lora_router.default.query.weight
base_model.model.model.layers.31.self_attn.q_proj.lora_router.default.query.bias
base_model.model.model.layers.31.self_attn.q_proj.lora_router.default.key.weight
base_model.model.model.layers.31.self_attn.q_proj.lora_router.default.key.bias
base_model.model.model.layers.31.self_attn.q_proj.lora_router.default.value.weight
base_model.model.model.layers.31.self_attn.q_proj.lora_router.default.value.bias
base_model.model.model.layers.31.self_attn.v_proj.lora_router.default.query.weight
base_model.model.model.layers.31.self_attn.v_proj.lora_router.default.query.bias
base_model.model.model.layers.31.self_attn.v_proj.lora_router.default.key.weight
base_model.model.model.layers.31.self_attn.v_proj.lora_router.default.key.bias
base_model.model.model.layers.31.self_attn.v_proj.lora_router.default.value.weight
base_model.model.model.layers.31.self_attn.v_proj.lora_router.default.value.bias
{'loss': 1.0304, 'learning_rate': 0.0002, 'epoch': 0.0}
{'loss': 0.9303, 'learning_rate': 0.0002, 'epoch': 0.0}
{'loss': 0.9266, 'learning_rate': 0.0002, 'epoch': 0.0}
{'loss': 0.8856, 'learning_rate': 0.0002, 'epoch': 0.01}
{'loss': 0.8988, 'learning_rate': 0.0002, 'epoch': 0.01}
{'loss': 0.9008, 'learning_rate': 0.0002, 'epoch': 0.01}
{'loss': 0.9001, 'learning_rate': 0.0002, 'epoch': 0.01}
{'loss': 0.9044, 'learning_rate': 0.0002, 'epoch': 0.01}
{'loss': 0.9116, 'learning_rate': 0.0002, 'epoch': 0.01}
{'loss': 0.9016, 'learning_rate': 0.0002, 'epoch': 0.02}
{'loss': 0.9093, 'learning_rate': 0.0002, 'epoch': 0.02}
{'loss': 0.8844, 'learning_rate': 0.0002, 'epoch': 0.02}
{'loss': 0.9095, 'learning_rate': 0.0002, 'epoch': 0.02}
{'loss': 0.884, 'learning_rate': 0.0002, 'epoch': 0.02}
{'loss': 0.9201, 'learning_rate': 0.0002, 'epoch': 0.02}
{'loss': 0.9069, 'learning_rate': 0.0002, 'epoch': 0.02}
{'loss': 0.9017, 'learning_rate': 0.0002, 'epoch': 0.03}
{'loss': 0.8882, 'learning_rate': 0.0002, 'epoch': 0.03}
{'loss': 0.889, 'learning_rate': 0.0002, 'epoch': 0.03}
{'loss': 0.9077, 'learning_rate': 0.0002, 'epoch': 0.03}
{'loss': 0.899, 'learning_rate': 0.0002, 'epoch': 0.03}
{'loss': 0.8894, 'learning_rate': 0.0002, 'epoch': 0.03}
{'loss': 0.9065, 'learning_rate': 0.0002, 'epoch': 0.04}
{'loss': 0.8822, 'learning_rate': 0.0002, 'epoch': 0.04}
{'loss': 0.8941, 'learning_rate': 0.0002, 'epoch': 0.04}
{'loss': 0.8903, 'learning_rate': 0.0002, 'epoch': 0.04}
{'loss': 0.8842, 'learning_rate': 0.0002, 'epoch': 0.04}
{'loss': 0.8832, 'learning_rate': 0.0002, 'epoch': 0.04}
{'loss': 0.9101, 'learning_rate': 0.0002, 'epoch': 0.04}
{'loss': 0.896, 'learning_rate': 0.0002, 'epoch': 0.05}
{'loss': 0.8933, 'learning_rate': 0.0002, 'epoch': 0.05}
{'loss': 0.907, 'learning_rate': 0.0002, 'epoch': 0.05}
{'loss': 0.8968, 'learning_rate': 0.0002, 'epoch': 0.05}
{'loss': 0.8991, 'learning_rate': 0.0002, 'epoch': 0.05}
{'loss': 0.9075, 'learning_rate': 0.0002, 'epoch': 0.05}
{'loss': 0.8836, 'learning_rate': 0.0002, 'epoch': 0.06}
{'loss': 0.8917, 'learning_rate': 0.0002, 'epoch': 0.06}
{'loss': 0.8976, 'learning_rate': 0.0002, 'epoch': 0.06}
{'loss': 0.9036, 'learning_rate': 0.0002, 'epoch': 0.06}
{'loss': 0.8911, 'learning_rate': 0.0002, 'epoch': 0.06}
{'loss': 0.8981, 'learning_rate': 0.0002, 'epoch': 0.06}
{'loss': 0.8989, 'learning_rate': 0.0002, 'epoch': 0.06}
{'loss': 0.9002, 'learning_rate': 0.0002, 'epoch': 0.07}
{'loss': 0.8905, 'learning_rate': 0.0002, 'epoch': 0.07}
{'loss': 0.9128, 'learning_rate': 0.0002, 'epoch': 0.07}
{'loss': 0.8919, 'learning_rate': 0.0002, 'epoch': 0.07}
{'loss': 0.9096, 'learning_rate': 0.0002, 'epoch': 0.07}
{'loss': 0.9095, 'learning_rate': 0.0002, 'epoch': 0.07}
{'loss': 0.917, 'learning_rate': 0.0002, 'epoch': 0.08}
{'loss': 0.9108, 'learning_rate': 0.0002, 'epoch': 0.08}
{'loss': 0.9053, 'learning_rate': 0.0002, 'epoch': 0.08}
{'loss': 0.8923, 'learning_rate': 0.0002, 'epoch': 0.08}
{'loss': 0.9118, 'learning_rate': 0.0002, 'epoch': 0.08}
{'loss': 0.9093, 'learning_rate': 0.0002, 'epoch': 0.08}
{'loss': 0.9011, 'learning_rate': 0.0002, 'epoch': 0.09}
{'loss': 0.8985, 'learning_rate': 0.0002, 'epoch': 0.09}
{'loss': 0.9046, 'learning_rate': 0.0002, 'epoch': 0.09}
{'loss': 0.9064, 'learning_rate': 0.0002, 'epoch': 0.09}
{'loss': 0.8856, 'learning_rate': 0.0002, 'epoch': 0.09}
{'loss': 0.8907, 'learning_rate': 0.0002, 'epoch': 0.09}
{'loss': 0.8872, 'learning_rate': 0.0002, 'epoch': 0.09}
{'loss': 0.8805, 'learning_rate': 0.0002, 'epoch': 0.1}
{'loss': 0.9118, 'learning_rate': 0.0002, 'epoch': 0.1}
{'loss': 0.9067, 'learning_rate': 0.0002, 'epoch': 0.1}
{'loss': 0.9059, 'learning_rate': 0.0002, 'epoch': 0.1}
{'loss': 0.924, 'learning_rate': 0.0002, 'epoch': 0.1}
{'loss': 0.8895, 'learning_rate': 0.0002, 'epoch': 0.1}
{'loss': 0.8958, 'learning_rate': 0.0002, 'epoch': 0.11}
{'loss': 0.907, 'learning_rate': 0.0002, 'epoch': 0.11}
{'loss': 0.9147, 'learning_rate': 0.0002, 'epoch': 0.11}
{'loss': 0.8962, 'learning_rate': 0.0002, 'epoch': 0.11}
{'loss': 0.8707, 'learning_rate': 0.0002, 'epoch': 1.0}
{'loss': 0.8511, 'learning_rate': 0.0002, 'epoch': 1.0}
{'loss': 0.8521, 'learning_rate': 0.0002, 'epoch': 1.0}
{'loss': 0.8528, 'learning_rate': 0.0002, 'epoch': 1.01}
{'loss': 0.8741, 'learning_rate': 0.0002, 'epoch': 1.01}
{'loss': 0.8583, 'learning_rate': 0.0002, 'epoch': 1.01}
{'loss': 0.8535, 'learning_rate': 0.0002, 'epoch': 1.01}
{'loss': 0.8532, 'learning_rate': 0.0002, 'epoch': 1.01}
{'loss': 0.8754, 'learning_rate': 0.0002, 'epoch': 1.01}
{'loss': 0.8491, 'learning_rate': 0.0002, 'epoch': 1.01}
{'loss': 0.8499, 'learning_rate': 0.0002, 'epoch': 1.02}
{'loss': 0.8716, 'learning_rate': 0.0002, 'epoch': 1.02}
{'loss': 0.8406, 'learning_rate': 0.0002, 'epoch': 1.02}
{'loss': 0.8554, 'learning_rate': 0.0002, 'epoch': 1.02}
{'loss': 0.8591, 'learning_rate': 0.0002, 'epoch': 1.02}
{'loss': 0.8449, 'learning_rate': 0.0002, 'epoch': 1.02}
{'loss': 0.8724, 'learning_rate': 0.0002, 'epoch': 1.03}
{'loss': 0.8633, 'learning_rate': 0.0002, 'epoch': 1.03}
{'loss': 0.867, 'learning_rate': 0.0002, 'epoch': 1.03}
{'loss': 0.8596, 'learning_rate': 0.0002, 'epoch': 1.03}
{'loss': 0.8512, 'learning_rate': 0.0002, 'epoch': 1.03}
{'loss': 0.8478, 'learning_rate': 0.0002, 'epoch': 1.03}
{'loss': 0.8582, 'learning_rate': 0.0002, 'epoch': 1.03}
{'loss': 0.8604, 'learning_rate': 0.0002, 'epoch': 1.04}
{'loss': 0.8675, 'learning_rate': 0.0002, 'epoch': 1.04}
{'loss': 0.8554, 'learning_rate': 0.0002, 'epoch': 1.04}
{'loss': 0.8425, 'learning_rate': 0.0002, 'epoch': 1.04}
{'loss': 0.8612, 'learning_rate': 0.0002, 'epoch': 1.04}
{'loss': 0.8653, 'learning_rate': 0.0002, 'epoch': 1.04}
{'loss': 0.8707, 'learning_rate': 0.0002, 'epoch': 1.05}
{'loss': 0.8564, 'learning_rate': 0.0002, 'epoch': 1.05}
{'loss': 0.8552, 'learning_rate': 0.0002, 'epoch': 1.05}
{'loss': 0.8577, 'learning_rate': 0.0002, 'epoch': 1.05}
{'loss': 0.8594, 'learning_rate': 0.0002, 'epoch': 1.05}
{'loss': 0.8575, 'learning_rate': 0.0002, 'epoch': 1.05}
{'loss': 0.8503, 'learning_rate': 0.0002, 'epoch': 1.05}
{'loss': 0.848, 'learning_rate': 0.0002, 'epoch': 1.06}
{'loss': 0.8581, 'learning_rate': 0.0002, 'epoch': 1.06}
{'loss': 0.8673, 'learning_rate': 0.0002, 'epoch': 1.06}
{'loss': 0.8607, 'learning_rate': 0.0002, 'epoch': 1.06}
{'loss': 0.8649, 'learning_rate': 0.0002, 'epoch': 1.06}
{'loss': 0.8591, 'learning_rate': 0.0002, 'epoch': 1.06}
{'loss': 0.8774, 'learning_rate': 0.0002, 'epoch': 1.07}
{'loss': 0.8647, 'learning_rate': 0.0002, 'epoch': 1.07}
{'loss': 0.8642, 'learning_rate': 0.0002, 'epoch': 1.07}
{'loss': 0.8719, 'learning_rate': 0.0002, 'epoch': 1.07}
{'loss': 0.8644, 'learning_rate': 0.0002, 'epoch': 1.07}
{'loss': 0.8698, 'learning_rate': 0.0002, 'epoch': 1.07}
{'loss': 0.8635, 'learning_rate': 0.0002, 'epoch': 1.07}
{'loss': 0.883, 'learning_rate': 0.0002, 'epoch': 1.08}
{'loss': 0.8598, 'learning_rate': 0.0002, 'epoch': 1.08}
{'loss': 0.8676, 'learning_rate': 0.0002, 'epoch': 1.08}
{'loss': 0.865, 'learning_rate': 0.0002, 'epoch': 1.08}
{'loss': 0.8643, 'learning_rate': 0.0002, 'epoch': 1.08}
{'loss': 0.8668, 'learning_rate': 0.0002, 'epoch': 1.08}
{'loss': 0.8732, 'learning_rate': 0.0002, 'epoch': 1.09}
{'loss': 0.871, 'learning_rate': 0.0002, 'epoch': 1.09}
{'loss': 0.8677, 'learning_rate': 0.0002, 'epoch': 1.09}
{'loss': 0.8569, 'learning_rate': 0.0002, 'epoch': 1.09}
{'loss': 0.8552, 'learning_rate': 0.0002, 'epoch': 1.09}
{'loss': 0.8708, 'learning_rate': 0.0002, 'epoch': 1.09}
{'loss': 0.8749, 'learning_rate': 0.0002, 'epoch': 1.09}
{'loss': 0.863, 'learning_rate': 0.0002, 'epoch': 1.1}
{'loss': 0.8614, 'learning_rate': 0.0002, 'epoch': 1.1}
{'loss': 0.8603, 'learning_rate': 0.0002, 'epoch': 1.1}
{'loss': 0.8688, 'learning_rate': 0.0002, 'epoch': 1.1}
{'loss': 0.8562, 'learning_rate': 0.0002, 'epoch': 1.1}
{'loss': 0.862, 'learning_rate': 0.0002, 'epoch': 1.1}
{'loss': 0.8799, 'learning_rate': 0.0002, 'epoch': 1.11}
{'loss': 0.8763, 'learning_rate': 0.0002, 'epoch': 1.11}
{'loss': 0.8577, 'learning_rate': 0.0002, 'epoch': 1.11}
{'loss': 0.8649, 'learning_rate': 0.0002, 'epoch': 1.11}
{'loss': 0.849, 'learning_rate': 0.0002, 'epoch': 2.0}
{'loss': 0.8352, 'learning_rate': 0.0002, 'epoch': 2.0}
{'loss': 0.8437, 'learning_rate': 0.0002, 'epoch': 2.0}
{'loss': 0.839, 'learning_rate': 0.0002, 'epoch': 2.01}
{'loss': 0.8291, 'learning_rate': 0.0002, 'epoch': 2.01}
{'loss': 0.8297, 'learning_rate': 0.0002, 'epoch': 2.01}
{'loss': 0.8601, 'learning_rate': 0.0002, 'epoch': 2.01}
{'loss': 0.826, 'learning_rate': 0.0002, 'epoch': 2.01}
{'loss': 0.8383, 'learning_rate': 0.0002, 'epoch': 2.01}
{'loss': 0.8227, 'learning_rate': 0.0002, 'epoch': 2.01}
{'loss': 0.8364, 'learning_rate': 0.0002, 'epoch': 2.02}
{'loss': 0.8308, 'learning_rate': 0.0002, 'epoch': 2.02}
{'loss': 0.8428, 'learning_rate': 0.0002, 'epoch': 2.02}
{'loss': 0.8338, 'learning_rate': 0.0002, 'epoch': 2.02}
{'loss': 0.8376, 'learning_rate': 0.0002, 'epoch': 2.02}
{'loss': 0.8296, 'learning_rate': 0.0002, 'epoch': 2.02}
{'loss': 0.8516, 'learning_rate': 0.0002, 'epoch': 2.03}
{'loss': 0.8221, 'learning_rate': 0.0002, 'epoch': 2.03}
{'loss': 0.838, 'learning_rate': 0.0002, 'epoch': 2.03}
{'loss': 0.837, 'learning_rate': 0.0002, 'epoch': 2.03}
{'loss': 0.8103, 'learning_rate': 0.0002, 'epoch': 2.03}
{'loss': 0.8399, 'learning_rate': 0.0002, 'epoch': 2.03}
{'loss': 0.8396, 'learning_rate': 0.0002, 'epoch': 2.04}
{'loss': 0.8333, 'learning_rate': 0.0002, 'epoch': 2.04}
{'loss': 0.8289, 'learning_rate': 0.0002, 'epoch': 2.04}
{'loss': 0.8288, 'learning_rate': 0.0002, 'epoch': 2.04}
{'loss': 0.8331, 'learning_rate': 0.0002, 'epoch': 2.04}
{'loss': 0.8262, 'learning_rate': 0.0002, 'epoch': 2.04}
{'loss': 0.8233, 'learning_rate': 0.0002, 'epoch': 2.04}
{'loss': 0.8596, 'learning_rate': 0.0002, 'epoch': 2.05}
{'loss': 0.8311, 'learning_rate': 0.0002, 'epoch': 2.05}
{'loss': 0.8424, 'learning_rate': 0.0002, 'epoch': 2.05}
{'loss': 0.8438, 'learning_rate': 0.0002, 'epoch': 2.05}
{'loss': 0.8366, 'learning_rate': 0.0002, 'epoch': 2.05}
{'loss': 0.8485, 'learning_rate': 0.0002, 'epoch': 2.05}
{'loss': 0.8382, 'learning_rate': 0.0002, 'epoch': 2.06}
{'loss': 0.8283, 'learning_rate': 0.0002, 'epoch': 2.06}
{'loss': 0.8306, 'learning_rate': 0.0002, 'epoch': 2.06}
{'loss': 0.8324, 'learning_rate': 0.0002, 'epoch': 2.06}
{'loss': 0.853, 'learning_rate': 0.0002, 'epoch': 2.06}
{'loss': 0.8254, 'learning_rate': 0.0002, 'epoch': 2.06}
{'loss': 0.8415, 'learning_rate': 0.0002, 'epoch': 2.06}
{'loss': 0.8333, 'learning_rate': 0.0002, 'epoch': 2.07}
{'loss': 0.8247, 'learning_rate': 0.0002, 'epoch': 2.07}
{'loss': 0.846, 'learning_rate': 0.0002, 'epoch': 2.07}
{'loss': 0.8542, 'learning_rate': 0.0002, 'epoch': 2.07}
{'loss': 0.9348, 'learning_rate': 0.0002, 'epoch': 2.07}
{'loss': 0.8625, 'learning_rate': 0.0002, 'epoch': 2.07}
{'loss': 0.8445, 'learning_rate': 0.0002, 'epoch': 2.08}
{'loss': 0.8565, 'learning_rate': 0.0002, 'epoch': 2.08}
{'loss': 0.8447, 'learning_rate': 0.0002, 'epoch': 2.08}
{'loss': 0.8408, 'learning_rate': 0.0002, 'epoch': 2.08}
{'loss': 0.8543, 'learning_rate': 0.0002, 'epoch': 2.08}
{'loss': 0.8223, 'learning_rate': 0.0002, 'epoch': 2.08}
{'loss': 0.8471, 'learning_rate': 0.0002, 'epoch': 2.08}
{'loss': 0.8423, 'learning_rate': 0.0002, 'epoch': 2.09}
{'loss': 0.8441, 'learning_rate': 0.0002, 'epoch': 2.09}
{'loss': 0.8575, 'learning_rate': 0.0002, 'epoch': 2.09}
{'loss': 0.8367, 'learning_rate': 0.0002, 'epoch': 2.09}
{'loss': 0.8196, 'learning_rate': 0.0002, 'epoch': 2.09}
{'loss': 0.8423, 'learning_rate': 0.0002, 'epoch': 2.09}
{'loss': 0.844, 'learning_rate': 0.0002, 'epoch': 2.1}
{'loss': 0.8371, 'learning_rate': 0.0002, 'epoch': 2.1}
{'loss': 0.8601, 'learning_rate': 0.0002, 'epoch': 2.1}
{'loss': 0.8357, 'learning_rate': 0.0002, 'epoch': 2.1}
{'loss': 0.8433, 'learning_rate': 0.0002, 'epoch': 2.1}
{'loss': 0.8309, 'learning_rate': 0.0002, 'epoch': 2.1}
{'loss': 0.8296, 'learning_rate': 0.0002, 'epoch': 2.1}
{'loss': 0.8497, 'learning_rate': 0.0002, 'epoch': 2.11}
{'loss': 0.841, 'learning_rate': 0.0002, 'epoch': 2.11}
{'loss': 0.8346, 'learning_rate': 0.0002, 'epoch': 2.11}
{'train_runtime': 29355.6067, 'train_samples_per_second': 5.29, 'train_steps_per_second': 0.661, 'train_loss': 0.8680524169261536, 'epoch': 2.11}
