MoloraConfig(peft_type=<PeftType.MOLORA: 'MOLORA'>, auto_mapping=None, base_model_name_or_path=None, revision=None, task_type='CAUSAL_LM', inference_mode=False, r=4, target_modules=['q_proj', 'v_proj'], lora_alpha=8, lora_dropout=0.1, fan_in_fan_out=False, bias='none', modules_to_save=None, init_lora_weights=True, layers_to_transform=None, layers_pattern=None, rank_pattern={}, alpha_pattern={}, num_experts=10, only_router=True, train_single_expert=False, experts_to_combine=['expert_0', 'expert_1', 'expert_2', 'expert_3', 'expert_4', 'expert_5', 'expert_6', 'expert_7', 'expert_8', 'expert_9'], top_k=0, top_p=0.0, self_attn_router=False, self_attn_hidden_dim=4, self_attn_use_value=False, random_routing=False, uniform_routing=False, dot_product_routing=False)
PeftModelForCausalLM(
  (base_model): MoloraModel(
    (model): LlamaForCausalLM(
      (model): LlamaModel(
        (embed_tokens): Embedding(32000, 4096)
        (layers): ModuleList(
          (0-31): 32 x LlamaDecoderLayer(
            (self_attn): LlamaAttention(
              (q_proj): Linear4bit(
                in_features=4096, out_features=4096, bias=False
                (lora_dropout): ModuleDict(
                  (default): Dropout(p=0.1, inplace=False)
                )
                (lora_A): ParameterDict(  (default): Parameter containing: [torch.cuda.FloatTensor of size 10x4096x4 (GPU 0)])
                (lora_B): ParameterDict(  (default): Parameter containing: [torch.cuda.FloatTensor of size 10x4x4096 (GPU 0)])
                (lora_router): ModuleDict(
                  (default): Linear(in_features=4096, out_features=10, bias=True)
                )
              )
              (k_proj): Linear4bit(in_features=4096, out_features=4096, bias=False)
              (v_proj): Linear4bit(
                in_features=4096, out_features=4096, bias=False
                (lora_dropout): ModuleDict(
                  (default): Dropout(p=0.1, inplace=False)
                )
                (lora_A): ParameterDict(  (default): Parameter containing: [torch.cuda.FloatTensor of size 10x4096x4 (GPU 0)])
                (lora_B): ParameterDict(  (default): Parameter containing: [torch.cuda.FloatTensor of size 10x4x4096 (GPU 0)])
                (lora_router): ModuleDict(
                  (default): Linear(in_features=4096, out_features=10, bias=True)
                )
              )
              (o_proj): Linear4bit(in_features=4096, out_features=4096, bias=False)
              (rotary_emb): LlamaRotaryEmbedding()
            )
            (mlp): LlamaMLP(
              (gate_proj): Linear4bit(in_features=4096, out_features=11008, bias=False)
              (up_proj): Linear4bit(in_features=4096, out_features=11008, bias=False)
              (down_proj): Linear4bit(in_features=11008, out_features=4096, bias=False)
              (act_fn): SiLUActivation()
            )
            (input_layernorm): LlamaRMSNorm()
            (post_attention_layernorm): LlamaRMSNorm()
          )
        )
        (norm): LlamaRMSNorm()
      )
      (lm_head): Linear(in_features=4096, out_features=32000, bias=False)
    )
  )
)
trainable params: 2,622,080 || all params: 6,762,009,216 || trainable%: 0.03877664043692424
base_model.model.model.layers.0.self_attn.q_proj.lora_router.default.weight
base_model.model.model.layers.0.self_attn.q_proj.lora_router.default.bias
base_model.model.model.layers.0.self_attn.v_proj.lora_router.default.weight
base_model.model.model.layers.0.self_attn.v_proj.lora_router.default.bias
base_model.model.model.layers.1.self_attn.q_proj.lora_router.default.weight
base_model.model.model.layers.1.self_attn.q_proj.lora_router.default.bias
base_model.model.model.layers.1.self_attn.v_proj.lora_router.default.weight
base_model.model.model.layers.1.self_attn.v_proj.lora_router.default.bias
base_model.model.model.layers.2.self_attn.q_proj.lora_router.default.weight
base_model.model.model.layers.2.self_attn.q_proj.lora_router.default.bias
base_model.model.model.layers.2.self_attn.v_proj.lora_router.default.weight
base_model.model.model.layers.2.self_attn.v_proj.lora_router.default.bias
base_model.model.model.layers.3.self_attn.q_proj.lora_router.default.weight
base_model.model.model.layers.3.self_attn.q_proj.lora_router.default.bias
base_model.model.model.layers.3.self_attn.v_proj.lora_router.default.weight
base_model.model.model.layers.3.self_attn.v_proj.lora_router.default.bias
base_model.model.model.layers.4.self_attn.q_proj.lora_router.default.weight
base_model.model.model.layers.4.self_attn.q_proj.lora_router.default.bias
base_model.model.model.layers.4.self_attn.v_proj.lora_router.default.weight
base_model.model.model.layers.4.self_attn.v_proj.lora_router.default.bias
base_model.model.model.layers.5.self_attn.q_proj.lora_router.default.weight
base_model.model.model.layers.5.self_attn.q_proj.lora_router.default.bias
base_model.model.model.layers.5.self_attn.v_proj.lora_router.default.weight
base_model.model.model.layers.5.self_attn.v_proj.lora_router.default.bias
base_model.model.model.layers.6.self_attn.q_proj.lora_router.default.weight
base_model.model.model.layers.6.self_attn.q_proj.lora_router.default.bias
base_model.model.model.layers.6.self_attn.v_proj.lora_router.default.weight
base_model.model.model.layers.6.self_attn.v_proj.lora_router.default.bias
base_model.model.model.layers.7.self_attn.q_proj.lora_router.default.weight
base_model.model.model.layers.7.self_attn.q_proj.lora_router.default.bias
base_model.model.model.layers.7.self_attn.v_proj.lora_router.default.weight
base_model.model.model.layers.7.self_attn.v_proj.lora_router.default.bias
base_model.model.model.layers.8.self_attn.q_proj.lora_router.default.weight
base_model.model.model.layers.8.self_attn.q_proj.lora_router.default.bias
base_model.model.model.layers.8.self_attn.v_proj.lora_router.default.weight
base_model.model.model.layers.8.self_attn.v_proj.lora_router.default.bias
base_model.model.model.layers.9.self_attn.q_proj.lora_router.default.weight
base_model.model.model.layers.9.self_attn.q_proj.lora_router.default.bias
base_model.model.model.layers.9.self_attn.v_proj.lora_router.default.weight
base_model.model.model.layers.9.self_attn.v_proj.lora_router.default.bias
base_model.model.model.layers.10.self_attn.q_proj.lora_router.default.weight
base_model.model.model.layers.10.self_attn.q_proj.lora_router.default.bias
base_model.model.model.layers.10.self_attn.v_proj.lora_router.default.weight
base_model.model.model.layers.10.self_attn.v_proj.lora_router.default.bias
base_model.model.model.layers.11.self_attn.q_proj.lora_router.default.weight
base_model.model.model.layers.11.self_attn.q_proj.lora_router.default.bias
base_model.model.model.layers.11.self_attn.v_proj.lora_router.default.weight
base_model.model.model.layers.11.self_attn.v_proj.lora_router.default.bias
base_model.model.model.layers.12.self_attn.q_proj.lora_router.default.weight
base_model.model.model.layers.12.self_attn.q_proj.lora_router.default.bias
base_model.model.model.layers.12.self_attn.v_proj.lora_router.default.weight
base_model.model.model.layers.12.self_attn.v_proj.lora_router.default.bias
base_model.model.model.layers.13.self_attn.q_proj.lora_router.default.weight
base_model.model.model.layers.13.self_attn.q_proj.lora_router.default.bias
base_model.model.model.layers.13.self_attn.v_proj.lora_router.default.weight
base_model.model.model.layers.13.self_attn.v_proj.lora_router.default.bias
base_model.model.model.layers.14.self_attn.q_proj.lora_router.default.weight
base_model.model.model.layers.14.self_attn.q_proj.lora_router.default.bias
base_model.model.model.layers.14.self_attn.v_proj.lora_router.default.weight
base_model.model.model.layers.14.self_attn.v_proj.lora_router.default.bias
base_model.model.model.layers.15.self_attn.q_proj.lora_router.default.weight
base_model.model.model.layers.15.self_attn.q_proj.lora_router.default.bias
base_model.model.model.layers.15.self_attn.v_proj.lora_router.default.weight
base_model.model.model.layers.15.self_attn.v_proj.lora_router.default.bias
base_model.model.model.layers.16.self_attn.q_proj.lora_router.default.weight
base_model.model.model.layers.16.self_attn.q_proj.lora_router.default.bias
base_model.model.model.layers.16.self_attn.v_proj.lora_router.default.weight
base_model.model.model.layers.16.self_attn.v_proj.lora_router.default.bias
base_model.model.model.layers.17.self_attn.q_proj.lora_router.default.weight
base_model.model.model.layers.17.self_attn.q_proj.lora_router.default.bias
base_model.model.model.layers.17.self_attn.v_proj.lora_router.default.weight
base_model.model.model.layers.17.self_attn.v_proj.lora_router.default.bias
base_model.model.model.layers.18.self_attn.q_proj.lora_router.default.weight
base_model.model.model.layers.18.self_attn.q_proj.lora_router.default.bias
base_model.model.model.layers.18.self_attn.v_proj.lora_router.default.weight
base_model.model.model.layers.18.self_attn.v_proj.lora_router.default.bias
base_model.model.model.layers.19.self_attn.q_proj.lora_router.default.weight
base_model.model.model.layers.19.self_attn.q_proj.lora_router.default.bias
base_model.model.model.layers.19.self_attn.v_proj.lora_router.default.weight
base_model.model.model.layers.19.self_attn.v_proj.lora_router.default.bias
base_model.model.model.layers.20.self_attn.q_proj.lora_router.default.weight
base_model.model.model.layers.20.self_attn.q_proj.lora_router.default.bias
base_model.model.model.layers.20.self_attn.v_proj.lora_router.default.weight
base_model.model.model.layers.20.self_attn.v_proj.lora_router.default.bias
base_model.model.model.layers.21.self_attn.q_proj.lora_router.default.weight
base_model.model.model.layers.21.self_attn.q_proj.lora_router.default.bias
base_model.model.model.layers.21.self_attn.v_proj.lora_router.default.weight
base_model.model.model.layers.21.self_attn.v_proj.lora_router.default.bias
base_model.model.model.layers.22.self_attn.q_proj.lora_router.default.weight
base_model.model.model.layers.22.self_attn.q_proj.lora_router.default.bias
base_model.model.model.layers.22.self_attn.v_proj.lora_router.default.weight
base_model.model.model.layers.22.self_attn.v_proj.lora_router.default.bias
base_model.model.model.layers.23.self_attn.q_proj.lora_router.default.weight
base_model.model.model.layers.23.self_attn.q_proj.lora_router.default.bias
base_model.model.model.layers.23.self_attn.v_proj.lora_router.default.weight
base_model.model.model.layers.23.self_attn.v_proj.lora_router.default.bias
base_model.model.model.layers.24.self_attn.q_proj.lora_router.default.weight
base_model.model.model.layers.24.self_attn.q_proj.lora_router.default.bias
base_model.model.model.layers.24.self_attn.v_proj.lora_router.default.weight
base_model.model.model.layers.24.self_attn.v_proj.lora_router.default.bias
base_model.model.model.layers.25.self_attn.q_proj.lora_router.default.weight
base_model.model.model.layers.25.self_attn.q_proj.lora_router.default.bias
base_model.model.model.layers.25.self_attn.v_proj.lora_router.default.weight
base_model.model.model.layers.25.self_attn.v_proj.lora_router.default.bias
base_model.model.model.layers.26.self_attn.q_proj.lora_router.default.weight
base_model.model.model.layers.26.self_attn.q_proj.lora_router.default.bias
base_model.model.model.layers.26.self_attn.v_proj.lora_router.default.weight
base_model.model.model.layers.26.self_attn.v_proj.lora_router.default.bias
base_model.model.model.layers.27.self_attn.q_proj.lora_router.default.weight
base_model.model.model.layers.27.self_attn.q_proj.lora_router.default.bias
base_model.model.model.layers.27.self_attn.v_proj.lora_router.default.weight
base_model.model.model.layers.27.self_attn.v_proj.lora_router.default.bias
base_model.model.model.layers.28.self_attn.q_proj.lora_router.default.weight
base_model.model.model.layers.28.self_attn.q_proj.lora_router.default.bias
base_model.model.model.layers.28.self_attn.v_proj.lora_router.default.weight
base_model.model.model.layers.28.self_attn.v_proj.lora_router.default.bias
base_model.model.model.layers.29.self_attn.q_proj.lora_router.default.weight
base_model.model.model.layers.29.self_attn.q_proj.lora_router.default.bias
base_model.model.model.layers.29.self_attn.v_proj.lora_router.default.weight
base_model.model.model.layers.29.self_attn.v_proj.lora_router.default.bias
base_model.model.model.layers.30.self_attn.q_proj.lora_router.default.weight
base_model.model.model.layers.30.self_attn.q_proj.lora_router.default.bias
base_model.model.model.layers.30.self_attn.v_proj.lora_router.default.weight
base_model.model.model.layers.30.self_attn.v_proj.lora_router.default.bias
base_model.model.model.layers.31.self_attn.q_proj.lora_router.default.weight
base_model.model.model.layers.31.self_attn.q_proj.lora_router.default.bias
base_model.model.model.layers.31.self_attn.v_proj.lora_router.default.weight
base_model.model.model.layers.31.self_attn.v_proj.lora_router.default.bias
{'loss': 0.8324, 'learning_rate': 0.0003, 'epoch': 0.0}
{'loss': 0.8376, 'learning_rate': 0.0003, 'epoch': 0.0}
{'loss': 0.8502, 'learning_rate': 0.0003, 'epoch': 0.0}
{'loss': 0.8166, 'learning_rate': 0.0003, 'epoch': 0.01}
{'loss': 0.8281, 'learning_rate': 0.0003, 'epoch': 0.01}
{'loss': 0.8331, 'learning_rate': 0.0003, 'epoch': 0.01}
{'loss': 0.8384, 'learning_rate': 0.0003, 'epoch': 0.01}
{'loss': 0.8383, 'learning_rate': 0.0003, 'epoch': 0.01}
{'loss': 0.8499, 'learning_rate': 0.0003, 'epoch': 0.01}
{'loss': 0.8384, 'learning_rate': 0.0003, 'epoch': 0.02}
{'loss': 0.8431, 'learning_rate': 0.0003, 'epoch': 0.02}
{'loss': 0.8143, 'learning_rate': 0.0003, 'epoch': 0.02}
{'loss': 0.8377, 'learning_rate': 0.0003, 'epoch': 0.02}
{'loss': 0.8186, 'learning_rate': 0.0003, 'epoch': 0.02}
{'loss': 0.851, 'learning_rate': 0.0003, 'epoch': 0.02}
{'loss': 0.8364, 'learning_rate': 0.0003, 'epoch': 0.02}
{'loss': 0.8315, 'learning_rate': 0.0003, 'epoch': 0.03}
{'loss': 0.8226, 'learning_rate': 0.0003, 'epoch': 0.03}
{'loss': 0.8197, 'learning_rate': 0.0003, 'epoch': 0.03}
{'loss': 0.8386, 'learning_rate': 0.0003, 'epoch': 0.03}
{'loss': 0.8306, 'learning_rate': 0.0003, 'epoch': 0.03}
{'loss': 0.8242, 'learning_rate': 0.0003, 'epoch': 0.03}
{'loss': 0.8382, 'learning_rate': 0.0003, 'epoch': 0.04}
{'loss': 0.8136, 'learning_rate': 0.0003, 'epoch': 0.04}
{'loss': 0.8257, 'learning_rate': 0.0003, 'epoch': 0.04}
{'loss': 0.8236, 'learning_rate': 0.0003, 'epoch': 0.04}
{'loss': 0.8185, 'learning_rate': 0.0003, 'epoch': 0.04}
{'loss': 0.8167, 'learning_rate': 0.0003, 'epoch': 0.04}
{'loss': 0.8427, 'learning_rate': 0.0003, 'epoch': 0.04}
{'loss': 0.8251, 'learning_rate': 0.0003, 'epoch': 0.05}
{'loss': 0.8242, 'learning_rate': 0.0003, 'epoch': 0.05}
{'loss': 0.8373, 'learning_rate': 0.0003, 'epoch': 0.05}
{'loss': 0.8314, 'learning_rate': 0.0003, 'epoch': 0.05}
{'loss': 0.833, 'learning_rate': 0.0003, 'epoch': 0.05}
{'loss': 0.8436, 'learning_rate': 0.0003, 'epoch': 0.05}
{'loss': 0.8164, 'learning_rate': 0.0003, 'epoch': 0.06}
{'loss': 0.8252, 'learning_rate': 0.0003, 'epoch': 0.06}
{'loss': 0.8291, 'learning_rate': 0.0003, 'epoch': 0.06}
{'loss': 0.8359, 'learning_rate': 0.0003, 'epoch': 0.06}
{'loss': 0.8239, 'learning_rate': 0.0003, 'epoch': 0.06}
{'loss': 0.83, 'learning_rate': 0.0003, 'epoch': 0.06}
{'loss': 0.8285, 'learning_rate': 0.0003, 'epoch': 0.06}
{'loss': 0.8319, 'learning_rate': 0.0003, 'epoch': 0.07}
{'loss': 0.8193, 'learning_rate': 0.0003, 'epoch': 0.07}
{'loss': 0.8422, 'learning_rate': 0.0003, 'epoch': 0.07}
{'loss': 0.8235, 'learning_rate': 0.0003, 'epoch': 0.07}
{'loss': 0.8357, 'learning_rate': 0.0003, 'epoch': 0.07}
{'loss': 0.8397, 'learning_rate': 0.0003, 'epoch': 0.07}
{'loss': 0.8458, 'learning_rate': 0.0003, 'epoch': 0.08}
{'loss': 0.8428, 'learning_rate': 0.0003, 'epoch': 0.08}
{'loss': 0.8387, 'learning_rate': 0.0003, 'epoch': 0.08}
{'loss': 0.8215, 'learning_rate': 0.0003, 'epoch': 0.08}
{'loss': 0.8417, 'learning_rate': 0.0003, 'epoch': 0.08}
{'loss': 0.8394, 'learning_rate': 0.0003, 'epoch': 0.08}
{'loss': 0.8326, 'learning_rate': 0.0003, 'epoch': 0.09}
{'loss': 0.829, 'learning_rate': 0.0003, 'epoch': 0.09}
{'loss': 0.836, 'learning_rate': 0.0003, 'epoch': 0.09}
{'loss': 0.8371, 'learning_rate': 0.0003, 'epoch': 0.09}
{'loss': 0.8158, 'learning_rate': 0.0003, 'epoch': 0.09}
{'loss': 0.8242, 'learning_rate': 0.0003, 'epoch': 0.09}
{'loss': 0.8182, 'learning_rate': 0.0003, 'epoch': 0.09}
{'loss': 0.813, 'learning_rate': 0.0003, 'epoch': 0.1}
{'loss': 0.8407, 'learning_rate': 0.0003, 'epoch': 0.1}
{'loss': 0.8339, 'learning_rate': 0.0003, 'epoch': 0.1}
{'loss': 0.8343, 'learning_rate': 0.0003, 'epoch': 0.1}
{'loss': 0.8547, 'learning_rate': 0.0003, 'epoch': 0.1}
{'loss': 0.8213, 'learning_rate': 0.0003, 'epoch': 0.1}
{'loss': 0.8261, 'learning_rate': 0.0003, 'epoch': 0.11}
{'loss': 0.8377, 'learning_rate': 0.0003, 'epoch': 0.11}
{'loss': 0.8434, 'learning_rate': 0.0003, 'epoch': 0.11}
{'loss': 0.8267, 'learning_rate': 0.0003, 'epoch': 0.11}
{'loss': 0.8142, 'learning_rate': 0.0003, 'epoch': 1.0}
{'loss': 0.8144, 'learning_rate': 0.0003, 'epoch': 1.0}
{'loss': 0.8186, 'learning_rate': 0.0003, 'epoch': 1.0}
{'loss': 0.8188, 'learning_rate': 0.0003, 'epoch': 1.01}
{'loss': 0.8394, 'learning_rate': 0.0003, 'epoch': 1.01}
{'loss': 0.8242, 'learning_rate': 0.0003, 'epoch': 1.01}
{'loss': 0.8205, 'learning_rate': 0.0003, 'epoch': 1.01}
{'loss': 0.8206, 'learning_rate': 0.0003, 'epoch': 1.01}
{'loss': 0.8366, 'learning_rate': 0.0003, 'epoch': 1.01}
{'loss': 0.819, 'learning_rate': 0.0003, 'epoch': 1.01}
{'loss': 0.8157, 'learning_rate': 0.0003, 'epoch': 1.02}
{'loss': 0.8451, 'learning_rate': 0.0003, 'epoch': 1.02}
{'loss': 0.804, 'learning_rate': 0.0003, 'epoch': 1.02}
{'loss': 0.8186, 'learning_rate': 0.0003, 'epoch': 1.02}
{'loss': 0.8246, 'learning_rate': 0.0003, 'epoch': 1.02}
{'loss': 0.8095, 'learning_rate': 0.0003, 'epoch': 1.02}
{'loss': 0.835, 'learning_rate': 0.0003, 'epoch': 1.03}
{'loss': 0.8238, 'learning_rate': 0.0003, 'epoch': 1.03}
{'loss': 0.8322, 'learning_rate': 0.0003, 'epoch': 1.03}
{'loss': 0.8219, 'learning_rate': 0.0003, 'epoch': 1.03}
{'loss': 0.8161, 'learning_rate': 0.0003, 'epoch': 1.03}
{'loss': 0.8108, 'learning_rate': 0.0003, 'epoch': 1.03}
{'loss': 0.8195, 'learning_rate': 0.0003, 'epoch': 1.03}
{'loss': 0.8225, 'learning_rate': 0.0003, 'epoch': 1.04}
{'loss': 0.8301, 'learning_rate': 0.0003, 'epoch': 1.04}
{'loss': 0.8134, 'learning_rate': 0.0003, 'epoch': 1.04}
{'loss': 0.8054, 'learning_rate': 0.0003, 'epoch': 1.04}
{'loss': 0.8205, 'learning_rate': 0.0003, 'epoch': 1.04}
{'loss': 0.8269, 'learning_rate': 0.0003, 'epoch': 1.04}
{'loss': 0.8304, 'learning_rate': 0.0003, 'epoch': 1.05}
{'loss': 0.8173, 'learning_rate': 0.0003, 'epoch': 1.05}
{'loss': 0.8181, 'learning_rate': 0.0003, 'epoch': 1.05}
{'loss': 0.8189, 'learning_rate': 0.0003, 'epoch': 1.05}
{'loss': 0.8193, 'learning_rate': 0.0003, 'epoch': 1.05}
{'loss': 0.8204, 'learning_rate': 0.0003, 'epoch': 1.05}
{'loss': 0.8126, 'learning_rate': 0.0003, 'epoch': 1.05}
{'loss': 0.8153, 'learning_rate': 0.0003, 'epoch': 1.06}
{'loss': 0.8216, 'learning_rate': 0.0003, 'epoch': 1.06}
{'loss': 0.8293, 'learning_rate': 0.0003, 'epoch': 1.06}
{'loss': 0.8257, 'learning_rate': 0.0003, 'epoch': 1.06}
{'loss': 0.8241, 'learning_rate': 0.0003, 'epoch': 1.06}
{'loss': 0.8232, 'learning_rate': 0.0003, 'epoch': 1.06}
{'loss': 0.8392, 'learning_rate': 0.0003, 'epoch': 1.07}
{'loss': 0.8277, 'learning_rate': 0.0003, 'epoch': 1.07}
{'loss': 0.8261, 'learning_rate': 0.0003, 'epoch': 1.07}
{'loss': 0.8323, 'learning_rate': 0.0003, 'epoch': 1.07}
{'loss': 0.8189, 'learning_rate': 0.0003, 'epoch': 1.07}
{'loss': 0.8288, 'learning_rate': 0.0003, 'epoch': 1.07}
{'loss': 0.8257, 'learning_rate': 0.0003, 'epoch': 1.07}
{'loss': 0.8442, 'learning_rate': 0.0003, 'epoch': 1.08}
{'loss': 0.8222, 'learning_rate': 0.0003, 'epoch': 1.08}
{'loss': 0.828, 'learning_rate': 0.0003, 'epoch': 1.08}
{'loss': 0.8252, 'learning_rate': 0.0003, 'epoch': 1.08}
{'loss': 0.8267, 'learning_rate': 0.0003, 'epoch': 1.08}
{'loss': 0.825, 'learning_rate': 0.0003, 'epoch': 1.08}
{'loss': 0.8324, 'learning_rate': 0.0003, 'epoch': 1.09}
{'loss': 0.8329, 'learning_rate': 0.0003, 'epoch': 1.09}
{'loss': 0.8283, 'learning_rate': 0.0003, 'epoch': 1.09}
{'loss': 0.8206, 'learning_rate': 0.0003, 'epoch': 1.09}
{'loss': 0.8152, 'learning_rate': 0.0003, 'epoch': 1.09}
{'loss': 0.8313, 'learning_rate': 0.0003, 'epoch': 1.09}
{'loss': 0.8368, 'learning_rate': 0.0003, 'epoch': 1.09}
{'loss': 0.8217, 'learning_rate': 0.0003, 'epoch': 1.1}
{'loss': 0.823, 'learning_rate': 0.0003, 'epoch': 1.1}
{'loss': 0.8224, 'learning_rate': 0.0003, 'epoch': 1.1}
{'loss': 0.8283, 'learning_rate': 0.0003, 'epoch': 1.1}
{'loss': 0.8149, 'learning_rate': 0.0003, 'epoch': 1.1}
{'loss': 0.8217, 'learning_rate': 0.0003, 'epoch': 1.1}
{'loss': 0.836, 'learning_rate': 0.0003, 'epoch': 1.11}
{'loss': 0.8358, 'learning_rate': 0.0003, 'epoch': 1.11}
{'loss': 0.822, 'learning_rate': 0.0003, 'epoch': 1.11}
{'loss': 0.824, 'learning_rate': 0.0003, 'epoch': 1.11}
{'train_runtime': 14124.7506, 'train_samples_per_second': 7.329, 'train_steps_per_second': 0.916, 'train_loss': 0.8276800042835882, 'epoch': 1.11}
