MoloraConfig(peft_type=<PeftType.MOLORA: 'MOLORA'>, auto_mapping=None, base_model_name_or_path=None, revision=None, task_type='CAUSAL_LM', inference_mode=False, r=4, target_modules=['q_proj', 'v_proj'], lora_alpha=8, lora_dropout=0.1, fan_in_fan_out=False, bias='none', modules_to_save=None, init_lora_weights=True, layers_to_transform=None, layers_pattern=None, rank_pattern={}, alpha_pattern={}, num_experts=10, only_router=True, train_single_expert=False, experts_to_combine=['expert_0', 'expert_1', 'expert_2', 'expert_3', 'expert_4', 'expert_5', 'expert_6', 'expert_7', 'expert_8', 'expert_9'], top_k=0, top_p=0.0, self_attn_router=True, self_attn_hidden_dim=2, self_attn_use_value=False, random_routing=False, uniform_routing=False, dot_product_routing=False)
PeftModelForCausalLM(
  (base_model): MoloraModel(
    (model): LlamaForCausalLM(
      (model): LlamaModel(
        (embed_tokens): Embedding(32000, 4096)
        (layers): ModuleList(
          (0-31): 32 x LlamaDecoderLayer(
            (self_attn): LlamaAttention(
              (q_proj): Linear4bit(
                in_features=4096, out_features=4096, bias=False
                (lora_dropout): ModuleDict(
                  (default): Dropout(p=0.1, inplace=False)
                )
                (lora_A): ParameterDict(  (default): Parameter containing: [torch.cuda.FloatTensor of size 10x4096x4 (GPU 0)])
                (lora_B): ParameterDict(  (default): Parameter containing: [torch.cuda.FloatTensor of size 10x4x4096 (GPU 0)])
                (lora_router): ModuleDict(
                  (default): SelfAttentionRouter(
                    (query): Linear(in_features=4096, out_features=2, bias=True)
                    (key): Linear(in_features=4096, out_features=2, bias=True)
                  )
                )
              )
              (k_proj): Linear4bit(in_features=4096, out_features=4096, bias=False)
              (v_proj): Linear4bit(
                in_features=4096, out_features=4096, bias=False
                (lora_dropout): ModuleDict(
                  (default): Dropout(p=0.1, inplace=False)
                )
                (lora_A): ParameterDict(  (default): Parameter containing: [torch.cuda.FloatTensor of size 10x4096x4 (GPU 0)])
                (lora_B): ParameterDict(  (default): Parameter containing: [torch.cuda.FloatTensor of size 10x4x4096 (GPU 0)])
                (lora_router): ModuleDict(
                  (default): SelfAttentionRouter(
                    (query): Linear(in_features=4096, out_features=2, bias=True)
                    (key): Linear(in_features=4096, out_features=2, bias=True)
                  )
                )
              )
              (o_proj): Linear4bit(in_features=4096, out_features=4096, bias=False)
              (rotary_emb): LlamaRotaryEmbedding()
            )
            (mlp): LlamaMLP(
              (gate_proj): Linear4bit(in_features=4096, out_features=11008, bias=False)
              (up_proj): Linear4bit(in_features=4096, out_features=11008, bias=False)
              (down_proj): Linear4bit(in_features=11008, out_features=4096, bias=False)
              (act_fn): SiLUActivation()
            )
            (input_layernorm): LlamaRMSNorm()
            (post_attention_layernorm): LlamaRMSNorm()
          )
        )
        (norm): LlamaRMSNorm()
      )
      (lm_head): Linear(in_features=4096, out_features=32000, bias=False)
    )
  )
)
trainable params: 1,048,832 || all params: 6,760,435,968 || trainable%: 0.015514265721390825
base_model.model.model.layers.0.self_attn.q_proj.lora_router.default.query.weight
base_model.model.model.layers.0.self_attn.q_proj.lora_router.default.query.bias
base_model.model.model.layers.0.self_attn.q_proj.lora_router.default.key.weight
base_model.model.model.layers.0.self_attn.q_proj.lora_router.default.key.bias
base_model.model.model.layers.0.self_attn.v_proj.lora_router.default.query.weight
base_model.model.model.layers.0.self_attn.v_proj.lora_router.default.query.bias
base_model.model.model.layers.0.self_attn.v_proj.lora_router.default.key.weight
base_model.model.model.layers.0.self_attn.v_proj.lora_router.default.key.bias
base_model.model.model.layers.1.self_attn.q_proj.lora_router.default.query.weight
base_model.model.model.layers.1.self_attn.q_proj.lora_router.default.query.bias
base_model.model.model.layers.1.self_attn.q_proj.lora_router.default.key.weight
base_model.model.model.layers.1.self_attn.q_proj.lora_router.default.key.bias
base_model.model.model.layers.1.self_attn.v_proj.lora_router.default.query.weight
base_model.model.model.layers.1.self_attn.v_proj.lora_router.default.query.bias
base_model.model.model.layers.1.self_attn.v_proj.lora_router.default.key.weight
base_model.model.model.layers.1.self_attn.v_proj.lora_router.default.key.bias
base_model.model.model.layers.2.self_attn.q_proj.lora_router.default.query.weight
base_model.model.model.layers.2.self_attn.q_proj.lora_router.default.query.bias
base_model.model.model.layers.2.self_attn.q_proj.lora_router.default.key.weight
base_model.model.model.layers.2.self_attn.q_proj.lora_router.default.key.bias
base_model.model.model.layers.2.self_attn.v_proj.lora_router.default.query.weight
base_model.model.model.layers.2.self_attn.v_proj.lora_router.default.query.bias
base_model.model.model.layers.2.self_attn.v_proj.lora_router.default.key.weight
base_model.model.model.layers.2.self_attn.v_proj.lora_router.default.key.bias
base_model.model.model.layers.3.self_attn.q_proj.lora_router.default.query.weight
base_model.model.model.layers.3.self_attn.q_proj.lora_router.default.query.bias
base_model.model.model.layers.3.self_attn.q_proj.lora_router.default.key.weight
base_model.model.model.layers.3.self_attn.q_proj.lora_router.default.key.bias
base_model.model.model.layers.3.self_attn.v_proj.lora_router.default.query.weight
base_model.model.model.layers.3.self_attn.v_proj.lora_router.default.query.bias
base_model.model.model.layers.3.self_attn.v_proj.lora_router.default.key.weight
base_model.model.model.layers.3.self_attn.v_proj.lora_router.default.key.bias
base_model.model.model.layers.4.self_attn.q_proj.lora_router.default.query.weight
base_model.model.model.layers.4.self_attn.q_proj.lora_router.default.query.bias
base_model.model.model.layers.4.self_attn.q_proj.lora_router.default.key.weight
base_model.model.model.layers.4.self_attn.q_proj.lora_router.default.key.bias
base_model.model.model.layers.4.self_attn.v_proj.lora_router.default.query.weight
base_model.model.model.layers.4.self_attn.v_proj.lora_router.default.query.bias
base_model.model.model.layers.4.self_attn.v_proj.lora_router.default.key.weight
base_model.model.model.layers.4.self_attn.v_proj.lora_router.default.key.bias
base_model.model.model.layers.5.self_attn.q_proj.lora_router.default.query.weight
base_model.model.model.layers.5.self_attn.q_proj.lora_router.default.query.bias
base_model.model.model.layers.5.self_attn.q_proj.lora_router.default.key.weight
base_model.model.model.layers.5.self_attn.q_proj.lora_router.default.key.bias
base_model.model.model.layers.5.self_attn.v_proj.lora_router.default.query.weight
base_model.model.model.layers.5.self_attn.v_proj.lora_router.default.query.bias
base_model.model.model.layers.5.self_attn.v_proj.lora_router.default.key.weight
base_model.model.model.layers.5.self_attn.v_proj.lora_router.default.key.bias
base_model.model.model.layers.6.self_attn.q_proj.lora_router.default.query.weight
base_model.model.model.layers.6.self_attn.q_proj.lora_router.default.query.bias
base_model.model.model.layers.6.self_attn.q_proj.lora_router.default.key.weight
base_model.model.model.layers.6.self_attn.q_proj.lora_router.default.key.bias
base_model.model.model.layers.6.self_attn.v_proj.lora_router.default.query.weight
base_model.model.model.layers.6.self_attn.v_proj.lora_router.default.query.bias
base_model.model.model.layers.6.self_attn.v_proj.lora_router.default.key.weight
base_model.model.model.layers.6.self_attn.v_proj.lora_router.default.key.bias
base_model.model.model.layers.7.self_attn.q_proj.lora_router.default.query.weight
base_model.model.model.layers.7.self_attn.q_proj.lora_router.default.query.bias
base_model.model.model.layers.7.self_attn.q_proj.lora_router.default.key.weight
base_model.model.model.layers.7.self_attn.q_proj.lora_router.default.key.bias
base_model.model.model.layers.7.self_attn.v_proj.lora_router.default.query.weight
base_model.model.model.layers.7.self_attn.v_proj.lora_router.default.query.bias
base_model.model.model.layers.7.self_attn.v_proj.lora_router.default.key.weight
base_model.model.model.layers.7.self_attn.v_proj.lora_router.default.key.bias
base_model.model.model.layers.8.self_attn.q_proj.lora_router.default.query.weight
base_model.model.model.layers.8.self_attn.q_proj.lora_router.default.query.bias
base_model.model.model.layers.8.self_attn.q_proj.lora_router.default.key.weight
base_model.model.model.layers.8.self_attn.q_proj.lora_router.default.key.bias
base_model.model.model.layers.8.self_attn.v_proj.lora_router.default.query.weight
base_model.model.model.layers.8.self_attn.v_proj.lora_router.default.query.bias
base_model.model.model.layers.8.self_attn.v_proj.lora_router.default.key.weight
base_model.model.model.layers.8.self_attn.v_proj.lora_router.default.key.bias
base_model.model.model.layers.9.self_attn.q_proj.lora_router.default.query.weight
base_model.model.model.layers.9.self_attn.q_proj.lora_router.default.query.bias
base_model.model.model.layers.9.self_attn.q_proj.lora_router.default.key.weight
base_model.model.model.layers.9.self_attn.q_proj.lora_router.default.key.bias
base_model.model.model.layers.9.self_attn.v_proj.lora_router.default.query.weight
base_model.model.model.layers.9.self_attn.v_proj.lora_router.default.query.bias
base_model.model.model.layers.9.self_attn.v_proj.lora_router.default.key.weight
base_model.model.model.layers.9.self_attn.v_proj.lora_router.default.key.bias
base_model.model.model.layers.10.self_attn.q_proj.lora_router.default.query.weight
base_model.model.model.layers.10.self_attn.q_proj.lora_router.default.query.bias
base_model.model.model.layers.10.self_attn.q_proj.lora_router.default.key.weight
base_model.model.model.layers.10.self_attn.q_proj.lora_router.default.key.bias
base_model.model.model.layers.10.self_attn.v_proj.lora_router.default.query.weight
base_model.model.model.layers.10.self_attn.v_proj.lora_router.default.query.bias
base_model.model.model.layers.10.self_attn.v_proj.lora_router.default.key.weight
base_model.model.model.layers.10.self_attn.v_proj.lora_router.default.key.bias
base_model.model.model.layers.11.self_attn.q_proj.lora_router.default.query.weight
base_model.model.model.layers.11.self_attn.q_proj.lora_router.default.query.bias
base_model.model.model.layers.11.self_attn.q_proj.lora_router.default.key.weight
base_model.model.model.layers.11.self_attn.q_proj.lora_router.default.key.bias
base_model.model.model.layers.11.self_attn.v_proj.lora_router.default.query.weight
base_model.model.model.layers.11.self_attn.v_proj.lora_router.default.query.bias
base_model.model.model.layers.11.self_attn.v_proj.lora_router.default.key.weight
base_model.model.model.layers.11.self_attn.v_proj.lora_router.default.key.bias
base_model.model.model.layers.12.self_attn.q_proj.lora_router.default.query.weight
base_model.model.model.layers.12.self_attn.q_proj.lora_router.default.query.bias
base_model.model.model.layers.12.self_attn.q_proj.lora_router.default.key.weight
base_model.model.model.layers.12.self_attn.q_proj.lora_router.default.key.bias
base_model.model.model.layers.12.self_attn.v_proj.lora_router.default.query.weight
base_model.model.model.layers.12.self_attn.v_proj.lora_router.default.query.bias
base_model.model.model.layers.12.self_attn.v_proj.lora_router.default.key.weight
base_model.model.model.layers.12.self_attn.v_proj.lora_router.default.key.bias
base_model.model.model.layers.13.self_attn.q_proj.lora_router.default.query.weight
base_model.model.model.layers.13.self_attn.q_proj.lora_router.default.query.bias
base_model.model.model.layers.13.self_attn.q_proj.lora_router.default.key.weight
base_model.model.model.layers.13.self_attn.q_proj.lora_router.default.key.bias
base_model.model.model.layers.13.self_attn.v_proj.lora_router.default.query.weight
base_model.model.model.layers.13.self_attn.v_proj.lora_router.default.query.bias
base_model.model.model.layers.13.self_attn.v_proj.lora_router.default.key.weight
base_model.model.model.layers.13.self_attn.v_proj.lora_router.default.key.bias
base_model.model.model.layers.14.self_attn.q_proj.lora_router.default.query.weight
base_model.model.model.layers.14.self_attn.q_proj.lora_router.default.query.bias
base_model.model.model.layers.14.self_attn.q_proj.lora_router.default.key.weight
base_model.model.model.layers.14.self_attn.q_proj.lora_router.default.key.bias
base_model.model.model.layers.14.self_attn.v_proj.lora_router.default.query.weight
base_model.model.model.layers.14.self_attn.v_proj.lora_router.default.query.bias
base_model.model.model.layers.14.self_attn.v_proj.lora_router.default.key.weight
base_model.model.model.layers.14.self_attn.v_proj.lora_router.default.key.bias
base_model.model.model.layers.15.self_attn.q_proj.lora_router.default.query.weight
base_model.model.model.layers.15.self_attn.q_proj.lora_router.default.query.bias
base_model.model.model.layers.15.self_attn.q_proj.lora_router.default.key.weight
base_model.model.model.layers.15.self_attn.q_proj.lora_router.default.key.bias
base_model.model.model.layers.15.self_attn.v_proj.lora_router.default.query.weight
base_model.model.model.layers.15.self_attn.v_proj.lora_router.default.query.bias
base_model.model.model.layers.15.self_attn.v_proj.lora_router.default.key.weight
base_model.model.model.layers.15.self_attn.v_proj.lora_router.default.key.bias
base_model.model.model.layers.16.self_attn.q_proj.lora_router.default.query.weight
base_model.model.model.layers.16.self_attn.q_proj.lora_router.default.query.bias
base_model.model.model.layers.16.self_attn.q_proj.lora_router.default.key.weight
base_model.model.model.layers.16.self_attn.q_proj.lora_router.default.key.bias
base_model.model.model.layers.16.self_attn.v_proj.lora_router.default.query.weight
base_model.model.model.layers.16.self_attn.v_proj.lora_router.default.query.bias
base_model.model.model.layers.16.self_attn.v_proj.lora_router.default.key.weight
base_model.model.model.layers.16.self_attn.v_proj.lora_router.default.key.bias
base_model.model.model.layers.17.self_attn.q_proj.lora_router.default.query.weight
base_model.model.model.layers.17.self_attn.q_proj.lora_router.default.query.bias
base_model.model.model.layers.17.self_attn.q_proj.lora_router.default.key.weight
base_model.model.model.layers.17.self_attn.q_proj.lora_router.default.key.bias
base_model.model.model.layers.17.self_attn.v_proj.lora_router.default.query.weight
base_model.model.model.layers.17.self_attn.v_proj.lora_router.default.query.bias
base_model.model.model.layers.17.self_attn.v_proj.lora_router.default.key.weight
base_model.model.model.layers.17.self_attn.v_proj.lora_router.default.key.bias
base_model.model.model.layers.18.self_attn.q_proj.lora_router.default.query.weight
base_model.model.model.layers.18.self_attn.q_proj.lora_router.default.query.bias
base_model.model.model.layers.18.self_attn.q_proj.lora_router.default.key.weight
base_model.model.model.layers.18.self_attn.q_proj.lora_router.default.key.bias
base_model.model.model.layers.18.self_attn.v_proj.lora_router.default.query.weight
base_model.model.model.layers.18.self_attn.v_proj.lora_router.default.query.bias
base_model.model.model.layers.18.self_attn.v_proj.lora_router.default.key.weight
base_model.model.model.layers.18.self_attn.v_proj.lora_router.default.key.bias
base_model.model.model.layers.19.self_attn.q_proj.lora_router.default.query.weight
base_model.model.model.layers.19.self_attn.q_proj.lora_router.default.query.bias
base_model.model.model.layers.19.self_attn.q_proj.lora_router.default.key.weight
base_model.model.model.layers.19.self_attn.q_proj.lora_router.default.key.bias
base_model.model.model.layers.19.self_attn.v_proj.lora_router.default.query.weight
base_model.model.model.layers.19.self_attn.v_proj.lora_router.default.query.bias
base_model.model.model.layers.19.self_attn.v_proj.lora_router.default.key.weight
base_model.model.model.layers.19.self_attn.v_proj.lora_router.default.key.bias
base_model.model.model.layers.20.self_attn.q_proj.lora_router.default.query.weight
base_model.model.model.layers.20.self_attn.q_proj.lora_router.default.query.bias
base_model.model.model.layers.20.self_attn.q_proj.lora_router.default.key.weight
base_model.model.model.layers.20.self_attn.q_proj.lora_router.default.key.bias
base_model.model.model.layers.20.self_attn.v_proj.lora_router.default.query.weight
base_model.model.model.layers.20.self_attn.v_proj.lora_router.default.query.bias
base_model.model.model.layers.20.self_attn.v_proj.lora_router.default.key.weight
base_model.model.model.layers.20.self_attn.v_proj.lora_router.default.key.bias
base_model.model.model.layers.21.self_attn.q_proj.lora_router.default.query.weight
base_model.model.model.layers.21.self_attn.q_proj.lora_router.default.query.bias
base_model.model.model.layers.21.self_attn.q_proj.lora_router.default.key.weight
base_model.model.model.layers.21.self_attn.q_proj.lora_router.default.key.bias
base_model.model.model.layers.21.self_attn.v_proj.lora_router.default.query.weight
base_model.model.model.layers.21.self_attn.v_proj.lora_router.default.query.bias
base_model.model.model.layers.21.self_attn.v_proj.lora_router.default.key.weight
base_model.model.model.layers.21.self_attn.v_proj.lora_router.default.key.bias
base_model.model.model.layers.22.self_attn.q_proj.lora_router.default.query.weight
base_model.model.model.layers.22.self_attn.q_proj.lora_router.default.query.bias
base_model.model.model.layers.22.self_attn.q_proj.lora_router.default.key.weight
base_model.model.model.layers.22.self_attn.q_proj.lora_router.default.key.bias
base_model.model.model.layers.22.self_attn.v_proj.lora_router.default.query.weight
base_model.model.model.layers.22.self_attn.v_proj.lora_router.default.query.bias
base_model.model.model.layers.22.self_attn.v_proj.lora_router.default.key.weight
base_model.model.model.layers.22.self_attn.v_proj.lora_router.default.key.bias
base_model.model.model.layers.23.self_attn.q_proj.lora_router.default.query.weight
base_model.model.model.layers.23.self_attn.q_proj.lora_router.default.query.bias
base_model.model.model.layers.23.self_attn.q_proj.lora_router.default.key.weight
base_model.model.model.layers.23.self_attn.q_proj.lora_router.default.key.bias
base_model.model.model.layers.23.self_attn.v_proj.lora_router.default.query.weight
base_model.model.model.layers.23.self_attn.v_proj.lora_router.default.query.bias
base_model.model.model.layers.23.self_attn.v_proj.lora_router.default.key.weight
base_model.model.model.layers.23.self_attn.v_proj.lora_router.default.key.bias
base_model.model.model.layers.24.self_attn.q_proj.lora_router.default.query.weight
base_model.model.model.layers.24.self_attn.q_proj.lora_router.default.query.bias
base_model.model.model.layers.24.self_attn.q_proj.lora_router.default.key.weight
base_model.model.model.layers.24.self_attn.q_proj.lora_router.default.key.bias
base_model.model.model.layers.24.self_attn.v_proj.lora_router.default.query.weight
base_model.model.model.layers.24.self_attn.v_proj.lora_router.default.query.bias
base_model.model.model.layers.24.self_attn.v_proj.lora_router.default.key.weight
base_model.model.model.layers.24.self_attn.v_proj.lora_router.default.key.bias
base_model.model.model.layers.25.self_attn.q_proj.lora_router.default.query.weight
base_model.model.model.layers.25.self_attn.q_proj.lora_router.default.query.bias
base_model.model.model.layers.25.self_attn.q_proj.lora_router.default.key.weight
base_model.model.model.layers.25.self_attn.q_proj.lora_router.default.key.bias
base_model.model.model.layers.25.self_attn.v_proj.lora_router.default.query.weight
base_model.model.model.layers.25.self_attn.v_proj.lora_router.default.query.bias
base_model.model.model.layers.25.self_attn.v_proj.lora_router.default.key.weight
base_model.model.model.layers.25.self_attn.v_proj.lora_router.default.key.bias
base_model.model.model.layers.26.self_attn.q_proj.lora_router.default.query.weight
base_model.model.model.layers.26.self_attn.q_proj.lora_router.default.query.bias
base_model.model.model.layers.26.self_attn.q_proj.lora_router.default.key.weight
base_model.model.model.layers.26.self_attn.q_proj.lora_router.default.key.bias
base_model.model.model.layers.26.self_attn.v_proj.lora_router.default.query.weight
base_model.model.model.layers.26.self_attn.v_proj.lora_router.default.query.bias
base_model.model.model.layers.26.self_attn.v_proj.lora_router.default.key.weight
base_model.model.model.layers.26.self_attn.v_proj.lora_router.default.key.bias
base_model.model.model.layers.27.self_attn.q_proj.lora_router.default.query.weight
base_model.model.model.layers.27.self_attn.q_proj.lora_router.default.query.bias
base_model.model.model.layers.27.self_attn.q_proj.lora_router.default.key.weight
base_model.model.model.layers.27.self_attn.q_proj.lora_router.default.key.bias
base_model.model.model.layers.27.self_attn.v_proj.lora_router.default.query.weight
base_model.model.model.layers.27.self_attn.v_proj.lora_router.default.query.bias
base_model.model.model.layers.27.self_attn.v_proj.lora_router.default.key.weight
base_model.model.model.layers.27.self_attn.v_proj.lora_router.default.key.bias
base_model.model.model.layers.28.self_attn.q_proj.lora_router.default.query.weight
base_model.model.model.layers.28.self_attn.q_proj.lora_router.default.query.bias
base_model.model.model.layers.28.self_attn.q_proj.lora_router.default.key.weight
base_model.model.model.layers.28.self_attn.q_proj.lora_router.default.key.bias
base_model.model.model.layers.28.self_attn.v_proj.lora_router.default.query.weight
base_model.model.model.layers.28.self_attn.v_proj.lora_router.default.query.bias
base_model.model.model.layers.28.self_attn.v_proj.lora_router.default.key.weight
base_model.model.model.layers.28.self_attn.v_proj.lora_router.default.key.bias
base_model.model.model.layers.29.self_attn.q_proj.lora_router.default.query.weight
base_model.model.model.layers.29.self_attn.q_proj.lora_router.default.query.bias
base_model.model.model.layers.29.self_attn.q_proj.lora_router.default.key.weight
base_model.model.model.layers.29.self_attn.q_proj.lora_router.default.key.bias
base_model.model.model.layers.29.self_attn.v_proj.lora_router.default.query.weight
base_model.model.model.layers.29.self_attn.v_proj.lora_router.default.query.bias
base_model.model.model.layers.29.self_attn.v_proj.lora_router.default.key.weight
base_model.model.model.layers.29.self_attn.v_proj.lora_router.default.key.bias
base_model.model.model.layers.30.self_attn.q_proj.lora_router.default.query.weight
base_model.model.model.layers.30.self_attn.q_proj.lora_router.default.query.bias
base_model.model.model.layers.30.self_attn.q_proj.lora_router.default.key.weight
base_model.model.model.layers.30.self_attn.q_proj.lora_router.default.key.bias
base_model.model.model.layers.30.self_attn.v_proj.lora_router.default.query.weight
base_model.model.model.layers.30.self_attn.v_proj.lora_router.default.query.bias
base_model.model.model.layers.30.self_attn.v_proj.lora_router.default.key.weight
base_model.model.model.layers.30.self_attn.v_proj.lora_router.default.key.bias
base_model.model.model.layers.31.self_attn.q_proj.lora_router.default.query.weight
base_model.model.model.layers.31.self_attn.q_proj.lora_router.default.query.bias
base_model.model.model.layers.31.self_attn.q_proj.lora_router.default.key.weight
base_model.model.model.layers.31.self_attn.q_proj.lora_router.default.key.bias
base_model.model.model.layers.31.self_attn.v_proj.lora_router.default.query.weight
base_model.model.model.layers.31.self_attn.v_proj.lora_router.default.query.bias
base_model.model.model.layers.31.self_attn.v_proj.lora_router.default.key.weight
base_model.model.model.layers.31.self_attn.v_proj.lora_router.default.key.bias
{'loss': 0.8348, 'learning_rate': 0.0003, 'epoch': 0.0}
{'loss': 0.8411, 'learning_rate': 0.0003, 'epoch': 0.0}
{'loss': 0.8537, 'learning_rate': 0.0003, 'epoch': 0.0}
{'loss': 0.8203, 'learning_rate': 0.0003, 'epoch': 0.01}
{'loss': 0.8319, 'learning_rate': 0.0003, 'epoch': 0.01}
{'loss': 0.8371, 'learning_rate': 0.0003, 'epoch': 0.01}
{'loss': 0.8428, 'learning_rate': 0.0003, 'epoch': 0.01}
{'loss': 0.843, 'learning_rate': 0.0003, 'epoch': 0.01}
{'loss': 0.8539, 'learning_rate': 0.0003, 'epoch': 0.01}
{'loss': 0.8423, 'learning_rate': 0.0003, 'epoch': 0.02}
{'loss': 0.8478, 'learning_rate': 0.0003, 'epoch': 0.02}
{'loss': 0.8198, 'learning_rate': 0.0003, 'epoch': 0.02}
{'loss': 0.8434, 'learning_rate': 0.0003, 'epoch': 0.02}
{'loss': 0.8237, 'learning_rate': 0.0003, 'epoch': 0.02}
{'loss': 0.8572, 'learning_rate': 0.0003, 'epoch': 0.02}
{'loss': 0.8418, 'learning_rate': 0.0003, 'epoch': 0.02}
{'loss': 0.8373, 'learning_rate': 0.0003, 'epoch': 0.03}
{'loss': 0.8285, 'learning_rate': 0.0003, 'epoch': 0.03}
{'loss': 0.8256, 'learning_rate': 0.0003, 'epoch': 0.03}
{'loss': 0.8442, 'learning_rate': 0.0003, 'epoch': 0.03}
{'loss': 0.8365, 'learning_rate': 0.0003, 'epoch': 0.03}
{'loss': 0.8304, 'learning_rate': 0.0003, 'epoch': 0.03}
{'loss': 0.8445, 'learning_rate': 0.0003, 'epoch': 0.04}
{'loss': 0.82, 'learning_rate': 0.0003, 'epoch': 0.04}
{'loss': 0.8317, 'learning_rate': 0.0003, 'epoch': 0.04}
{'loss': 0.83, 'learning_rate': 0.0003, 'epoch': 0.04}
{'loss': 0.8243, 'learning_rate': 0.0003, 'epoch': 0.04}
{'loss': 0.8228, 'learning_rate': 0.0003, 'epoch': 0.04}
{'loss': 0.8492, 'learning_rate': 0.0003, 'epoch': 0.04}
{'loss': 0.8321, 'learning_rate': 0.0003, 'epoch': 0.05}
{'loss': 0.831, 'learning_rate': 0.0003, 'epoch': 0.05}
{'loss': 0.8443, 'learning_rate': 0.0003, 'epoch': 0.05}
{'loss': 0.8372, 'learning_rate': 0.0003, 'epoch': 0.05}
{'loss': 0.8392, 'learning_rate': 0.0003, 'epoch': 0.05}
{'loss': 0.8507, 'learning_rate': 0.0003, 'epoch': 0.05}
{'loss': 0.8244, 'learning_rate': 0.0003, 'epoch': 0.06}
{'loss': 0.8321, 'learning_rate': 0.0003, 'epoch': 0.06}
{'loss': 0.8355, 'learning_rate': 0.0003, 'epoch': 0.06}
{'loss': 0.8431, 'learning_rate': 0.0003, 'epoch': 0.06}
{'loss': 0.8304, 'learning_rate': 0.0003, 'epoch': 0.06}
{'loss': 0.8372, 'learning_rate': 0.0003, 'epoch': 0.06}
{'loss': 0.8353, 'learning_rate': 0.0003, 'epoch': 0.06}
{'loss': 0.8391, 'learning_rate': 0.0003, 'epoch': 0.07}
{'loss': 0.8262, 'learning_rate': 0.0003, 'epoch': 0.07}
{'loss': 0.8496, 'learning_rate': 0.0003, 'epoch': 0.07}
{'loss': 0.8309, 'learning_rate': 0.0003, 'epoch': 0.07}
{'loss': 0.8428, 'learning_rate': 0.0003, 'epoch': 0.07}
{'loss': 0.847, 'learning_rate': 0.0003, 'epoch': 0.07}
{'loss': 0.8537, 'learning_rate': 0.0003, 'epoch': 0.08}
{'loss': 0.8503, 'learning_rate': 0.0003, 'epoch': 0.08}
{'loss': 0.8461, 'learning_rate': 0.0003, 'epoch': 0.08}
{'loss': 0.8287, 'learning_rate': 0.0003, 'epoch': 0.08}
{'loss': 0.849, 'learning_rate': 0.0003, 'epoch': 0.08}
{'loss': 0.8473, 'learning_rate': 0.0003, 'epoch': 0.08}
{'loss': 0.84, 'learning_rate': 0.0003, 'epoch': 0.09}
{'loss': 0.8367, 'learning_rate': 0.0003, 'epoch': 0.09}
{'loss': 0.8431, 'learning_rate': 0.0003, 'epoch': 0.09}
{'loss': 0.8443, 'learning_rate': 0.0003, 'epoch': 0.09}
{'loss': 0.8236, 'learning_rate': 0.0003, 'epoch': 0.09}
{'loss': 0.8317, 'learning_rate': 0.0003, 'epoch': 0.09}
{'loss': 0.8267, 'learning_rate': 0.0003, 'epoch': 0.09}
{'loss': 0.8202, 'learning_rate': 0.0003, 'epoch': 0.1}
{'loss': 0.8489, 'learning_rate': 0.0003, 'epoch': 0.1}
{'loss': 0.841, 'learning_rate': 0.0003, 'epoch': 0.1}
{'loss': 0.8421, 'learning_rate': 0.0003, 'epoch': 0.1}
{'loss': 0.8621, 'learning_rate': 0.0003, 'epoch': 0.1}
{'loss': 0.8298, 'learning_rate': 0.0003, 'epoch': 0.1}
{'loss': 0.8336, 'learning_rate': 0.0003, 'epoch': 0.11}
{'loss': 0.8451, 'learning_rate': 0.0003, 'epoch': 0.11}
{'loss': 0.8508, 'learning_rate': 0.0003, 'epoch': 0.11}
{'loss': 0.8345, 'learning_rate': 0.0003, 'epoch': 0.11}
{'loss': 0.8215, 'learning_rate': 0.0003, 'epoch': 1.0}
{'loss': 0.8229, 'learning_rate': 0.0003, 'epoch': 1.0}
{'loss': 0.8272, 'learning_rate': 0.0003, 'epoch': 1.0}
{'loss': 0.8276, 'learning_rate': 0.0003, 'epoch': 1.01}
{'loss': 0.8485, 'learning_rate': 0.0003, 'epoch': 1.01}
{'loss': 0.8325, 'learning_rate': 0.0003, 'epoch': 1.01}
{'loss': 0.8289, 'learning_rate': 0.0003, 'epoch': 1.01}
{'loss': 0.8291, 'learning_rate': 0.0003, 'epoch': 1.01}
{'loss': 0.8454, 'learning_rate': 0.0003, 'epoch': 1.01}
{'loss': 0.8273, 'learning_rate': 0.0003, 'epoch': 1.01}
{'loss': 0.8246, 'learning_rate': 0.0003, 'epoch': 1.02}
{'loss': 0.8535, 'learning_rate': 0.0003, 'epoch': 1.02}
{'loss': 0.8133, 'learning_rate': 0.0003, 'epoch': 1.02}
{'loss': 0.828, 'learning_rate': 0.0003, 'epoch': 1.02}
{'loss': 0.833, 'learning_rate': 0.0003, 'epoch': 1.02}
{'loss': 0.8188, 'learning_rate': 0.0003, 'epoch': 1.02}
{'loss': 0.8453, 'learning_rate': 0.0003, 'epoch': 1.03}
{'loss': 0.8336, 'learning_rate': 0.0003, 'epoch': 1.03}
{'loss': 0.8408, 'learning_rate': 0.0003, 'epoch': 1.03}
{'loss': 0.8323, 'learning_rate': 0.0003, 'epoch': 1.03}
{'loss': 0.8253, 'learning_rate': 0.0003, 'epoch': 1.03}
{'loss': 0.8201, 'learning_rate': 0.0003, 'epoch': 1.03}
{'loss': 0.8281, 'learning_rate': 0.0003, 'epoch': 1.03}
{'loss': 0.8313, 'learning_rate': 0.0003, 'epoch': 1.04}
{'loss': 0.8382, 'learning_rate': 0.0003, 'epoch': 1.04}
{'loss': 0.8229, 'learning_rate': 0.0003, 'epoch': 1.04}
{'loss': 0.8148, 'learning_rate': 0.0003, 'epoch': 1.04}
{'loss': 0.8293, 'learning_rate': 0.0003, 'epoch': 1.04}
{'loss': 0.836, 'learning_rate': 0.0003, 'epoch': 1.04}
{'loss': 0.839, 'learning_rate': 0.0003, 'epoch': 1.05}
{'loss': 0.8271, 'learning_rate': 0.0003, 'epoch': 1.05}
{'loss': 0.8278, 'learning_rate': 0.0003, 'epoch': 1.05}
{'loss': 0.8282, 'learning_rate': 0.0003, 'epoch': 1.05}
{'loss': 0.8277, 'learning_rate': 0.0003, 'epoch': 1.05}
{'loss': 0.8287, 'learning_rate': 0.0003, 'epoch': 1.05}
{'loss': 0.8219, 'learning_rate': 0.0003, 'epoch': 1.05}
{'loss': 0.8233, 'learning_rate': 0.0003, 'epoch': 1.06}
{'loss': 0.8301, 'learning_rate': 0.0003, 'epoch': 1.06}
{'loss': 0.8384, 'learning_rate': 0.0003, 'epoch': 1.06}
{'loss': 0.8346, 'learning_rate': 0.0003, 'epoch': 1.06}
{'loss': 0.8341, 'learning_rate': 0.0003, 'epoch': 1.06}
{'loss': 0.8322, 'learning_rate': 0.0003, 'epoch': 1.06}
{'loss': 0.8471, 'learning_rate': 0.0003, 'epoch': 1.07}
{'loss': 0.8364, 'learning_rate': 0.0003, 'epoch': 1.07}
{'loss': 0.8348, 'learning_rate': 0.0003, 'epoch': 1.07}
{'loss': 0.8415, 'learning_rate': 0.0003, 'epoch': 1.07}
{'loss': 0.8282, 'learning_rate': 0.0003, 'epoch': 1.07}
{'loss': 0.8393, 'learning_rate': 0.0003, 'epoch': 1.07}
{'loss': 0.8346, 'learning_rate': 0.0003, 'epoch': 1.07}
{'loss': 0.8536, 'learning_rate': 0.0003, 'epoch': 1.08}
{'loss': 0.8304, 'learning_rate': 0.0003, 'epoch': 1.08}
{'loss': 0.8365, 'learning_rate': 0.0003, 'epoch': 1.08}
{'loss': 0.8341, 'learning_rate': 0.0003, 'epoch': 1.08}
{'loss': 0.8364, 'learning_rate': 0.0003, 'epoch': 1.08}
{'loss': 0.8339, 'learning_rate': 0.0003, 'epoch': 1.08}
{'loss': 0.8419, 'learning_rate': 0.0003, 'epoch': 1.09}
{'loss': 0.8423, 'learning_rate': 0.0003, 'epoch': 1.09}
{'loss': 0.8377, 'learning_rate': 0.0003, 'epoch': 1.09}
{'loss': 0.8294, 'learning_rate': 0.0003, 'epoch': 1.09}
{'loss': 0.8241, 'learning_rate': 0.0003, 'epoch': 1.09}
{'loss': 0.8401, 'learning_rate': 0.0003, 'epoch': 1.09}
{'loss': 0.8453, 'learning_rate': 0.0003, 'epoch': 1.09}
{'loss': 0.831, 'learning_rate': 0.0003, 'epoch': 1.1}
{'loss': 0.8312, 'learning_rate': 0.0003, 'epoch': 1.1}
{'loss': 0.8317, 'learning_rate': 0.0003, 'epoch': 1.1}
{'loss': 0.8367, 'learning_rate': 0.0003, 'epoch': 1.1}
{'loss': 0.8244, 'learning_rate': 0.0003, 'epoch': 1.1}
{'loss': 0.8301, 'learning_rate': 0.0003, 'epoch': 1.1}
{'loss': 0.8449, 'learning_rate': 0.0003, 'epoch': 1.11}
{'loss': 0.8447, 'learning_rate': 0.0003, 'epoch': 1.11}
{'loss': 0.831, 'learning_rate': 0.0003, 'epoch': 1.11}
{'loss': 0.8328, 'learning_rate': 0.0003, 'epoch': 1.11}
{'train_runtime': 16735.0495, 'train_samples_per_second': 6.186, 'train_steps_per_second': 0.773, 'train_loss': 0.8353796323029544, 'epoch': 1.11}
