trainable params: 23,593,600 || all params: 6,762,009,216 || trainable%: 0.34891404679209476
base_model.model.model.layers.0.self_attn.q_proj.lora_A.default
base_model.model.model.layers.0.self_attn.q_proj.lora_B.default
base_model.model.model.layers.0.self_attn.q_proj.lora_router.default.weight
base_model.model.model.layers.0.self_attn.q_proj.lora_router.default.bias
base_model.model.model.layers.0.self_attn.v_proj.lora_A.default
base_model.model.model.layers.0.self_attn.v_proj.lora_B.default
base_model.model.model.layers.0.self_attn.v_proj.lora_router.default.weight
base_model.model.model.layers.0.self_attn.v_proj.lora_router.default.bias
base_model.model.model.layers.1.self_attn.q_proj.lora_A.default
base_model.model.model.layers.1.self_attn.q_proj.lora_B.default
base_model.model.model.layers.1.self_attn.q_proj.lora_router.default.weight
base_model.model.model.layers.1.self_attn.q_proj.lora_router.default.bias
base_model.model.model.layers.1.self_attn.v_proj.lora_A.default
base_model.model.model.layers.1.self_attn.v_proj.lora_B.default
base_model.model.model.layers.1.self_attn.v_proj.lora_router.default.weight
base_model.model.model.layers.1.self_attn.v_proj.lora_router.default.bias
base_model.model.model.layers.2.self_attn.q_proj.lora_A.default
base_model.model.model.layers.2.self_attn.q_proj.lora_B.default
base_model.model.model.layers.2.self_attn.q_proj.lora_router.default.weight
base_model.model.model.layers.2.self_attn.q_proj.lora_router.default.bias
base_model.model.model.layers.2.self_attn.v_proj.lora_A.default
base_model.model.model.layers.2.self_attn.v_proj.lora_B.default
base_model.model.model.layers.2.self_attn.v_proj.lora_router.default.weight
base_model.model.model.layers.2.self_attn.v_proj.lora_router.default.bias
base_model.model.model.layers.3.self_attn.q_proj.lora_A.default
base_model.model.model.layers.3.self_attn.q_proj.lora_B.default
base_model.model.model.layers.3.self_attn.q_proj.lora_router.default.weight
base_model.model.model.layers.3.self_attn.q_proj.lora_router.default.bias
base_model.model.model.layers.3.self_attn.v_proj.lora_A.default
base_model.model.model.layers.3.self_attn.v_proj.lora_B.default
base_model.model.model.layers.3.self_attn.v_proj.lora_router.default.weight
base_model.model.model.layers.3.self_attn.v_proj.lora_router.default.bias
base_model.model.model.layers.4.self_attn.q_proj.lora_A.default
base_model.model.model.layers.4.self_attn.q_proj.lora_B.default
base_model.model.model.layers.4.self_attn.q_proj.lora_router.default.weight
base_model.model.model.layers.4.self_attn.q_proj.lora_router.default.bias
base_model.model.model.layers.4.self_attn.v_proj.lora_A.default
base_model.model.model.layers.4.self_attn.v_proj.lora_B.default
base_model.model.model.layers.4.self_attn.v_proj.lora_router.default.weight
base_model.model.model.layers.4.self_attn.v_proj.lora_router.default.bias
base_model.model.model.layers.5.self_attn.q_proj.lora_A.default
base_model.model.model.layers.5.self_attn.q_proj.lora_B.default
base_model.model.model.layers.5.self_attn.q_proj.lora_router.default.weight
base_model.model.model.layers.5.self_attn.q_proj.lora_router.default.bias
base_model.model.model.layers.5.self_attn.v_proj.lora_A.default
base_model.model.model.layers.5.self_attn.v_proj.lora_B.default
base_model.model.model.layers.5.self_attn.v_proj.lora_router.default.weight
base_model.model.model.layers.5.self_attn.v_proj.lora_router.default.bias
base_model.model.model.layers.6.self_attn.q_proj.lora_A.default
base_model.model.model.layers.6.self_attn.q_proj.lora_B.default
base_model.model.model.layers.6.self_attn.q_proj.lora_router.default.weight
base_model.model.model.layers.6.self_attn.q_proj.lora_router.default.bias
base_model.model.model.layers.6.self_attn.v_proj.lora_A.default
base_model.model.model.layers.6.self_attn.v_proj.lora_B.default
base_model.model.model.layers.6.self_attn.v_proj.lora_router.default.weight
base_model.model.model.layers.6.self_attn.v_proj.lora_router.default.bias
base_model.model.model.layers.7.self_attn.q_proj.lora_A.default
base_model.model.model.layers.7.self_attn.q_proj.lora_B.default
base_model.model.model.layers.7.self_attn.q_proj.lora_router.default.weight
base_model.model.model.layers.7.self_attn.q_proj.lora_router.default.bias
base_model.model.model.layers.7.self_attn.v_proj.lora_A.default
base_model.model.model.layers.7.self_attn.v_proj.lora_B.default
base_model.model.model.layers.7.self_attn.v_proj.lora_router.default.weight
base_model.model.model.layers.7.self_attn.v_proj.lora_router.default.bias
base_model.model.model.layers.8.self_attn.q_proj.lora_A.default
base_model.model.model.layers.8.self_attn.q_proj.lora_B.default
base_model.model.model.layers.8.self_attn.q_proj.lora_router.default.weight
base_model.model.model.layers.8.self_attn.q_proj.lora_router.default.bias
base_model.model.model.layers.8.self_attn.v_proj.lora_A.default
base_model.model.model.layers.8.self_attn.v_proj.lora_B.default
base_model.model.model.layers.8.self_attn.v_proj.lora_router.default.weight
base_model.model.model.layers.8.self_attn.v_proj.lora_router.default.bias
base_model.model.model.layers.9.self_attn.q_proj.lora_A.default
base_model.model.model.layers.9.self_attn.q_proj.lora_B.default
base_model.model.model.layers.9.self_attn.q_proj.lora_router.default.weight
base_model.model.model.layers.9.self_attn.q_proj.lora_router.default.bias
base_model.model.model.layers.9.self_attn.v_proj.lora_A.default
base_model.model.model.layers.9.self_attn.v_proj.lora_B.default
base_model.model.model.layers.9.self_attn.v_proj.lora_router.default.weight
base_model.model.model.layers.9.self_attn.v_proj.lora_router.default.bias
base_model.model.model.layers.10.self_attn.q_proj.lora_A.default
base_model.model.model.layers.10.self_attn.q_proj.lora_B.default
base_model.model.model.layers.10.self_attn.q_proj.lora_router.default.weight
base_model.model.model.layers.10.self_attn.q_proj.lora_router.default.bias
base_model.model.model.layers.10.self_attn.v_proj.lora_A.default
base_model.model.model.layers.10.self_attn.v_proj.lora_B.default
base_model.model.model.layers.10.self_attn.v_proj.lora_router.default.weight
base_model.model.model.layers.10.self_attn.v_proj.lora_router.default.bias
base_model.model.model.layers.11.self_attn.q_proj.lora_A.default
base_model.model.model.layers.11.self_attn.q_proj.lora_B.default
base_model.model.model.layers.11.self_attn.q_proj.lora_router.default.weight
base_model.model.model.layers.11.self_attn.q_proj.lora_router.default.bias
base_model.model.model.layers.11.self_attn.v_proj.lora_A.default
base_model.model.model.layers.11.self_attn.v_proj.lora_B.default
base_model.model.model.layers.11.self_attn.v_proj.lora_router.default.weight
base_model.model.model.layers.11.self_attn.v_proj.lora_router.default.bias
base_model.model.model.layers.12.self_attn.q_proj.lora_A.default
base_model.model.model.layers.12.self_attn.q_proj.lora_B.default
base_model.model.model.layers.12.self_attn.q_proj.lora_router.default.weight
base_model.model.model.layers.12.self_attn.q_proj.lora_router.default.bias
base_model.model.model.layers.12.self_attn.v_proj.lora_A.default
base_model.model.model.layers.12.self_attn.v_proj.lora_B.default
base_model.model.model.layers.12.self_attn.v_proj.lora_router.default.weight
base_model.model.model.layers.12.self_attn.v_proj.lora_router.default.bias
base_model.model.model.layers.13.self_attn.q_proj.lora_A.default
base_model.model.model.layers.13.self_attn.q_proj.lora_B.default
base_model.model.model.layers.13.self_attn.q_proj.lora_router.default.weight
base_model.model.model.layers.13.self_attn.q_proj.lora_router.default.bias
base_model.model.model.layers.13.self_attn.v_proj.lora_A.default
base_model.model.model.layers.13.self_attn.v_proj.lora_B.default
base_model.model.model.layers.13.self_attn.v_proj.lora_router.default.weight
base_model.model.model.layers.13.self_attn.v_proj.lora_router.default.bias
base_model.model.model.layers.14.self_attn.q_proj.lora_A.default
base_model.model.model.layers.14.self_attn.q_proj.lora_B.default
base_model.model.model.layers.14.self_attn.q_proj.lora_router.default.weight
base_model.model.model.layers.14.self_attn.q_proj.lora_router.default.bias
base_model.model.model.layers.14.self_attn.v_proj.lora_A.default
base_model.model.model.layers.14.self_attn.v_proj.lora_B.default
base_model.model.model.layers.14.self_attn.v_proj.lora_router.default.weight
base_model.model.model.layers.14.self_attn.v_proj.lora_router.default.bias
base_model.model.model.layers.15.self_attn.q_proj.lora_A.default
base_model.model.model.layers.15.self_attn.q_proj.lora_B.default
base_model.model.model.layers.15.self_attn.q_proj.lora_router.default.weight
base_model.model.model.layers.15.self_attn.q_proj.lora_router.default.bias
base_model.model.model.layers.15.self_attn.v_proj.lora_A.default
base_model.model.model.layers.15.self_attn.v_proj.lora_B.default
base_model.model.model.layers.15.self_attn.v_proj.lora_router.default.weight
base_model.model.model.layers.15.self_attn.v_proj.lora_router.default.bias
base_model.model.model.layers.16.self_attn.q_proj.lora_A.default
base_model.model.model.layers.16.self_attn.q_proj.lora_B.default
base_model.model.model.layers.16.self_attn.q_proj.lora_router.default.weight
base_model.model.model.layers.16.self_attn.q_proj.lora_router.default.bias
base_model.model.model.layers.16.self_attn.v_proj.lora_A.default
base_model.model.model.layers.16.self_attn.v_proj.lora_B.default
base_model.model.model.layers.16.self_attn.v_proj.lora_router.default.weight
base_model.model.model.layers.16.self_attn.v_proj.lora_router.default.bias
base_model.model.model.layers.17.self_attn.q_proj.lora_A.default
base_model.model.model.layers.17.self_attn.q_proj.lora_B.default
base_model.model.model.layers.17.self_attn.q_proj.lora_router.default.weight
base_model.model.model.layers.17.self_attn.q_proj.lora_router.default.bias
base_model.model.model.layers.17.self_attn.v_proj.lora_A.default
base_model.model.model.layers.17.self_attn.v_proj.lora_B.default
base_model.model.model.layers.17.self_attn.v_proj.lora_router.default.weight
base_model.model.model.layers.17.self_attn.v_proj.lora_router.default.bias
base_model.model.model.layers.18.self_attn.q_proj.lora_A.default
base_model.model.model.layers.18.self_attn.q_proj.lora_B.default
base_model.model.model.layers.18.self_attn.q_proj.lora_router.default.weight
base_model.model.model.layers.18.self_attn.q_proj.lora_router.default.bias
base_model.model.model.layers.18.self_attn.v_proj.lora_A.default
base_model.model.model.layers.18.self_attn.v_proj.lora_B.default
base_model.model.model.layers.18.self_attn.v_proj.lora_router.default.weight
base_model.model.model.layers.18.self_attn.v_proj.lora_router.default.bias
base_model.model.model.layers.19.self_attn.q_proj.lora_A.default
base_model.model.model.layers.19.self_attn.q_proj.lora_B.default
base_model.model.model.layers.19.self_attn.q_proj.lora_router.default.weight
base_model.model.model.layers.19.self_attn.q_proj.lora_router.default.bias
base_model.model.model.layers.19.self_attn.v_proj.lora_A.default
base_model.model.model.layers.19.self_attn.v_proj.lora_B.default
base_model.model.model.layers.19.self_attn.v_proj.lora_router.default.weight
base_model.model.model.layers.19.self_attn.v_proj.lora_router.default.bias
base_model.model.model.layers.20.self_attn.q_proj.lora_A.default
base_model.model.model.layers.20.self_attn.q_proj.lora_B.default
base_model.model.model.layers.20.self_attn.q_proj.lora_router.default.weight
base_model.model.model.layers.20.self_attn.q_proj.lora_router.default.bias
base_model.model.model.layers.20.self_attn.v_proj.lora_A.default
base_model.model.model.layers.20.self_attn.v_proj.lora_B.default
base_model.model.model.layers.20.self_attn.v_proj.lora_router.default.weight
base_model.model.model.layers.20.self_attn.v_proj.lora_router.default.bias
base_model.model.model.layers.21.self_attn.q_proj.lora_A.default
base_model.model.model.layers.21.self_attn.q_proj.lora_B.default
base_model.model.model.layers.21.self_attn.q_proj.lora_router.default.weight
base_model.model.model.layers.21.self_attn.q_proj.lora_router.default.bias
base_model.model.model.layers.21.self_attn.v_proj.lora_A.default
base_model.model.model.layers.21.self_attn.v_proj.lora_B.default
base_model.model.model.layers.21.self_attn.v_proj.lora_router.default.weight
base_model.model.model.layers.21.self_attn.v_proj.lora_router.default.bias
base_model.model.model.layers.22.self_attn.q_proj.lora_A.default
base_model.model.model.layers.22.self_attn.q_proj.lora_B.default
base_model.model.model.layers.22.self_attn.q_proj.lora_router.default.weight
base_model.model.model.layers.22.self_attn.q_proj.lora_router.default.bias
base_model.model.model.layers.22.self_attn.v_proj.lora_A.default
base_model.model.model.layers.22.self_attn.v_proj.lora_B.default
base_model.model.model.layers.22.self_attn.v_proj.lora_router.default.weight
base_model.model.model.layers.22.self_attn.v_proj.lora_router.default.bias
base_model.model.model.layers.23.self_attn.q_proj.lora_A.default
base_model.model.model.layers.23.self_attn.q_proj.lora_B.default
base_model.model.model.layers.23.self_attn.q_proj.lora_router.default.weight
base_model.model.model.layers.23.self_attn.q_proj.lora_router.default.bias
base_model.model.model.layers.23.self_attn.v_proj.lora_A.default
base_model.model.model.layers.23.self_attn.v_proj.lora_B.default
base_model.model.model.layers.23.self_attn.v_proj.lora_router.default.weight
base_model.model.model.layers.23.self_attn.v_proj.lora_router.default.bias
base_model.model.model.layers.24.self_attn.q_proj.lora_A.default
base_model.model.model.layers.24.self_attn.q_proj.lora_B.default
base_model.model.model.layers.24.self_attn.q_proj.lora_router.default.weight
base_model.model.model.layers.24.self_attn.q_proj.lora_router.default.bias
base_model.model.model.layers.24.self_attn.v_proj.lora_A.default
base_model.model.model.layers.24.self_attn.v_proj.lora_B.default
base_model.model.model.layers.24.self_attn.v_proj.lora_router.default.weight
base_model.model.model.layers.24.self_attn.v_proj.lora_router.default.bias
base_model.model.model.layers.25.self_attn.q_proj.lora_A.default
base_model.model.model.layers.25.self_attn.q_proj.lora_B.default
base_model.model.model.layers.25.self_attn.q_proj.lora_router.default.weight
base_model.model.model.layers.25.self_attn.q_proj.lora_router.default.bias
base_model.model.model.layers.25.self_attn.v_proj.lora_A.default
base_model.model.model.layers.25.self_attn.v_proj.lora_B.default
base_model.model.model.layers.25.self_attn.v_proj.lora_router.default.weight
base_model.model.model.layers.25.self_attn.v_proj.lora_router.default.bias
base_model.model.model.layers.26.self_attn.q_proj.lora_A.default
base_model.model.model.layers.26.self_attn.q_proj.lora_B.default
base_model.model.model.layers.26.self_attn.q_proj.lora_router.default.weight
base_model.model.model.layers.26.self_attn.q_proj.lora_router.default.bias
base_model.model.model.layers.26.self_attn.v_proj.lora_A.default
base_model.model.model.layers.26.self_attn.v_proj.lora_B.default
base_model.model.model.layers.26.self_attn.v_proj.lora_router.default.weight
base_model.model.model.layers.26.self_attn.v_proj.lora_router.default.bias
base_model.model.model.layers.27.self_attn.q_proj.lora_A.default
base_model.model.model.layers.27.self_attn.q_proj.lora_B.default
base_model.model.model.layers.27.self_attn.q_proj.lora_router.default.weight
base_model.model.model.layers.27.self_attn.q_proj.lora_router.default.bias
base_model.model.model.layers.27.self_attn.v_proj.lora_A.default
base_model.model.model.layers.27.self_attn.v_proj.lora_B.default
base_model.model.model.layers.27.self_attn.v_proj.lora_router.default.weight
base_model.model.model.layers.27.self_attn.v_proj.lora_router.default.bias
base_model.model.model.layers.28.self_attn.q_proj.lora_A.default
base_model.model.model.layers.28.self_attn.q_proj.lora_B.default
base_model.model.model.layers.28.self_attn.q_proj.lora_router.default.weight
base_model.model.model.layers.28.self_attn.q_proj.lora_router.default.bias
base_model.model.model.layers.28.self_attn.v_proj.lora_A.default
base_model.model.model.layers.28.self_attn.v_proj.lora_B.default
base_model.model.model.layers.28.self_attn.v_proj.lora_router.default.weight
base_model.model.model.layers.28.self_attn.v_proj.lora_router.default.bias
base_model.model.model.layers.29.self_attn.q_proj.lora_A.default
base_model.model.model.layers.29.self_attn.q_proj.lora_B.default
base_model.model.model.layers.29.self_attn.q_proj.lora_router.default.weight
base_model.model.model.layers.29.self_attn.q_proj.lora_router.default.bias
base_model.model.model.layers.29.self_attn.v_proj.lora_A.default
base_model.model.model.layers.29.self_attn.v_proj.lora_B.default
base_model.model.model.layers.29.self_attn.v_proj.lora_router.default.weight
base_model.model.model.layers.29.self_attn.v_proj.lora_router.default.bias
base_model.model.model.layers.30.self_attn.q_proj.lora_A.default
base_model.model.model.layers.30.self_attn.q_proj.lora_B.default
base_model.model.model.layers.30.self_attn.q_proj.lora_router.default.weight
base_model.model.model.layers.30.self_attn.q_proj.lora_router.default.bias
base_model.model.model.layers.30.self_attn.v_proj.lora_A.default
base_model.model.model.layers.30.self_attn.v_proj.lora_B.default
base_model.model.model.layers.30.self_attn.v_proj.lora_router.default.weight
base_model.model.model.layers.30.self_attn.v_proj.lora_router.default.bias
base_model.model.model.layers.31.self_attn.q_proj.lora_A.default
base_model.model.model.layers.31.self_attn.q_proj.lora_B.default
base_model.model.model.layers.31.self_attn.q_proj.lora_router.default.weight
base_model.model.model.layers.31.self_attn.q_proj.lora_router.default.bias
base_model.model.model.layers.31.self_attn.v_proj.lora_A.default
base_model.model.model.layers.31.self_attn.v_proj.lora_B.default
base_model.model.model.layers.31.self_attn.v_proj.lora_router.default.weight
base_model.model.model.layers.31.self_attn.v_proj.lora_router.default.bias
{'loss': 0.9931, 'learning_rate': 0.0003, 'epoch': 0.0}
{'loss': 0.8875, 'learning_rate': 0.0003, 'epoch': 0.0}
{'loss': 0.8855, 'learning_rate': 0.0003, 'epoch': 0.0}
{'loss': 0.8428, 'learning_rate': 0.0003, 'epoch': 0.01}
{'loss': 0.8524, 'learning_rate': 0.0003, 'epoch': 0.01}
{'loss': 0.8549, 'learning_rate': 0.0003, 'epoch': 0.01}
{'loss': 0.8567, 'learning_rate': 0.0003, 'epoch': 0.01}
{'loss': 0.8558, 'learning_rate': 0.0003, 'epoch': 0.01}
{'loss': 0.866, 'learning_rate': 0.0003, 'epoch': 0.01}
{'loss': 0.8523, 'learning_rate': 0.0003, 'epoch': 0.02}
{'loss': 0.8578, 'learning_rate': 0.0003, 'epoch': 0.02}
{'loss': 0.8282, 'learning_rate': 0.0003, 'epoch': 0.02}
{'loss': 0.8515, 'learning_rate': 0.0003, 'epoch': 0.02}
{'loss': 0.8319, 'learning_rate': 0.0003, 'epoch': 0.02}
{'loss': 0.8637, 'learning_rate': 0.0003, 'epoch': 0.02}
{'loss': 0.8485, 'learning_rate': 0.0003, 'epoch': 0.02}
{'loss': 0.8432, 'learning_rate': 0.0003, 'epoch': 0.03}
{'loss': 0.8324, 'learning_rate': 0.0003, 'epoch': 0.03}
{'loss': 0.8295, 'learning_rate': 0.0003, 'epoch': 0.03}
{'loss': 0.846, 'learning_rate': 0.0003, 'epoch': 0.03}
{'loss': 0.841, 'learning_rate': 0.0003, 'epoch': 0.03}
{'loss': 0.8316, 'learning_rate': 0.0003, 'epoch': 0.03}
{'loss': 0.8451, 'learning_rate': 0.0003, 'epoch': 0.04}
{'loss': 0.8225, 'learning_rate': 0.0003, 'epoch': 0.04}
{'loss': 0.8346, 'learning_rate': 0.0003, 'epoch': 0.04}
{'loss': 0.8308, 'learning_rate': 0.0003, 'epoch': 0.04}
{'loss': 0.825, 'learning_rate': 0.0003, 'epoch': 0.04}
{'loss': 0.823, 'learning_rate': 0.0003, 'epoch': 0.04}
{'loss': 0.8489, 'learning_rate': 0.0003, 'epoch': 0.04}
{'loss': 0.8318, 'learning_rate': 0.0003, 'epoch': 0.05}
{'loss': 0.8285, 'learning_rate': 0.0003, 'epoch': 0.05}
{'loss': 0.8433, 'learning_rate': 0.0003, 'epoch': 0.05}
{'loss': 0.8356, 'learning_rate': 0.0003, 'epoch': 0.05}
{'loss': 0.8385, 'learning_rate': 0.0003, 'epoch': 0.05}
{'loss': 0.85, 'learning_rate': 0.0003, 'epoch': 0.05}
{'loss': 0.8228, 'learning_rate': 0.0003, 'epoch': 0.06}
{'loss': 0.8305, 'learning_rate': 0.0003, 'epoch': 0.06}
{'loss': 0.8335, 'learning_rate': 0.0003, 'epoch': 0.06}
{'loss': 0.8423, 'learning_rate': 0.0003, 'epoch': 0.06}
{'loss': 0.8284, 'learning_rate': 0.0003, 'epoch': 0.06}
{'loss': 0.8349, 'learning_rate': 0.0003, 'epoch': 0.06}
{'loss': 0.8317, 'learning_rate': 0.0003, 'epoch': 0.06}
{'loss': 0.8361, 'learning_rate': 0.0003, 'epoch': 0.07}
{'loss': 0.8237, 'learning_rate': 0.0003, 'epoch': 0.07}
{'loss': 0.847, 'learning_rate': 0.0003, 'epoch': 0.07}
{'loss': 0.8281, 'learning_rate': 0.0003, 'epoch': 0.07}
{'loss': 0.8397, 'learning_rate': 0.0003, 'epoch': 0.07}
{'loss': 0.8443, 'learning_rate': 0.0003, 'epoch': 0.07}
{'loss': 0.8495, 'learning_rate': 0.0003, 'epoch': 0.08}
{'loss': 0.8471, 'learning_rate': 0.0003, 'epoch': 0.08}
{'loss': 0.8418, 'learning_rate': 0.0003, 'epoch': 0.08}
{'loss': 0.8246, 'learning_rate': 0.0003, 'epoch': 0.08}
{'loss': 0.8458, 'learning_rate': 0.0003, 'epoch': 0.08}
{'loss': 0.8417, 'learning_rate': 0.0003, 'epoch': 0.08}
{'loss': 0.8364, 'learning_rate': 0.0003, 'epoch': 0.09}
{'loss': 0.8313, 'learning_rate': 0.0003, 'epoch': 0.09}
{'loss': 0.8392, 'learning_rate': 0.0003, 'epoch': 0.09}
{'loss': 0.8392, 'learning_rate': 0.0003, 'epoch': 0.09}
{'loss': 0.8176, 'learning_rate': 0.0003, 'epoch': 0.09}
{'loss': 0.8258, 'learning_rate': 0.0003, 'epoch': 0.09}
{'loss': 0.8223, 'learning_rate': 0.0003, 'epoch': 0.09}
{'loss': 0.8145, 'learning_rate': 0.0003, 'epoch': 0.1}
{'loss': 0.8427, 'learning_rate': 0.0003, 'epoch': 0.1}
{'loss': 0.8365, 'learning_rate': 0.0003, 'epoch': 0.1}
{'loss': 0.8369, 'learning_rate': 0.0003, 'epoch': 0.1}
{'loss': 0.8572, 'learning_rate': 0.0003, 'epoch': 0.1}
{'loss': 0.8237, 'learning_rate': 0.0003, 'epoch': 0.1}
{'loss': 0.8273, 'learning_rate': 0.0003, 'epoch': 0.11}
{'loss': 0.8401, 'learning_rate': 0.0003, 'epoch': 0.11}
{'loss': 0.8437, 'learning_rate': 0.0003, 'epoch': 0.11}
{'loss': 0.8285, 'learning_rate': 0.0003, 'epoch': 0.11}
{'loss': 0.8041, 'learning_rate': 0.0003, 'epoch': 1.0}
{'loss': 0.7855, 'learning_rate': 0.0003, 'epoch': 1.0}
{'loss': 0.7898, 'learning_rate': 0.0003, 'epoch': 1.0}
{'loss': 0.789, 'learning_rate': 0.0003, 'epoch': 1.01}
{'loss': 0.8098, 'learning_rate': 0.0003, 'epoch': 1.01}
{'loss': 0.7939, 'learning_rate': 0.0003, 'epoch': 1.01}
{'loss': 0.7899, 'learning_rate': 0.0003, 'epoch': 1.01}
{'loss': 0.7893, 'learning_rate': 0.0003, 'epoch': 1.01}
{'loss': 0.8069, 'learning_rate': 0.0003, 'epoch': 1.01}
{'loss': 0.789, 'learning_rate': 0.0003, 'epoch': 1.01}
{'loss': 0.7857, 'learning_rate': 0.0003, 'epoch': 1.02}
{'loss': 0.8107, 'learning_rate': 0.0003, 'epoch': 1.02}
{'loss': 0.7698, 'learning_rate': 0.0003, 'epoch': 1.02}
{'loss': 0.782, 'learning_rate': 0.0003, 'epoch': 1.02}
{'loss': 0.7876, 'learning_rate': 0.0003, 'epoch': 1.02}
{'loss': 0.7734, 'learning_rate': 0.0003, 'epoch': 1.02}
{'loss': 0.796, 'learning_rate': 0.0003, 'epoch': 1.03}
{'loss': 0.7877, 'learning_rate': 0.0003, 'epoch': 1.03}
{'loss': 0.7958, 'learning_rate': 0.0003, 'epoch': 1.03}
{'loss': 0.7835, 'learning_rate': 0.0003, 'epoch': 1.03}
{'loss': 0.7777, 'learning_rate': 0.0003, 'epoch': 1.03}
{'loss': 0.7728, 'learning_rate': 0.0003, 'epoch': 1.03}
{'loss': 0.7846, 'learning_rate': 0.0003, 'epoch': 1.03}
{'loss': 0.785, 'learning_rate': 0.0003, 'epoch': 1.04}
{'loss': 0.7883, 'learning_rate': 0.0003, 'epoch': 1.04}
{'loss': 0.7726, 'learning_rate': 0.0003, 'epoch': 1.04}
{'loss': 0.7633, 'learning_rate': 0.0003, 'epoch': 1.04}
{'loss': 0.7807, 'learning_rate': 0.0003, 'epoch': 1.04}
{'loss': 0.7866, 'learning_rate': 0.0003, 'epoch': 1.04}
{'loss': 0.7904, 'learning_rate': 0.0003, 'epoch': 1.05}
{'loss': 0.7779, 'learning_rate': 0.0003, 'epoch': 1.05}
{'loss': 0.7781, 'learning_rate': 0.0003, 'epoch': 1.05}
{'loss': 0.779, 'learning_rate': 0.0003, 'epoch': 1.05}
{'loss': 0.7799, 'learning_rate': 0.0003, 'epoch': 1.05}
{'loss': 0.7829, 'learning_rate': 0.0003, 'epoch': 1.05}
{'loss': 0.7731, 'learning_rate': 0.0003, 'epoch': 1.05}
{'loss': 0.7764, 'learning_rate': 0.0003, 'epoch': 1.06}
{'loss': 0.7807, 'learning_rate': 0.0003, 'epoch': 1.06}
{'loss': 0.789, 'learning_rate': 0.0003, 'epoch': 1.06}
{'loss': 0.7857, 'learning_rate': 0.0003, 'epoch': 1.06}
{'loss': 0.7854, 'learning_rate': 0.0003, 'epoch': 1.06}
{'loss': 0.7824, 'learning_rate': 0.0003, 'epoch': 1.06}
{'loss': 0.7978, 'learning_rate': 0.0003, 'epoch': 1.07}
{'loss': 0.7876, 'learning_rate': 0.0003, 'epoch': 1.07}
{'loss': 0.7852, 'learning_rate': 0.0003, 'epoch': 1.07}
{'loss': 0.793, 'learning_rate': 0.0003, 'epoch': 1.07}
{'loss': 0.779, 'learning_rate': 0.0003, 'epoch': 1.07}
{'loss': 0.7892, 'learning_rate': 0.0003, 'epoch': 1.07}
{'loss': 0.7863, 'learning_rate': 0.0003, 'epoch': 1.07}
{'loss': 0.8025, 'learning_rate': 0.0003, 'epoch': 1.08}
{'loss': 0.7805, 'learning_rate': 0.0003, 'epoch': 1.08}
{'loss': 0.7878, 'learning_rate': 0.0003, 'epoch': 1.08}
{'loss': 0.7865, 'learning_rate': 0.0003, 'epoch': 1.08}
{'loss': 0.7848, 'learning_rate': 0.0003, 'epoch': 1.08}
{'loss': 0.7839, 'learning_rate': 0.0003, 'epoch': 1.08}
{'loss': 0.7909, 'learning_rate': 0.0003, 'epoch': 1.09}
{'loss': 0.7928, 'learning_rate': 0.0003, 'epoch': 1.09}
{'loss': 0.7921, 'learning_rate': 0.0003, 'epoch': 1.09}
{'loss': 0.7816, 'learning_rate': 0.0003, 'epoch': 1.09}
{'loss': 0.7744, 'learning_rate': 0.0003, 'epoch': 1.09}
{'loss': 0.7923, 'learning_rate': 0.0003, 'epoch': 1.09}
{'loss': 0.7956, 'learning_rate': 0.0003, 'epoch': 1.09}
{'loss': 0.7814, 'learning_rate': 0.0003, 'epoch': 1.1}
{'loss': 0.7813, 'learning_rate': 0.0003, 'epoch': 1.1}
{'loss': 0.7824, 'learning_rate': 0.0003, 'epoch': 1.1}
{'loss': 0.7885, 'learning_rate': 0.0003, 'epoch': 1.1}
{'loss': 0.779, 'learning_rate': 0.0003, 'epoch': 1.1}
{'loss': 0.7829, 'learning_rate': 0.0003, 'epoch': 1.1}
{'loss': 0.7983, 'learning_rate': 0.0003, 'epoch': 1.11}
{'loss': 0.7946, 'learning_rate': 0.0003, 'epoch': 1.11}
{'loss': 0.7804, 'learning_rate': 0.0003, 'epoch': 1.11}
{'loss': 0.7823, 'learning_rate': 0.0003, 'epoch': 1.11}
{'train_runtime': 14340.9052, 'train_samples_per_second': 7.219, 'train_steps_per_second': 0.902, 'train_loss': 0.8137587951931684, 'epoch': 1.11}
