trainable params: 22,020,352 || all params: 6,760,435,968 || trainable%: 0.3257238453885464
base_model.model.model.layers.0.self_attn.q_proj.lora_A.default
base_model.model.model.layers.0.self_attn.q_proj.lora_B.default
base_model.model.model.layers.0.self_attn.q_proj.lora_router.default.query.weight
base_model.model.model.layers.0.self_attn.q_proj.lora_router.default.query.bias
base_model.model.model.layers.0.self_attn.q_proj.lora_router.default.key.weight
base_model.model.model.layers.0.self_attn.q_proj.lora_router.default.key.bias
base_model.model.model.layers.0.self_attn.v_proj.lora_A.default
base_model.model.model.layers.0.self_attn.v_proj.lora_B.default
base_model.model.model.layers.0.self_attn.v_proj.lora_router.default.query.weight
base_model.model.model.layers.0.self_attn.v_proj.lora_router.default.query.bias
base_model.model.model.layers.0.self_attn.v_proj.lora_router.default.key.weight
base_model.model.model.layers.0.self_attn.v_proj.lora_router.default.key.bias
base_model.model.model.layers.1.self_attn.q_proj.lora_A.default
base_model.model.model.layers.1.self_attn.q_proj.lora_B.default
base_model.model.model.layers.1.self_attn.q_proj.lora_router.default.query.weight
base_model.model.model.layers.1.self_attn.q_proj.lora_router.default.query.bias
base_model.model.model.layers.1.self_attn.q_proj.lora_router.default.key.weight
base_model.model.model.layers.1.self_attn.q_proj.lora_router.default.key.bias
base_model.model.model.layers.1.self_attn.v_proj.lora_A.default
base_model.model.model.layers.1.self_attn.v_proj.lora_B.default
base_model.model.model.layers.1.self_attn.v_proj.lora_router.default.query.weight
base_model.model.model.layers.1.self_attn.v_proj.lora_router.default.query.bias
base_model.model.model.layers.1.self_attn.v_proj.lora_router.default.key.weight
base_model.model.model.layers.1.self_attn.v_proj.lora_router.default.key.bias
base_model.model.model.layers.2.self_attn.q_proj.lora_A.default
base_model.model.model.layers.2.self_attn.q_proj.lora_B.default
base_model.model.model.layers.2.self_attn.q_proj.lora_router.default.query.weight
base_model.model.model.layers.2.self_attn.q_proj.lora_router.default.query.bias
base_model.model.model.layers.2.self_attn.q_proj.lora_router.default.key.weight
base_model.model.model.layers.2.self_attn.q_proj.lora_router.default.key.bias
base_model.model.model.layers.2.self_attn.v_proj.lora_A.default
base_model.model.model.layers.2.self_attn.v_proj.lora_B.default
base_model.model.model.layers.2.self_attn.v_proj.lora_router.default.query.weight
base_model.model.model.layers.2.self_attn.v_proj.lora_router.default.query.bias
base_model.model.model.layers.2.self_attn.v_proj.lora_router.default.key.weight
base_model.model.model.layers.2.self_attn.v_proj.lora_router.default.key.bias
base_model.model.model.layers.3.self_attn.q_proj.lora_A.default
base_model.model.model.layers.3.self_attn.q_proj.lora_B.default
base_model.model.model.layers.3.self_attn.q_proj.lora_router.default.query.weight
base_model.model.model.layers.3.self_attn.q_proj.lora_router.default.query.bias
base_model.model.model.layers.3.self_attn.q_proj.lora_router.default.key.weight
base_model.model.model.layers.3.self_attn.q_proj.lora_router.default.key.bias
base_model.model.model.layers.3.self_attn.v_proj.lora_A.default
base_model.model.model.layers.3.self_attn.v_proj.lora_B.default
base_model.model.model.layers.3.self_attn.v_proj.lora_router.default.query.weight
base_model.model.model.layers.3.self_attn.v_proj.lora_router.default.query.bias
base_model.model.model.layers.3.self_attn.v_proj.lora_router.default.key.weight
base_model.model.model.layers.3.self_attn.v_proj.lora_router.default.key.bias
base_model.model.model.layers.4.self_attn.q_proj.lora_A.default
base_model.model.model.layers.4.self_attn.q_proj.lora_B.default
base_model.model.model.layers.4.self_attn.q_proj.lora_router.default.query.weight
base_model.model.model.layers.4.self_attn.q_proj.lora_router.default.query.bias
base_model.model.model.layers.4.self_attn.q_proj.lora_router.default.key.weight
base_model.model.model.layers.4.self_attn.q_proj.lora_router.default.key.bias
base_model.model.model.layers.4.self_attn.v_proj.lora_A.default
base_model.model.model.layers.4.self_attn.v_proj.lora_B.default
base_model.model.model.layers.4.self_attn.v_proj.lora_router.default.query.weight
base_model.model.model.layers.4.self_attn.v_proj.lora_router.default.query.bias
base_model.model.model.layers.4.self_attn.v_proj.lora_router.default.key.weight
base_model.model.model.layers.4.self_attn.v_proj.lora_router.default.key.bias
base_model.model.model.layers.5.self_attn.q_proj.lora_A.default
base_model.model.model.layers.5.self_attn.q_proj.lora_B.default
base_model.model.model.layers.5.self_attn.q_proj.lora_router.default.query.weight
base_model.model.model.layers.5.self_attn.q_proj.lora_router.default.query.bias
base_model.model.model.layers.5.self_attn.q_proj.lora_router.default.key.weight
base_model.model.model.layers.5.self_attn.q_proj.lora_router.default.key.bias
base_model.model.model.layers.5.self_attn.v_proj.lora_A.default
base_model.model.model.layers.5.self_attn.v_proj.lora_B.default
base_model.model.model.layers.5.self_attn.v_proj.lora_router.default.query.weight
base_model.model.model.layers.5.self_attn.v_proj.lora_router.default.query.bias
base_model.model.model.layers.5.self_attn.v_proj.lora_router.default.key.weight
base_model.model.model.layers.5.self_attn.v_proj.lora_router.default.key.bias
base_model.model.model.layers.6.self_attn.q_proj.lora_A.default
base_model.model.model.layers.6.self_attn.q_proj.lora_B.default
base_model.model.model.layers.6.self_attn.q_proj.lora_router.default.query.weight
base_model.model.model.layers.6.self_attn.q_proj.lora_router.default.query.bias
base_model.model.model.layers.6.self_attn.q_proj.lora_router.default.key.weight
base_model.model.model.layers.6.self_attn.q_proj.lora_router.default.key.bias
base_model.model.model.layers.6.self_attn.v_proj.lora_A.default
base_model.model.model.layers.6.self_attn.v_proj.lora_B.default
base_model.model.model.layers.6.self_attn.v_proj.lora_router.default.query.weight
base_model.model.model.layers.6.self_attn.v_proj.lora_router.default.query.bias
base_model.model.model.layers.6.self_attn.v_proj.lora_router.default.key.weight
base_model.model.model.layers.6.self_attn.v_proj.lora_router.default.key.bias
base_model.model.model.layers.7.self_attn.q_proj.lora_A.default
base_model.model.model.layers.7.self_attn.q_proj.lora_B.default
base_model.model.model.layers.7.self_attn.q_proj.lora_router.default.query.weight
base_model.model.model.layers.7.self_attn.q_proj.lora_router.default.query.bias
base_model.model.model.layers.7.self_attn.q_proj.lora_router.default.key.weight
base_model.model.model.layers.7.self_attn.q_proj.lora_router.default.key.bias
base_model.model.model.layers.7.self_attn.v_proj.lora_A.default
base_model.model.model.layers.7.self_attn.v_proj.lora_B.default
base_model.model.model.layers.7.self_attn.v_proj.lora_router.default.query.weight
base_model.model.model.layers.7.self_attn.v_proj.lora_router.default.query.bias
base_model.model.model.layers.7.self_attn.v_proj.lora_router.default.key.weight
base_model.model.model.layers.7.self_attn.v_proj.lora_router.default.key.bias
base_model.model.model.layers.8.self_attn.q_proj.lora_A.default
base_model.model.model.layers.8.self_attn.q_proj.lora_B.default
base_model.model.model.layers.8.self_attn.q_proj.lora_router.default.query.weight
base_model.model.model.layers.8.self_attn.q_proj.lora_router.default.query.bias
base_model.model.model.layers.8.self_attn.q_proj.lora_router.default.key.weight
base_model.model.model.layers.8.self_attn.q_proj.lora_router.default.key.bias
base_model.model.model.layers.8.self_attn.v_proj.lora_A.default
base_model.model.model.layers.8.self_attn.v_proj.lora_B.default
base_model.model.model.layers.8.self_attn.v_proj.lora_router.default.query.weight
base_model.model.model.layers.8.self_attn.v_proj.lora_router.default.query.bias
base_model.model.model.layers.8.self_attn.v_proj.lora_router.default.key.weight
base_model.model.model.layers.8.self_attn.v_proj.lora_router.default.key.bias
base_model.model.model.layers.9.self_attn.q_proj.lora_A.default
base_model.model.model.layers.9.self_attn.q_proj.lora_B.default
base_model.model.model.layers.9.self_attn.q_proj.lora_router.default.query.weight
base_model.model.model.layers.9.self_attn.q_proj.lora_router.default.query.bias
base_model.model.model.layers.9.self_attn.q_proj.lora_router.default.key.weight
base_model.model.model.layers.9.self_attn.q_proj.lora_router.default.key.bias
base_model.model.model.layers.9.self_attn.v_proj.lora_A.default
base_model.model.model.layers.9.self_attn.v_proj.lora_B.default
base_model.model.model.layers.9.self_attn.v_proj.lora_router.default.query.weight
base_model.model.model.layers.9.self_attn.v_proj.lora_router.default.query.bias
base_model.model.model.layers.9.self_attn.v_proj.lora_router.default.key.weight
base_model.model.model.layers.9.self_attn.v_proj.lora_router.default.key.bias
base_model.model.model.layers.10.self_attn.q_proj.lora_A.default
base_model.model.model.layers.10.self_attn.q_proj.lora_B.default
base_model.model.model.layers.10.self_attn.q_proj.lora_router.default.query.weight
base_model.model.model.layers.10.self_attn.q_proj.lora_router.default.query.bias
base_model.model.model.layers.10.self_attn.q_proj.lora_router.default.key.weight
base_model.model.model.layers.10.self_attn.q_proj.lora_router.default.key.bias
base_model.model.model.layers.10.self_attn.v_proj.lora_A.default
base_model.model.model.layers.10.self_attn.v_proj.lora_B.default
base_model.model.model.layers.10.self_attn.v_proj.lora_router.default.query.weight
base_model.model.model.layers.10.self_attn.v_proj.lora_router.default.query.bias
base_model.model.model.layers.10.self_attn.v_proj.lora_router.default.key.weight
base_model.model.model.layers.10.self_attn.v_proj.lora_router.default.key.bias
base_model.model.model.layers.11.self_attn.q_proj.lora_A.default
base_model.model.model.layers.11.self_attn.q_proj.lora_B.default
base_model.model.model.layers.11.self_attn.q_proj.lora_router.default.query.weight
base_model.model.model.layers.11.self_attn.q_proj.lora_router.default.query.bias
base_model.model.model.layers.11.self_attn.q_proj.lora_router.default.key.weight
base_model.model.model.layers.11.self_attn.q_proj.lora_router.default.key.bias
base_model.model.model.layers.11.self_attn.v_proj.lora_A.default
base_model.model.model.layers.11.self_attn.v_proj.lora_B.default
base_model.model.model.layers.11.self_attn.v_proj.lora_router.default.query.weight
base_model.model.model.layers.11.self_attn.v_proj.lora_router.default.query.bias
base_model.model.model.layers.11.self_attn.v_proj.lora_router.default.key.weight
base_model.model.model.layers.11.self_attn.v_proj.lora_router.default.key.bias
base_model.model.model.layers.12.self_attn.q_proj.lora_A.default
base_model.model.model.layers.12.self_attn.q_proj.lora_B.default
base_model.model.model.layers.12.self_attn.q_proj.lora_router.default.query.weight
base_model.model.model.layers.12.self_attn.q_proj.lora_router.default.query.bias
base_model.model.model.layers.12.self_attn.q_proj.lora_router.default.key.weight
base_model.model.model.layers.12.self_attn.q_proj.lora_router.default.key.bias
base_model.model.model.layers.12.self_attn.v_proj.lora_A.default
base_model.model.model.layers.12.self_attn.v_proj.lora_B.default
base_model.model.model.layers.12.self_attn.v_proj.lora_router.default.query.weight
base_model.model.model.layers.12.self_attn.v_proj.lora_router.default.query.bias
base_model.model.model.layers.12.self_attn.v_proj.lora_router.default.key.weight
base_model.model.model.layers.12.self_attn.v_proj.lora_router.default.key.bias
base_model.model.model.layers.13.self_attn.q_proj.lora_A.default
base_model.model.model.layers.13.self_attn.q_proj.lora_B.default
base_model.model.model.layers.13.self_attn.q_proj.lora_router.default.query.weight
base_model.model.model.layers.13.self_attn.q_proj.lora_router.default.query.bias
base_model.model.model.layers.13.self_attn.q_proj.lora_router.default.key.weight
base_model.model.model.layers.13.self_attn.q_proj.lora_router.default.key.bias
base_model.model.model.layers.13.self_attn.v_proj.lora_A.default
base_model.model.model.layers.13.self_attn.v_proj.lora_B.default
base_model.model.model.layers.13.self_attn.v_proj.lora_router.default.query.weight
base_model.model.model.layers.13.self_attn.v_proj.lora_router.default.query.bias
base_model.model.model.layers.13.self_attn.v_proj.lora_router.default.key.weight
base_model.model.model.layers.13.self_attn.v_proj.lora_router.default.key.bias
base_model.model.model.layers.14.self_attn.q_proj.lora_A.default
base_model.model.model.layers.14.self_attn.q_proj.lora_B.default
base_model.model.model.layers.14.self_attn.q_proj.lora_router.default.query.weight
base_model.model.model.layers.14.self_attn.q_proj.lora_router.default.query.bias
base_model.model.model.layers.14.self_attn.q_proj.lora_router.default.key.weight
base_model.model.model.layers.14.self_attn.q_proj.lora_router.default.key.bias
base_model.model.model.layers.14.self_attn.v_proj.lora_A.default
base_model.model.model.layers.14.self_attn.v_proj.lora_B.default
base_model.model.model.layers.14.self_attn.v_proj.lora_router.default.query.weight
base_model.model.model.layers.14.self_attn.v_proj.lora_router.default.query.bias
base_model.model.model.layers.14.self_attn.v_proj.lora_router.default.key.weight
base_model.model.model.layers.14.self_attn.v_proj.lora_router.default.key.bias
base_model.model.model.layers.15.self_attn.q_proj.lora_A.default
base_model.model.model.layers.15.self_attn.q_proj.lora_B.default
base_model.model.model.layers.15.self_attn.q_proj.lora_router.default.query.weight
base_model.model.model.layers.15.self_attn.q_proj.lora_router.default.query.bias
base_model.model.model.layers.15.self_attn.q_proj.lora_router.default.key.weight
base_model.model.model.layers.15.self_attn.q_proj.lora_router.default.key.bias
base_model.model.model.layers.15.self_attn.v_proj.lora_A.default
base_model.model.model.layers.15.self_attn.v_proj.lora_B.default
base_model.model.model.layers.15.self_attn.v_proj.lora_router.default.query.weight
base_model.model.model.layers.15.self_attn.v_proj.lora_router.default.query.bias
base_model.model.model.layers.15.self_attn.v_proj.lora_router.default.key.weight
base_model.model.model.layers.15.self_attn.v_proj.lora_router.default.key.bias
base_model.model.model.layers.16.self_attn.q_proj.lora_A.default
base_model.model.model.layers.16.self_attn.q_proj.lora_B.default
base_model.model.model.layers.16.self_attn.q_proj.lora_router.default.query.weight
base_model.model.model.layers.16.self_attn.q_proj.lora_router.default.query.bias
base_model.model.model.layers.16.self_attn.q_proj.lora_router.default.key.weight
base_model.model.model.layers.16.self_attn.q_proj.lora_router.default.key.bias
base_model.model.model.layers.16.self_attn.v_proj.lora_A.default
base_model.model.model.layers.16.self_attn.v_proj.lora_B.default
base_model.model.model.layers.16.self_attn.v_proj.lora_router.default.query.weight
base_model.model.model.layers.16.self_attn.v_proj.lora_router.default.query.bias
base_model.model.model.layers.16.self_attn.v_proj.lora_router.default.key.weight
base_model.model.model.layers.16.self_attn.v_proj.lora_router.default.key.bias
base_model.model.model.layers.17.self_attn.q_proj.lora_A.default
base_model.model.model.layers.17.self_attn.q_proj.lora_B.default
base_model.model.model.layers.17.self_attn.q_proj.lora_router.default.query.weight
base_model.model.model.layers.17.self_attn.q_proj.lora_router.default.query.bias
base_model.model.model.layers.17.self_attn.q_proj.lora_router.default.key.weight
base_model.model.model.layers.17.self_attn.q_proj.lora_router.default.key.bias
base_model.model.model.layers.17.self_attn.v_proj.lora_A.default
base_model.model.model.layers.17.self_attn.v_proj.lora_B.default
base_model.model.model.layers.17.self_attn.v_proj.lora_router.default.query.weight
base_model.model.model.layers.17.self_attn.v_proj.lora_router.default.query.bias
base_model.model.model.layers.17.self_attn.v_proj.lora_router.default.key.weight
base_model.model.model.layers.17.self_attn.v_proj.lora_router.default.key.bias
base_model.model.model.layers.18.self_attn.q_proj.lora_A.default
base_model.model.model.layers.18.self_attn.q_proj.lora_B.default
base_model.model.model.layers.18.self_attn.q_proj.lora_router.default.query.weight
base_model.model.model.layers.18.self_attn.q_proj.lora_router.default.query.bias
base_model.model.model.layers.18.self_attn.q_proj.lora_router.default.key.weight
base_model.model.model.layers.18.self_attn.q_proj.lora_router.default.key.bias
base_model.model.model.layers.18.self_attn.v_proj.lora_A.default
base_model.model.model.layers.18.self_attn.v_proj.lora_B.default
base_model.model.model.layers.18.self_attn.v_proj.lora_router.default.query.weight
base_model.model.model.layers.18.self_attn.v_proj.lora_router.default.query.bias
base_model.model.model.layers.18.self_attn.v_proj.lora_router.default.key.weight
base_model.model.model.layers.18.self_attn.v_proj.lora_router.default.key.bias
base_model.model.model.layers.19.self_attn.q_proj.lora_A.default
base_model.model.model.layers.19.self_attn.q_proj.lora_B.default
base_model.model.model.layers.19.self_attn.q_proj.lora_router.default.query.weight
base_model.model.model.layers.19.self_attn.q_proj.lora_router.default.query.bias
base_model.model.model.layers.19.self_attn.q_proj.lora_router.default.key.weight
base_model.model.model.layers.19.self_attn.q_proj.lora_router.default.key.bias
base_model.model.model.layers.19.self_attn.v_proj.lora_A.default
base_model.model.model.layers.19.self_attn.v_proj.lora_B.default
base_model.model.model.layers.19.self_attn.v_proj.lora_router.default.query.weight
base_model.model.model.layers.19.self_attn.v_proj.lora_router.default.query.bias
base_model.model.model.layers.19.self_attn.v_proj.lora_router.default.key.weight
base_model.model.model.layers.19.self_attn.v_proj.lora_router.default.key.bias
base_model.model.model.layers.20.self_attn.q_proj.lora_A.default
base_model.model.model.layers.20.self_attn.q_proj.lora_B.default
base_model.model.model.layers.20.self_attn.q_proj.lora_router.default.query.weight
base_model.model.model.layers.20.self_attn.q_proj.lora_router.default.query.bias
base_model.model.model.layers.20.self_attn.q_proj.lora_router.default.key.weight
base_model.model.model.layers.20.self_attn.q_proj.lora_router.default.key.bias
base_model.model.model.layers.20.self_attn.v_proj.lora_A.default
base_model.model.model.layers.20.self_attn.v_proj.lora_B.default
base_model.model.model.layers.20.self_attn.v_proj.lora_router.default.query.weight
base_model.model.model.layers.20.self_attn.v_proj.lora_router.default.query.bias
base_model.model.model.layers.20.self_attn.v_proj.lora_router.default.key.weight
base_model.model.model.layers.20.self_attn.v_proj.lora_router.default.key.bias
base_model.model.model.layers.21.self_attn.q_proj.lora_A.default
base_model.model.model.layers.21.self_attn.q_proj.lora_B.default
base_model.model.model.layers.21.self_attn.q_proj.lora_router.default.query.weight
base_model.model.model.layers.21.self_attn.q_proj.lora_router.default.query.bias
base_model.model.model.layers.21.self_attn.q_proj.lora_router.default.key.weight
base_model.model.model.layers.21.self_attn.q_proj.lora_router.default.key.bias
base_model.model.model.layers.21.self_attn.v_proj.lora_A.default
base_model.model.model.layers.21.self_attn.v_proj.lora_B.default
base_model.model.model.layers.21.self_attn.v_proj.lora_router.default.query.weight
base_model.model.model.layers.21.self_attn.v_proj.lora_router.default.query.bias
base_model.model.model.layers.21.self_attn.v_proj.lora_router.default.key.weight
base_model.model.model.layers.21.self_attn.v_proj.lora_router.default.key.bias
base_model.model.model.layers.22.self_attn.q_proj.lora_A.default
base_model.model.model.layers.22.self_attn.q_proj.lora_B.default
base_model.model.model.layers.22.self_attn.q_proj.lora_router.default.query.weight
base_model.model.model.layers.22.self_attn.q_proj.lora_router.default.query.bias
base_model.model.model.layers.22.self_attn.q_proj.lora_router.default.key.weight
base_model.model.model.layers.22.self_attn.q_proj.lora_router.default.key.bias
base_model.model.model.layers.22.self_attn.v_proj.lora_A.default
base_model.model.model.layers.22.self_attn.v_proj.lora_B.default
base_model.model.model.layers.22.self_attn.v_proj.lora_router.default.query.weight
base_model.model.model.layers.22.self_attn.v_proj.lora_router.default.query.bias
base_model.model.model.layers.22.self_attn.v_proj.lora_router.default.key.weight
base_model.model.model.layers.22.self_attn.v_proj.lora_router.default.key.bias
base_model.model.model.layers.23.self_attn.q_proj.lora_A.default
base_model.model.model.layers.23.self_attn.q_proj.lora_B.default
base_model.model.model.layers.23.self_attn.q_proj.lora_router.default.query.weight
base_model.model.model.layers.23.self_attn.q_proj.lora_router.default.query.bias
base_model.model.model.layers.23.self_attn.q_proj.lora_router.default.key.weight
base_model.model.model.layers.23.self_attn.q_proj.lora_router.default.key.bias
base_model.model.model.layers.23.self_attn.v_proj.lora_A.default
base_model.model.model.layers.23.self_attn.v_proj.lora_B.default
base_model.model.model.layers.23.self_attn.v_proj.lora_router.default.query.weight
base_model.model.model.layers.23.self_attn.v_proj.lora_router.default.query.bias
base_model.model.model.layers.23.self_attn.v_proj.lora_router.default.key.weight
base_model.model.model.layers.23.self_attn.v_proj.lora_router.default.key.bias
base_model.model.model.layers.24.self_attn.q_proj.lora_A.default
base_model.model.model.layers.24.self_attn.q_proj.lora_B.default
base_model.model.model.layers.24.self_attn.q_proj.lora_router.default.query.weight
base_model.model.model.layers.24.self_attn.q_proj.lora_router.default.query.bias
base_model.model.model.layers.24.self_attn.q_proj.lora_router.default.key.weight
base_model.model.model.layers.24.self_attn.q_proj.lora_router.default.key.bias
base_model.model.model.layers.24.self_attn.v_proj.lora_A.default
base_model.model.model.layers.24.self_attn.v_proj.lora_B.default
base_model.model.model.layers.24.self_attn.v_proj.lora_router.default.query.weight
base_model.model.model.layers.24.self_attn.v_proj.lora_router.default.query.bias
base_model.model.model.layers.24.self_attn.v_proj.lora_router.default.key.weight
base_model.model.model.layers.24.self_attn.v_proj.lora_router.default.key.bias
base_model.model.model.layers.25.self_attn.q_proj.lora_A.default
base_model.model.model.layers.25.self_attn.q_proj.lora_B.default
base_model.model.model.layers.25.self_attn.q_proj.lora_router.default.query.weight
base_model.model.model.layers.25.self_attn.q_proj.lora_router.default.query.bias
base_model.model.model.layers.25.self_attn.q_proj.lora_router.default.key.weight
base_model.model.model.layers.25.self_attn.q_proj.lora_router.default.key.bias
base_model.model.model.layers.25.self_attn.v_proj.lora_A.default
base_model.model.model.layers.25.self_attn.v_proj.lora_B.default
base_model.model.model.layers.25.self_attn.v_proj.lora_router.default.query.weight
base_model.model.model.layers.25.self_attn.v_proj.lora_router.default.query.bias
base_model.model.model.layers.25.self_attn.v_proj.lora_router.default.key.weight
base_model.model.model.layers.25.self_attn.v_proj.lora_router.default.key.bias
base_model.model.model.layers.26.self_attn.q_proj.lora_A.default
base_model.model.model.layers.26.self_attn.q_proj.lora_B.default
base_model.model.model.layers.26.self_attn.q_proj.lora_router.default.query.weight
base_model.model.model.layers.26.self_attn.q_proj.lora_router.default.query.bias
base_model.model.model.layers.26.self_attn.q_proj.lora_router.default.key.weight
base_model.model.model.layers.26.self_attn.q_proj.lora_router.default.key.bias
base_model.model.model.layers.26.self_attn.v_proj.lora_A.default
base_model.model.model.layers.26.self_attn.v_proj.lora_B.default
base_model.model.model.layers.26.self_attn.v_proj.lora_router.default.query.weight
base_model.model.model.layers.26.self_attn.v_proj.lora_router.default.query.bias
base_model.model.model.layers.26.self_attn.v_proj.lora_router.default.key.weight
base_model.model.model.layers.26.self_attn.v_proj.lora_router.default.key.bias
base_model.model.model.layers.27.self_attn.q_proj.lora_A.default
base_model.model.model.layers.27.self_attn.q_proj.lora_B.default
base_model.model.model.layers.27.self_attn.q_proj.lora_router.default.query.weight
base_model.model.model.layers.27.self_attn.q_proj.lora_router.default.query.bias
base_model.model.model.layers.27.self_attn.q_proj.lora_router.default.key.weight
base_model.model.model.layers.27.self_attn.q_proj.lora_router.default.key.bias
base_model.model.model.layers.27.self_attn.v_proj.lora_A.default
base_model.model.model.layers.27.self_attn.v_proj.lora_B.default
base_model.model.model.layers.27.self_attn.v_proj.lora_router.default.query.weight
base_model.model.model.layers.27.self_attn.v_proj.lora_router.default.query.bias
base_model.model.model.layers.27.self_attn.v_proj.lora_router.default.key.weight
base_model.model.model.layers.27.self_attn.v_proj.lora_router.default.key.bias
base_model.model.model.layers.28.self_attn.q_proj.lora_A.default
base_model.model.model.layers.28.self_attn.q_proj.lora_B.default
base_model.model.model.layers.28.self_attn.q_proj.lora_router.default.query.weight
base_model.model.model.layers.28.self_attn.q_proj.lora_router.default.query.bias
base_model.model.model.layers.28.self_attn.q_proj.lora_router.default.key.weight
base_model.model.model.layers.28.self_attn.q_proj.lora_router.default.key.bias
base_model.model.model.layers.28.self_attn.v_proj.lora_A.default
base_model.model.model.layers.28.self_attn.v_proj.lora_B.default
base_model.model.model.layers.28.self_attn.v_proj.lora_router.default.query.weight
base_model.model.model.layers.28.self_attn.v_proj.lora_router.default.query.bias
base_model.model.model.layers.28.self_attn.v_proj.lora_router.default.key.weight
base_model.model.model.layers.28.self_attn.v_proj.lora_router.default.key.bias
base_model.model.model.layers.29.self_attn.q_proj.lora_A.default
base_model.model.model.layers.29.self_attn.q_proj.lora_B.default
base_model.model.model.layers.29.self_attn.q_proj.lora_router.default.query.weight
base_model.model.model.layers.29.self_attn.q_proj.lora_router.default.query.bias
base_model.model.model.layers.29.self_attn.q_proj.lora_router.default.key.weight
base_model.model.model.layers.29.self_attn.q_proj.lora_router.default.key.bias
base_model.model.model.layers.29.self_attn.v_proj.lora_A.default
base_model.model.model.layers.29.self_attn.v_proj.lora_B.default
base_model.model.model.layers.29.self_attn.v_proj.lora_router.default.query.weight
base_model.model.model.layers.29.self_attn.v_proj.lora_router.default.query.bias
base_model.model.model.layers.29.self_attn.v_proj.lora_router.default.key.weight
base_model.model.model.layers.29.self_attn.v_proj.lora_router.default.key.bias
base_model.model.model.layers.30.self_attn.q_proj.lora_A.default
base_model.model.model.layers.30.self_attn.q_proj.lora_B.default
base_model.model.model.layers.30.self_attn.q_proj.lora_router.default.query.weight
base_model.model.model.layers.30.self_attn.q_proj.lora_router.default.query.bias
base_model.model.model.layers.30.self_attn.q_proj.lora_router.default.key.weight
base_model.model.model.layers.30.self_attn.q_proj.lora_router.default.key.bias
base_model.model.model.layers.30.self_attn.v_proj.lora_A.default
base_model.model.model.layers.30.self_attn.v_proj.lora_B.default
base_model.model.model.layers.30.self_attn.v_proj.lora_router.default.query.weight
base_model.model.model.layers.30.self_attn.v_proj.lora_router.default.query.bias
base_model.model.model.layers.30.self_attn.v_proj.lora_router.default.key.weight
base_model.model.model.layers.30.self_attn.v_proj.lora_router.default.key.bias
base_model.model.model.layers.31.self_attn.q_proj.lora_A.default
base_model.model.model.layers.31.self_attn.q_proj.lora_B.default
base_model.model.model.layers.31.self_attn.q_proj.lora_router.default.query.weight
base_model.model.model.layers.31.self_attn.q_proj.lora_router.default.query.bias
base_model.model.model.layers.31.self_attn.q_proj.lora_router.default.key.weight
base_model.model.model.layers.31.self_attn.q_proj.lora_router.default.key.bias
base_model.model.model.layers.31.self_attn.v_proj.lora_A.default
base_model.model.model.layers.31.self_attn.v_proj.lora_B.default
base_model.model.model.layers.31.self_attn.v_proj.lora_router.default.query.weight
base_model.model.model.layers.31.self_attn.v_proj.lora_router.default.query.bias
base_model.model.model.layers.31.self_attn.v_proj.lora_router.default.key.weight
base_model.model.model.layers.31.self_attn.v_proj.lora_router.default.key.bias
{'loss': 0.9954, 'learning_rate': 0.0003, 'epoch': 0.0}
{'loss': 0.8897, 'learning_rate': 0.0003, 'epoch': 0.0}
{'loss': 0.8863, 'learning_rate': 0.0003, 'epoch': 0.0}
{'loss': 0.8444, 'learning_rate': 0.0003, 'epoch': 0.01}
{'loss': 0.8528, 'learning_rate': 0.0003, 'epoch': 0.01}
{'loss': 0.8557, 'learning_rate': 0.0003, 'epoch': 0.01}
{'loss': 0.8573, 'learning_rate': 0.0003, 'epoch': 0.01}
{'loss': 0.8569, 'learning_rate': 0.0003, 'epoch': 0.01}
{'loss': 0.8665, 'learning_rate': 0.0003, 'epoch': 0.01}
{'loss': 0.8528, 'learning_rate': 0.0003, 'epoch': 0.02}
{'loss': 0.8584, 'learning_rate': 0.0003, 'epoch': 0.02}
{'loss': 0.8288, 'learning_rate': 0.0003, 'epoch': 0.02}
{'loss': 0.853, 'learning_rate': 0.0003, 'epoch': 0.02}
{'loss': 0.8328, 'learning_rate': 0.0003, 'epoch': 0.02}
{'loss': 0.8643, 'learning_rate': 0.0003, 'epoch': 0.02}
{'loss': 0.8495, 'learning_rate': 0.0003, 'epoch': 0.02}
{'loss': 0.8442, 'learning_rate': 0.0003, 'epoch': 0.03}
{'loss': 0.8332, 'learning_rate': 0.0003, 'epoch': 0.03}
{'loss': 0.8306, 'learning_rate': 0.0003, 'epoch': 0.03}
{'loss': 0.8468, 'learning_rate': 0.0003, 'epoch': 0.03}
{'loss': 0.8416, 'learning_rate': 0.0003, 'epoch': 0.03}
{'loss': 0.833, 'learning_rate': 0.0003, 'epoch': 0.03}
{'loss': 0.846, 'learning_rate': 0.0003, 'epoch': 0.04}
{'loss': 0.8237, 'learning_rate': 0.0003, 'epoch': 0.04}
{'loss': 0.8357, 'learning_rate': 0.0003, 'epoch': 0.04}
{'loss': 0.833, 'learning_rate': 0.0003, 'epoch': 0.04}
{'loss': 0.8257, 'learning_rate': 0.0003, 'epoch': 0.04}
{'loss': 0.8248, 'learning_rate': 0.0003, 'epoch': 0.04}
{'loss': 0.8509, 'learning_rate': 0.0003, 'epoch': 0.04}
{'loss': 0.8333, 'learning_rate': 0.0003, 'epoch': 0.05}
{'loss': 0.8322, 'learning_rate': 0.0003, 'epoch': 0.05}
{'loss': 0.8449, 'learning_rate': 0.0003, 'epoch': 0.05}
{'loss': 0.8367, 'learning_rate': 0.0003, 'epoch': 0.05}
{'loss': 0.84, 'learning_rate': 0.0003, 'epoch': 0.05}
{'loss': 0.8517, 'learning_rate': 0.0003, 'epoch': 0.05}
{'loss': 0.8242, 'learning_rate': 0.0003, 'epoch': 0.06}
{'loss': 0.8316, 'learning_rate': 0.0003, 'epoch': 0.06}
{'loss': 0.8348, 'learning_rate': 0.0003, 'epoch': 0.06}
{'loss': 0.8439, 'learning_rate': 0.0003, 'epoch': 0.06}
{'loss': 0.8296, 'learning_rate': 0.0003, 'epoch': 0.06}
{'loss': 0.8368, 'learning_rate': 0.0003, 'epoch': 0.06}
{'loss': 0.8335, 'learning_rate': 0.0003, 'epoch': 0.06}
{'loss': 0.8377, 'learning_rate': 0.0003, 'epoch': 0.07}
{'loss': 0.8248, 'learning_rate': 0.0003, 'epoch': 0.07}
{'loss': 0.8477, 'learning_rate': 0.0003, 'epoch': 0.07}
{'loss': 0.83, 'learning_rate': 0.0003, 'epoch': 0.07}
{'loss': 0.841, 'learning_rate': 0.0003, 'epoch': 0.07}
{'loss': 0.8454, 'learning_rate': 0.0003, 'epoch': 0.07}
{'loss': 0.8508, 'learning_rate': 0.0003, 'epoch': 0.08}
{'loss': 0.848, 'learning_rate': 0.0003, 'epoch': 0.08}
{'loss': 0.8432, 'learning_rate': 0.0003, 'epoch': 0.08}
{'loss': 0.8261, 'learning_rate': 0.0003, 'epoch': 0.08}
{'loss': 0.8475, 'learning_rate': 0.0003, 'epoch': 0.08}
{'loss': 0.8431, 'learning_rate': 0.0003, 'epoch': 0.08}
{'loss': 0.8377, 'learning_rate': 0.0003, 'epoch': 0.09}
{'loss': 0.8326, 'learning_rate': 0.0003, 'epoch': 0.09}
{'loss': 0.8412, 'learning_rate': 0.0003, 'epoch': 0.09}
{'loss': 0.8412, 'learning_rate': 0.0003, 'epoch': 0.09}
{'loss': 0.8186, 'learning_rate': 0.0003, 'epoch': 0.09}
{'loss': 0.8281, 'learning_rate': 0.0003, 'epoch': 0.09}
{'loss': 0.8236, 'learning_rate': 0.0003, 'epoch': 0.09}
{'loss': 0.8167, 'learning_rate': 0.0003, 'epoch': 0.1}
{'loss': 0.8447, 'learning_rate': 0.0003, 'epoch': 0.1}
{'loss': 0.8387, 'learning_rate': 0.0003, 'epoch': 0.1}
{'loss': 0.8387, 'learning_rate': 0.0003, 'epoch': 0.1}
{'loss': 0.8581, 'learning_rate': 0.0003, 'epoch': 0.1}
{'loss': 0.8257, 'learning_rate': 0.0003, 'epoch': 0.1}
{'loss': 0.8287, 'learning_rate': 0.0003, 'epoch': 0.11}
{'loss': 0.8411, 'learning_rate': 0.0003, 'epoch': 0.11}
{'loss': 0.8452, 'learning_rate': 0.0003, 'epoch': 0.11}
{'loss': 0.8298, 'learning_rate': 0.0003, 'epoch': 0.11}
{'loss': 0.8065, 'learning_rate': 0.0003, 'epoch': 1.0}
{'loss': 0.7886, 'learning_rate': 0.0003, 'epoch': 1.0}
{'loss': 0.7924, 'learning_rate': 0.0003, 'epoch': 1.0}
{'loss': 0.7917, 'learning_rate': 0.0003, 'epoch': 1.01}
{'loss': 0.8119, 'learning_rate': 0.0003, 'epoch': 1.01}
{'loss': 0.7968, 'learning_rate': 0.0003, 'epoch': 1.01}
{'loss': 0.7939, 'learning_rate': 0.0003, 'epoch': 1.01}
{'loss': 0.7926, 'learning_rate': 0.0003, 'epoch': 1.01}
{'loss': 0.8104, 'learning_rate': 0.0003, 'epoch': 1.01}
{'loss': 0.7926, 'learning_rate': 0.0003, 'epoch': 1.01}
{'loss': 0.7891, 'learning_rate': 0.0003, 'epoch': 1.02}
{'loss': 0.8137, 'learning_rate': 0.0003, 'epoch': 1.02}
{'loss': 0.7739, 'learning_rate': 0.0003, 'epoch': 1.02}
{'loss': 0.7875, 'learning_rate': 0.0003, 'epoch': 1.02}
{'loss': 0.7927, 'learning_rate': 0.0003, 'epoch': 1.02}
{'loss': 0.7778, 'learning_rate': 0.0003, 'epoch': 1.02}
{'loss': 0.8022, 'learning_rate': 0.0003, 'epoch': 1.03}
{'loss': 0.7938, 'learning_rate': 0.0003, 'epoch': 1.03}
{'loss': 0.8, 'learning_rate': 0.0003, 'epoch': 1.03}
{'loss': 0.7896, 'learning_rate': 0.0003, 'epoch': 1.03}
{'loss': 0.784, 'learning_rate': 0.0003, 'epoch': 1.03}
{'loss': 0.778, 'learning_rate': 0.0003, 'epoch': 1.03}
{'loss': 0.7904, 'learning_rate': 0.0003, 'epoch': 1.03}
{'loss': 0.7917, 'learning_rate': 0.0003, 'epoch': 1.04}
{'loss': 0.7957, 'learning_rate': 0.0003, 'epoch': 1.04}
{'loss': 0.7799, 'learning_rate': 0.0003, 'epoch': 1.04}
{'loss': 0.7717, 'learning_rate': 0.0003, 'epoch': 1.04}
{'loss': 0.7871, 'learning_rate': 0.0003, 'epoch': 1.04}
{'loss': 0.7954, 'learning_rate': 0.0003, 'epoch': 1.04}
{'loss': 0.7984, 'learning_rate': 0.0003, 'epoch': 1.05}
{'loss': 0.7854, 'learning_rate': 0.0003, 'epoch': 1.05}
{'loss': 0.7862, 'learning_rate': 0.0003, 'epoch': 1.05}
{'loss': 0.7867, 'learning_rate': 0.0003, 'epoch': 1.05}
{'loss': 0.7874, 'learning_rate': 0.0003, 'epoch': 1.05}
{'loss': 0.7897, 'learning_rate': 0.0003, 'epoch': 1.05}
{'loss': 0.7813, 'learning_rate': 0.0003, 'epoch': 1.05}
{'loss': 0.7836, 'learning_rate': 0.0003, 'epoch': 1.06}
{'loss': 0.7901, 'learning_rate': 0.0003, 'epoch': 1.06}
{'loss': 0.7972, 'learning_rate': 0.0003, 'epoch': 1.06}
{'loss': 0.7942, 'learning_rate': 0.0003, 'epoch': 1.06}
{'loss': 0.794, 'learning_rate': 0.0003, 'epoch': 1.06}
{'loss': 0.7914, 'learning_rate': 0.0003, 'epoch': 1.06}
{'loss': 0.8057, 'learning_rate': 0.0003, 'epoch': 1.07}
{'loss': 0.7966, 'learning_rate': 0.0003, 'epoch': 1.07}
{'loss': 0.7929, 'learning_rate': 0.0003, 'epoch': 1.07}
{'loss': 0.802, 'learning_rate': 0.0003, 'epoch': 1.07}
{'loss': 0.7877, 'learning_rate': 0.0003, 'epoch': 1.07}
{'loss': 0.798, 'learning_rate': 0.0003, 'epoch': 1.07}
{'loss': 0.795, 'learning_rate': 0.0003, 'epoch': 1.07}
{'loss': 0.8113, 'learning_rate': 0.0003, 'epoch': 1.08}
{'loss': 0.7891, 'learning_rate': 0.0003, 'epoch': 1.08}
{'loss': 0.7954, 'learning_rate': 0.0003, 'epoch': 1.08}
{'loss': 0.796, 'learning_rate': 0.0003, 'epoch': 1.08}
{'loss': 0.7943, 'learning_rate': 0.0003, 'epoch': 1.08}
{'loss': 0.7934, 'learning_rate': 0.0003, 'epoch': 1.08}
{'loss': 0.8017, 'learning_rate': 0.0003, 'epoch': 1.09}
{'loss': 0.8018, 'learning_rate': 0.0003, 'epoch': 1.09}
{'loss': 0.8007, 'learning_rate': 0.0003, 'epoch': 1.09}
{'loss': 0.7914, 'learning_rate': 0.0003, 'epoch': 1.09}
{'loss': 0.7835, 'learning_rate': 0.0003, 'epoch': 1.09}
{'loss': 0.8009, 'learning_rate': 0.0003, 'epoch': 1.09}
{'loss': 0.805, 'learning_rate': 0.0003, 'epoch': 1.09}
{'loss': 0.7908, 'learning_rate': 0.0003, 'epoch': 1.1}
{'loss': 0.791, 'learning_rate': 0.0003, 'epoch': 1.1}
{'loss': 0.7921, 'learning_rate': 0.0003, 'epoch': 1.1}
{'loss': 0.7976, 'learning_rate': 0.0003, 'epoch': 1.1}
{'loss': 0.7861, 'learning_rate': 0.0003, 'epoch': 1.1}
{'loss': 0.7925, 'learning_rate': 0.0003, 'epoch': 1.1}
{'loss': 0.8072, 'learning_rate': 0.0003, 'epoch': 1.11}
{'loss': 0.8054, 'learning_rate': 0.0003, 'epoch': 1.11}
{'loss': 0.7895, 'learning_rate': 0.0003, 'epoch': 1.11}
{'loss': 0.7921, 'learning_rate': 0.0003, 'epoch': 1.11}
{'train_runtime': 15486.7615, 'train_samples_per_second': 6.684, 'train_steps_per_second': 0.836, 'train_loss': 0.8180568208248568, 'epoch': 1.11}
