MoloraConfig(peft_type=<PeftType.MOLORA: 'MOLORA'>, auto_mapping=None, base_model_name_or_path=None, revision=None, task_type='CAUSAL_LM', inference_mode=False, r=4, target_modules=['q_proj', 'v_proj'], lora_alpha=8, lora_dropout=0.1, fan_in_fan_out=False, bias='none', modules_to_save=None, init_lora_weights=True, layers_to_transform=None, layers_pattern=None, rank_pattern={}, alpha_pattern={}, num_experts=10, only_router=True, train_single_expert=False, experts_to_combine=['expert_0', 'expert_1', 'expert_2', 'expert_3', 'expert_4', 'expert_5', 'expert_6', 'expert_7', 'expert_8', 'expert_9'], top_k=0, top_p=0.0, self_attn_router=True, self_attn_hidden_dim=2, self_attn_use_value=True, random_routing=False, uniform_routing=False, dot_product_routing=False)
PeftModelForCausalLM(
  (base_model): MoloraModel(
    (model): LlamaForCausalLM(
      (model): LlamaModel(
        (embed_tokens): Embedding(32000, 4096)
        (layers): ModuleList(
          (0-31): 32 x LlamaDecoderLayer(
            (self_attn): LlamaAttention(
              (q_proj): Linear4bit(
                in_features=4096, out_features=4096, bias=False
                (lora_dropout): ModuleDict(
                  (default): Dropout(p=0.1, inplace=False)
                )
                (lora_A): ParameterDict(  (default): Parameter containing: [torch.cuda.FloatTensor of size 10x4096x4 (GPU 0)])
                (lora_B): ParameterDict(  (default): Parameter containing: [torch.cuda.FloatTensor of size 10x4x4096 (GPU 0)])
                (lora_router): ModuleDict(
                  (default): SelfAttentionRouter(
                    (query): Linear(in_features=4096, out_features=2, bias=True)
                    (key): Linear(in_features=4096, out_features=2, bias=True)
                    (value): Linear(in_features=4096, out_features=4096, bias=True)
                  )
                )
              )
              (k_proj): Linear4bit(in_features=4096, out_features=4096, bias=False)
              (v_proj): Linear4bit(
                in_features=4096, out_features=4096, bias=False
                (lora_dropout): ModuleDict(
                  (default): Dropout(p=0.1, inplace=False)
                )
                (lora_A): ParameterDict(  (default): Parameter containing: [torch.cuda.FloatTensor of size 10x4096x4 (GPU 0)])
                (lora_B): ParameterDict(  (default): Parameter containing: [torch.cuda.FloatTensor of size 10x4x4096 (GPU 0)])
                (lora_router): ModuleDict(
                  (default): SelfAttentionRouter(
                    (query): Linear(in_features=4096, out_features=2, bias=True)
                    (key): Linear(in_features=4096, out_features=2, bias=True)
                    (value): Linear(in_features=4096, out_features=4096, bias=True)
                  )
                )
              )
              (o_proj): Linear4bit(in_features=4096, out_features=4096, bias=False)
              (rotary_emb): LlamaRotaryEmbedding()
            )
            (mlp): LlamaMLP(
              (gate_proj): Linear4bit(in_features=4096, out_features=11008, bias=False)
              (up_proj): Linear4bit(in_features=4096, out_features=11008, bias=False)
              (down_proj): Linear4bit(in_features=11008, out_features=4096, bias=False)
              (act_fn): SiLUActivation()
            )
            (input_layernorm): LlamaRMSNorm()
            (post_attention_layernorm): LlamaRMSNorm()
          )
        )
        (norm): LlamaRMSNorm()
      )
      (lm_head): Linear(in_features=4096, out_features=32000, bias=False)
    )
  )
)
trainable params: 1,075,052,800 || all params: 7,834,439,936 || trainable%: 13.722139792788884
base_model.model.model.layers.0.self_attn.q_proj.lora_router.default.query.weight
base_model.model.model.layers.0.self_attn.q_proj.lora_router.default.query.bias
base_model.model.model.layers.0.self_attn.q_proj.lora_router.default.key.weight
base_model.model.model.layers.0.self_attn.q_proj.lora_router.default.key.bias
base_model.model.model.layers.0.self_attn.q_proj.lora_router.default.value.weight
base_model.model.model.layers.0.self_attn.q_proj.lora_router.default.value.bias
base_model.model.model.layers.0.self_attn.v_proj.lora_router.default.query.weight
base_model.model.model.layers.0.self_attn.v_proj.lora_router.default.query.bias
base_model.model.model.layers.0.self_attn.v_proj.lora_router.default.key.weight
base_model.model.model.layers.0.self_attn.v_proj.lora_router.default.key.bias
base_model.model.model.layers.0.self_attn.v_proj.lora_router.default.value.weight
base_model.model.model.layers.0.self_attn.v_proj.lora_router.default.value.bias
base_model.model.model.layers.1.self_attn.q_proj.lora_router.default.query.weight
base_model.model.model.layers.1.self_attn.q_proj.lora_router.default.query.bias
base_model.model.model.layers.1.self_attn.q_proj.lora_router.default.key.weight
base_model.model.model.layers.1.self_attn.q_proj.lora_router.default.key.bias
base_model.model.model.layers.1.self_attn.q_proj.lora_router.default.value.weight
base_model.model.model.layers.1.self_attn.q_proj.lora_router.default.value.bias
base_model.model.model.layers.1.self_attn.v_proj.lora_router.default.query.weight
base_model.model.model.layers.1.self_attn.v_proj.lora_router.default.query.bias
base_model.model.model.layers.1.self_attn.v_proj.lora_router.default.key.weight
base_model.model.model.layers.1.self_attn.v_proj.lora_router.default.key.bias
base_model.model.model.layers.1.self_attn.v_proj.lora_router.default.value.weight
base_model.model.model.layers.1.self_attn.v_proj.lora_router.default.value.bias
base_model.model.model.layers.2.self_attn.q_proj.lora_router.default.query.weight
base_model.model.model.layers.2.self_attn.q_proj.lora_router.default.query.bias
base_model.model.model.layers.2.self_attn.q_proj.lora_router.default.key.weight
base_model.model.model.layers.2.self_attn.q_proj.lora_router.default.key.bias
base_model.model.model.layers.2.self_attn.q_proj.lora_router.default.value.weight
base_model.model.model.layers.2.self_attn.q_proj.lora_router.default.value.bias
base_model.model.model.layers.2.self_attn.v_proj.lora_router.default.query.weight
base_model.model.model.layers.2.self_attn.v_proj.lora_router.default.query.bias
base_model.model.model.layers.2.self_attn.v_proj.lora_router.default.key.weight
base_model.model.model.layers.2.self_attn.v_proj.lora_router.default.key.bias
base_model.model.model.layers.2.self_attn.v_proj.lora_router.default.value.weight
base_model.model.model.layers.2.self_attn.v_proj.lora_router.default.value.bias
base_model.model.model.layers.3.self_attn.q_proj.lora_router.default.query.weight
base_model.model.model.layers.3.self_attn.q_proj.lora_router.default.query.bias
base_model.model.model.layers.3.self_attn.q_proj.lora_router.default.key.weight
base_model.model.model.layers.3.self_attn.q_proj.lora_router.default.key.bias
base_model.model.model.layers.3.self_attn.q_proj.lora_router.default.value.weight
base_model.model.model.layers.3.self_attn.q_proj.lora_router.default.value.bias
base_model.model.model.layers.3.self_attn.v_proj.lora_router.default.query.weight
base_model.model.model.layers.3.self_attn.v_proj.lora_router.default.query.bias
base_model.model.model.layers.3.self_attn.v_proj.lora_router.default.key.weight
base_model.model.model.layers.3.self_attn.v_proj.lora_router.default.key.bias
base_model.model.model.layers.3.self_attn.v_proj.lora_router.default.value.weight
base_model.model.model.layers.3.self_attn.v_proj.lora_router.default.value.bias
base_model.model.model.layers.4.self_attn.q_proj.lora_router.default.query.weight
base_model.model.model.layers.4.self_attn.q_proj.lora_router.default.query.bias
base_model.model.model.layers.4.self_attn.q_proj.lora_router.default.key.weight
base_model.model.model.layers.4.self_attn.q_proj.lora_router.default.key.bias
base_model.model.model.layers.4.self_attn.q_proj.lora_router.default.value.weight
base_model.model.model.layers.4.self_attn.q_proj.lora_router.default.value.bias
base_model.model.model.layers.4.self_attn.v_proj.lora_router.default.query.weight
base_model.model.model.layers.4.self_attn.v_proj.lora_router.default.query.bias
base_model.model.model.layers.4.self_attn.v_proj.lora_router.default.key.weight
base_model.model.model.layers.4.self_attn.v_proj.lora_router.default.key.bias
base_model.model.model.layers.4.self_attn.v_proj.lora_router.default.value.weight
base_model.model.model.layers.4.self_attn.v_proj.lora_router.default.value.bias
base_model.model.model.layers.5.self_attn.q_proj.lora_router.default.query.weight
base_model.model.model.layers.5.self_attn.q_proj.lora_router.default.query.bias
base_model.model.model.layers.5.self_attn.q_proj.lora_router.default.key.weight
base_model.model.model.layers.5.self_attn.q_proj.lora_router.default.key.bias
base_model.model.model.layers.5.self_attn.q_proj.lora_router.default.value.weight
base_model.model.model.layers.5.self_attn.q_proj.lora_router.default.value.bias
base_model.model.model.layers.5.self_attn.v_proj.lora_router.default.query.weight
base_model.model.model.layers.5.self_attn.v_proj.lora_router.default.query.bias
base_model.model.model.layers.5.self_attn.v_proj.lora_router.default.key.weight
base_model.model.model.layers.5.self_attn.v_proj.lora_router.default.key.bias
base_model.model.model.layers.5.self_attn.v_proj.lora_router.default.value.weight
base_model.model.model.layers.5.self_attn.v_proj.lora_router.default.value.bias
base_model.model.model.layers.6.self_attn.q_proj.lora_router.default.query.weight
base_model.model.model.layers.6.self_attn.q_proj.lora_router.default.query.bias
base_model.model.model.layers.6.self_attn.q_proj.lora_router.default.key.weight
base_model.model.model.layers.6.self_attn.q_proj.lora_router.default.key.bias
base_model.model.model.layers.6.self_attn.q_proj.lora_router.default.value.weight
base_model.model.model.layers.6.self_attn.q_proj.lora_router.default.value.bias
base_model.model.model.layers.6.self_attn.v_proj.lora_router.default.query.weight
base_model.model.model.layers.6.self_attn.v_proj.lora_router.default.query.bias
base_model.model.model.layers.6.self_attn.v_proj.lora_router.default.key.weight
base_model.model.model.layers.6.self_attn.v_proj.lora_router.default.key.bias
base_model.model.model.layers.6.self_attn.v_proj.lora_router.default.value.weight
base_model.model.model.layers.6.self_attn.v_proj.lora_router.default.value.bias
base_model.model.model.layers.7.self_attn.q_proj.lora_router.default.query.weight
base_model.model.model.layers.7.self_attn.q_proj.lora_router.default.query.bias
base_model.model.model.layers.7.self_attn.q_proj.lora_router.default.key.weight
base_model.model.model.layers.7.self_attn.q_proj.lora_router.default.key.bias
base_model.model.model.layers.7.self_attn.q_proj.lora_router.default.value.weight
base_model.model.model.layers.7.self_attn.q_proj.lora_router.default.value.bias
base_model.model.model.layers.7.self_attn.v_proj.lora_router.default.query.weight
base_model.model.model.layers.7.self_attn.v_proj.lora_router.default.query.bias
base_model.model.model.layers.7.self_attn.v_proj.lora_router.default.key.weight
base_model.model.model.layers.7.self_attn.v_proj.lora_router.default.key.bias
base_model.model.model.layers.7.self_attn.v_proj.lora_router.default.value.weight
base_model.model.model.layers.7.self_attn.v_proj.lora_router.default.value.bias
base_model.model.model.layers.8.self_attn.q_proj.lora_router.default.query.weight
base_model.model.model.layers.8.self_attn.q_proj.lora_router.default.query.bias
base_model.model.model.layers.8.self_attn.q_proj.lora_router.default.key.weight
base_model.model.model.layers.8.self_attn.q_proj.lora_router.default.key.bias
base_model.model.model.layers.8.self_attn.q_proj.lora_router.default.value.weight
base_model.model.model.layers.8.self_attn.q_proj.lora_router.default.value.bias
base_model.model.model.layers.8.self_attn.v_proj.lora_router.default.query.weight
base_model.model.model.layers.8.self_attn.v_proj.lora_router.default.query.bias
base_model.model.model.layers.8.self_attn.v_proj.lora_router.default.key.weight
base_model.model.model.layers.8.self_attn.v_proj.lora_router.default.key.bias
base_model.model.model.layers.8.self_attn.v_proj.lora_router.default.value.weight
base_model.model.model.layers.8.self_attn.v_proj.lora_router.default.value.bias
base_model.model.model.layers.9.self_attn.q_proj.lora_router.default.query.weight
base_model.model.model.layers.9.self_attn.q_proj.lora_router.default.query.bias
base_model.model.model.layers.9.self_attn.q_proj.lora_router.default.key.weight
base_model.model.model.layers.9.self_attn.q_proj.lora_router.default.key.bias
base_model.model.model.layers.9.self_attn.q_proj.lora_router.default.value.weight
base_model.model.model.layers.9.self_attn.q_proj.lora_router.default.value.bias
base_model.model.model.layers.9.self_attn.v_proj.lora_router.default.query.weight
base_model.model.model.layers.9.self_attn.v_proj.lora_router.default.query.bias
base_model.model.model.layers.9.self_attn.v_proj.lora_router.default.key.weight
base_model.model.model.layers.9.self_attn.v_proj.lora_router.default.key.bias
base_model.model.model.layers.9.self_attn.v_proj.lora_router.default.value.weight
base_model.model.model.layers.9.self_attn.v_proj.lora_router.default.value.bias
base_model.model.model.layers.10.self_attn.q_proj.lora_router.default.query.weight
base_model.model.model.layers.10.self_attn.q_proj.lora_router.default.query.bias
base_model.model.model.layers.10.self_attn.q_proj.lora_router.default.key.weight
base_model.model.model.layers.10.self_attn.q_proj.lora_router.default.key.bias
base_model.model.model.layers.10.self_attn.q_proj.lora_router.default.value.weight
base_model.model.model.layers.10.self_attn.q_proj.lora_router.default.value.bias
base_model.model.model.layers.10.self_attn.v_proj.lora_router.default.query.weight
base_model.model.model.layers.10.self_attn.v_proj.lora_router.default.query.bias
base_model.model.model.layers.10.self_attn.v_proj.lora_router.default.key.weight
base_model.model.model.layers.10.self_attn.v_proj.lora_router.default.key.bias
base_model.model.model.layers.10.self_attn.v_proj.lora_router.default.value.weight
base_model.model.model.layers.10.self_attn.v_proj.lora_router.default.value.bias
base_model.model.model.layers.11.self_attn.q_proj.lora_router.default.query.weight
base_model.model.model.layers.11.self_attn.q_proj.lora_router.default.query.bias
base_model.model.model.layers.11.self_attn.q_proj.lora_router.default.key.weight
base_model.model.model.layers.11.self_attn.q_proj.lora_router.default.key.bias
base_model.model.model.layers.11.self_attn.q_proj.lora_router.default.value.weight
base_model.model.model.layers.11.self_attn.q_proj.lora_router.default.value.bias
base_model.model.model.layers.11.self_attn.v_proj.lora_router.default.query.weight
base_model.model.model.layers.11.self_attn.v_proj.lora_router.default.query.bias
base_model.model.model.layers.11.self_attn.v_proj.lora_router.default.key.weight
base_model.model.model.layers.11.self_attn.v_proj.lora_router.default.key.bias
base_model.model.model.layers.11.self_attn.v_proj.lora_router.default.value.weight
base_model.model.model.layers.11.self_attn.v_proj.lora_router.default.value.bias
base_model.model.model.layers.12.self_attn.q_proj.lora_router.default.query.weight
base_model.model.model.layers.12.self_attn.q_proj.lora_router.default.query.bias
base_model.model.model.layers.12.self_attn.q_proj.lora_router.default.key.weight
base_model.model.model.layers.12.self_attn.q_proj.lora_router.default.key.bias
base_model.model.model.layers.12.self_attn.q_proj.lora_router.default.value.weight
base_model.model.model.layers.12.self_attn.q_proj.lora_router.default.value.bias
base_model.model.model.layers.12.self_attn.v_proj.lora_router.default.query.weight
base_model.model.model.layers.12.self_attn.v_proj.lora_router.default.query.bias
base_model.model.model.layers.12.self_attn.v_proj.lora_router.default.key.weight
base_model.model.model.layers.12.self_attn.v_proj.lora_router.default.key.bias
base_model.model.model.layers.12.self_attn.v_proj.lora_router.default.value.weight
base_model.model.model.layers.12.self_attn.v_proj.lora_router.default.value.bias
base_model.model.model.layers.13.self_attn.q_proj.lora_router.default.query.weight
base_model.model.model.layers.13.self_attn.q_proj.lora_router.default.query.bias
base_model.model.model.layers.13.self_attn.q_proj.lora_router.default.key.weight
base_model.model.model.layers.13.self_attn.q_proj.lora_router.default.key.bias
base_model.model.model.layers.13.self_attn.q_proj.lora_router.default.value.weight
base_model.model.model.layers.13.self_attn.q_proj.lora_router.default.value.bias
base_model.model.model.layers.13.self_attn.v_proj.lora_router.default.query.weight
base_model.model.model.layers.13.self_attn.v_proj.lora_router.default.query.bias
base_model.model.model.layers.13.self_attn.v_proj.lora_router.default.key.weight
base_model.model.model.layers.13.self_attn.v_proj.lora_router.default.key.bias
base_model.model.model.layers.13.self_attn.v_proj.lora_router.default.value.weight
base_model.model.model.layers.13.self_attn.v_proj.lora_router.default.value.bias
base_model.model.model.layers.14.self_attn.q_proj.lora_router.default.query.weight
base_model.model.model.layers.14.self_attn.q_proj.lora_router.default.query.bias
base_model.model.model.layers.14.self_attn.q_proj.lora_router.default.key.weight
base_model.model.model.layers.14.self_attn.q_proj.lora_router.default.key.bias
base_model.model.model.layers.14.self_attn.q_proj.lora_router.default.value.weight
base_model.model.model.layers.14.self_attn.q_proj.lora_router.default.value.bias
base_model.model.model.layers.14.self_attn.v_proj.lora_router.default.query.weight
base_model.model.model.layers.14.self_attn.v_proj.lora_router.default.query.bias
base_model.model.model.layers.14.self_attn.v_proj.lora_router.default.key.weight
base_model.model.model.layers.14.self_attn.v_proj.lora_router.default.key.bias
base_model.model.model.layers.14.self_attn.v_proj.lora_router.default.value.weight
base_model.model.model.layers.14.self_attn.v_proj.lora_router.default.value.bias
base_model.model.model.layers.15.self_attn.q_proj.lora_router.default.query.weight
base_model.model.model.layers.15.self_attn.q_proj.lora_router.default.query.bias
base_model.model.model.layers.15.self_attn.q_proj.lora_router.default.key.weight
base_model.model.model.layers.15.self_attn.q_proj.lora_router.default.key.bias
base_model.model.model.layers.15.self_attn.q_proj.lora_router.default.value.weight
base_model.model.model.layers.15.self_attn.q_proj.lora_router.default.value.bias
base_model.model.model.layers.15.self_attn.v_proj.lora_router.default.query.weight
base_model.model.model.layers.15.self_attn.v_proj.lora_router.default.query.bias
base_model.model.model.layers.15.self_attn.v_proj.lora_router.default.key.weight
base_model.model.model.layers.15.self_attn.v_proj.lora_router.default.key.bias
base_model.model.model.layers.15.self_attn.v_proj.lora_router.default.value.weight
base_model.model.model.layers.15.self_attn.v_proj.lora_router.default.value.bias
base_model.model.model.layers.16.self_attn.q_proj.lora_router.default.query.weight
base_model.model.model.layers.16.self_attn.q_proj.lora_router.default.query.bias
base_model.model.model.layers.16.self_attn.q_proj.lora_router.default.key.weight
base_model.model.model.layers.16.self_attn.q_proj.lora_router.default.key.bias
base_model.model.model.layers.16.self_attn.q_proj.lora_router.default.value.weight
base_model.model.model.layers.16.self_attn.q_proj.lora_router.default.value.bias
base_model.model.model.layers.16.self_attn.v_proj.lora_router.default.query.weight
base_model.model.model.layers.16.self_attn.v_proj.lora_router.default.query.bias
base_model.model.model.layers.16.self_attn.v_proj.lora_router.default.key.weight
base_model.model.model.layers.16.self_attn.v_proj.lora_router.default.key.bias
base_model.model.model.layers.16.self_attn.v_proj.lora_router.default.value.weight
base_model.model.model.layers.16.self_attn.v_proj.lora_router.default.value.bias
base_model.model.model.layers.17.self_attn.q_proj.lora_router.default.query.weight
base_model.model.model.layers.17.self_attn.q_proj.lora_router.default.query.bias
base_model.model.model.layers.17.self_attn.q_proj.lora_router.default.key.weight
base_model.model.model.layers.17.self_attn.q_proj.lora_router.default.key.bias
base_model.model.model.layers.17.self_attn.q_proj.lora_router.default.value.weight
base_model.model.model.layers.17.self_attn.q_proj.lora_router.default.value.bias
base_model.model.model.layers.17.self_attn.v_proj.lora_router.default.query.weight
base_model.model.model.layers.17.self_attn.v_proj.lora_router.default.query.bias
base_model.model.model.layers.17.self_attn.v_proj.lora_router.default.key.weight
base_model.model.model.layers.17.self_attn.v_proj.lora_router.default.key.bias
base_model.model.model.layers.17.self_attn.v_proj.lora_router.default.value.weight
base_model.model.model.layers.17.self_attn.v_proj.lora_router.default.value.bias
base_model.model.model.layers.18.self_attn.q_proj.lora_router.default.query.weight
base_model.model.model.layers.18.self_attn.q_proj.lora_router.default.query.bias
base_model.model.model.layers.18.self_attn.q_proj.lora_router.default.key.weight
base_model.model.model.layers.18.self_attn.q_proj.lora_router.default.key.bias
base_model.model.model.layers.18.self_attn.q_proj.lora_router.default.value.weight
base_model.model.model.layers.18.self_attn.q_proj.lora_router.default.value.bias
base_model.model.model.layers.18.self_attn.v_proj.lora_router.default.query.weight
base_model.model.model.layers.18.self_attn.v_proj.lora_router.default.query.bias
base_model.model.model.layers.18.self_attn.v_proj.lora_router.default.key.weight
base_model.model.model.layers.18.self_attn.v_proj.lora_router.default.key.bias
base_model.model.model.layers.18.self_attn.v_proj.lora_router.default.value.weight
base_model.model.model.layers.18.self_attn.v_proj.lora_router.default.value.bias
base_model.model.model.layers.19.self_attn.q_proj.lora_router.default.query.weight
base_model.model.model.layers.19.self_attn.q_proj.lora_router.default.query.bias
base_model.model.model.layers.19.self_attn.q_proj.lora_router.default.key.weight
base_model.model.model.layers.19.self_attn.q_proj.lora_router.default.key.bias
base_model.model.model.layers.19.self_attn.q_proj.lora_router.default.value.weight
base_model.model.model.layers.19.self_attn.q_proj.lora_router.default.value.bias
base_model.model.model.layers.19.self_attn.v_proj.lora_router.default.query.weight
base_model.model.model.layers.19.self_attn.v_proj.lora_router.default.query.bias
base_model.model.model.layers.19.self_attn.v_proj.lora_router.default.key.weight
base_model.model.model.layers.19.self_attn.v_proj.lora_router.default.key.bias
base_model.model.model.layers.19.self_attn.v_proj.lora_router.default.value.weight
base_model.model.model.layers.19.self_attn.v_proj.lora_router.default.value.bias
base_model.model.model.layers.20.self_attn.q_proj.lora_router.default.query.weight
base_model.model.model.layers.20.self_attn.q_proj.lora_router.default.query.bias
base_model.model.model.layers.20.self_attn.q_proj.lora_router.default.key.weight
base_model.model.model.layers.20.self_attn.q_proj.lora_router.default.key.bias
base_model.model.model.layers.20.self_attn.q_proj.lora_router.default.value.weight
base_model.model.model.layers.20.self_attn.q_proj.lora_router.default.value.bias
base_model.model.model.layers.20.self_attn.v_proj.lora_router.default.query.weight
base_model.model.model.layers.20.self_attn.v_proj.lora_router.default.query.bias
base_model.model.model.layers.20.self_attn.v_proj.lora_router.default.key.weight
base_model.model.model.layers.20.self_attn.v_proj.lora_router.default.key.bias
base_model.model.model.layers.20.self_attn.v_proj.lora_router.default.value.weight
base_model.model.model.layers.20.self_attn.v_proj.lora_router.default.value.bias
base_model.model.model.layers.21.self_attn.q_proj.lora_router.default.query.weight
base_model.model.model.layers.21.self_attn.q_proj.lora_router.default.query.bias
base_model.model.model.layers.21.self_attn.q_proj.lora_router.default.key.weight
base_model.model.model.layers.21.self_attn.q_proj.lora_router.default.key.bias
base_model.model.model.layers.21.self_attn.q_proj.lora_router.default.value.weight
base_model.model.model.layers.21.self_attn.q_proj.lora_router.default.value.bias
base_model.model.model.layers.21.self_attn.v_proj.lora_router.default.query.weight
base_model.model.model.layers.21.self_attn.v_proj.lora_router.default.query.bias
base_model.model.model.layers.21.self_attn.v_proj.lora_router.default.key.weight
base_model.model.model.layers.21.self_attn.v_proj.lora_router.default.key.bias
base_model.model.model.layers.21.self_attn.v_proj.lora_router.default.value.weight
base_model.model.model.layers.21.self_attn.v_proj.lora_router.default.value.bias
base_model.model.model.layers.22.self_attn.q_proj.lora_router.default.query.weight
base_model.model.model.layers.22.self_attn.q_proj.lora_router.default.query.bias
base_model.model.model.layers.22.self_attn.q_proj.lora_router.default.key.weight
base_model.model.model.layers.22.self_attn.q_proj.lora_router.default.key.bias
base_model.model.model.layers.22.self_attn.q_proj.lora_router.default.value.weight
base_model.model.model.layers.22.self_attn.q_proj.lora_router.default.value.bias
base_model.model.model.layers.22.self_attn.v_proj.lora_router.default.query.weight
base_model.model.model.layers.22.self_attn.v_proj.lora_router.default.query.bias
base_model.model.model.layers.22.self_attn.v_proj.lora_router.default.key.weight
base_model.model.model.layers.22.self_attn.v_proj.lora_router.default.key.bias
base_model.model.model.layers.22.self_attn.v_proj.lora_router.default.value.weight
base_model.model.model.layers.22.self_attn.v_proj.lora_router.default.value.bias
base_model.model.model.layers.23.self_attn.q_proj.lora_router.default.query.weight
base_model.model.model.layers.23.self_attn.q_proj.lora_router.default.query.bias
base_model.model.model.layers.23.self_attn.q_proj.lora_router.default.key.weight
base_model.model.model.layers.23.self_attn.q_proj.lora_router.default.key.bias
base_model.model.model.layers.23.self_attn.q_proj.lora_router.default.value.weight
base_model.model.model.layers.23.self_attn.q_proj.lora_router.default.value.bias
base_model.model.model.layers.23.self_attn.v_proj.lora_router.default.query.weight
base_model.model.model.layers.23.self_attn.v_proj.lora_router.default.query.bias
base_model.model.model.layers.23.self_attn.v_proj.lora_router.default.key.weight
base_model.model.model.layers.23.self_attn.v_proj.lora_router.default.key.bias
base_model.model.model.layers.23.self_attn.v_proj.lora_router.default.value.weight
base_model.model.model.layers.23.self_attn.v_proj.lora_router.default.value.bias
base_model.model.model.layers.24.self_attn.q_proj.lora_router.default.query.weight
base_model.model.model.layers.24.self_attn.q_proj.lora_router.default.query.bias
base_model.model.model.layers.24.self_attn.q_proj.lora_router.default.key.weight
base_model.model.model.layers.24.self_attn.q_proj.lora_router.default.key.bias
base_model.model.model.layers.24.self_attn.q_proj.lora_router.default.value.weight
base_model.model.model.layers.24.self_attn.q_proj.lora_router.default.value.bias
base_model.model.model.layers.24.self_attn.v_proj.lora_router.default.query.weight
base_model.model.model.layers.24.self_attn.v_proj.lora_router.default.query.bias
base_model.model.model.layers.24.self_attn.v_proj.lora_router.default.key.weight
base_model.model.model.layers.24.self_attn.v_proj.lora_router.default.key.bias
base_model.model.model.layers.24.self_attn.v_proj.lora_router.default.value.weight
base_model.model.model.layers.24.self_attn.v_proj.lora_router.default.value.bias
base_model.model.model.layers.25.self_attn.q_proj.lora_router.default.query.weight
base_model.model.model.layers.25.self_attn.q_proj.lora_router.default.query.bias
base_model.model.model.layers.25.self_attn.q_proj.lora_router.default.key.weight
base_model.model.model.layers.25.self_attn.q_proj.lora_router.default.key.bias
base_model.model.model.layers.25.self_attn.q_proj.lora_router.default.value.weight
base_model.model.model.layers.25.self_attn.q_proj.lora_router.default.value.bias
base_model.model.model.layers.25.self_attn.v_proj.lora_router.default.query.weight
base_model.model.model.layers.25.self_attn.v_proj.lora_router.default.query.bias
base_model.model.model.layers.25.self_attn.v_proj.lora_router.default.key.weight
base_model.model.model.layers.25.self_attn.v_proj.lora_router.default.key.bias
base_model.model.model.layers.25.self_attn.v_proj.lora_router.default.value.weight
base_model.model.model.layers.25.self_attn.v_proj.lora_router.default.value.bias
base_model.model.model.layers.26.self_attn.q_proj.lora_router.default.query.weight
base_model.model.model.layers.26.self_attn.q_proj.lora_router.default.query.bias
base_model.model.model.layers.26.self_attn.q_proj.lora_router.default.key.weight
base_model.model.model.layers.26.self_attn.q_proj.lora_router.default.key.bias
base_model.model.model.layers.26.self_attn.q_proj.lora_router.default.value.weight
base_model.model.model.layers.26.self_attn.q_proj.lora_router.default.value.bias
base_model.model.model.layers.26.self_attn.v_proj.lora_router.default.query.weight
base_model.model.model.layers.26.self_attn.v_proj.lora_router.default.query.bias
base_model.model.model.layers.26.self_attn.v_proj.lora_router.default.key.weight
base_model.model.model.layers.26.self_attn.v_proj.lora_router.default.key.bias
base_model.model.model.layers.26.self_attn.v_proj.lora_router.default.value.weight
base_model.model.model.layers.26.self_attn.v_proj.lora_router.default.value.bias
base_model.model.model.layers.27.self_attn.q_proj.lora_router.default.query.weight
base_model.model.model.layers.27.self_attn.q_proj.lora_router.default.query.bias
base_model.model.model.layers.27.self_attn.q_proj.lora_router.default.key.weight
base_model.model.model.layers.27.self_attn.q_proj.lora_router.default.key.bias
base_model.model.model.layers.27.self_attn.q_proj.lora_router.default.value.weight
base_model.model.model.layers.27.self_attn.q_proj.lora_router.default.value.bias
base_model.model.model.layers.27.self_attn.v_proj.lora_router.default.query.weight
base_model.model.model.layers.27.self_attn.v_proj.lora_router.default.query.bias
base_model.model.model.layers.27.self_attn.v_proj.lora_router.default.key.weight
base_model.model.model.layers.27.self_attn.v_proj.lora_router.default.key.bias
base_model.model.model.layers.27.self_attn.v_proj.lora_router.default.value.weight
base_model.model.model.layers.27.self_attn.v_proj.lora_router.default.value.bias
base_model.model.model.layers.28.self_attn.q_proj.lora_router.default.query.weight
base_model.model.model.layers.28.self_attn.q_proj.lora_router.default.query.bias
base_model.model.model.layers.28.self_attn.q_proj.lora_router.default.key.weight
base_model.model.model.layers.28.self_attn.q_proj.lora_router.default.key.bias
base_model.model.model.layers.28.self_attn.q_proj.lora_router.default.value.weight
base_model.model.model.layers.28.self_attn.q_proj.lora_router.default.value.bias
base_model.model.model.layers.28.self_attn.v_proj.lora_router.default.query.weight
base_model.model.model.layers.28.self_attn.v_proj.lora_router.default.query.bias
base_model.model.model.layers.28.self_attn.v_proj.lora_router.default.key.weight
base_model.model.model.layers.28.self_attn.v_proj.lora_router.default.key.bias
base_model.model.model.layers.28.self_attn.v_proj.lora_router.default.value.weight
base_model.model.model.layers.28.self_attn.v_proj.lora_router.default.value.bias
base_model.model.model.layers.29.self_attn.q_proj.lora_router.default.query.weight
base_model.model.model.layers.29.self_attn.q_proj.lora_router.default.query.bias
base_model.model.model.layers.29.self_attn.q_proj.lora_router.default.key.weight
base_model.model.model.layers.29.self_attn.q_proj.lora_router.default.key.bias
base_model.model.model.layers.29.self_attn.q_proj.lora_router.default.value.weight
base_model.model.model.layers.29.self_attn.q_proj.lora_router.default.value.bias
base_model.model.model.layers.29.self_attn.v_proj.lora_router.default.query.weight
base_model.model.model.layers.29.self_attn.v_proj.lora_router.default.query.bias
base_model.model.model.layers.29.self_attn.v_proj.lora_router.default.key.weight
base_model.model.model.layers.29.self_attn.v_proj.lora_router.default.key.bias
base_model.model.model.layers.29.self_attn.v_proj.lora_router.default.value.weight
base_model.model.model.layers.29.self_attn.v_proj.lora_router.default.value.bias
base_model.model.model.layers.30.self_attn.q_proj.lora_router.default.query.weight
base_model.model.model.layers.30.self_attn.q_proj.lora_router.default.query.bias
base_model.model.model.layers.30.self_attn.q_proj.lora_router.default.key.weight
base_model.model.model.layers.30.self_attn.q_proj.lora_router.default.key.bias
base_model.model.model.layers.30.self_attn.q_proj.lora_router.default.value.weight
base_model.model.model.layers.30.self_attn.q_proj.lora_router.default.value.bias
base_model.model.model.layers.30.self_attn.v_proj.lora_router.default.query.weight
base_model.model.model.layers.30.self_attn.v_proj.lora_router.default.query.bias
base_model.model.model.layers.30.self_attn.v_proj.lora_router.default.key.weight
base_model.model.model.layers.30.self_attn.v_proj.lora_router.default.key.bias
base_model.model.model.layers.30.self_attn.v_proj.lora_router.default.value.weight
base_model.model.model.layers.30.self_attn.v_proj.lora_router.default.value.bias
base_model.model.model.layers.31.self_attn.q_proj.lora_router.default.query.weight
base_model.model.model.layers.31.self_attn.q_proj.lora_router.default.query.bias
base_model.model.model.layers.31.self_attn.q_proj.lora_router.default.key.weight
base_model.model.model.layers.31.self_attn.q_proj.lora_router.default.key.bias
base_model.model.model.layers.31.self_attn.q_proj.lora_router.default.value.weight
base_model.model.model.layers.31.self_attn.q_proj.lora_router.default.value.bias
base_model.model.model.layers.31.self_attn.v_proj.lora_router.default.query.weight
base_model.model.model.layers.31.self_attn.v_proj.lora_router.default.query.bias
base_model.model.model.layers.31.self_attn.v_proj.lora_router.default.key.weight
base_model.model.model.layers.31.self_attn.v_proj.lora_router.default.key.bias
base_model.model.model.layers.31.self_attn.v_proj.lora_router.default.value.weight
base_model.model.model.layers.31.self_attn.v_proj.lora_router.default.value.bias
{'loss': 1.0169, 'learning_rate': 3e-05, 'epoch': 0.0}
{'loss': 0.8899, 'learning_rate': 3e-05, 'epoch': 0.01}
{'loss': 0.8731, 'learning_rate': 3e-05, 'epoch': 0.01}
{'loss': 0.8736, 'learning_rate': 3e-05, 'epoch': 0.01}
{'loss': 0.874, 'learning_rate': 3e-05, 'epoch': 0.02}
{'loss': 0.8575, 'learning_rate': 3e-05, 'epoch': 0.02}
{'loss': 0.8548, 'learning_rate': 3e-05, 'epoch': 0.02}
{'loss': 0.8694, 'learning_rate': 3e-05, 'epoch': 0.02}
{'loss': 0.851, 'learning_rate': 3e-05, 'epoch': 0.03}
{'loss': 0.8511, 'learning_rate': 3e-05, 'epoch': 0.03}
{'loss': 0.8489, 'learning_rate': 3e-05, 'epoch': 0.03}
{'loss': 0.8471, 'learning_rate': 3e-05, 'epoch': 0.04}
{'loss': 0.8454, 'learning_rate': 3e-05, 'epoch': 0.04}
{'loss': 0.8369, 'learning_rate': 3e-05, 'epoch': 0.04}
{'loss': 0.8537, 'learning_rate': 3e-05, 'epoch': 0.05}
{'loss': 0.8494, 'learning_rate': 3e-05, 'epoch': 0.05}
{'loss': 0.8501, 'learning_rate': 3e-05, 'epoch': 0.05}
{'loss': 0.8495, 'learning_rate': 3e-05, 'epoch': 0.06}
{'loss': 0.8447, 'learning_rate': 3e-05, 'epoch': 0.06}
{'loss': 0.8483, 'learning_rate': 3e-05, 'epoch': 0.06}
{'loss': 0.8465, 'learning_rate': 3e-05, 'epoch': 0.06}
{'loss': 0.8431, 'learning_rate': 3e-05, 'epoch': 0.07}
{'loss': 0.8504, 'learning_rate': 3e-05, 'epoch': 0.07}
{'loss': 0.8548, 'learning_rate': 3e-05, 'epoch': 0.07}
{'loss': 0.8611, 'learning_rate': 3e-05, 'epoch': 0.08}
{'loss': 0.8469, 'learning_rate': 3e-05, 'epoch': 0.08}
{'loss': 0.8568, 'learning_rate': 3e-05, 'epoch': 0.08}
{'loss': 0.8474, 'learning_rate': 3e-05, 'epoch': 0.09}
{'loss': 0.8526, 'learning_rate': 3e-05, 'epoch': 0.09}
{'loss': 0.8355, 'learning_rate': 3e-05, 'epoch': 0.09}
{'loss': 0.831, 'learning_rate': 3e-05, 'epoch': 0.1}
{'loss': 0.8533, 'learning_rate': 3e-05, 'epoch': 0.1}
{'loss': 0.8604, 'learning_rate': 3e-05, 'epoch': 0.1}
{'loss': 0.839, 'learning_rate': 3e-05, 'epoch': 0.11}
{'loss': 0.8555, 'learning_rate': 3e-05, 'epoch': 0.11}
{'loss': 0.8333, 'learning_rate': 3e-05, 'epoch': 1.0}
{'loss': 0.8241, 'learning_rate': 3e-05, 'epoch': 1.0}
{'loss': 0.837, 'learning_rate': 3e-05, 'epoch': 1.01}
{'loss': 0.829, 'learning_rate': 3e-05, 'epoch': 1.01}
{'loss': 0.8359, 'learning_rate': 3e-05, 'epoch': 1.01}
{'loss': 0.8239, 'learning_rate': 3e-05, 'epoch': 1.02}
{'loss': 0.8304, 'learning_rate': 3e-05, 'epoch': 1.02}
{'loss': 0.8276, 'learning_rate': 3e-05, 'epoch': 1.02}
{'loss': 0.8289, 'learning_rate': 3e-05, 'epoch': 1.03}
{'loss': 0.8354, 'learning_rate': 3e-05, 'epoch': 1.03}
{'loss': 0.8263, 'learning_rate': 3e-05, 'epoch': 1.03}
{'loss': 0.8216, 'learning_rate': 3e-05, 'epoch': 1.03}
{'loss': 0.8315, 'learning_rate': 3e-05, 'epoch': 1.04}
{'loss': 0.8144, 'learning_rate': 3e-05, 'epoch': 1.04}
{'loss': 0.8296, 'learning_rate': 3e-05, 'epoch': 1.04}
{'loss': 0.8297, 'learning_rate': 3e-05, 'epoch': 1.05}
{'loss': 0.8241, 'learning_rate': 3e-05, 'epoch': 1.05}
{'loss': 0.8256, 'learning_rate': 3e-05, 'epoch': 1.05}
{'loss': 0.8196, 'learning_rate': 3e-05, 'epoch': 1.06}
{'loss': 0.8316, 'learning_rate': 3e-05, 'epoch': 1.06}
{'loss': 0.8314, 'learning_rate': 3e-05, 'epoch': 1.06}
{'loss': 0.837, 'learning_rate': 3e-05, 'epoch': 1.07}
{'loss': 0.8326, 'learning_rate': 3e-05, 'epoch': 1.07}
{'loss': 0.8319, 'learning_rate': 3e-05, 'epoch': 1.07}
{'loss': 0.8343, 'learning_rate': 3e-05, 'epoch': 1.07}
{'loss': 0.8388, 'learning_rate': 3e-05, 'epoch': 1.08}
{'loss': 0.8326, 'learning_rate': 3e-05, 'epoch': 1.08}
{'loss': 0.8323, 'learning_rate': 3e-05, 'epoch': 1.08}
{'loss': 0.839, 'learning_rate': 3e-05, 'epoch': 1.09}
{'loss': 0.831, 'learning_rate': 3e-05, 'epoch': 1.09}
{'loss': 0.8292, 'learning_rate': 3e-05, 'epoch': 1.09}
{'loss': 0.8345, 'learning_rate': 3e-05, 'epoch': 1.1}
{'loss': 0.8284, 'learning_rate': 3e-05, 'epoch': 1.1}
{'loss': 0.8289, 'learning_rate': 3e-05, 'epoch': 1.1}
{'loss': 0.8347, 'learning_rate': 3e-05, 'epoch': 1.11}
{'loss': 0.834, 'learning_rate': 3e-05, 'epoch': 1.11}
{'train_runtime': 29033.6547, 'train_samples_per_second': 3.566, 'train_steps_per_second': 0.223, 'train_loss': 0.8442868939991104, 'epoch': 1.11}
